[0.111s] DEBUG:colcon:Command line arguments: ['/usr/bin/colcon', 'build']
[0.111s] DEBUG:colcon:Parsed command line arguments: Namespace(log_base=None, log_level=None, verb_name='build', build_base='build', install_base='install', merge_install=False, symlink_install=False, test_result_base=None, continue_on_error=False, executor='parallel', parallel_workers=6, event_handlers=None, ignore_user_meta=False, metas=['./colcon.meta'], base_paths=['.'], packages_ignore=None, packages_ignore_regex=None, paths=None, packages_up_to=None, packages_up_to_regex=None, packages_above=None, packages_above_and_dependencies=None, packages_above_depth=None, packages_select_by_dep=None, packages_skip_by_dep=None, packages_skip_up_to=None, packages_select_build_failed=False, packages_skip_build_finished=False, packages_select_test_failures=False, packages_skip_test_passed=False, packages_select=None, packages_skip=None, packages_select_regex=None, packages_skip_regex=None, packages_start=None, packages_end=None, allow_overriding=[], cmake_args=None, cmake_target=None, cmake_target_skip_unavailable=False, cmake_clean_cache=False, cmake_clean_first=False, cmake_force_configure=False, ament_cmake_args=None, catkin_cmake_args=None, catkin_skip_building_tests=False, verb_parser=<colcon_defaults.argument_parser.defaults.DefaultArgumentsDecorator object at 0xffffa5b52680>, verb_extension=<colcon_core.verb.build.BuildVerb object at 0xffffa5b51fc0>, main=<bound method BuildVerb.main of <colcon_core.verb.build.BuildVerb object at 0xffffa5b51fc0>>)
[0.281s] Level 1:colcon.colcon_core.package_discovery:discover_packages(colcon_meta) check parameters
[0.281s] Level 1:colcon.colcon_core.package_discovery:discover_packages(recursive) check parameters
[0.281s] Level 1:colcon.colcon_core.package_discovery:discover_packages(ignore) check parameters
[0.281s] Level 1:colcon.colcon_core.package_discovery:discover_packages(path) check parameters
[0.281s] Level 1:colcon.colcon_core.package_discovery:discover_packages(colcon_meta) discover
[0.281s] Level 1:colcon.colcon_core.package_discovery:discover_packages(recursive) discover
[0.282s] INFO:colcon.colcon_core.package_discovery:Crawling recursively for packages in '/home/kailync/ros2_ws'
[0.283s] Level 1:colcon.colcon_core.package_identification:_identify(.) by extensions ['ignore', 'ignore_ament_install']
[0.283s] Level 1:colcon.colcon_core.package_identification:_identify(.) by extension 'ignore'
[0.283s] Level 1:colcon.colcon_core.package_identification:_identify(.) by extension 'ignore_ament_install'
[0.283s] Level 1:colcon.colcon_core.package_identification:_identify(.) by extensions ['colcon_pkg']
[0.283s] Level 1:colcon.colcon_core.package_identification:_identify(.) by extension 'colcon_pkg'
[0.283s] Level 1:colcon.colcon_core.package_identification:_identify(.) by extensions ['colcon_meta']
[0.283s] Level 1:colcon.colcon_core.package_identification:_identify(.) by extension 'colcon_meta'
[0.283s] Level 1:colcon.colcon_core.package_identification:_identify(.) by extensions ['ros']
[0.283s] Level 1:colcon.colcon_core.package_identification:_identify(.) by extension 'ros'
[0.298s] Level 1:colcon.colcon_core.package_identification:_identify(.) by extensions ['cmake', 'python']
[0.298s] Level 1:colcon.colcon_core.package_identification:_identify(.) by extension 'cmake'
[0.298s] Level 1:colcon.colcon_core.package_identification:_identify(.) by extension 'python'
[0.298s] Level 1:colcon.colcon_core.package_identification:_identify(.) by extensions ['python_setup_py']
[0.298s] Level 1:colcon.colcon_core.package_identification:_identify(.) by extension 'python_setup_py'
[0.298s] Level 1:colcon.colcon_core.package_identification:_identify(bag_files) by extensions ['ignore', 'ignore_ament_install']
[0.298s] Level 1:colcon.colcon_core.package_identification:_identify(bag_files) by extension 'ignore'
[0.298s] Level 1:colcon.colcon_core.package_identification:_identify(bag_files) by extension 'ignore_ament_install'
[0.298s] Level 1:colcon.colcon_core.package_identification:_identify(bag_files) by extensions ['colcon_pkg']
[0.298s] Level 1:colcon.colcon_core.package_identification:_identify(bag_files) by extension 'colcon_pkg'
[0.298s] Level 1:colcon.colcon_core.package_identification:_identify(bag_files) by extensions ['colcon_meta']
[0.298s] Level 1:colcon.colcon_core.package_identification:_identify(bag_files) by extension 'colcon_meta'
[0.298s] Level 1:colcon.colcon_core.package_identification:_identify(bag_files) by extensions ['ros']
[0.298s] Level 1:colcon.colcon_core.package_identification:_identify(bag_files) by extension 'ros'
[0.298s] Level 1:colcon.colcon_core.package_identification:_identify(bag_files) by extensions ['cmake', 'python']
[0.298s] Level 1:colcon.colcon_core.package_identification:_identify(bag_files) by extension 'cmake'
[0.298s] Level 1:colcon.colcon_core.package_identification:_identify(bag_files) by extension 'python'
[0.298s] Level 1:colcon.colcon_core.package_identification:_identify(bag_files) by extensions ['python_setup_py']
[0.298s] Level 1:colcon.colcon_core.package_identification:_identify(bag_files) by extension 'python_setup_py'
[0.299s] Level 1:colcon.colcon_core.package_identification:_identify(bag_files/converted_rosbag) by extensions ['ignore', 'ignore_ament_install']
[0.299s] Level 1:colcon.colcon_core.package_identification:_identify(bag_files/converted_rosbag) by extension 'ignore'
[0.299s] Level 1:colcon.colcon_core.package_identification:_identify(bag_files/converted_rosbag) by extension 'ignore_ament_install'
[0.299s] Level 1:colcon.colcon_core.package_identification:_identify(bag_files/converted_rosbag) by extensions ['colcon_pkg']
[0.299s] Level 1:colcon.colcon_core.package_identification:_identify(bag_files/converted_rosbag) by extension 'colcon_pkg'
[0.299s] Level 1:colcon.colcon_core.package_identification:_identify(bag_files/converted_rosbag) by extensions ['colcon_meta']
[0.299s] Level 1:colcon.colcon_core.package_identification:_identify(bag_files/converted_rosbag) by extension 'colcon_meta'
[0.299s] Level 1:colcon.colcon_core.package_identification:_identify(bag_files/converted_rosbag) by extensions ['ros']
[0.299s] Level 1:colcon.colcon_core.package_identification:_identify(bag_files/converted_rosbag) by extension 'ros'
[0.299s] Level 1:colcon.colcon_core.package_identification:_identify(bag_files/converted_rosbag) by extensions ['cmake', 'python']
[0.299s] Level 1:colcon.colcon_core.package_identification:_identify(bag_files/converted_rosbag) by extension 'cmake'
[0.299s] Level 1:colcon.colcon_core.package_identification:_identify(bag_files/converted_rosbag) by extension 'python'
[0.299s] Level 1:colcon.colcon_core.package_identification:_identify(bag_files/converted_rosbag) by extensions ['python_setup_py']
[0.299s] Level 1:colcon.colcon_core.package_identification:_identify(bag_files/converted_rosbag) by extension 'python_setup_py'
[0.299s] Level 1:colcon.colcon_core.package_identification:_identify(bag_files/converted_rosbag2) by extensions ['ignore', 'ignore_ament_install']
[0.299s] Level 1:colcon.colcon_core.package_identification:_identify(bag_files/converted_rosbag2) by extension 'ignore'
[0.299s] Level 1:colcon.colcon_core.package_identification:_identify(bag_files/converted_rosbag2) by extension 'ignore_ament_install'
[0.299s] Level 1:colcon.colcon_core.package_identification:_identify(bag_files/converted_rosbag2) by extensions ['colcon_pkg']
[0.299s] Level 1:colcon.colcon_core.package_identification:_identify(bag_files/converted_rosbag2) by extension 'colcon_pkg'
[0.299s] Level 1:colcon.colcon_core.package_identification:_identify(bag_files/converted_rosbag2) by extensions ['colcon_meta']
[0.299s] Level 1:colcon.colcon_core.package_identification:_identify(bag_files/converted_rosbag2) by extension 'colcon_meta'
[0.299s] Level 1:colcon.colcon_core.package_identification:_identify(bag_files/converted_rosbag2) by extensions ['ros']
[0.299s] Level 1:colcon.colcon_core.package_identification:_identify(bag_files/converted_rosbag2) by extension 'ros'
[0.299s] Level 1:colcon.colcon_core.package_identification:_identify(bag_files/converted_rosbag2) by extensions ['cmake', 'python']
[0.300s] Level 1:colcon.colcon_core.package_identification:_identify(bag_files/converted_rosbag2) by extension 'cmake'
[0.300s] Level 1:colcon.colcon_core.package_identification:_identify(bag_files/converted_rosbag2) by extension 'python'
[0.300s] Level 1:colcon.colcon_core.package_identification:_identify(bag_files/converted_rosbag2) by extensions ['python_setup_py']
[0.300s] Level 1:colcon.colcon_core.package_identification:_identify(bag_files/converted_rosbag2) by extension 'python_setup_py'
[0.300s] Level 1:colcon.colcon_core.package_identification:_identify(build) by extensions ['ignore', 'ignore_ament_install']
[0.300s] Level 1:colcon.colcon_core.package_identification:_identify(build) by extension 'ignore'
[0.300s] Level 1:colcon.colcon_core.package_identification:_identify(build) ignored
[0.300s] Level 1:colcon.colcon_core.package_identification:_identify(install) by extensions ['ignore', 'ignore_ament_install']
[0.300s] Level 1:colcon.colcon_core.package_identification:_identify(install) by extension 'ignore'
[0.300s] Level 1:colcon.colcon_core.package_identification:_identify(install) ignored
[0.300s] Level 1:colcon.colcon_core.package_identification:_identify(log) by extensions ['ignore', 'ignore_ament_install']
[0.300s] Level 1:colcon.colcon_core.package_identification:_identify(log) by extension 'ignore'
[0.300s] Level 1:colcon.colcon_core.package_identification:_identify(log) ignored
[0.300s] Level 1:colcon.colcon_core.package_identification:_identify(src) by extensions ['ignore', 'ignore_ament_install']
[0.300s] Level 1:colcon.colcon_core.package_identification:_identify(src) by extension 'ignore'
[0.300s] Level 1:colcon.colcon_core.package_identification:_identify(src) by extension 'ignore_ament_install'
[0.300s] Level 1:colcon.colcon_core.package_identification:_identify(src) by extensions ['colcon_pkg']
[0.300s] Level 1:colcon.colcon_core.package_identification:_identify(src) by extension 'colcon_pkg'
[0.300s] Level 1:colcon.colcon_core.package_identification:_identify(src) by extensions ['colcon_meta']
[0.300s] Level 1:colcon.colcon_core.package_identification:_identify(src) by extension 'colcon_meta'
[0.300s] Level 1:colcon.colcon_core.package_identification:_identify(src) by extensions ['ros']
[0.300s] Level 1:colcon.colcon_core.package_identification:_identify(src) by extension 'ros'
[0.301s] Level 1:colcon.colcon_core.package_identification:_identify(src) by extensions ['cmake', 'python']
[0.301s] Level 1:colcon.colcon_core.package_identification:_identify(src) by extension 'cmake'
[0.301s] Level 1:colcon.colcon_core.package_identification:_identify(src) by extension 'python'
[0.301s] Level 1:colcon.colcon_core.package_identification:_identify(src) by extensions ['python_setup_py']
[0.301s] Level 1:colcon.colcon_core.package_identification:_identify(src) by extension 'python_setup_py'
[0.301s] Level 1:colcon.colcon_core.package_identification:_identify(src/ar_tag) by extensions ['ignore', 'ignore_ament_install']
[0.301s] Level 1:colcon.colcon_core.package_identification:_identify(src/ar_tag) by extension 'ignore'
[0.301s] Level 1:colcon.colcon_core.package_identification:_identify(src/ar_tag) by extension 'ignore_ament_install'
[0.301s] Level 1:colcon.colcon_core.package_identification:_identify(src/ar_tag) by extensions ['colcon_pkg']
[0.301s] Level 1:colcon.colcon_core.package_identification:_identify(src/ar_tag) by extension 'colcon_pkg'
[0.301s] Level 1:colcon.colcon_core.package_identification:_identify(src/ar_tag) by extensions ['colcon_meta']
[0.301s] Level 1:colcon.colcon_core.package_identification:_identify(src/ar_tag) by extension 'colcon_meta'
[0.301s] Level 1:colcon.colcon_core.package_identification:_identify(src/ar_tag) by extensions ['ros']
[0.301s] Level 1:colcon.colcon_core.package_identification:_identify(src/ar_tag) by extension 'ros'
[0.302s] DEBUG:colcon.colcon_core.package_identification:Failed to parse potential ROS package manifest in'src/ar_tag': Error(s) in package 'src/ar_tag/package.xml':
The manifest contains invalid XML:
mismatched tag: line 24, column 2
[0.303s] Level 1:colcon.colcon_core.package_identification:_identify(src/ar_tag) by extensions ['cmake', 'python']
[0.303s] Level 1:colcon.colcon_core.package_identification:_identify(src/ar_tag) by extension 'cmake'
[0.303s] Level 1:colcon.colcon_core.package_identification:_identify(src/ar_tag) by extension 'python'
[0.303s] DEBUG:colcon.colcon_core.package_identification:Python package in 'src/ar_tag' passes arguments to the setup() function which requires a different identification extension than 'python'
[0.303s] Level 1:colcon.colcon_core.package_identification:_identify(src/ar_tag) by extensions ['python_setup_py']
[0.303s] Level 1:colcon.colcon_core.package_identification:_identify(src/ar_tag) by extension 'python_setup_py'
[0.541s] DEBUG:colcon.colcon_core.package_identification:Package 'src/ar_tag' with type 'python' and name 'ar_tag'
[0.542s] Level 1:colcon.colcon_core.package_identification:_identify(src/build) by extensions ['ignore', 'ignore_ament_install']
[0.542s] Level 1:colcon.colcon_core.package_identification:_identify(src/build) by extension 'ignore'
[0.542s] Level 1:colcon.colcon_core.package_identification:_identify(src/build) ignored
[0.542s] Level 1:colcon.colcon_core.package_identification:_identify(src/fizzbuzz) by extensions ['ignore', 'ignore_ament_install']
[0.542s] Level 1:colcon.colcon_core.package_identification:_identify(src/fizzbuzz) by extension 'ignore'
[0.542s] Level 1:colcon.colcon_core.package_identification:_identify(src/fizzbuzz) by extension 'ignore_ament_install'
[0.543s] Level 1:colcon.colcon_core.package_identification:_identify(src/fizzbuzz) by extensions ['colcon_pkg']
[0.543s] Level 1:colcon.colcon_core.package_identification:_identify(src/fizzbuzz) by extension 'colcon_pkg'
[0.543s] Level 1:colcon.colcon_core.package_identification:_identify(src/fizzbuzz) by extensions ['colcon_meta']
[0.543s] Level 1:colcon.colcon_core.package_identification:_identify(src/fizzbuzz) by extension 'colcon_meta'
[0.543s] Level 1:colcon.colcon_core.package_identification:_identify(src/fizzbuzz) by extensions ['ros']
[0.543s] Level 1:colcon.colcon_core.package_identification:_identify(src/fizzbuzz) by extension 'ros'
[0.546s] DEBUG:colcon.colcon_core.package_identification:Package 'src/fizzbuzz' with type 'ros.ament_python' and name 'fizzbuzz'
[0.547s] Level 1:colcon.colcon_core.package_identification:_identify(src/install) by extensions ['ignore', 'ignore_ament_install']
[0.547s] Level 1:colcon.colcon_core.package_identification:_identify(src/install) by extension 'ignore'
[0.547s] Level 1:colcon.colcon_core.package_identification:_identify(src/install) ignored
[0.547s] Level 1:colcon.colcon_core.package_identification:_identify(src/line_path) by extensions ['ignore', 'ignore_ament_install']
[0.547s] Level 1:colcon.colcon_core.package_identification:_identify(src/line_path) by extension 'ignore'
[0.547s] Level 1:colcon.colcon_core.package_identification:_identify(src/line_path) by extension 'ignore_ament_install'
[0.547s] Level 1:colcon.colcon_core.package_identification:_identify(src/line_path) by extensions ['colcon_pkg']
[0.547s] Level 1:colcon.colcon_core.package_identification:_identify(src/line_path) by extension 'colcon_pkg'
[0.547s] Level 1:colcon.colcon_core.package_identification:_identify(src/line_path) by extensions ['colcon_meta']
[0.547s] Level 1:colcon.colcon_core.package_identification:_identify(src/line_path) by extension 'colcon_meta'
[0.547s] Level 1:colcon.colcon_core.package_identification:_identify(src/line_path) by extensions ['ros']
[0.547s] Level 1:colcon.colcon_core.package_identification:_identify(src/line_path) by extension 'ros'
[0.548s] DEBUG:colcon.colcon_core.package_identification:Package 'src/line_path' with type 'ros.ament_python' and name 'line_path'
[0.548s] Level 1:colcon.colcon_core.package_identification:_identify(src/log) by extensions ['ignore', 'ignore_ament_install']
[0.548s] Level 1:colcon.colcon_core.package_identification:_identify(src/log) by extension 'ignore'
[0.548s] Level 1:colcon.colcon_core.package_identification:_identify(src/log) ignored
[0.548s] Level 1:colcon.colcon_core.package_identification:_identify(src/px4_msgs) by extensions ['ignore', 'ignore_ament_install']
[0.548s] Level 1:colcon.colcon_core.package_identification:_identify(src/px4_msgs) by extension 'ignore'
[0.548s] Level 1:colcon.colcon_core.package_identification:_identify(src/px4_msgs) by extension 'ignore_ament_install'
[0.548s] Level 1:colcon.colcon_core.package_identification:_identify(src/px4_msgs) by extensions ['colcon_pkg']
[0.548s] Level 1:colcon.colcon_core.package_identification:_identify(src/px4_msgs) by extension 'colcon_pkg'
[0.548s] Level 1:colcon.colcon_core.package_identification:_identify(src/px4_msgs) by extensions ['colcon_meta']
[0.548s] Level 1:colcon.colcon_core.package_identification:_identify(src/px4_msgs) by extension 'colcon_meta'
[0.548s] Level 1:colcon.colcon_core.package_identification:_identify(src/px4_msgs) by extensions ['ros']
[0.548s] Level 1:colcon.colcon_core.package_identification:_identify(src/px4_msgs) by extension 'ros'
[0.549s] DEBUG:colcon.colcon_core.package_identification:Package 'src/px4_msgs' with type 'ros.ament_cmake' and name 'px4_msgs'
[0.549s] Level 1:colcon.colcon_core.package_identification:_identify(src/px4_ros_com) by extensions ['ignore', 'ignore_ament_install']
[0.549s] Level 1:colcon.colcon_core.package_identification:_identify(src/px4_ros_com) by extension 'ignore'
[0.549s] Level 1:colcon.colcon_core.package_identification:_identify(src/px4_ros_com) by extension 'ignore_ament_install'
[0.549s] Level 1:colcon.colcon_core.package_identification:_identify(src/px4_ros_com) by extensions ['colcon_pkg']
[0.549s] Level 1:colcon.colcon_core.package_identification:_identify(src/px4_ros_com) by extension 'colcon_pkg'
[0.549s] Level 1:colcon.colcon_core.package_identification:_identify(src/px4_ros_com) by extensions ['colcon_meta']
[0.549s] Level 1:colcon.colcon_core.package_identification:_identify(src/px4_ros_com) by extension 'colcon_meta'
[0.549s] Level 1:colcon.colcon_core.package_identification:_identify(src/px4_ros_com) by extensions ['ros']
[0.549s] Level 1:colcon.colcon_core.package_identification:_identify(src/px4_ros_com) by extension 'ros'
[0.550s] DEBUG:colcon.colcon_core.package_identification:Package 'src/px4_ros_com' with type 'ros.ament_cmake' and name 'px4_ros_com'
[0.550s] Level 1:colcon.colcon_core.package_identification:_identify(src/web_cam) by extensions ['ignore', 'ignore_ament_install']
[0.550s] Level 1:colcon.colcon_core.package_identification:_identify(src/web_cam) by extension 'ignore'
[0.550s] Level 1:colcon.colcon_core.package_identification:_identify(src/web_cam) by extension 'ignore_ament_install'
[0.550s] Level 1:colcon.colcon_core.package_identification:_identify(src/web_cam) by extensions ['colcon_pkg']
[0.550s] Level 1:colcon.colcon_core.package_identification:_identify(src/web_cam) by extension 'colcon_pkg'
[0.550s] Level 1:colcon.colcon_core.package_identification:_identify(src/web_cam) by extensions ['colcon_meta']
[0.550s] Level 1:colcon.colcon_core.package_identification:_identify(src/web_cam) by extension 'colcon_meta'
[0.550s] Level 1:colcon.colcon_core.package_identification:_identify(src/web_cam) by extensions ['ros']
[0.550s] Level 1:colcon.colcon_core.package_identification:_identify(src/web_cam) by extension 'ros'
[0.551s] DEBUG:colcon.colcon_core.package_identification:Package 'src/web_cam' with type 'ros.ament_python' and name 'web_cam'
[0.551s] Level 1:colcon.colcon_core.package_identification:_identify(src/webcam) by extensions ['ignore', 'ignore_ament_install']
[0.551s] Level 1:colcon.colcon_core.package_identification:_identify(src/webcam) by extension 'ignore'
[0.551s] Level 1:colcon.colcon_core.package_identification:_identify(src/webcam) by extension 'ignore_ament_install'
[0.551s] Level 1:colcon.colcon_core.package_identification:_identify(src/webcam) by extensions ['colcon_pkg']
[0.551s] Level 1:colcon.colcon_core.package_identification:_identify(src/webcam) by extension 'colcon_pkg'
[0.551s] Level 1:colcon.colcon_core.package_identification:_identify(src/webcam) by extensions ['colcon_meta']
[0.551s] Level 1:colcon.colcon_core.package_identification:_identify(src/webcam) by extension 'colcon_meta'
[0.551s] Level 1:colcon.colcon_core.package_identification:_identify(src/webcam) by extensions ['ros']
[0.551s] Level 1:colcon.colcon_core.package_identification:_identify(src/webcam) by extension 'ros'
[0.552s] DEBUG:colcon.colcon_core.package_identification:Package 'src/webcam' with type 'ros.ament_python' and name 'webcam'
[0.552s] Level 1:colcon.colcon_core.package_discovery:discover_packages(recursive) using defaults
[0.552s] Level 1:colcon.colcon_core.package_discovery:discover_packages(ignore) discover
[0.552s] Level 1:colcon.colcon_core.package_discovery:discover_packages(ignore) using defaults
[0.552s] Level 1:colcon.colcon_core.package_discovery:discover_packages(path) discover
[0.552s] Level 1:colcon.colcon_core.package_discovery:discover_packages(path) using defaults
[0.588s] Level 1:colcon.colcon_core.package_discovery:discover_packages(prefix_path) check parameters
[0.588s] Level 1:colcon.colcon_core.package_discovery:discover_packages(prefix_path) discover
[0.591s] DEBUG:colcon.colcon_installed_package_information.package_discovery:Found 8 installed packages in /home/kailync/ros2_ws/install
[0.593s] DEBUG:colcon.colcon_installed_package_information.package_discovery:Found 288 installed packages in /opt/ros/humble
[0.594s] Level 1:colcon.colcon_core.package_discovery:discover_packages(prefix_path) using defaults
[0.644s] Level 5:colcon.colcon_core.verb:set package 'ar_tag' build argument 'cmake_args' from command line to 'None'
[0.644s] Level 5:colcon.colcon_core.verb:set package 'ar_tag' build argument 'cmake_target' from command line to 'None'
[0.644s] Level 5:colcon.colcon_core.verb:set package 'ar_tag' build argument 'cmake_target_skip_unavailable' from command line to 'False'
[0.644s] Level 5:colcon.colcon_core.verb:set package 'ar_tag' build argument 'cmake_clean_cache' from command line to 'False'
[0.644s] Level 5:colcon.colcon_core.verb:set package 'ar_tag' build argument 'cmake_clean_first' from command line to 'False'
[0.644s] Level 5:colcon.colcon_core.verb:set package 'ar_tag' build argument 'cmake_force_configure' from command line to 'False'
[0.644s] Level 5:colcon.colcon_core.verb:set package 'ar_tag' build argument 'ament_cmake_args' from command line to 'None'
[0.644s] Level 5:colcon.colcon_core.verb:set package 'ar_tag' build argument 'catkin_cmake_args' from command line to 'None'
[0.644s] Level 5:colcon.colcon_core.verb:set package 'ar_tag' build argument 'catkin_skip_building_tests' from command line to 'False'
[0.644s] DEBUG:colcon.colcon_core.verb:Building package 'ar_tag' with the following arguments: {'ament_cmake_args': None, 'build_base': '/home/kailync/ros2_ws/build/ar_tag', 'catkin_cmake_args': None, 'catkin_skip_building_tests': False, 'cmake_args': None, 'cmake_clean_cache': False, 'cmake_clean_first': False, 'cmake_force_configure': False, 'cmake_target': None, 'cmake_target_skip_unavailable': False, 'install_base': '/home/kailync/ros2_ws/install/ar_tag', 'merge_install': False, 'path': '/home/kailync/ros2_ws/src/ar_tag', 'symlink_install': False, 'test_result_base': None}
[0.644s] Level 5:colcon.colcon_core.verb:set package 'fizzbuzz' build argument 'cmake_args' from command line to 'None'
[0.644s] Level 5:colcon.colcon_core.verb:set package 'fizzbuzz' build argument 'cmake_target' from command line to 'None'
[0.644s] Level 5:colcon.colcon_core.verb:set package 'fizzbuzz' build argument 'cmake_target_skip_unavailable' from command line to 'False'
[0.645s] Level 5:colcon.colcon_core.verb:set package 'fizzbuzz' build argument 'cmake_clean_cache' from command line to 'False'
[0.645s] Level 5:colcon.colcon_core.verb:set package 'fizzbuzz' build argument 'cmake_clean_first' from command line to 'False'
[0.645s] Level 5:colcon.colcon_core.verb:set package 'fizzbuzz' build argument 'cmake_force_configure' from command line to 'False'
[0.645s] Level 5:colcon.colcon_core.verb:set package 'fizzbuzz' build argument 'ament_cmake_args' from command line to 'None'
[0.645s] Level 5:colcon.colcon_core.verb:set package 'fizzbuzz' build argument 'catkin_cmake_args' from command line to 'None'
[0.645s] Level 5:colcon.colcon_core.verb:set package 'fizzbuzz' build argument 'catkin_skip_building_tests' from command line to 'False'
[0.645s] DEBUG:colcon.colcon_core.verb:Building package 'fizzbuzz' with the following arguments: {'ament_cmake_args': None, 'build_base': '/home/kailync/ros2_ws/build/fizzbuzz', 'catkin_cmake_args': None, 'catkin_skip_building_tests': False, 'cmake_args': None, 'cmake_clean_cache': False, 'cmake_clean_first': False, 'cmake_force_configure': False, 'cmake_target': None, 'cmake_target_skip_unavailable': False, 'install_base': '/home/kailync/ros2_ws/install/fizzbuzz', 'merge_install': False, 'path': '/home/kailync/ros2_ws/src/fizzbuzz', 'symlink_install': False, 'test_result_base': None}
[0.645s] Level 5:colcon.colcon_core.verb:set package 'line_path' build argument 'cmake_args' from command line to 'None'
[0.645s] Level 5:colcon.colcon_core.verb:set package 'line_path' build argument 'cmake_target' from command line to 'None'
[0.645s] Level 5:colcon.colcon_core.verb:set package 'line_path' build argument 'cmake_target_skip_unavailable' from command line to 'False'
[0.645s] Level 5:colcon.colcon_core.verb:set package 'line_path' build argument 'cmake_clean_cache' from command line to 'False'
[0.645s] Level 5:colcon.colcon_core.verb:set package 'line_path' build argument 'cmake_clean_first' from command line to 'False'
[0.645s] Level 5:colcon.colcon_core.verb:set package 'line_path' build argument 'cmake_force_configure' from command line to 'False'
[0.645s] Level 5:colcon.colcon_core.verb:set package 'line_path' build argument 'ament_cmake_args' from command line to 'None'
[0.645s] Level 5:colcon.colcon_core.verb:set package 'line_path' build argument 'catkin_cmake_args' from command line to 'None'
[0.645s] Level 5:colcon.colcon_core.verb:set package 'line_path' build argument 'catkin_skip_building_tests' from command line to 'False'
[0.645s] DEBUG:colcon.colcon_core.verb:Building package 'line_path' with the following arguments: {'ament_cmake_args': None, 'build_base': '/home/kailync/ros2_ws/build/line_path', 'catkin_cmake_args': None, 'catkin_skip_building_tests': False, 'cmake_args': None, 'cmake_clean_cache': False, 'cmake_clean_first': False, 'cmake_force_configure': False, 'cmake_target': None, 'cmake_target_skip_unavailable': False, 'install_base': '/home/kailync/ros2_ws/install/line_path', 'merge_install': False, 'path': '/home/kailync/ros2_ws/src/line_path', 'symlink_install': False, 'test_result_base': None}
[0.645s] Level 5:colcon.colcon_core.verb:set package 'px4_msgs' build argument 'cmake_args' from command line to 'None'
[0.646s] Level 5:colcon.colcon_core.verb:set package 'px4_msgs' build argument 'cmake_target' from command line to 'None'
[0.646s] Level 5:colcon.colcon_core.verb:set package 'px4_msgs' build argument 'cmake_target_skip_unavailable' from command line to 'False'
[0.646s] Level 5:colcon.colcon_core.verb:set package 'px4_msgs' build argument 'cmake_clean_cache' from command line to 'False'
[0.646s] Level 5:colcon.colcon_core.verb:set package 'px4_msgs' build argument 'cmake_clean_first' from command line to 'False'
[0.646s] Level 5:colcon.colcon_core.verb:set package 'px4_msgs' build argument 'cmake_force_configure' from command line to 'False'
[0.646s] Level 5:colcon.colcon_core.verb:set package 'px4_msgs' build argument 'ament_cmake_args' from command line to 'None'
[0.646s] Level 5:colcon.colcon_core.verb:set package 'px4_msgs' build argument 'catkin_cmake_args' from command line to 'None'
[0.646s] Level 5:colcon.colcon_core.verb:set package 'px4_msgs' build argument 'catkin_skip_building_tests' from command line to 'False'
[0.646s] DEBUG:colcon.colcon_core.verb:Building package 'px4_msgs' with the following arguments: {'ament_cmake_args': None, 'build_base': '/home/kailync/ros2_ws/build/px4_msgs', 'catkin_cmake_args': None, 'catkin_skip_building_tests': False, 'cmake_args': None, 'cmake_clean_cache': False, 'cmake_clean_first': False, 'cmake_force_configure': False, 'cmake_target': None, 'cmake_target_skip_unavailable': False, 'install_base': '/home/kailync/ros2_ws/install/px4_msgs', 'merge_install': False, 'path': '/home/kailync/ros2_ws/src/px4_msgs', 'symlink_install': False, 'test_result_base': None}
[0.646s] Level 5:colcon.colcon_core.verb:set package 'web_cam' build argument 'cmake_args' from command line to 'None'
[0.646s] Level 5:colcon.colcon_core.verb:set package 'web_cam' build argument 'cmake_target' from command line to 'None'
[0.646s] Level 5:colcon.colcon_core.verb:set package 'web_cam' build argument 'cmake_target_skip_unavailable' from command line to 'False'
[0.646s] Level 5:colcon.colcon_core.verb:set package 'web_cam' build argument 'cmake_clean_cache' from command line to 'False'
[0.646s] Level 5:colcon.colcon_core.verb:set package 'web_cam' build argument 'cmake_clean_first' from command line to 'False'
[0.646s] Level 5:colcon.colcon_core.verb:set package 'web_cam' build argument 'cmake_force_configure' from command line to 'False'
[0.646s] Level 5:colcon.colcon_core.verb:set package 'web_cam' build argument 'ament_cmake_args' from command line to 'None'
[0.646s] Level 5:colcon.colcon_core.verb:set package 'web_cam' build argument 'catkin_cmake_args' from command line to 'None'
[0.646s] Level 5:colcon.colcon_core.verb:set package 'web_cam' build argument 'catkin_skip_building_tests' from command line to 'False'
[0.646s] DEBUG:colcon.colcon_core.verb:Building package 'web_cam' with the following arguments: {'ament_cmake_args': None, 'build_base': '/home/kailync/ros2_ws/build/web_cam', 'catkin_cmake_args': None, 'catkin_skip_building_tests': False, 'cmake_args': None, 'cmake_clean_cache': False, 'cmake_clean_first': False, 'cmake_force_configure': False, 'cmake_target': None, 'cmake_target_skip_unavailable': False, 'install_base': '/home/kailync/ros2_ws/install/web_cam', 'merge_install': False, 'path': '/home/kailync/ros2_ws/src/web_cam', 'symlink_install': False, 'test_result_base': None}
[0.647s] Level 5:colcon.colcon_core.verb:set package 'webcam' build argument 'cmake_args' from command line to 'None'
[0.647s] Level 5:colcon.colcon_core.verb:set package 'webcam' build argument 'cmake_target' from command line to 'None'
[0.647s] Level 5:colcon.colcon_core.verb:set package 'webcam' build argument 'cmake_target_skip_unavailable' from command line to 'False'
[0.647s] Level 5:colcon.colcon_core.verb:set package 'webcam' build argument 'cmake_clean_cache' from command line to 'False'
[0.647s] Level 5:colcon.colcon_core.verb:set package 'webcam' build argument 'cmake_clean_first' from command line to 'False'
[0.647s] Level 5:colcon.colcon_core.verb:set package 'webcam' build argument 'cmake_force_configure' from command line to 'False'
[0.647s] Level 5:colcon.colcon_core.verb:set package 'webcam' build argument 'ament_cmake_args' from command line to 'None'
[0.647s] Level 5:colcon.colcon_core.verb:set package 'webcam' build argument 'catkin_cmake_args' from command line to 'None'
[0.647s] Level 5:colcon.colcon_core.verb:set package 'webcam' build argument 'catkin_skip_building_tests' from command line to 'False'
[0.647s] DEBUG:colcon.colcon_core.verb:Building package 'webcam' with the following arguments: {'ament_cmake_args': None, 'build_base': '/home/kailync/ros2_ws/build/webcam', 'catkin_cmake_args': None, 'catkin_skip_building_tests': False, 'cmake_args': None, 'cmake_clean_cache': False, 'cmake_clean_first': False, 'cmake_force_configure': False, 'cmake_target': None, 'cmake_target_skip_unavailable': False, 'install_base': '/home/kailync/ros2_ws/install/webcam', 'merge_install': False, 'path': '/home/kailync/ros2_ws/src/webcam', 'symlink_install': False, 'test_result_base': None}
[0.647s] Level 5:colcon.colcon_core.verb:set package 'px4_ros_com' build argument 'cmake_args' from command line to 'None'
[0.647s] Level 5:colcon.colcon_core.verb:set package 'px4_ros_com' build argument 'cmake_target' from command line to 'None'
[0.647s] Level 5:colcon.colcon_core.verb:set package 'px4_ros_com' build argument 'cmake_target_skip_unavailable' from command line to 'False'
[0.647s] Level 5:colcon.colcon_core.verb:set package 'px4_ros_com' build argument 'cmake_clean_cache' from command line to 'False'
[0.647s] Level 5:colcon.colcon_core.verb:set package 'px4_ros_com' build argument 'cmake_clean_first' from command line to 'False'
[0.647s] Level 5:colcon.colcon_core.verb:set package 'px4_ros_com' build argument 'cmake_force_configure' from command line to 'False'
[0.647s] Level 5:colcon.colcon_core.verb:set package 'px4_ros_com' build argument 'ament_cmake_args' from command line to 'None'
[0.647s] Level 5:colcon.colcon_core.verb:set package 'px4_ros_com' build argument 'catkin_cmake_args' from command line to 'None'
[0.647s] Level 5:colcon.colcon_core.verb:set package 'px4_ros_com' build argument 'catkin_skip_building_tests' from command line to 'False'
[0.647s] DEBUG:colcon.colcon_core.verb:Building package 'px4_ros_com' with the following arguments: {'ament_cmake_args': None, 'build_base': '/home/kailync/ros2_ws/build/px4_ros_com', 'catkin_cmake_args': None, 'catkin_skip_building_tests': False, 'cmake_args': None, 'cmake_clean_cache': False, 'cmake_clean_first': False, 'cmake_force_configure': False, 'cmake_target': None, 'cmake_target_skip_unavailable': False, 'install_base': '/home/kailync/ros2_ws/install/px4_ros_com', 'merge_install': False, 'path': '/home/kailync/ros2_ws/src/px4_ros_com', 'symlink_install': False, 'test_result_base': None}
[0.647s] INFO:colcon.colcon_core.executor:Executing jobs using 'parallel' executor
[0.648s] DEBUG:colcon.colcon_parallel_executor.executor.parallel:run_until_complete
[0.649s] INFO:colcon.colcon_ros.task.ament_cmake.build:Building ROS package in '/home/kailync/ros2_ws/src/px4_msgs' with build type 'ament_cmake'
[0.649s] INFO:colcon.colcon_cmake.task.cmake.build:Building CMake package in '/home/kailync/ros2_ws/src/px4_msgs'
[0.651s] INFO:colcon.colcon_core.plugin_system:Skipping extension 'colcon_core.shell.bat': Not used on non-Windows systems
[0.651s] INFO:colcon.colcon_core.shell:Skip shell extension 'powershell' for command environment: Not usable outside of PowerShell
[0.652s] DEBUG:colcon.colcon_core.shell:Skip shell extension 'dsv' for command environment
[0.655s] INFO:colcon.colcon_core.task.python.build:Building Python package in '/home/kailync/ros2_ws/src/ar_tag'
[0.655s] INFO:colcon.colcon_core.shell:Skip shell extension 'powershell' for command environment: Not usable outside of PowerShell
[0.655s] DEBUG:colcon.colcon_core.shell:Skip shell extension 'dsv' for command environment
[0.662s] INFO:colcon.colcon_ros.task.ament_python.build:Building ROS package in '/home/kailync/ros2_ws/src/fizzbuzz' with build type 'ament_python'
[0.662s] Level 1:colcon.colcon_core.shell:create_environment_hook('fizzbuzz', 'ament_prefix_path')
[0.663s] INFO:colcon.colcon_core.shell:Creating environment hook '/home/kailync/ros2_ws/install/fizzbuzz/share/fizzbuzz/hook/ament_prefix_path.ps1'
[0.664s] INFO:colcon.colcon_core.shell:Creating environment descriptor '/home/kailync/ros2_ws/install/fizzbuzz/share/fizzbuzz/hook/ament_prefix_path.dsv'
[0.664s] INFO:colcon.colcon_core.shell:Creating environment hook '/home/kailync/ros2_ws/install/fizzbuzz/share/fizzbuzz/hook/ament_prefix_path.sh'
[0.665s] INFO:colcon.colcon_core.shell:Skip shell extension 'powershell' for command environment: Not usable outside of PowerShell
[0.665s] DEBUG:colcon.colcon_core.shell:Skip shell extension 'dsv' for command environment
[0.668s] INFO:colcon.colcon_ros.task.ament_python.build:Building ROS package in '/home/kailync/ros2_ws/src/line_path' with build type 'ament_python'
[0.669s] Level 1:colcon.colcon_core.shell:create_environment_hook('line_path', 'ament_prefix_path')
[0.669s] INFO:colcon.colcon_core.shell:Creating environment hook '/home/kailync/ros2_ws/install/line_path/share/line_path/hook/ament_prefix_path.ps1'
[0.670s] INFO:colcon.colcon_core.shell:Creating environment descriptor '/home/kailync/ros2_ws/install/line_path/share/line_path/hook/ament_prefix_path.dsv'
[0.670s] INFO:colcon.colcon_core.shell:Creating environment hook '/home/kailync/ros2_ws/install/line_path/share/line_path/hook/ament_prefix_path.sh'
[0.671s] INFO:colcon.colcon_core.shell:Skip shell extension 'powershell' for command environment: Not usable outside of PowerShell
[0.671s] DEBUG:colcon.colcon_core.shell:Skip shell extension 'dsv' for command environment
[0.673s] INFO:colcon.colcon_ros.task.ament_python.build:Building ROS package in '/home/kailync/ros2_ws/src/web_cam' with build type 'ament_python'
[0.673s] Level 1:colcon.colcon_core.shell:create_environment_hook('web_cam', 'ament_prefix_path')
[0.674s] INFO:colcon.colcon_core.shell:Creating environment hook '/home/kailync/ros2_ws/install/web_cam/share/web_cam/hook/ament_prefix_path.ps1'
[0.675s] INFO:colcon.colcon_core.shell:Creating environment descriptor '/home/kailync/ros2_ws/install/web_cam/share/web_cam/hook/ament_prefix_path.dsv'
[0.675s] INFO:colcon.colcon_core.shell:Creating environment hook '/home/kailync/ros2_ws/install/web_cam/share/web_cam/hook/ament_prefix_path.sh'
[0.676s] INFO:colcon.colcon_core.shell:Skip shell extension 'powershell' for command environment: Not usable outside of PowerShell
[0.676s] DEBUG:colcon.colcon_core.shell:Skip shell extension 'dsv' for command environment
[0.683s] INFO:colcon.colcon_ros.task.ament_python.build:Building ROS package in '/home/kailync/ros2_ws/src/webcam' with build type 'ament_python'
[0.683s] Level 1:colcon.colcon_core.shell:create_environment_hook('webcam', 'ament_prefix_path')
[0.684s] INFO:colcon.colcon_core.shell:Creating environment hook '/home/kailync/ros2_ws/install/webcam/share/webcam/hook/ament_prefix_path.ps1'
[0.684s] INFO:colcon.colcon_core.shell:Creating environment descriptor '/home/kailync/ros2_ws/install/webcam/share/webcam/hook/ament_prefix_path.dsv'
[0.684s] INFO:colcon.colcon_core.shell:Creating environment hook '/home/kailync/ros2_ws/install/webcam/share/webcam/hook/ament_prefix_path.sh'
[0.685s] INFO:colcon.colcon_core.shell:Skip shell extension 'powershell' for command environment: Not usable outside of PowerShell
[0.685s] DEBUG:colcon.colcon_core.shell:Skip shell extension 'dsv' for command environment
[0.696s] DEBUG:colcon.colcon_core.event_handler.log_command:Invoking command in '/home/kailync/ros2_ws/build/px4_msgs': CMAKE_PREFIX_PATH=${CMAKE_PREFIX_PATH}:/home/kailync/ros2_ws/install/webcam:/home/kailync/ros2_ws/install/web_cam:/home/kailync/ros2_ws/install/line_path:/home/kailync/ros2_ws/install/fizzbuzz:/home/kailync/ros2_ws/install/ar_tag:/opt/ros/humble /usr/bin/cmake --build /home/kailync/ros2_ws/build/px4_msgs -- -j6 -l6
[1.167s] INFO:colcon.colcon_core.task.python.build:Building Python package in '/home/kailync/ros2_ws/src/fizzbuzz'
[1.167s] INFO:colcon.colcon_core.shell:Skip shell extension 'powershell' for command environment: Not usable outside of PowerShell
[1.167s] DEBUG:colcon.colcon_core.shell:Skip shell extension 'dsv' for command environment
[1.403s] INFO:colcon.colcon_core.task.python.build:Building Python package in '/home/kailync/ros2_ws/src/line_path'
[1.403s] INFO:colcon.colcon_core.shell:Skip shell extension 'powershell' for command environment: Not usable outside of PowerShell
[1.403s] DEBUG:colcon.colcon_core.shell:Skip shell extension 'dsv' for command environment
[1.658s] INFO:colcon.colcon_core.task.python.build:Building Python package in '/home/kailync/ros2_ws/src/web_cam'
[1.658s] INFO:colcon.colcon_core.shell:Skip shell extension 'powershell' for command environment: Not usable outside of PowerShell
[1.658s] DEBUG:colcon.colcon_core.shell:Skip shell extension 'dsv' for command environment
[1.988s] INFO:colcon.colcon_core.task.python.build:Building Python package in '/home/kailync/ros2_ws/src/webcam'
[1.989s] INFO:colcon.colcon_core.shell:Skip shell extension 'powershell' for command environment: Not usable outside of PowerShell
[1.989s] DEBUG:colcon.colcon_core.shell:Skip shell extension 'dsv' for command environment
[1.995s] DEBUG:colcon.colcon_core.event_handler.log_command:Invoking command in '/home/kailync/ros2_ws/src/ar_tag': PYTHONPATH=/home/kailync/ros2_ws/build/ar_tag/prefix_override:/usr/lib/python3/dist-packages/colcon_core/task/python/colcon_distutils_commands:/home/kailync/ros2_ws/install/ar_tag/lib/python3.10/site-packages:${PYTHONPATH} /usr/bin/python3 -W ignore:setup.py install is deprecated -W ignore:easy_install command is deprecated setup.py egg_info --egg-base ../../build/ar_tag build --build-base /home/kailync/ros2_ws/build/ar_tag/build install --record /home/kailync/ros2_ws/build/ar_tag/install.log --single-version-externally-managed install_data
[2.391s] DEBUG:colcon.colcon_core.event_handler.log_command:Invoked command in '/home/kailync/ros2_ws/src/ar_tag' returned '0': PYTHONPATH=/home/kailync/ros2_ws/build/ar_tag/prefix_override:/usr/lib/python3/dist-packages/colcon_core/task/python/colcon_distutils_commands:/home/kailync/ros2_ws/install/ar_tag/lib/python3.10/site-packages:${PYTHONPATH} /usr/bin/python3 -W ignore:setup.py install is deprecated -W ignore:easy_install command is deprecated setup.py egg_info --egg-base ../../build/ar_tag build --build-base /home/kailync/ros2_ws/build/ar_tag/build install --record /home/kailync/ros2_ws/build/ar_tag/install.log --single-version-externally-managed install_data
[2.394s] Level 1:colcon.colcon_core.environment:checking '/home/kailync/ros2_ws/install/ar_tag' for CMake module files
[2.395s] Level 1:colcon.colcon_core.environment:checking '/home/kailync/ros2_ws/install/ar_tag' for CMake config files
[2.395s] Level 1:colcon.colcon_core.environment:checking '/home/kailync/ros2_ws/install/ar_tag/lib'
[2.395s] Level 1:colcon.colcon_core.environment:checking '/home/kailync/ros2_ws/install/ar_tag/bin'
[2.395s] Level 1:colcon.colcon_core.environment:checking '/home/kailync/ros2_ws/install/ar_tag/lib/pkgconfig/ar_tag.pc'
[2.395s] Level 1:colcon.colcon_core.environment:checking '/home/kailync/ros2_ws/install/ar_tag/lib/python3.10/site-packages'
[2.395s] Level 1:colcon.colcon_core.shell:create_environment_hook('ar_tag', 'pythonpath')
[2.396s] INFO:colcon.colcon_core.shell:Creating environment hook '/home/kailync/ros2_ws/install/ar_tag/share/ar_tag/hook/pythonpath.ps1'
[2.396s] INFO:colcon.colcon_core.shell:Creating environment descriptor '/home/kailync/ros2_ws/install/ar_tag/share/ar_tag/hook/pythonpath.dsv'
[2.397s] INFO:colcon.colcon_core.shell:Creating environment hook '/home/kailync/ros2_ws/install/ar_tag/share/ar_tag/hook/pythonpath.sh'
[2.397s] Level 1:colcon.colcon_core.environment:checking '/home/kailync/ros2_ws/install/ar_tag/bin'
[2.397s] Level 1:colcon.colcon_core.environment:create_environment_scripts_only(ar_tag)
[2.398s] INFO:colcon.colcon_core.shell:Creating package script '/home/kailync/ros2_ws/install/ar_tag/share/ar_tag/package.ps1'
[2.402s] INFO:colcon.colcon_core.shell:Creating package descriptor '/home/kailync/ros2_ws/install/ar_tag/share/ar_tag/package.dsv'
[2.411s] INFO:colcon.colcon_core.shell:Creating package script '/home/kailync/ros2_ws/install/ar_tag/share/ar_tag/package.sh'
[2.412s] INFO:colcon.colcon_core.shell:Creating package script '/home/kailync/ros2_ws/install/ar_tag/share/ar_tag/package.bash'
[2.412s] INFO:colcon.colcon_core.shell:Creating package script '/home/kailync/ros2_ws/install/ar_tag/share/ar_tag/package.zsh'
[2.413s] Level 1:colcon.colcon_core.environment:create_file_with_runtime_dependencies(/home/kailync/ros2_ws/install/ar_tag/share/colcon-core/packages/ar_tag)
[2.419s] DEBUG:colcon.colcon_core.event_handler.log_command:Invoking command in '/home/kailync/ros2_ws/src/fizzbuzz': PYTHONPATH=/home/kailync/ros2_ws/build/fizzbuzz/prefix_override:/usr/lib/python3/dist-packages/colcon_core/task/python/colcon_distutils_commands:/home/kailync/ros2_ws/install/fizzbuzz/lib/python3.10/site-packages:${PYTHONPATH} /usr/bin/python3 -W ignore:setup.py install is deprecated -W ignore:easy_install command is deprecated setup.py egg_info --egg-base ../../build/fizzbuzz build --build-base /home/kailync/ros2_ws/build/fizzbuzz/build install --record /home/kailync/ros2_ws/build/fizzbuzz/install.log --single-version-externally-managed install_data
[2.466s] DEBUG:colcon.colcon_core.event_handler.log_command:Invoking command in '/home/kailync/ros2_ws/src/line_path': PYTHONPATH=/home/kailync/ros2_ws/build/line_path/prefix_override:/usr/lib/python3/dist-packages/colcon_core/task/python/colcon_distutils_commands:/home/kailync/ros2_ws/install/line_path/lib/python3.10/site-packages:${PYTHONPATH} /usr/bin/python3 -W ignore:setup.py install is deprecated -W ignore:easy_install command is deprecated setup.py egg_info --egg-base ../../build/line_path build --build-base /home/kailync/ros2_ws/build/line_path/build install --record /home/kailync/ros2_ws/build/line_path/install.log --single-version-externally-managed install_data
[2.484s] DEBUG:colcon.colcon_core.event_handler.log_command:Invoking command in '/home/kailync/ros2_ws/src/webcam': PYTHONPATH=/home/kailync/ros2_ws/build/webcam/prefix_override:/usr/lib/python3/dist-packages/colcon_core/task/python/colcon_distutils_commands:/home/kailync/ros2_ws/install/webcam/lib/python3.10/site-packages:${PYTHONPATH} /usr/bin/python3 -W ignore:setup.py install is deprecated -W ignore:easy_install command is deprecated setup.py egg_info --egg-base ../../build/webcam build --build-base /home/kailync/ros2_ws/build/webcam/build install --record /home/kailync/ros2_ws/build/webcam/install.log --single-version-externally-managed install_data
[2.539s] DEBUG:colcon.colcon_core.event_handler.log_command:Invoking command in '/home/kailync/ros2_ws/src/web_cam': PYTHONPATH=/home/kailync/ros2_ws/build/web_cam/prefix_override:/usr/lib/python3/dist-packages/colcon_core/task/python/colcon_distutils_commands:/home/kailync/ros2_ws/install/web_cam/lib/python3.10/site-packages:${PYTHONPATH} /usr/bin/python3 -W ignore:setup.py install is deprecated -W ignore:easy_install command is deprecated setup.py egg_info --egg-base ../../build/web_cam build --build-base /home/kailync/ros2_ws/build/web_cam/build install --record /home/kailync/ros2_ws/build/web_cam/install.log --single-version-externally-managed install_data
[2.684s] DEBUG:colcon.colcon_core.event_handler.log_command:Invoked command in '/home/kailync/ros2_ws/build/px4_msgs' returned '0': CMAKE_PREFIX_PATH=${CMAKE_PREFIX_PATH}:/home/kailync/ros2_ws/install/webcam:/home/kailync/ros2_ws/install/web_cam:/home/kailync/ros2_ws/install/line_path:/home/kailync/ros2_ws/install/fizzbuzz:/home/kailync/ros2_ws/install/ar_tag:/opt/ros/humble /usr/bin/cmake --build /home/kailync/ros2_ws/build/px4_msgs -- -j6 -l6
[2.701s] DEBUG:colcon.colcon_core.event_handler.log_command:Invoking command in '/home/kailync/ros2_ws/build/px4_msgs': CMAKE_PREFIX_PATH=${CMAKE_PREFIX_PATH}:/home/kailync/ros2_ws/install/webcam:/home/kailync/ros2_ws/install/web_cam:/home/kailync/ros2_ws/install/line_path:/home/kailync/ros2_ws/install/fizzbuzz:/home/kailync/ros2_ws/install/ar_tag:/opt/ros/humble /usr/bin/cmake --install /home/kailync/ros2_ws/build/px4_msgs
[2.745s] Level 1:colcon.colcon_core.environment:checking '/home/kailync/ros2_ws/install/fizzbuzz' for CMake module files
[2.746s] Level 1:colcon.colcon_core.environment:checking '/home/kailync/ros2_ws/install/fizzbuzz' for CMake config files
[2.746s] Level 1:colcon.colcon_core.environment:checking '/home/kailync/ros2_ws/install/fizzbuzz/lib'
[2.746s] Level 1:colcon.colcon_core.environment:checking '/home/kailync/ros2_ws/install/fizzbuzz/bin'
[2.746s] Level 1:colcon.colcon_core.environment:checking '/home/kailync/ros2_ws/install/fizzbuzz/lib/pkgconfig/fizzbuzz.pc'
[2.746s] Level 1:colcon.colcon_core.environment:checking '/home/kailync/ros2_ws/install/fizzbuzz/lib/python3.10/site-packages'
[2.746s] Level 1:colcon.colcon_core.shell:create_environment_hook('fizzbuzz', 'pythonpath')
[2.747s] INFO:colcon.colcon_core.shell:Creating environment hook '/home/kailync/ros2_ws/install/fizzbuzz/share/fizzbuzz/hook/pythonpath.ps1'
[2.747s] INFO:colcon.colcon_core.shell:Creating environment descriptor '/home/kailync/ros2_ws/install/fizzbuzz/share/fizzbuzz/hook/pythonpath.dsv'
[2.748s] INFO:colcon.colcon_core.shell:Creating environment hook '/home/kailync/ros2_ws/install/fizzbuzz/share/fizzbuzz/hook/pythonpath.sh'
[2.750s] Level 1:colcon.colcon_core.environment:checking '/home/kailync/ros2_ws/install/fizzbuzz/bin'
[2.750s] Level 1:colcon.colcon_core.environment:create_environment_scripts_only(fizzbuzz)
[2.751s] INFO:colcon.colcon_core.shell:Creating package script '/home/kailync/ros2_ws/install/fizzbuzz/share/fizzbuzz/package.ps1'
[2.754s] INFO:colcon.colcon_core.shell:Creating package descriptor '/home/kailync/ros2_ws/install/fizzbuzz/share/fizzbuzz/package.dsv'
[2.755s] INFO:colcon.colcon_core.shell:Creating package script '/home/kailync/ros2_ws/install/fizzbuzz/share/fizzbuzz/package.sh'
[2.758s] INFO:colcon.colcon_core.shell:Creating package script '/home/kailync/ros2_ws/install/fizzbuzz/share/fizzbuzz/package.bash'
[2.758s] INFO:colcon.colcon_core.shell:Creating package script '/home/kailync/ros2_ws/install/fizzbuzz/share/fizzbuzz/package.zsh'
[2.761s] Level 1:colcon.colcon_core.environment:create_file_with_runtime_dependencies(/home/kailync/ros2_ws/install/fizzbuzz/share/colcon-core/packages/fizzbuzz)
[2.770s] DEBUG:colcon.colcon_core.event_handler.log_command:Invoked command in '/home/kailync/ros2_ws/src/fizzbuzz' returned '0': PYTHONPATH=/home/kailync/ros2_ws/build/fizzbuzz/prefix_override:/usr/lib/python3/dist-packages/colcon_core/task/python/colcon_distutils_commands:/home/kailync/ros2_ws/install/fizzbuzz/lib/python3.10/site-packages:${PYTHONPATH} /usr/bin/python3 -W ignore:setup.py install is deprecated -W ignore:easy_install command is deprecated setup.py egg_info --egg-base ../../build/fizzbuzz build --build-base /home/kailync/ros2_ws/build/fizzbuzz/build install --record /home/kailync/ros2_ws/build/fizzbuzz/install.log --single-version-externally-managed install_data
[2.778s] Level 1:colcon.colcon_core.environment:checking '/home/kailync/ros2_ws/install/line_path' for CMake module files
[2.779s] Level 1:colcon.colcon_core.environment:checking '/home/kailync/ros2_ws/install/line_path' for CMake config files
[2.786s] Level 1:colcon.colcon_core.environment:checking '/home/kailync/ros2_ws/install/line_path/lib'
[2.786s] Level 1:colcon.colcon_core.environment:checking '/home/kailync/ros2_ws/install/line_path/bin'
[2.787s] Level 1:colcon.colcon_core.environment:checking '/home/kailync/ros2_ws/install/line_path/lib/pkgconfig/line_path.pc'
[2.787s] Level 1:colcon.colcon_core.environment:checking '/home/kailync/ros2_ws/install/line_path/lib/python3.10/site-packages'
[2.787s] Level 1:colcon.colcon_core.shell:create_environment_hook('line_path', 'pythonpath')
[2.790s] INFO:colcon.colcon_core.shell:Creating environment hook '/home/kailync/ros2_ws/install/line_path/share/line_path/hook/pythonpath.ps1'
[2.796s] INFO:colcon.colcon_core.shell:Creating environment descriptor '/home/kailync/ros2_ws/install/line_path/share/line_path/hook/pythonpath.dsv'
[2.797s] INFO:colcon.colcon_core.shell:Creating environment hook '/home/kailync/ros2_ws/install/line_path/share/line_path/hook/pythonpath.sh'
[2.798s] Level 1:colcon.colcon_core.environment:checking '/home/kailync/ros2_ws/install/line_path/bin'
[2.798s] Level 1:colcon.colcon_core.environment:create_environment_scripts_only(line_path)
[2.799s] INFO:colcon.colcon_core.shell:Creating package script '/home/kailync/ros2_ws/install/line_path/share/line_path/package.ps1'
[2.811s] INFO:colcon.colcon_core.shell:Creating package descriptor '/home/kailync/ros2_ws/install/line_path/share/line_path/package.dsv'
[2.811s] INFO:colcon.colcon_core.shell:Creating package script '/home/kailync/ros2_ws/install/line_path/share/line_path/package.sh'
[2.811s] INFO:colcon.colcon_core.shell:Creating package script '/home/kailync/ros2_ws/install/line_path/share/line_path/package.bash'
[2.812s] INFO:colcon.colcon_core.shell:Creating package script '/home/kailync/ros2_ws/install/line_path/share/line_path/package.zsh'
[2.813s] Level 1:colcon.colcon_core.environment:create_file_with_runtime_dependencies(/home/kailync/ros2_ws/install/line_path/share/colcon-core/packages/line_path)
[2.825s] Level 1:colcon.colcon_core.environment:checking '/home/kailync/ros2_ws/install/web_cam' for CMake module files
[2.830s] Level 1:colcon.colcon_core.environment:checking '/home/kailync/ros2_ws/install/web_cam' for CMake config files
[2.833s] Level 1:colcon.colcon_core.environment:checking '/home/kailync/ros2_ws/install/web_cam/lib'
[2.833s] Level 1:colcon.colcon_core.environment:checking '/home/kailync/ros2_ws/install/web_cam/bin'
[2.833s] Level 1:colcon.colcon_core.environment:checking '/home/kailync/ros2_ws/install/web_cam/lib/pkgconfig/web_cam.pc'
[2.834s] Level 1:colcon.colcon_core.environment:checking '/home/kailync/ros2_ws/install/web_cam/lib/python3.10/site-packages'
[2.834s] Level 1:colcon.colcon_core.shell:create_environment_hook('web_cam', 'pythonpath')
[2.834s] INFO:colcon.colcon_core.shell:Creating environment hook '/home/kailync/ros2_ws/install/web_cam/share/web_cam/hook/pythonpath.ps1'
[2.838s] INFO:colcon.colcon_core.shell:Creating environment descriptor '/home/kailync/ros2_ws/install/web_cam/share/web_cam/hook/pythonpath.dsv'
[2.847s] INFO:colcon.colcon_core.shell:Creating environment hook '/home/kailync/ros2_ws/install/web_cam/share/web_cam/hook/pythonpath.sh'
[2.851s] Level 1:colcon.colcon_core.environment:checking '/home/kailync/ros2_ws/install/web_cam/bin'
[2.851s] Level 1:colcon.colcon_core.environment:create_environment_scripts_only(web_cam)
[2.851s] INFO:colcon.colcon_core.shell:Creating package script '/home/kailync/ros2_ws/install/web_cam/share/web_cam/package.ps1'
[2.858s] INFO:colcon.colcon_core.shell:Creating package descriptor '/home/kailync/ros2_ws/install/web_cam/share/web_cam/package.dsv'
[2.861s] INFO:colcon.colcon_core.shell:Creating package script '/home/kailync/ros2_ws/install/web_cam/share/web_cam/package.sh'
[2.862s] INFO:colcon.colcon_core.shell:Creating package script '/home/kailync/ros2_ws/install/web_cam/share/web_cam/package.bash'
[2.863s] INFO:colcon.colcon_core.shell:Creating package script '/home/kailync/ros2_ws/install/web_cam/share/web_cam/package.zsh'
[2.863s] Level 1:colcon.colcon_core.environment:create_file_with_runtime_dependencies(/home/kailync/ros2_ws/install/web_cam/share/colcon-core/packages/web_cam)
[2.865s] Level 1:colcon.colcon_core.environment:checking '/home/kailync/ros2_ws/install/webcam' for CMake module files
[2.871s] Level 1:colcon.colcon_core.environment:checking '/home/kailync/ros2_ws/install/webcam' for CMake config files
[2.897s] Level 1:colcon.colcon_core.environment:checking '/home/kailync/ros2_ws/install/webcam/lib'
[2.897s] Level 1:colcon.colcon_core.environment:checking '/home/kailync/ros2_ws/install/webcam/bin'
[2.897s] Level 1:colcon.colcon_core.environment:checking '/home/kailync/ros2_ws/install/webcam/lib/pkgconfig/webcam.pc'
[2.897s] Level 1:colcon.colcon_core.environment:checking '/home/kailync/ros2_ws/install/webcam/lib/python3.10/site-packages'
[2.897s] Level 1:colcon.colcon_core.shell:create_environment_hook('webcam', 'pythonpath')
[2.897s] INFO:colcon.colcon_core.shell:Creating environment hook '/home/kailync/ros2_ws/install/webcam/share/webcam/hook/pythonpath.ps1'
[2.899s] INFO:colcon.colcon_core.shell:Creating environment descriptor '/home/kailync/ros2_ws/install/webcam/share/webcam/hook/pythonpath.dsv'
[2.912s] INFO:colcon.colcon_core.shell:Creating environment hook '/home/kailync/ros2_ws/install/webcam/share/webcam/hook/pythonpath.sh'
[2.915s] Level 1:colcon.colcon_core.environment:checking '/home/kailync/ros2_ws/install/webcam/bin'
[2.915s] Level 1:colcon.colcon_core.environment:create_environment_scripts_only(webcam)
[2.915s] INFO:colcon.colcon_core.shell:Creating package script '/home/kailync/ros2_ws/install/webcam/share/webcam/package.ps1'
[2.916s] INFO:colcon.colcon_core.shell:Creating package descriptor '/home/kailync/ros2_ws/install/webcam/share/webcam/package.dsv'
[2.917s] INFO:colcon.colcon_core.shell:Creating package script '/home/kailync/ros2_ws/install/webcam/share/webcam/package.sh'
[2.918s] INFO:colcon.colcon_core.shell:Creating package script '/home/kailync/ros2_ws/install/webcam/share/webcam/package.bash'
[2.919s] INFO:colcon.colcon_core.shell:Creating package script '/home/kailync/ros2_ws/install/webcam/share/webcam/package.zsh'
[2.920s] Level 1:colcon.colcon_core.environment:create_file_with_runtime_dependencies(/home/kailync/ros2_ws/install/webcam/share/colcon-core/packages/webcam)
[2.933s] DEBUG:colcon.colcon_core.event_handler.log_command:Invoked command in '/home/kailync/ros2_ws/src/line_path' returned '0': PYTHONPATH=/home/kailync/ros2_ws/build/line_path/prefix_override:/usr/lib/python3/dist-packages/colcon_core/task/python/colcon_distutils_commands:/home/kailync/ros2_ws/install/line_path/lib/python3.10/site-packages:${PYTHONPATH} /usr/bin/python3 -W ignore:setup.py install is deprecated -W ignore:easy_install command is deprecated setup.py egg_info --egg-base ../../build/line_path build --build-base /home/kailync/ros2_ws/build/line_path/build install --record /home/kailync/ros2_ws/build/line_path/install.log --single-version-externally-managed install_data
[2.955s] DEBUG:colcon.colcon_core.event_handler.log_command:Invoked command in '/home/kailync/ros2_ws/src/web_cam' returned '0': PYTHONPATH=/home/kailync/ros2_ws/build/web_cam/prefix_override:/usr/lib/python3/dist-packages/colcon_core/task/python/colcon_distutils_commands:/home/kailync/ros2_ws/install/web_cam/lib/python3.10/site-packages:${PYTHONPATH} /usr/bin/python3 -W ignore:setup.py install is deprecated -W ignore:easy_install command is deprecated setup.py egg_info --egg-base ../../build/web_cam build --build-base /home/kailync/ros2_ws/build/web_cam/build install --record /home/kailync/ros2_ws/build/web_cam/install.log --single-version-externally-managed install_data
[3.011s] DEBUG:colcon.colcon_core.event_handler.log_command:Invoked command in '/home/kailync/ros2_ws/src/webcam' returned '0': PYTHONPATH=/home/kailync/ros2_ws/build/webcam/prefix_override:/usr/lib/python3/dist-packages/colcon_core/task/python/colcon_distutils_commands:/home/kailync/ros2_ws/install/webcam/lib/python3.10/site-packages:${PYTHONPATH} /usr/bin/python3 -W ignore:setup.py install is deprecated -W ignore:easy_install command is deprecated setup.py egg_info --egg-base ../../build/webcam build --build-base /home/kailync/ros2_ws/build/webcam/build install --record /home/kailync/ros2_ws/build/webcam/install.log --single-version-externally-managed install_data
[3.100s] Level 1:colcon.colcon_core.environment:create_environment_scripts_only(px4_msgs)
[3.100s] Level 1:colcon.colcon_core.environment:checking '/home/kailync/ros2_ws/install/px4_msgs' for CMake module files
[3.101s] Level 1:colcon.colcon_core.environment:checking '/home/kailync/ros2_ws/install/px4_msgs' for CMake config files
[3.102s] Level 1:colcon.colcon_core.shell:create_environment_hook('px4_msgs', 'cmake_prefix_path')
[3.103s] INFO:colcon.colcon_core.shell:Creating environment hook '/home/kailync/ros2_ws/install/px4_msgs/share/px4_msgs/hook/cmake_prefix_path.ps1'
[3.103s] INFO:colcon.colcon_core.shell:Creating environment descriptor '/home/kailync/ros2_ws/install/px4_msgs/share/px4_msgs/hook/cmake_prefix_path.dsv'
[3.103s] INFO:colcon.colcon_core.shell:Creating environment hook '/home/kailync/ros2_ws/install/px4_msgs/share/px4_msgs/hook/cmake_prefix_path.sh'
[3.104s] Level 1:colcon.colcon_core.environment:checking '/home/kailync/ros2_ws/install/px4_msgs/lib'
[3.104s] Level 1:colcon.colcon_core.shell:create_environment_hook('px4_msgs', 'ld_library_path_lib')
[3.104s] INFO:colcon.colcon_core.shell:Creating environment hook '/home/kailync/ros2_ws/install/px4_msgs/share/px4_msgs/hook/ld_library_path_lib.ps1'
[3.104s] INFO:colcon.colcon_core.shell:Creating environment descriptor '/home/kailync/ros2_ws/install/px4_msgs/share/px4_msgs/hook/ld_library_path_lib.dsv'
[3.105s] INFO:colcon.colcon_core.shell:Creating environment hook '/home/kailync/ros2_ws/install/px4_msgs/share/px4_msgs/hook/ld_library_path_lib.sh'
[3.105s] Level 1:colcon.colcon_core.environment:checking '/home/kailync/ros2_ws/install/px4_msgs/bin'
[3.105s] Level 1:colcon.colcon_core.environment:checking '/home/kailync/ros2_ws/install/px4_msgs/lib/pkgconfig/px4_msgs.pc'
[3.106s] Level 1:colcon.colcon_core.environment:checking '/home/kailync/ros2_ws/install/px4_msgs/lib/python3.10/site-packages'
[3.106s] Level 1:colcon.colcon_core.environment:checking '/home/kailync/ros2_ws/install/px4_msgs/bin'
[3.106s] INFO:colcon.colcon_core.shell:Creating package script '/home/kailync/ros2_ws/install/px4_msgs/share/px4_msgs/package.ps1'
[3.107s] INFO:colcon.colcon_core.shell:Creating package descriptor '/home/kailync/ros2_ws/install/px4_msgs/share/px4_msgs/package.dsv'
[3.108s] INFO:colcon.colcon_core.shell:Creating package script '/home/kailync/ros2_ws/install/px4_msgs/share/px4_msgs/package.sh'
[3.108s] INFO:colcon.colcon_core.shell:Creating package script '/home/kailync/ros2_ws/install/px4_msgs/share/px4_msgs/package.bash'
[3.109s] INFO:colcon.colcon_core.shell:Creating package script '/home/kailync/ros2_ws/install/px4_msgs/share/px4_msgs/package.zsh'
[3.109s] Level 1:colcon.colcon_core.environment:create_file_with_runtime_dependencies(/home/kailync/ros2_ws/install/px4_msgs/share/colcon-core/packages/px4_msgs)
[3.111s] Level 1:colcon.colcon_core.environment:create_environment_scripts_only(px4_msgs)
[3.111s] Level 1:colcon.colcon_core.environment:checking '/home/kailync/ros2_ws/install/px4_msgs' for CMake module files
[3.114s] Level 1:colcon.colcon_core.environment:checking '/home/kailync/ros2_ws/install/px4_msgs' for CMake config files
[3.119s] Level 1:colcon.colcon_core.shell:create_environment_hook('px4_msgs', 'cmake_prefix_path')
[3.120s] INFO:colcon.colcon_core.shell:Creating environment hook '/home/kailync/ros2_ws/install/px4_msgs/share/px4_msgs/hook/cmake_prefix_path.ps1'
[3.120s] INFO:colcon.colcon_core.shell:Creating environment descriptor '/home/kailync/ros2_ws/install/px4_msgs/share/px4_msgs/hook/cmake_prefix_path.dsv'
[3.122s] INFO:colcon.colcon_core.shell:Creating environment hook '/home/kailync/ros2_ws/install/px4_msgs/share/px4_msgs/hook/cmake_prefix_path.sh'
[3.124s] Level 1:colcon.colcon_core.environment:checking '/home/kailync/ros2_ws/install/px4_msgs/lib'
[3.124s] Level 1:colcon.colcon_core.shell:create_environment_hook('px4_msgs', 'ld_library_path_lib')
[3.124s] INFO:colcon.colcon_core.shell:Creating environment hook '/home/kailync/ros2_ws/install/px4_msgs/share/px4_msgs/hook/ld_library_path_lib.ps1'
[3.126s] INFO:colcon.colcon_core.shell:Creating environment descriptor '/home/kailync/ros2_ws/install/px4_msgs/share/px4_msgs/hook/ld_library_path_lib.dsv'
[3.127s] INFO:colcon.colcon_core.shell:Creating environment hook '/home/kailync/ros2_ws/install/px4_msgs/share/px4_msgs/hook/ld_library_path_lib.sh'
[3.128s] Level 1:colcon.colcon_core.environment:checking '/home/kailync/ros2_ws/install/px4_msgs/bin'
[3.128s] Level 1:colcon.colcon_core.environment:checking '/home/kailync/ros2_ws/install/px4_msgs/lib/pkgconfig/px4_msgs.pc'
[3.128s] Level 1:colcon.colcon_core.environment:checking '/home/kailync/ros2_ws/install/px4_msgs/lib/python3.10/site-packages'
[3.128s] Level 1:colcon.colcon_core.environment:checking '/home/kailync/ros2_ws/install/px4_msgs/bin'
[3.129s] INFO:colcon.colcon_core.shell:Creating package script '/home/kailync/ros2_ws/install/px4_msgs/share/px4_msgs/package.ps1'
[3.129s] INFO:colcon.colcon_core.shell:Creating package descriptor '/home/kailync/ros2_ws/install/px4_msgs/share/px4_msgs/package.dsv'
[3.130s] INFO:colcon.colcon_core.shell:Creating package script '/home/kailync/ros2_ws/install/px4_msgs/share/px4_msgs/package.sh'
[3.131s] INFO:colcon.colcon_core.shell:Creating package script '/home/kailync/ros2_ws/install/px4_msgs/share/px4_msgs/package.bash'
[3.132s] INFO:colcon.colcon_core.shell:Creating package script '/home/kailync/ros2_ws/install/px4_msgs/share/px4_msgs/package.zsh'
[3.134s] Level 1:colcon.colcon_core.environment:create_file_with_runtime_dependencies(/home/kailync/ros2_ws/install/px4_msgs/share/colcon-core/packages/px4_msgs)
[3.135s] INFO:colcon.colcon_ros.task.ament_cmake.build:Building ROS package in '/home/kailync/ros2_ws/src/px4_ros_com' with build type 'ament_cmake'
[3.135s] INFO:colcon.colcon_cmake.task.cmake.build:Building CMake package in '/home/kailync/ros2_ws/src/px4_ros_com'
[3.136s] INFO:colcon.colcon_core.shell:Skip shell extension 'powershell' for command environment: Not usable outside of PowerShell
[3.136s] DEBUG:colcon.colcon_core.shell:Skip shell extension 'dsv' for command environment
[3.171s] DEBUG:colcon.colcon_core.event_handler.log_command:Invoked command in '/home/kailync/ros2_ws/build/px4_msgs' returned '0': CMAKE_PREFIX_PATH=${CMAKE_PREFIX_PATH}:/home/kailync/ros2_ws/install/webcam:/home/kailync/ros2_ws/install/web_cam:/home/kailync/ros2_ws/install/line_path:/home/kailync/ros2_ws/install/fizzbuzz:/home/kailync/ros2_ws/install/ar_tag:/opt/ros/humble /usr/bin/cmake --install /home/kailync/ros2_ws/build/px4_msgs
[3.172s] DEBUG:colcon.colcon_core.event_handler.log_command:Invoking command in '/home/kailync/ros2_ws/build/px4_ros_com': CMAKE_PREFIX_PATH=/home/kailync/ros2_ws/install/px4_msgs:/home/kailync/ros2_ws/install/px4_ros_com:/home/kailync/ros2_ws/install/fizzbuzz_interfaces:/home/kailync/ros2_ws/install/webcam:/home/kailync/ros2_ws/install/web_cam:/home/kailync/ros2_ws/install/line_path:/home/kailync/ros2_ws/install/fizzbuzz:/home/kailync/ros2_ws/install/ar_tag:/opt/ros/humble LD_LIBRARY_PATH=/home/kailync/ros2_ws/install/px4_msgs/lib:/home/kailync/ros2_ws/install/px4_ros_com/lib:/home/kailync/ros2_ws/install/fizzbuzz_interfaces/lib:/opt/ros/humble/opt/rviz_ogre_vendor/lib:/opt/ros/humble/lib/aarch64-linux-gnu:/opt/ros/humble/lib /usr/bin/cmake --build /home/kailync/ros2_ws/build/px4_ros_com -- -j6 -l6
[3.475s] DEBUG:colcon.colcon_core.event_handler.log_command:Invoked command in '/home/kailync/ros2_ws/build/px4_ros_com' returned '0': CMAKE_PREFIX_PATH=/home/kailync/ros2_ws/install/px4_msgs:/home/kailync/ros2_ws/install/px4_ros_com:/home/kailync/ros2_ws/install/fizzbuzz_interfaces:/home/kailync/ros2_ws/install/webcam:/home/kailync/ros2_ws/install/web_cam:/home/kailync/ros2_ws/install/line_path:/home/kailync/ros2_ws/install/fizzbuzz:/home/kailync/ros2_ws/install/ar_tag:/opt/ros/humble LD_LIBRARY_PATH=/home/kailync/ros2_ws/install/px4_msgs/lib:/home/kailync/ros2_ws/install/px4_ros_com/lib:/home/kailync/ros2_ws/install/fizzbuzz_interfaces/lib:/opt/ros/humble/opt/rviz_ogre_vendor/lib:/opt/ros/humble/lib/aarch64-linux-gnu:/opt/ros/humble/lib /usr/bin/cmake --build /home/kailync/ros2_ws/build/px4_ros_com -- -j6 -l6
[3.477s] DEBUG:colcon.colcon_core.event_handler.log_command:Invoking command in '/home/kailync/ros2_ws/build/px4_ros_com': CMAKE_PREFIX_PATH=/home/kailync/ros2_ws/install/px4_msgs:/home/kailync/ros2_ws/install/px4_ros_com:/home/kailync/ros2_ws/install/fizzbuzz_interfaces:/home/kailync/ros2_ws/install/webcam:/home/kailync/ros2_ws/install/web_cam:/home/kailync/ros2_ws/install/line_path:/home/kailync/ros2_ws/install/fizzbuzz:/home/kailync/ros2_ws/install/ar_tag:/opt/ros/humble LD_LIBRARY_PATH=/home/kailync/ros2_ws/install/px4_msgs/lib:/home/kailync/ros2_ws/install/px4_ros_com/lib:/home/kailync/ros2_ws/install/fizzbuzz_interfaces/lib:/opt/ros/humble/opt/rviz_ogre_vendor/lib:/opt/ros/humble/lib/aarch64-linux-gnu:/opt/ros/humble/lib /usr/bin/cmake --install /home/kailync/ros2_ws/build/px4_ros_com
[3.523s] Level 1:colcon.colcon_core.environment:create_environment_scripts_only(px4_ros_com)
[3.523s] Level 1:colcon.colcon_core.environment:checking '/home/kailync/ros2_ws/install/px4_ros_com' for CMake module files
[3.524s] DEBUG:colcon.colcon_core.event_handler.log_command:Invoked command in '/home/kailync/ros2_ws/build/px4_ros_com' returned '0': CMAKE_PREFIX_PATH=/home/kailync/ros2_ws/install/px4_msgs:/home/kailync/ros2_ws/install/px4_ros_com:/home/kailync/ros2_ws/install/fizzbuzz_interfaces:/home/kailync/ros2_ws/install/webcam:/home/kailync/ros2_ws/install/web_cam:/home/kailync/ros2_ws/install/line_path:/home/kailync/ros2_ws/install/fizzbuzz:/home/kailync/ros2_ws/install/ar_tag:/opt/ros/humble LD_LIBRARY_PATH=/home/kailync/ros2_ws/install/px4_msgs/lib:/home/kailync/ros2_ws/install/px4_ros_com/lib:/home/kailync/ros2_ws/install/fizzbuzz_interfaces/lib:/opt/ros/humble/opt/rviz_ogre_vendor/lib:/opt/ros/humble/lib/aarch64-linux-gnu:/opt/ros/humble/lib /usr/bin/cmake --install /home/kailync/ros2_ws/build/px4_ros_com
[3.524s] Level 1:colcon.colcon_core.environment:checking '/home/kailync/ros2_ws/install/px4_ros_com' for CMake config files
[3.524s] Level 1:colcon.colcon_core.shell:create_environment_hook('px4_ros_com', 'cmake_prefix_path')
[3.524s] INFO:colcon.colcon_core.shell:Creating environment hook '/home/kailync/ros2_ws/install/px4_ros_com/share/px4_ros_com/hook/cmake_prefix_path.ps1'
[3.525s] INFO:colcon.colcon_core.shell:Creating environment descriptor '/home/kailync/ros2_ws/install/px4_ros_com/share/px4_ros_com/hook/cmake_prefix_path.dsv'
[3.525s] INFO:colcon.colcon_core.shell:Creating environment hook '/home/kailync/ros2_ws/install/px4_ros_com/share/px4_ros_com/hook/cmake_prefix_path.sh'
[3.527s] Level 1:colcon.colcon_core.environment:checking '/home/kailync/ros2_ws/install/px4_ros_com/lib'
[3.527s] Level 1:colcon.colcon_core.shell:create_environment_hook('px4_ros_com', 'ld_library_path_lib')
[3.527s] INFO:colcon.colcon_core.shell:Creating environment hook '/home/kailync/ros2_ws/install/px4_ros_com/share/px4_ros_com/hook/ld_library_path_lib.ps1'
[3.527s] INFO:colcon.colcon_core.shell:Creating environment descriptor '/home/kailync/ros2_ws/install/px4_ros_com/share/px4_ros_com/hook/ld_library_path_lib.dsv'
[3.528s] INFO:colcon.colcon_core.shell:Creating environment hook '/home/kailync/ros2_ws/install/px4_ros_com/share/px4_ros_com/hook/ld_library_path_lib.sh'
[3.528s] Level 1:colcon.colcon_core.environment:checking '/home/kailync/ros2_ws/install/px4_ros_com/bin'
[3.528s] Level 1:colcon.colcon_core.environment:checking '/home/kailync/ros2_ws/install/px4_ros_com/lib/pkgconfig/px4_ros_com.pc'
[3.528s] Level 1:colcon.colcon_core.environment:checking '/home/kailync/ros2_ws/install/px4_ros_com/lib/python3.10/site-packages'
[3.528s] Level 1:colcon.colcon_core.environment:checking '/home/kailync/ros2_ws/install/px4_ros_com/bin'
[3.529s] INFO:colcon.colcon_core.shell:Creating package script '/home/kailync/ros2_ws/install/px4_ros_com/share/px4_ros_com/package.ps1'
[3.529s] INFO:colcon.colcon_core.shell:Creating package descriptor '/home/kailync/ros2_ws/install/px4_ros_com/share/px4_ros_com/package.dsv'
[3.530s] INFO:colcon.colcon_core.shell:Creating package script '/home/kailync/ros2_ws/install/px4_ros_com/share/px4_ros_com/package.sh'
[3.530s] INFO:colcon.colcon_core.shell:Creating package script '/home/kailync/ros2_ws/install/px4_ros_com/share/px4_ros_com/package.bash'
[3.531s] INFO:colcon.colcon_core.shell:Creating package script '/home/kailync/ros2_ws/install/px4_ros_com/share/px4_ros_com/package.zsh'
[3.531s] Level 1:colcon.colcon_core.environment:create_file_with_runtime_dependencies(/home/kailync/ros2_ws/install/px4_ros_com/share/colcon-core/packages/px4_ros_com)
[3.532s] Level 1:colcon.colcon_core.environment:create_environment_scripts_only(px4_ros_com)
[3.532s] Level 1:colcon.colcon_core.environment:checking '/home/kailync/ros2_ws/install/px4_ros_com' for CMake module files
[3.532s] Level 1:colcon.colcon_core.environment:checking '/home/kailync/ros2_ws/install/px4_ros_com' for CMake config files
[3.532s] Level 1:colcon.colcon_core.shell:create_environment_hook('px4_ros_com', 'cmake_prefix_path')
[3.532s] INFO:colcon.colcon_core.shell:Creating environment hook '/home/kailync/ros2_ws/install/px4_ros_com/share/px4_ros_com/hook/cmake_prefix_path.ps1'
[3.533s] INFO:colcon.colcon_core.shell:Creating environment descriptor '/home/kailync/ros2_ws/install/px4_ros_com/share/px4_ros_com/hook/cmake_prefix_path.dsv'
[3.533s] INFO:colcon.colcon_core.shell:Creating environment hook '/home/kailync/ros2_ws/install/px4_ros_com/share/px4_ros_com/hook/cmake_prefix_path.sh'
[3.534s] Level 1:colcon.colcon_core.environment:checking '/home/kailync/ros2_ws/install/px4_ros_com/lib'
[3.534s] Level 1:colcon.colcon_core.shell:create_environment_hook('px4_ros_com', 'ld_library_path_lib')
[3.534s] INFO:colcon.colcon_core.shell:Creating environment hook '/home/kailync/ros2_ws/install/px4_ros_com/share/px4_ros_com/hook/ld_library_path_lib.ps1'
[3.534s] INFO:colcon.colcon_core.shell:Creating environment descriptor '/home/kailync/ros2_ws/install/px4_ros_com/share/px4_ros_com/hook/ld_library_path_lib.dsv'
[3.534s] INFO:colcon.colcon_core.shell:Creating environment hook '/home/kailync/ros2_ws/install/px4_ros_com/share/px4_ros_com/hook/ld_library_path_lib.sh'
[3.534s] Level 1:colcon.colcon_core.environment:checking '/home/kailync/ros2_ws/install/px4_ros_com/bin'
[3.534s] Level 1:colcon.colcon_core.environment:checking '/home/kailync/ros2_ws/install/px4_ros_com/lib/pkgconfig/px4_ros_com.pc'
[3.535s] Level 1:colcon.colcon_core.environment:checking '/home/kailync/ros2_ws/install/px4_ros_com/lib/python3.10/site-packages'
[3.535s] Level 1:colcon.colcon_core.environment:checking '/home/kailync/ros2_ws/install/px4_ros_com/bin'
[3.535s] INFO:colcon.colcon_core.shell:Creating package script '/home/kailync/ros2_ws/install/px4_ros_com/share/px4_ros_com/package.ps1'
[3.536s] INFO:colcon.colcon_core.shell:Creating package descriptor '/home/kailync/ros2_ws/install/px4_ros_com/share/px4_ros_com/package.dsv'
[3.536s] INFO:colcon.colcon_core.shell:Creating package script '/home/kailync/ros2_ws/install/px4_ros_com/share/px4_ros_com/package.sh'
[3.536s] INFO:colcon.colcon_core.shell:Creating package script '/home/kailync/ros2_ws/install/px4_ros_com/share/px4_ros_com/package.bash'
[3.536s] INFO:colcon.colcon_core.shell:Creating package script '/home/kailync/ros2_ws/install/px4_ros_com/share/px4_ros_com/package.zsh'
[3.537s] Level 1:colcon.colcon_core.environment:create_file_with_runtime_dependencies(/home/kailync/ros2_ws/install/px4_ros_com/share/colcon-core/packages/px4_ros_com)
[3.537s] DEBUG:colcon.colcon_parallel_executor.executor.parallel:closing loop
[3.538s] DEBUG:colcon.colcon_parallel_executor.executor.parallel:loop closed
[3.538s] DEBUG:colcon.colcon_parallel_executor.executor.parallel:run_until_complete finished with '0'
[3.538s] DEBUG:colcon.colcon_core.event_reactor:joining thread
[3.546s] INFO:colcon.colcon_core.plugin_system:Skipping extension 'colcon_notification.desktop_notification.terminal_notifier': Not used on non-Darwin systems
[3.546s] INFO:colcon.colcon_core.plugin_system:Skipping extension 'colcon_notification.desktop_notification.win32': Not used on non-Windows systems
[3.546s] INFO:colcon.colcon_notification.desktop_notification:Sending desktop notification using 'notify2'
[3.580s] DEBUG:colcon.colcon_core.event_reactor:joined thread
[3.581s] INFO:colcon.colcon_core.shell:Creating prefix script '/home/kailync/ros2_ws/install/local_setup.ps1'
[3.583s] INFO:colcon.colcon_core.shell:Creating prefix util module '/home/kailync/ros2_ws/install/_local_setup_util_ps1.py'
[3.585s] INFO:colcon.colcon_core.shell:Creating prefix chain script '/home/kailync/ros2_ws/install/setup.ps1'
[3.586s] INFO:colcon.colcon_core.shell:Creating prefix script '/home/kailync/ros2_ws/install/local_setup.sh'
[3.586s] INFO:colcon.colcon_core.shell:Creating prefix util module '/home/kailync/ros2_ws/install/_local_setup_util_sh.py'
[3.587s] INFO:colcon.colcon_core.shell:Creating prefix chain script '/home/kailync/ros2_ws/install/setup.sh'
[3.588s] INFO:colcon.colcon_core.shell:Creating prefix script '/home/kailync/ros2_ws/install/local_setup.bash'
[3.588s] INFO:colcon.colcon_core.shell:Creating prefix chain script '/home/kailync/ros2_ws/install/setup.bash'
[3.589s] INFO:colcon.colcon_core.shell:Creating prefix script '/home/kailync/ros2_ws/install/local_setup.zsh'
[3.590s] INFO:colcon.colcon_core.shell:Creating prefix chain script '/home/kailync/ros2_ws/install/setup.zsh'
