[1.779s] Invoking command in '/home/kailync/ros2_ws/src/fizzbuzz': PYTHONPATH=/home/kailync/ros2_ws/build/fizzbuzz/prefix_override:/usr/lib/python3/dist-packages/colcon_core/task/python/colcon_distutils_commands:/home/kailync/ros2_ws/install/fizzbuzz/lib/python3.10/site-packages:${PYTHONPATH} /usr/bin/python3 -W ignore:setup.py install is deprecated -W ignore:easy_install command is deprecated setup.py egg_info --egg-base ../../build/fizzbuzz build --build-base /home/kailync/ros2_ws/build/fizzbuzz/build install --record /home/kailync/ros2_ws/build/fizzbuzz/install.log --single-version-externally-managed install_data
[2.166s] running egg_info
[2.166s] writing ../../build/fizzbuzz/fizzbuzz.egg-info/PKG-INFO
[2.166s] writing dependency_links to ../../build/fizzbuzz/fizzbuzz.egg-info/dependency_links.txt
[2.166s] writing entry points to ../../build/fizzbuzz/fizzbuzz.egg-info/entry_points.txt
[2.166s] writing requirements to ../../build/fizzbuzz/fizzbuzz.egg-info/requires.txt
[2.166s] writing top-level names to ../../build/fizzbuzz/fizzbuzz.egg-info/top_level.txt
[2.166s] reading manifest file '../../build/fizzbuzz/fizzbuzz.egg-info/SOURCES.txt'
[2.166s] writing manifest file '../../build/fizzbuzz/fizzbuzz.egg-info/SOURCES.txt'
[2.166s] running build
[2.166s] running build_py
[2.166s] running install
[2.166s] running install_lib
[2.166s] running install_data
[2.166s] running install_egg_info
[2.166s] removing '/home/kailync/ros2_ws/install/fizzbuzz/lib/python3.10/site-packages/fizzbuzz-0.0.0-py3.10.egg-info' (and everything under it)
[2.166s] Copying ../../build/fizzbuzz/fizzbuzz.egg-info to /home/kailync/ros2_ws/install/fizzbuzz/lib/python3.10/site-packages/fizzbuzz-0.0.0-py3.10.egg-info
[2.167s] running install_scripts
[2.172s] Installing fizzbuzz_subscriber script to /home/kailync/ros2_ws/install/fizzbuzz/lib/fizzbuzz
[2.172s] Installing number_publisher script to /home/kailync/ros2_ws/install/fizzbuzz/lib/fizzbuzz
[2.173s] writing list of installed files to '/home/kailync/ros2_ws/build/fizzbuzz/install.log'
[2.183s] Invoked command in '/home/kailync/ros2_ws/src/fizzbuzz' returned '0': PYTHONPATH=/home/kailync/ros2_ws/build/fizzbuzz/prefix_override:/usr/lib/python3/dist-packages/colcon_core/task/python/colcon_distutils_commands:/home/kailync/ros2_ws/install/fizzbuzz/lib/python3.10/site-packages:${PYTHONPATH} /usr/bin/python3 -W ignore:setup.py install is deprecated -W ignore:easy_install command is deprecated setup.py egg_info --egg-base ../../build/fizzbuzz build --build-base /home/kailync/ros2_ws/build/fizzbuzz/build install --record /home/kailync/ros2_ws/build/fizzbuzz/install.log --single-version-externally-managed install_data
