[1.774s] Invoking command in '/home/kailync/ros2_ws/src/webcam': PYTHONPATH=/home/kailync/ros2_ws/build/webcam/prefix_override:/usr/lib/python3/dist-packages/colcon_core/task/python/colcon_distutils_commands:/home/kailync/ros2_ws/install/webcam/lib/python3.10/site-packages:${PYTHONPATH} /usr/bin/python3 -W ignore:setup.py install is deprecated -W ignore:easy_install command is deprecated setup.py egg_info --egg-base ../../build/webcam build --build-base /home/kailync/ros2_ws/build/webcam/build install --record /home/kailync/ros2_ws/build/webcam/install.log --single-version-externally-managed install_data
[2.113s] running egg_info
[2.113s] creating ../../build/webcam/webcam.egg-info
[2.114s] writing ../../build/webcam/webcam.egg-info/PKG-INFO
[2.114s] writing dependency_links to ../../build/webcam/webcam.egg-info/dependency_links.txt
[2.114s] writing entry points to ../../build/webcam/webcam.egg-info/entry_points.txt
[2.114s] writing requirements to ../../build/webcam/webcam.egg-info/requires.txt
[2.114s] writing top-level names to ../../build/webcam/webcam.egg-info/top_level.txt
[2.114s] writing manifest file '../../build/webcam/webcam.egg-info/SOURCES.txt'
[2.115s] reading manifest file '../../build/webcam/webcam.egg-info/SOURCES.txt'
[2.116s] writing manifest file '../../build/webcam/webcam.egg-info/SOURCES.txt'
[2.116s] running build
[2.117s] running build_py
[2.117s] creating /home/kailync/ros2_ws/build/webcam/build
[2.117s] creating /home/kailync/ros2_ws/build/webcam/build/lib
[2.117s] creating /home/kailync/ros2_ws/build/webcam/build/lib/webcam
[2.117s] copying webcam/__init__.py -> /home/kailync/ros2_ws/build/webcam/build/lib/webcam
[2.117s] copying webcam/webcam_node.py -> /home/kailync/ros2_ws/build/webcam/build/lib/webcam
[2.117s] running install
[2.117s] running install_lib
[2.119s] creating /home/kailync/ros2_ws/install/webcam/lib/python3.10/site-packages/webcam
[2.119s] copying /home/kailync/ros2_ws/build/webcam/build/lib/webcam/__init__.py -> /home/kailync/ros2_ws/install/webcam/lib/python3.10/site-packages/webcam
[2.119s] copying /home/kailync/ros2_ws/build/webcam/build/lib/webcam/webcam_node.py -> /home/kailync/ros2_ws/install/webcam/lib/python3.10/site-packages/webcam
[2.119s] byte-compiling /home/kailync/ros2_ws/install/webcam/lib/python3.10/site-packages/webcam/__init__.py to __init__.cpython-310.pyc
[2.119s] byte-compiling /home/kailync/ros2_ws/install/webcam/lib/python3.10/site-packages/webcam/webcam_node.py to webcam_node.cpython-310.pyc
[2.120s] running install_data
[2.120s] creating /home/kailync/ros2_ws/install/webcam/share/ament_index
[2.120s] creating /home/kailync/ros2_ws/install/webcam/share/ament_index/resource_index
[2.120s] creating /home/kailync/ros2_ws/install/webcam/share/ament_index/resource_index/packages
[2.121s] copying resource/webcam -> /home/kailync/ros2_ws/install/webcam/share/ament_index/resource_index/packages
[2.121s] copying package.xml -> /home/kailync/ros2_ws/install/webcam/share/webcam
[2.121s] running install_egg_info
[2.122s] Copying ../../build/webcam/webcam.egg-info to /home/kailync/ros2_ws/install/webcam/lib/python3.10/site-packages/webcam-0.0.0-py3.10.egg-info
[2.123s] running install_scripts
[2.140s] Installing webcam_node script to /home/kailync/ros2_ws/install/webcam/lib/webcam
[2.140s] writing list of installed files to '/home/kailync/ros2_ws/build/webcam/install.log'
[2.168s] Invoked command in '/home/kailync/ros2_ws/src/webcam' returned '0': PYTHONPATH=/home/kailync/ros2_ws/build/webcam/prefix_override:/usr/lib/python3/dist-packages/colcon_core/task/python/colcon_distutils_commands:/home/kailync/ros2_ws/install/webcam/lib/python3.10/site-packages:${PYTHONPATH} /usr/bin/python3 -W ignore:setup.py install is deprecated -W ignore:easy_install command is deprecated setup.py egg_info --egg-base ../../build/webcam build --build-base /home/kailync/ros2_ws/build/webcam/build install --record /home/kailync/ros2_ws/build/webcam/install.log --single-version-externally-managed install_data
