[0.114s] DEBUG:colcon:Command line arguments: ['/usr/bin/colcon', 'build']
[0.114s] DEBUG:colcon:Parsed command line arguments: Namespace(log_base=None, log_level=None, verb_name='build', build_base='build', install_base='install', merge_install=False, symlink_install=False, test_result_base=None, continue_on_error=False, executor='parallel', parallel_workers=6, event_handlers=None, ignore_user_meta=False, metas=['./colcon.meta'], base_paths=['.'], packages_ignore=None, packages_ignore_regex=None, paths=None, packages_up_to=None, packages_up_to_regex=None, packages_above=None, packages_above_and_dependencies=None, packages_above_depth=None, packages_select_by_dep=None, packages_skip_by_dep=None, packages_skip_up_to=None, packages_select_build_failed=False, packages_skip_build_finished=False, packages_select_test_failures=False, packages_skip_test_passed=False, packages_select=None, packages_skip=None, packages_select_regex=None, packages_skip_regex=None, packages_start=None, packages_end=None, allow_overriding=[], cmake_args=None, cmake_target=None, cmake_target_skip_unavailable=False, cmake_clean_cache=False, cmake_clean_first=False, cmake_force_configure=False, ament_cmake_args=None, catkin_cmake_args=None, catkin_skip_building_tests=False, verb_parser=<colcon_defaults.argument_parser.defaults.DefaultArgumentsDecorator object at 0xffffba0725f0>, verb_extension=<colcon_core.verb.build.BuildVerb object at 0xffffba071f30>, main=<bound method BuildVerb.main of <colcon_core.verb.build.BuildVerb object at 0xffffba071f30>>)
[0.253s] Level 1:colcon.colcon_core.package_discovery:discover_packages(colcon_meta) check parameters
[0.253s] Level 1:colcon.colcon_core.package_discovery:discover_packages(recursive) check parameters
[0.253s] Level 1:colcon.colcon_core.package_discovery:discover_packages(ignore) check parameters
[0.253s] Level 1:colcon.colcon_core.package_discovery:discover_packages(path) check parameters
[0.253s] Level 1:colcon.colcon_core.package_discovery:discover_packages(colcon_meta) discover
[0.253s] Level 1:colcon.colcon_core.package_discovery:discover_packages(recursive) discover
[0.253s] INFO:colcon.colcon_core.package_discovery:Crawling recursively for packages in '/home/kailync/ros2_ws'
[0.253s] Level 1:colcon.colcon_core.package_identification:_identify(.) by extensions ['ignore', 'ignore_ament_install']
[0.253s] Level 1:colcon.colcon_core.package_identification:_identify(.) by extension 'ignore'
[0.253s] Level 1:colcon.colcon_core.package_identification:_identify(.) by extension 'ignore_ament_install'
[0.253s] Level 1:colcon.colcon_core.package_identification:_identify(.) by extensions ['colcon_pkg']
[0.254s] Level 1:colcon.colcon_core.package_identification:_identify(.) by extension 'colcon_pkg'
[0.254s] Level 1:colcon.colcon_core.package_identification:_identify(.) by extensions ['colcon_meta']
[0.254s] Level 1:colcon.colcon_core.package_identification:_identify(.) by extension 'colcon_meta'
[0.254s] Level 1:colcon.colcon_core.package_identification:_identify(.) by extensions ['ros']
[0.254s] Level 1:colcon.colcon_core.package_identification:_identify(.) by extension 'ros'
[0.264s] Level 1:colcon.colcon_core.package_identification:_identify(.) by extensions ['cmake', 'python']
[0.264s] Level 1:colcon.colcon_core.package_identification:_identify(.) by extension 'cmake'
[0.264s] Level 1:colcon.colcon_core.package_identification:_identify(.) by extension 'python'
[0.264s] Level 1:colcon.colcon_core.package_identification:_identify(.) by extensions ['python_setup_py']
[0.264s] Level 1:colcon.colcon_core.package_identification:_identify(.) by extension 'python_setup_py'
[0.264s] Level 1:colcon.colcon_core.package_identification:_identify(bag_files) by extensions ['ignore', 'ignore_ament_install']
[0.264s] Level 1:colcon.colcon_core.package_identification:_identify(bag_files) by extension 'ignore'
[0.264s] Level 1:colcon.colcon_core.package_identification:_identify(bag_files) by extension 'ignore_ament_install'
[0.264s] Level 1:colcon.colcon_core.package_identification:_identify(bag_files) by extensions ['colcon_pkg']
[0.264s] Level 1:colcon.colcon_core.package_identification:_identify(bag_files) by extension 'colcon_pkg'
[0.264s] Level 1:colcon.colcon_core.package_identification:_identify(bag_files) by extensions ['colcon_meta']
[0.264s] Level 1:colcon.colcon_core.package_identification:_identify(bag_files) by extension 'colcon_meta'
[0.264s] Level 1:colcon.colcon_core.package_identification:_identify(bag_files) by extensions ['ros']
[0.264s] Level 1:colcon.colcon_core.package_identification:_identify(bag_files) by extension 'ros'
[0.264s] Level 1:colcon.colcon_core.package_identification:_identify(bag_files) by extensions ['cmake', 'python']
[0.264s] Level 1:colcon.colcon_core.package_identification:_identify(bag_files) by extension 'cmake'
[0.264s] Level 1:colcon.colcon_core.package_identification:_identify(bag_files) by extension 'python'
[0.264s] Level 1:colcon.colcon_core.package_identification:_identify(bag_files) by extensions ['python_setup_py']
[0.264s] Level 1:colcon.colcon_core.package_identification:_identify(bag_files) by extension 'python_setup_py'
[0.265s] Level 1:colcon.colcon_core.package_identification:_identify(bag_files/converted_rosbag) by extensions ['ignore', 'ignore_ament_install']
[0.265s] Level 1:colcon.colcon_core.package_identification:_identify(bag_files/converted_rosbag) by extension 'ignore'
[0.265s] Level 1:colcon.colcon_core.package_identification:_identify(bag_files/converted_rosbag) by extension 'ignore_ament_install'
[0.265s] Level 1:colcon.colcon_core.package_identification:_identify(bag_files/converted_rosbag) by extensions ['colcon_pkg']
[0.265s] Level 1:colcon.colcon_core.package_identification:_identify(bag_files/converted_rosbag) by extension 'colcon_pkg'
[0.265s] Level 1:colcon.colcon_core.package_identification:_identify(bag_files/converted_rosbag) by extensions ['colcon_meta']
[0.265s] Level 1:colcon.colcon_core.package_identification:_identify(bag_files/converted_rosbag) by extension 'colcon_meta'
[0.265s] Level 1:colcon.colcon_core.package_identification:_identify(bag_files/converted_rosbag) by extensions ['ros']
[0.265s] Level 1:colcon.colcon_core.package_identification:_identify(bag_files/converted_rosbag) by extension 'ros'
[0.265s] Level 1:colcon.colcon_core.package_identification:_identify(bag_files/converted_rosbag) by extensions ['cmake', 'python']
[0.265s] Level 1:colcon.colcon_core.package_identification:_identify(bag_files/converted_rosbag) by extension 'cmake'
[0.265s] Level 1:colcon.colcon_core.package_identification:_identify(bag_files/converted_rosbag) by extension 'python'
[0.265s] Level 1:colcon.colcon_core.package_identification:_identify(bag_files/converted_rosbag) by extensions ['python_setup_py']
[0.265s] Level 1:colcon.colcon_core.package_identification:_identify(bag_files/converted_rosbag) by extension 'python_setup_py'
[0.265s] Level 1:colcon.colcon_core.package_identification:_identify(bag_files/converted_rosbag2) by extensions ['ignore', 'ignore_ament_install']
[0.265s] Level 1:colcon.colcon_core.package_identification:_identify(bag_files/converted_rosbag2) by extension 'ignore'
[0.265s] Level 1:colcon.colcon_core.package_identification:_identify(bag_files/converted_rosbag2) by extension 'ignore_ament_install'
[0.265s] Level 1:colcon.colcon_core.package_identification:_identify(bag_files/converted_rosbag2) by extensions ['colcon_pkg']
[0.265s] Level 1:colcon.colcon_core.package_identification:_identify(bag_files/converted_rosbag2) by extension 'colcon_pkg'
[0.265s] Level 1:colcon.colcon_core.package_identification:_identify(bag_files/converted_rosbag2) by extensions ['colcon_meta']
[0.265s] Level 1:colcon.colcon_core.package_identification:_identify(bag_files/converted_rosbag2) by extension 'colcon_meta'
[0.265s] Level 1:colcon.colcon_core.package_identification:_identify(bag_files/converted_rosbag2) by extensions ['ros']
[0.265s] Level 1:colcon.colcon_core.package_identification:_identify(bag_files/converted_rosbag2) by extension 'ros'
[0.265s] Level 1:colcon.colcon_core.package_identification:_identify(bag_files/converted_rosbag2) by extensions ['cmake', 'python']
[0.265s] Level 1:colcon.colcon_core.package_identification:_identify(bag_files/converted_rosbag2) by extension 'cmake'
[0.265s] Level 1:colcon.colcon_core.package_identification:_identify(bag_files/converted_rosbag2) by extension 'python'
[0.265s] Level 1:colcon.colcon_core.package_identification:_identify(bag_files/converted_rosbag2) by extensions ['python_setup_py']
[0.265s] Level 1:colcon.colcon_core.package_identification:_identify(bag_files/converted_rosbag2) by extension 'python_setup_py'
[0.265s] Level 1:colcon.colcon_core.package_identification:_identify(build) by extensions ['ignore', 'ignore_ament_install']
[0.265s] Level 1:colcon.colcon_core.package_identification:_identify(build) by extension 'ignore'
[0.265s] Level 1:colcon.colcon_core.package_identification:_identify(build) ignored
[0.266s] Level 1:colcon.colcon_core.package_identification:_identify(install) by extensions ['ignore', 'ignore_ament_install']
[0.266s] Level 1:colcon.colcon_core.package_identification:_identify(install) by extension 'ignore'
[0.266s] Level 1:colcon.colcon_core.package_identification:_identify(install) ignored
[0.266s] Level 1:colcon.colcon_core.package_identification:_identify(log) by extensions ['ignore', 'ignore_ament_install']
[0.266s] Level 1:colcon.colcon_core.package_identification:_identify(log) by extension 'ignore'
[0.266s] Level 1:colcon.colcon_core.package_identification:_identify(log) ignored
[0.266s] Level 1:colcon.colcon_core.package_identification:_identify(src) by extensions ['ignore', 'ignore_ament_install']
[0.266s] Level 1:colcon.colcon_core.package_identification:_identify(src) by extension 'ignore'
[0.266s] Level 1:colcon.colcon_core.package_identification:_identify(src) by extension 'ignore_ament_install'
[0.266s] Level 1:colcon.colcon_core.package_identification:_identify(src) by extensions ['colcon_pkg']
[0.266s] Level 1:colcon.colcon_core.package_identification:_identify(src) by extension 'colcon_pkg'
[0.266s] Level 1:colcon.colcon_core.package_identification:_identify(src) by extensions ['colcon_meta']
[0.266s] Level 1:colcon.colcon_core.package_identification:_identify(src) by extension 'colcon_meta'
[0.266s] Level 1:colcon.colcon_core.package_identification:_identify(src) by extensions ['ros']
[0.266s] Level 1:colcon.colcon_core.package_identification:_identify(src) by extension 'ros'
[0.266s] Level 1:colcon.colcon_core.package_identification:_identify(src) by extensions ['cmake', 'python']
[0.266s] Level 1:colcon.colcon_core.package_identification:_identify(src) by extension 'cmake'
[0.266s] Level 1:colcon.colcon_core.package_identification:_identify(src) by extension 'python'
[0.266s] Level 1:colcon.colcon_core.package_identification:_identify(src) by extensions ['python_setup_py']
[0.266s] Level 1:colcon.colcon_core.package_identification:_identify(src) by extension 'python_setup_py'
[0.266s] Level 1:colcon.colcon_core.package_identification:_identify(src/ar_tag) by extensions ['ignore', 'ignore_ament_install']
[0.266s] Level 1:colcon.colcon_core.package_identification:_identify(src/ar_tag) by extension 'ignore'
[0.266s] Level 1:colcon.colcon_core.package_identification:_identify(src/ar_tag) by extension 'ignore_ament_install'
[0.266s] Level 1:colcon.colcon_core.package_identification:_identify(src/ar_tag) by extensions ['colcon_pkg']
[0.266s] Level 1:colcon.colcon_core.package_identification:_identify(src/ar_tag) by extension 'colcon_pkg'
[0.266s] Level 1:colcon.colcon_core.package_identification:_identify(src/ar_tag) by extensions ['colcon_meta']
[0.266s] Level 1:colcon.colcon_core.package_identification:_identify(src/ar_tag) by extension 'colcon_meta'
[0.266s] Level 1:colcon.colcon_core.package_identification:_identify(src/ar_tag) by extensions ['ros']
[0.266s] Level 1:colcon.colcon_core.package_identification:_identify(src/ar_tag) by extension 'ros'
[0.268s] DEBUG:colcon.colcon_core.package_identification:Package 'src/ar_tag' with type 'ros.ament_python' and name 'ar_tag'
[0.269s] Level 1:colcon.colcon_core.package_identification:_identify(src/build) by extensions ['ignore', 'ignore_ament_install']
[0.269s] Level 1:colcon.colcon_core.package_identification:_identify(src/build) by extension 'ignore'
[0.269s] Level 1:colcon.colcon_core.package_identification:_identify(src/build) ignored
[0.269s] Level 1:colcon.colcon_core.package_identification:_identify(src/fizzbuzz) by extensions ['ignore', 'ignore_ament_install']
[0.269s] Level 1:colcon.colcon_core.package_identification:_identify(src/fizzbuzz) by extension 'ignore'
[0.269s] Level 1:colcon.colcon_core.package_identification:_identify(src/fizzbuzz) by extension 'ignore_ament_install'
[0.269s] Level 1:colcon.colcon_core.package_identification:_identify(src/fizzbuzz) by extensions ['colcon_pkg']
[0.269s] Level 1:colcon.colcon_core.package_identification:_identify(src/fizzbuzz) by extension 'colcon_pkg'
[0.269s] Level 1:colcon.colcon_core.package_identification:_identify(src/fizzbuzz) by extensions ['colcon_meta']
[0.269s] Level 1:colcon.colcon_core.package_identification:_identify(src/fizzbuzz) by extension 'colcon_meta'
[0.269s] Level 1:colcon.colcon_core.package_identification:_identify(src/fizzbuzz) by extensions ['ros']
[0.269s] Level 1:colcon.colcon_core.package_identification:_identify(src/fizzbuzz) by extension 'ros'
[0.269s] DEBUG:colcon.colcon_core.package_identification:Package 'src/fizzbuzz' with type 'ros.ament_python' and name 'fizzbuzz'
[0.270s] Level 1:colcon.colcon_core.package_identification:_identify(src/install) by extensions ['ignore', 'ignore_ament_install']
[0.270s] Level 1:colcon.colcon_core.package_identification:_identify(src/install) by extension 'ignore'
[0.270s] Level 1:colcon.colcon_core.package_identification:_identify(src/install) ignored
[0.270s] Level 1:colcon.colcon_core.package_identification:_identify(src/line_path) by extensions ['ignore', 'ignore_ament_install']
[0.270s] Level 1:colcon.colcon_core.package_identification:_identify(src/line_path) by extension 'ignore'
[0.270s] Level 1:colcon.colcon_core.package_identification:_identify(src/line_path) by extension 'ignore_ament_install'
[0.270s] Level 1:colcon.colcon_core.package_identification:_identify(src/line_path) by extensions ['colcon_pkg']
[0.270s] Level 1:colcon.colcon_core.package_identification:_identify(src/line_path) by extension 'colcon_pkg'
[0.270s] Level 1:colcon.colcon_core.package_identification:_identify(src/line_path) by extensions ['colcon_meta']
[0.270s] Level 1:colcon.colcon_core.package_identification:_identify(src/line_path) by extension 'colcon_meta'
[0.270s] Level 1:colcon.colcon_core.package_identification:_identify(src/line_path) by extensions ['ros']
[0.270s] Level 1:colcon.colcon_core.package_identification:_identify(src/line_path) by extension 'ros'
[0.270s] DEBUG:colcon.colcon_core.package_identification:Package 'src/line_path' with type 'ros.ament_python' and name 'line_path'
[0.271s] Level 1:colcon.colcon_core.package_identification:_identify(src/log) by extensions ['ignore', 'ignore_ament_install']
[0.271s] Level 1:colcon.colcon_core.package_identification:_identify(src/log) by extension 'ignore'
[0.271s] Level 1:colcon.colcon_core.package_identification:_identify(src/log) ignored
[0.271s] Level 1:colcon.colcon_core.package_identification:_identify(src/px4_msgs) by extensions ['ignore', 'ignore_ament_install']
[0.271s] Level 1:colcon.colcon_core.package_identification:_identify(src/px4_msgs) by extension 'ignore'
[0.271s] Level 1:colcon.colcon_core.package_identification:_identify(src/px4_msgs) by extension 'ignore_ament_install'
[0.271s] Level 1:colcon.colcon_core.package_identification:_identify(src/px4_msgs) by extensions ['colcon_pkg']
[0.271s] Level 1:colcon.colcon_core.package_identification:_identify(src/px4_msgs) by extension 'colcon_pkg'
[0.271s] Level 1:colcon.colcon_core.package_identification:_identify(src/px4_msgs) by extensions ['colcon_meta']
[0.271s] Level 1:colcon.colcon_core.package_identification:_identify(src/px4_msgs) by extension 'colcon_meta'
[0.271s] Level 1:colcon.colcon_core.package_identification:_identify(src/px4_msgs) by extensions ['ros']
[0.271s] Level 1:colcon.colcon_core.package_identification:_identify(src/px4_msgs) by extension 'ros'
[0.272s] DEBUG:colcon.colcon_core.package_identification:Package 'src/px4_msgs' with type 'ros.ament_cmake' and name 'px4_msgs'
[0.272s] Level 1:colcon.colcon_core.package_identification:_identify(src/px4_ros_com) by extensions ['ignore', 'ignore_ament_install']
[0.272s] Level 1:colcon.colcon_core.package_identification:_identify(src/px4_ros_com) by extension 'ignore'
[0.272s] Level 1:colcon.colcon_core.package_identification:_identify(src/px4_ros_com) by extension 'ignore_ament_install'
[0.272s] Level 1:colcon.colcon_core.package_identification:_identify(src/px4_ros_com) by extensions ['colcon_pkg']
[0.272s] Level 1:colcon.colcon_core.package_identification:_identify(src/px4_ros_com) by extension 'colcon_pkg'
[0.272s] Level 1:colcon.colcon_core.package_identification:_identify(src/px4_ros_com) by extensions ['colcon_meta']
[0.272s] Level 1:colcon.colcon_core.package_identification:_identify(src/px4_ros_com) by extension 'colcon_meta'
[0.272s] Level 1:colcon.colcon_core.package_identification:_identify(src/px4_ros_com) by extensions ['ros']
[0.272s] Level 1:colcon.colcon_core.package_identification:_identify(src/px4_ros_com) by extension 'ros'
[0.273s] DEBUG:colcon.colcon_core.package_identification:Package 'src/px4_ros_com' with type 'ros.ament_cmake' and name 'px4_ros_com'
[0.273s] Level 1:colcon.colcon_core.package_identification:_identify(src/web_cam) by extensions ['ignore', 'ignore_ament_install']
[0.273s] Level 1:colcon.colcon_core.package_identification:_identify(src/web_cam) by extension 'ignore'
[0.273s] Level 1:colcon.colcon_core.package_identification:_identify(src/web_cam) by extension 'ignore_ament_install'
[0.273s] Level 1:colcon.colcon_core.package_identification:_identify(src/web_cam) by extensions ['colcon_pkg']
[0.273s] Level 1:colcon.colcon_core.package_identification:_identify(src/web_cam) by extension 'colcon_pkg'
[0.273s] Level 1:colcon.colcon_core.package_identification:_identify(src/web_cam) by extensions ['colcon_meta']
[0.273s] Level 1:colcon.colcon_core.package_identification:_identify(src/web_cam) by extension 'colcon_meta'
[0.273s] Level 1:colcon.colcon_core.package_identification:_identify(src/web_cam) by extensions ['ros']
[0.273s] Level 1:colcon.colcon_core.package_identification:_identify(src/web_cam) by extension 'ros'
[0.273s] DEBUG:colcon.colcon_core.package_identification:Package 'src/web_cam' with type 'ros.ament_python' and name 'web_cam'
[0.273s] Level 1:colcon.colcon_core.package_identification:_identify(src/webcam) by extensions ['ignore', 'ignore_ament_install']
[0.273s] Level 1:colcon.colcon_core.package_identification:_identify(src/webcam) by extension 'ignore'
[0.273s] Level 1:colcon.colcon_core.package_identification:_identify(src/webcam) by extension 'ignore_ament_install'
[0.273s] Level 1:colcon.colcon_core.package_identification:_identify(src/webcam) by extensions ['colcon_pkg']
[0.273s] Level 1:colcon.colcon_core.package_identification:_identify(src/webcam) by extension 'colcon_pkg'
[0.273s] Level 1:colcon.colcon_core.package_identification:_identify(src/webcam) by extensions ['colcon_meta']
[0.273s] Level 1:colcon.colcon_core.package_identification:_identify(src/webcam) by extension 'colcon_meta'
[0.274s] Level 1:colcon.colcon_core.package_identification:_identify(src/webcam) by extensions ['ros']
[0.274s] Level 1:colcon.colcon_core.package_identification:_identify(src/webcam) by extension 'ros'
[0.274s] DEBUG:colcon.colcon_core.package_identification:Package 'src/webcam' with type 'ros.ament_python' and name 'webcam'
[0.274s] Level 1:colcon.colcon_core.package_discovery:discover_packages(recursive) using defaults
[0.274s] Level 1:colcon.colcon_core.package_discovery:discover_packages(ignore) discover
[0.274s] Level 1:colcon.colcon_core.package_discovery:discover_packages(ignore) using defaults
[0.274s] Level 1:colcon.colcon_core.package_discovery:discover_packages(path) discover
[0.274s] Level 1:colcon.colcon_core.package_discovery:discover_packages(path) using defaults
[0.301s] Level 1:colcon.colcon_core.package_discovery:discover_packages(prefix_path) check parameters
[0.301s] Level 1:colcon.colcon_core.package_discovery:discover_packages(prefix_path) discover
[0.303s] DEBUG:colcon.colcon_installed_package_information.package_discovery:Found 8 installed packages in /home/kailync/ros2_ws/install
[0.304s] DEBUG:colcon.colcon_installed_package_information.package_discovery:Found 288 installed packages in /opt/ros/humble
[0.305s] Level 1:colcon.colcon_core.package_discovery:discover_packages(prefix_path) using defaults
[0.338s] Level 5:colcon.colcon_core.verb:set package 'ar_tag' build argument 'cmake_args' from command line to 'None'
[0.338s] Level 5:colcon.colcon_core.verb:set package 'ar_tag' build argument 'cmake_target' from command line to 'None'
[0.338s] Level 5:colcon.colcon_core.verb:set package 'ar_tag' build argument 'cmake_target_skip_unavailable' from command line to 'False'
[0.338s] Level 5:colcon.colcon_core.verb:set package 'ar_tag' build argument 'cmake_clean_cache' from command line to 'False'
[0.338s] Level 5:colcon.colcon_core.verb:set package 'ar_tag' build argument 'cmake_clean_first' from command line to 'False'
[0.338s] Level 5:colcon.colcon_core.verb:set package 'ar_tag' build argument 'cmake_force_configure' from command line to 'False'
[0.339s] Level 5:colcon.colcon_core.verb:set package 'ar_tag' build argument 'ament_cmake_args' from command line to 'None'
[0.339s] Level 5:colcon.colcon_core.verb:set package 'ar_tag' build argument 'catkin_cmake_args' from command line to 'None'
[0.339s] Level 5:colcon.colcon_core.verb:set package 'ar_tag' build argument 'catkin_skip_building_tests' from command line to 'False'
[0.339s] DEBUG:colcon.colcon_core.verb:Building package 'ar_tag' with the following arguments: {'ament_cmake_args': None, 'build_base': '/home/kailync/ros2_ws/build/ar_tag', 'catkin_cmake_args': None, 'catkin_skip_building_tests': False, 'cmake_args': None, 'cmake_clean_cache': False, 'cmake_clean_first': False, 'cmake_force_configure': False, 'cmake_target': None, 'cmake_target_skip_unavailable': False, 'install_base': '/home/kailync/ros2_ws/install/ar_tag', 'merge_install': False, 'path': '/home/kailync/ros2_ws/src/ar_tag', 'symlink_install': False, 'test_result_base': None}
[0.339s] Level 5:colcon.colcon_core.verb:set package 'fizzbuzz' build argument 'cmake_args' from command line to 'None'
[0.339s] Level 5:colcon.colcon_core.verb:set package 'fizzbuzz' build argument 'cmake_target' from command line to 'None'
[0.339s] Level 5:colcon.colcon_core.verb:set package 'fizzbuzz' build argument 'cmake_target_skip_unavailable' from command line to 'False'
[0.339s] Level 5:colcon.colcon_core.verb:set package 'fizzbuzz' build argument 'cmake_clean_cache' from command line to 'False'
[0.339s] Level 5:colcon.colcon_core.verb:set package 'fizzbuzz' build argument 'cmake_clean_first' from command line to 'False'
[0.339s] Level 5:colcon.colcon_core.verb:set package 'fizzbuzz' build argument 'cmake_force_configure' from command line to 'False'
[0.339s] Level 5:colcon.colcon_core.verb:set package 'fizzbuzz' build argument 'ament_cmake_args' from command line to 'None'
[0.339s] Level 5:colcon.colcon_core.verb:set package 'fizzbuzz' build argument 'catkin_cmake_args' from command line to 'None'
[0.339s] Level 5:colcon.colcon_core.verb:set package 'fizzbuzz' build argument 'catkin_skip_building_tests' from command line to 'False'
[0.339s] DEBUG:colcon.colcon_core.verb:Building package 'fizzbuzz' with the following arguments: {'ament_cmake_args': None, 'build_base': '/home/kailync/ros2_ws/build/fizzbuzz', 'catkin_cmake_args': None, 'catkin_skip_building_tests': False, 'cmake_args': None, 'cmake_clean_cache': False, 'cmake_clean_first': False, 'cmake_force_configure': False, 'cmake_target': None, 'cmake_target_skip_unavailable': False, 'install_base': '/home/kailync/ros2_ws/install/fizzbuzz', 'merge_install': False, 'path': '/home/kailync/ros2_ws/src/fizzbuzz', 'symlink_install': False, 'test_result_base': None}
[0.339s] Level 5:colcon.colcon_core.verb:set package 'line_path' build argument 'cmake_args' from command line to 'None'
[0.339s] Level 5:colcon.colcon_core.verb:set package 'line_path' build argument 'cmake_target' from command line to 'None'
[0.339s] Level 5:colcon.colcon_core.verb:set package 'line_path' build argument 'cmake_target_skip_unavailable' from command line to 'False'
[0.339s] Level 5:colcon.colcon_core.verb:set package 'line_path' build argument 'cmake_clean_cache' from command line to 'False'
[0.339s] Level 5:colcon.colcon_core.verb:set package 'line_path' build argument 'cmake_clean_first' from command line to 'False'
[0.339s] Level 5:colcon.colcon_core.verb:set package 'line_path' build argument 'cmake_force_configure' from command line to 'False'
[0.339s] Level 5:colcon.colcon_core.verb:set package 'line_path' build argument 'ament_cmake_args' from command line to 'None'
[0.339s] Level 5:colcon.colcon_core.verb:set package 'line_path' build argument 'catkin_cmake_args' from command line to 'None'
[0.339s] Level 5:colcon.colcon_core.verb:set package 'line_path' build argument 'catkin_skip_building_tests' from command line to 'False'
[0.339s] DEBUG:colcon.colcon_core.verb:Building package 'line_path' with the following arguments: {'ament_cmake_args': None, 'build_base': '/home/kailync/ros2_ws/build/line_path', 'catkin_cmake_args': None, 'catkin_skip_building_tests': False, 'cmake_args': None, 'cmake_clean_cache': False, 'cmake_clean_first': False, 'cmake_force_configure': False, 'cmake_target': None, 'cmake_target_skip_unavailable': False, 'install_base': '/home/kailync/ros2_ws/install/line_path', 'merge_install': False, 'path': '/home/kailync/ros2_ws/src/line_path', 'symlink_install': False, 'test_result_base': None}
[0.340s] Level 5:colcon.colcon_core.verb:set package 'px4_msgs' build argument 'cmake_args' from command line to 'None'
[0.340s] Level 5:colcon.colcon_core.verb:set package 'px4_msgs' build argument 'cmake_target' from command line to 'None'
[0.340s] Level 5:colcon.colcon_core.verb:set package 'px4_msgs' build argument 'cmake_target_skip_unavailable' from command line to 'False'
[0.340s] Level 5:colcon.colcon_core.verb:set package 'px4_msgs' build argument 'cmake_clean_cache' from command line to 'False'
[0.340s] Level 5:colcon.colcon_core.verb:set package 'px4_msgs' build argument 'cmake_clean_first' from command line to 'False'
[0.340s] Level 5:colcon.colcon_core.verb:set package 'px4_msgs' build argument 'cmake_force_configure' from command line to 'False'
[0.340s] Level 5:colcon.colcon_core.verb:set package 'px4_msgs' build argument 'ament_cmake_args' from command line to 'None'
[0.340s] Level 5:colcon.colcon_core.verb:set package 'px4_msgs' build argument 'catkin_cmake_args' from command line to 'None'
[0.340s] Level 5:colcon.colcon_core.verb:set package 'px4_msgs' build argument 'catkin_skip_building_tests' from command line to 'False'
[0.340s] DEBUG:colcon.colcon_core.verb:Building package 'px4_msgs' with the following arguments: {'ament_cmake_args': None, 'build_base': '/home/kailync/ros2_ws/build/px4_msgs', 'catkin_cmake_args': None, 'catkin_skip_building_tests': False, 'cmake_args': None, 'cmake_clean_cache': False, 'cmake_clean_first': False, 'cmake_force_configure': False, 'cmake_target': None, 'cmake_target_skip_unavailable': False, 'install_base': '/home/kailync/ros2_ws/install/px4_msgs', 'merge_install': False, 'path': '/home/kailync/ros2_ws/src/px4_msgs', 'symlink_install': False, 'test_result_base': None}
[0.340s] Level 5:colcon.colcon_core.verb:set package 'web_cam' build argument 'cmake_args' from command line to 'None'
[0.340s] Level 5:colcon.colcon_core.verb:set package 'web_cam' build argument 'cmake_target' from command line to 'None'
[0.340s] Level 5:colcon.colcon_core.verb:set package 'web_cam' build argument 'cmake_target_skip_unavailable' from command line to 'False'
[0.340s] Level 5:colcon.colcon_core.verb:set package 'web_cam' build argument 'cmake_clean_cache' from command line to 'False'
[0.340s] Level 5:colcon.colcon_core.verb:set package 'web_cam' build argument 'cmake_clean_first' from command line to 'False'
[0.340s] Level 5:colcon.colcon_core.verb:set package 'web_cam' build argument 'cmake_force_configure' from command line to 'False'
[0.340s] Level 5:colcon.colcon_core.verb:set package 'web_cam' build argument 'ament_cmake_args' from command line to 'None'
[0.340s] Level 5:colcon.colcon_core.verb:set package 'web_cam' build argument 'catkin_cmake_args' from command line to 'None'
[0.340s] Level 5:colcon.colcon_core.verb:set package 'web_cam' build argument 'catkin_skip_building_tests' from command line to 'False'
[0.340s] DEBUG:colcon.colcon_core.verb:Building package 'web_cam' with the following arguments: {'ament_cmake_args': None, 'build_base': '/home/kailync/ros2_ws/build/web_cam', 'catkin_cmake_args': None, 'catkin_skip_building_tests': False, 'cmake_args': None, 'cmake_clean_cache': False, 'cmake_clean_first': False, 'cmake_force_configure': False, 'cmake_target': None, 'cmake_target_skip_unavailable': False, 'install_base': '/home/kailync/ros2_ws/install/web_cam', 'merge_install': False, 'path': '/home/kailync/ros2_ws/src/web_cam', 'symlink_install': False, 'test_result_base': None}
[0.340s] Level 5:colcon.colcon_core.verb:set package 'webcam' build argument 'cmake_args' from command line to 'None'
[0.340s] Level 5:colcon.colcon_core.verb:set package 'webcam' build argument 'cmake_target' from command line to 'None'
[0.340s] Level 5:colcon.colcon_core.verb:set package 'webcam' build argument 'cmake_target_skip_unavailable' from command line to 'False'
[0.340s] Level 5:colcon.colcon_core.verb:set package 'webcam' build argument 'cmake_clean_cache' from command line to 'False'
[0.340s] Level 5:colcon.colcon_core.verb:set package 'webcam' build argument 'cmake_clean_first' from command line to 'False'
[0.340s] Level 5:colcon.colcon_core.verb:set package 'webcam' build argument 'cmake_force_configure' from command line to 'False'
[0.340s] Level 5:colcon.colcon_core.verb:set package 'webcam' build argument 'ament_cmake_args' from command line to 'None'
[0.340s] Level 5:colcon.colcon_core.verb:set package 'webcam' build argument 'catkin_cmake_args' from command line to 'None'
[0.340s] Level 5:colcon.colcon_core.verb:set package 'webcam' build argument 'catkin_skip_building_tests' from command line to 'False'
[0.340s] DEBUG:colcon.colcon_core.verb:Building package 'webcam' with the following arguments: {'ament_cmake_args': None, 'build_base': '/home/kailync/ros2_ws/build/webcam', 'catkin_cmake_args': None, 'catkin_skip_building_tests': False, 'cmake_args': None, 'cmake_clean_cache': False, 'cmake_clean_first': False, 'cmake_force_configure': False, 'cmake_target': None, 'cmake_target_skip_unavailable': False, 'install_base': '/home/kailync/ros2_ws/install/webcam', 'merge_install': False, 'path': '/home/kailync/ros2_ws/src/webcam', 'symlink_install': False, 'test_result_base': None}
[0.341s] Level 5:colcon.colcon_core.verb:set package 'px4_ros_com' build argument 'cmake_args' from command line to 'None'
[0.341s] Level 5:colcon.colcon_core.verb:set package 'px4_ros_com' build argument 'cmake_target' from command line to 'None'
[0.341s] Level 5:colcon.colcon_core.verb:set package 'px4_ros_com' build argument 'cmake_target_skip_unavailable' from command line to 'False'
[0.341s] Level 5:colcon.colcon_core.verb:set package 'px4_ros_com' build argument 'cmake_clean_cache' from command line to 'False'
[0.341s] Level 5:colcon.colcon_core.verb:set package 'px4_ros_com' build argument 'cmake_clean_first' from command line to 'False'
[0.341s] Level 5:colcon.colcon_core.verb:set package 'px4_ros_com' build argument 'cmake_force_configure' from command line to 'False'
[0.341s] Level 5:colcon.colcon_core.verb:set package 'px4_ros_com' build argument 'ament_cmake_args' from command line to 'None'
[0.341s] Level 5:colcon.colcon_core.verb:set package 'px4_ros_com' build argument 'catkin_cmake_args' from command line to 'None'
[0.341s] Level 5:colcon.colcon_core.verb:set package 'px4_ros_com' build argument 'catkin_skip_building_tests' from command line to 'False'
[0.341s] DEBUG:colcon.colcon_core.verb:Building package 'px4_ros_com' with the following arguments: {'ament_cmake_args': None, 'build_base': '/home/kailync/ros2_ws/build/px4_ros_com', 'catkin_cmake_args': None, 'catkin_skip_building_tests': False, 'cmake_args': None, 'cmake_clean_cache': False, 'cmake_clean_first': False, 'cmake_force_configure': False, 'cmake_target': None, 'cmake_target_skip_unavailable': False, 'install_base': '/home/kailync/ros2_ws/install/px4_ros_com', 'merge_install': False, 'path': '/home/kailync/ros2_ws/src/px4_ros_com', 'symlink_install': False, 'test_result_base': None}
[0.341s] INFO:colcon.colcon_core.executor:Executing jobs using 'parallel' executor
[0.342s] DEBUG:colcon.colcon_parallel_executor.executor.parallel:run_until_complete
[0.342s] INFO:colcon.colcon_ros.task.ament_cmake.build:Building ROS package in '/home/kailync/ros2_ws/src/px4_msgs' with build type 'ament_cmake'
[0.342s] INFO:colcon.colcon_cmake.task.cmake.build:Building CMake package in '/home/kailync/ros2_ws/src/px4_msgs'
[0.344s] INFO:colcon.colcon_core.plugin_system:Skipping extension 'colcon_core.shell.bat': Not used on non-Windows systems
[0.345s] INFO:colcon.colcon_core.shell:Skip shell extension 'powershell' for command environment: Not usable outside of PowerShell
[0.345s] DEBUG:colcon.colcon_core.shell:Skip shell extension 'dsv' for command environment
[0.348s] INFO:colcon.colcon_ros.task.ament_python.build:Building ROS package in '/home/kailync/ros2_ws/src/ar_tag' with build type 'ament_python'
[0.348s] Level 1:colcon.colcon_core.shell:create_environment_hook('ar_tag', 'ament_prefix_path')
[0.349s] INFO:colcon.colcon_core.shell:Creating environment hook '/home/kailync/ros2_ws/install/ar_tag/share/ar_tag/hook/ament_prefix_path.ps1'
[0.351s] INFO:colcon.colcon_core.shell:Creating environment descriptor '/home/kailync/ros2_ws/install/ar_tag/share/ar_tag/hook/ament_prefix_path.dsv'
[0.351s] INFO:colcon.colcon_core.shell:Creating environment hook '/home/kailync/ros2_ws/install/ar_tag/share/ar_tag/hook/ament_prefix_path.sh'
[0.352s] INFO:colcon.colcon_core.shell:Skip shell extension 'powershell' for command environment: Not usable outside of PowerShell
[0.352s] DEBUG:colcon.colcon_core.shell:Skip shell extension 'dsv' for command environment
[0.355s] INFO:colcon.colcon_ros.task.ament_python.build:Building ROS package in '/home/kailync/ros2_ws/src/fizzbuzz' with build type 'ament_python'
[0.355s] Level 1:colcon.colcon_core.shell:create_environment_hook('fizzbuzz', 'ament_prefix_path')
[0.355s] INFO:colcon.colcon_core.shell:Creating environment hook '/home/kailync/ros2_ws/install/fizzbuzz/share/fizzbuzz/hook/ament_prefix_path.ps1'
[0.356s] INFO:colcon.colcon_core.shell:Creating environment descriptor '/home/kailync/ros2_ws/install/fizzbuzz/share/fizzbuzz/hook/ament_prefix_path.dsv'
[0.356s] INFO:colcon.colcon_core.shell:Creating environment hook '/home/kailync/ros2_ws/install/fizzbuzz/share/fizzbuzz/hook/ament_prefix_path.sh'
[0.357s] INFO:colcon.colcon_core.shell:Skip shell extension 'powershell' for command environment: Not usable outside of PowerShell
[0.357s] DEBUG:colcon.colcon_core.shell:Skip shell extension 'dsv' for command environment
[0.361s] INFO:colcon.colcon_ros.task.ament_python.build:Building ROS package in '/home/kailync/ros2_ws/src/line_path' with build type 'ament_python'
[0.361s] Level 1:colcon.colcon_core.shell:create_environment_hook('line_path', 'ament_prefix_path')
[0.361s] INFO:colcon.colcon_core.shell:Creating environment hook '/home/kailync/ros2_ws/install/line_path/share/line_path/hook/ament_prefix_path.ps1'
[0.362s] INFO:colcon.colcon_core.shell:Creating environment descriptor '/home/kailync/ros2_ws/install/line_path/share/line_path/hook/ament_prefix_path.dsv'
[0.362s] INFO:colcon.colcon_core.shell:Creating environment hook '/home/kailync/ros2_ws/install/line_path/share/line_path/hook/ament_prefix_path.sh'
[0.363s] INFO:colcon.colcon_core.shell:Skip shell extension 'powershell' for command environment: Not usable outside of PowerShell
[0.363s] DEBUG:colcon.colcon_core.shell:Skip shell extension 'dsv' for command environment
[0.367s] INFO:colcon.colcon_ros.task.ament_python.build:Building ROS package in '/home/kailync/ros2_ws/src/web_cam' with build type 'ament_python'
[0.367s] Level 1:colcon.colcon_core.shell:create_environment_hook('web_cam', 'ament_prefix_path')
[0.367s] INFO:colcon.colcon_core.shell:Creating environment hook '/home/kailync/ros2_ws/install/web_cam/share/web_cam/hook/ament_prefix_path.ps1'
[0.367s] INFO:colcon.colcon_core.shell:Creating environment descriptor '/home/kailync/ros2_ws/install/web_cam/share/web_cam/hook/ament_prefix_path.dsv'
[0.368s] INFO:colcon.colcon_core.shell:Creating environment hook '/home/kailync/ros2_ws/install/web_cam/share/web_cam/hook/ament_prefix_path.sh'
[0.368s] INFO:colcon.colcon_core.shell:Skip shell extension 'powershell' for command environment: Not usable outside of PowerShell
[0.368s] DEBUG:colcon.colcon_core.shell:Skip shell extension 'dsv' for command environment
[0.372s] INFO:colcon.colcon_ros.task.ament_python.build:Building ROS package in '/home/kailync/ros2_ws/src/webcam' with build type 'ament_python'
[0.372s] Level 1:colcon.colcon_core.shell:create_environment_hook('webcam', 'ament_prefix_path')
[0.372s] INFO:colcon.colcon_core.shell:Creating environment hook '/home/kailync/ros2_ws/install/webcam/share/webcam/hook/ament_prefix_path.ps1'
[0.373s] INFO:colcon.colcon_core.shell:Creating environment descriptor '/home/kailync/ros2_ws/install/webcam/share/webcam/hook/ament_prefix_path.dsv'
[0.373s] INFO:colcon.colcon_core.shell:Creating environment hook '/home/kailync/ros2_ws/install/webcam/share/webcam/hook/ament_prefix_path.sh'
[0.374s] INFO:colcon.colcon_core.shell:Skip shell extension 'powershell' for command environment: Not usable outside of PowerShell
[0.374s] DEBUG:colcon.colcon_core.shell:Skip shell extension 'dsv' for command environment
[0.383s] DEBUG:colcon.colcon_core.event_handler.log_command:Invoking command in '/home/kailync/ros2_ws/build/px4_msgs': CMAKE_PREFIX_PATH=${CMAKE_PREFIX_PATH}:/home/kailync/ros2_ws/install/webcam:/home/kailync/ros2_ws/install/web_cam:/home/kailync/ros2_ws/install/ar_tag:/home/kailync/ros2_ws/install/line_path:/home/kailync/ros2_ws/install/fizzbuzz:/opt/ros/humble /usr/bin/cmake --build /home/kailync/ros2_ws/build/px4_msgs -- -j6 -l6
[0.609s] INFO:colcon.colcon_core.task.python.build:Building Python package in '/home/kailync/ros2_ws/src/ar_tag'
[0.610s] INFO:colcon.colcon_core.shell:Skip shell extension 'powershell' for command environment: Not usable outside of PowerShell
[0.610s] DEBUG:colcon.colcon_core.shell:Skip shell extension 'dsv' for command environment
[0.802s] INFO:colcon.colcon_core.task.python.build:Building Python package in '/home/kailync/ros2_ws/src/fizzbuzz'
[0.802s] INFO:colcon.colcon_core.shell:Skip shell extension 'powershell' for command environment: Not usable outside of PowerShell
[0.802s] DEBUG:colcon.colcon_core.shell:Skip shell extension 'dsv' for command environment
[1.003s] INFO:colcon.colcon_core.task.python.build:Building Python package in '/home/kailync/ros2_ws/src/line_path'
[1.003s] INFO:colcon.colcon_core.shell:Skip shell extension 'powershell' for command environment: Not usable outside of PowerShell
[1.003s] DEBUG:colcon.colcon_core.shell:Skip shell extension 'dsv' for command environment
[1.284s] INFO:colcon.colcon_core.task.python.build:Building Python package in '/home/kailync/ros2_ws/src/web_cam'
[1.284s] INFO:colcon.colcon_core.shell:Skip shell extension 'powershell' for command environment: Not usable outside of PowerShell
[1.284s] DEBUG:colcon.colcon_core.shell:Skip shell extension 'dsv' for command environment
[1.548s] INFO:colcon.colcon_core.task.python.build:Building Python package in '/home/kailync/ros2_ws/src/webcam'
[1.548s] INFO:colcon.colcon_core.shell:Skip shell extension 'powershell' for command environment: Not usable outside of PowerShell
[1.548s] DEBUG:colcon.colcon_core.shell:Skip shell extension 'dsv' for command environment
[1.896s] DEBUG:colcon.colcon_core.event_handler.log_command:Invoked command in '/home/kailync/ros2_ws/build/px4_msgs' returned '0': CMAKE_PREFIX_PATH=${CMAKE_PREFIX_PATH}:/home/kailync/ros2_ws/install/webcam:/home/kailync/ros2_ws/install/web_cam:/home/kailync/ros2_ws/install/ar_tag:/home/kailync/ros2_ws/install/line_path:/home/kailync/ros2_ws/install/fizzbuzz:/opt/ros/humble /usr/bin/cmake --build /home/kailync/ros2_ws/build/px4_msgs -- -j6 -l6
[1.915s] DEBUG:colcon.colcon_core.event_handler.log_command:Invoking command in '/home/kailync/ros2_ws/build/px4_msgs': CMAKE_PREFIX_PATH=${CMAKE_PREFIX_PATH}:/home/kailync/ros2_ws/install/webcam:/home/kailync/ros2_ws/install/web_cam:/home/kailync/ros2_ws/install/ar_tag:/home/kailync/ros2_ws/install/line_path:/home/kailync/ros2_ws/install/fizzbuzz:/opt/ros/humble /usr/bin/cmake --install /home/kailync/ros2_ws/build/px4_msgs
[2.081s] DEBUG:colcon.colcon_core.event_handler.log_command:Invoking command in '/home/kailync/ros2_ws/src/web_cam': PYTHONPATH=/home/kailync/ros2_ws/build/web_cam/prefix_override:/usr/lib/python3/dist-packages/colcon_core/task/python/colcon_distutils_commands:/home/kailync/ros2_ws/install/web_cam/lib/python3.10/site-packages:${PYTHONPATH} /usr/bin/python3 -W ignore:setup.py install is deprecated -W ignore:easy_install command is deprecated setup.py egg_info --egg-base ../../build/web_cam build --build-base /home/kailync/ros2_ws/build/web_cam/build install --record /home/kailync/ros2_ws/build/web_cam/install.log --single-version-externally-managed install_data
[2.134s] DEBUG:colcon.colcon_core.event_handler.log_command:Invoking command in '/home/kailync/ros2_ws/src/fizzbuzz': PYTHONPATH=/home/kailync/ros2_ws/build/fizzbuzz/prefix_override:/usr/lib/python3/dist-packages/colcon_core/task/python/colcon_distutils_commands:/home/kailync/ros2_ws/install/fizzbuzz/lib/python3.10/site-packages:${PYTHONPATH} /usr/bin/python3 -W ignore:setup.py install is deprecated -W ignore:easy_install command is deprecated setup.py egg_info --egg-base ../../build/fizzbuzz build --build-base /home/kailync/ros2_ws/build/fizzbuzz/build install --record /home/kailync/ros2_ws/build/fizzbuzz/install.log --single-version-externally-managed install_data
[2.288s] DEBUG:colcon.colcon_core.event_handler.log_command:Invoking command in '/home/kailync/ros2_ws/src/line_path': PYTHONPATH=/home/kailync/ros2_ws/build/line_path/prefix_override:/usr/lib/python3/dist-packages/colcon_core/task/python/colcon_distutils_commands:/home/kailync/ros2_ws/install/line_path/lib/python3.10/site-packages:${PYTHONPATH} /usr/bin/python3 -W ignore:setup.py install is deprecated -W ignore:easy_install command is deprecated setup.py egg_info --egg-base ../../build/line_path build --build-base /home/kailync/ros2_ws/build/line_path/build install --record /home/kailync/ros2_ws/build/line_path/install.log --single-version-externally-managed install_data
[2.295s] Level 1:colcon.colcon_core.environment:checking '/home/kailync/ros2_ws/install/web_cam' for CMake module files
[2.304s] Level 1:colcon.colcon_core.environment:checking '/home/kailync/ros2_ws/install/web_cam' for CMake config files
[2.310s] Level 1:colcon.colcon_core.environment:checking '/home/kailync/ros2_ws/install/web_cam/lib'
[2.312s] Level 1:colcon.colcon_core.environment:checking '/home/kailync/ros2_ws/install/web_cam/bin'
[2.312s] Level 1:colcon.colcon_core.environment:checking '/home/kailync/ros2_ws/install/web_cam/lib/pkgconfig/web_cam.pc'
[2.312s] Level 1:colcon.colcon_core.environment:checking '/home/kailync/ros2_ws/install/web_cam/lib/python3.10/site-packages'
[2.313s] Level 1:colcon.colcon_core.shell:create_environment_hook('web_cam', 'pythonpath')
[2.313s] INFO:colcon.colcon_core.shell:Creating environment hook '/home/kailync/ros2_ws/install/web_cam/share/web_cam/hook/pythonpath.ps1'
[2.314s] INFO:colcon.colcon_core.shell:Creating environment descriptor '/home/kailync/ros2_ws/install/web_cam/share/web_cam/hook/pythonpath.dsv'
[2.319s] INFO:colcon.colcon_core.shell:Creating environment hook '/home/kailync/ros2_ws/install/web_cam/share/web_cam/hook/pythonpath.sh'
[2.320s] Level 1:colcon.colcon_core.environment:checking '/home/kailync/ros2_ws/install/web_cam/bin'
[2.321s] Level 1:colcon.colcon_core.environment:create_environment_scripts_only(web_cam)
[2.322s] INFO:colcon.colcon_core.shell:Creating package script '/home/kailync/ros2_ws/install/web_cam/share/web_cam/package.ps1'
[2.340s] INFO:colcon.colcon_core.shell:Creating package descriptor '/home/kailync/ros2_ws/install/web_cam/share/web_cam/package.dsv'
[2.347s] INFO:colcon.colcon_core.shell:Creating package script '/home/kailync/ros2_ws/install/web_cam/share/web_cam/package.sh'
[2.348s] INFO:colcon.colcon_core.shell:Creating package script '/home/kailync/ros2_ws/install/web_cam/share/web_cam/package.bash'
[2.349s] INFO:colcon.colcon_core.shell:Creating package script '/home/kailync/ros2_ws/install/web_cam/share/web_cam/package.zsh'
[2.350s] Level 1:colcon.colcon_core.environment:create_file_with_runtime_dependencies(/home/kailync/ros2_ws/install/web_cam/share/colcon-core/packages/web_cam)
[2.353s] Level 1:colcon.colcon_core.environment:checking '/home/kailync/ros2_ws/install/fizzbuzz' for CMake module files
[2.354s] Level 1:colcon.colcon_core.environment:checking '/home/kailync/ros2_ws/install/fizzbuzz' for CMake config files
[2.365s] Level 1:colcon.colcon_core.environment:checking '/home/kailync/ros2_ws/install/fizzbuzz/lib'
[2.365s] Level 1:colcon.colcon_core.environment:checking '/home/kailync/ros2_ws/install/fizzbuzz/bin'
[2.365s] Level 1:colcon.colcon_core.environment:checking '/home/kailync/ros2_ws/install/fizzbuzz/lib/pkgconfig/fizzbuzz.pc'
[2.365s] Level 1:colcon.colcon_core.environment:checking '/home/kailync/ros2_ws/install/fizzbuzz/lib/python3.10/site-packages'
[2.365s] Level 1:colcon.colcon_core.shell:create_environment_hook('fizzbuzz', 'pythonpath')
[2.365s] INFO:colcon.colcon_core.shell:Creating environment hook '/home/kailync/ros2_ws/install/fizzbuzz/share/fizzbuzz/hook/pythonpath.ps1'
[2.366s] INFO:colcon.colcon_core.shell:Creating environment descriptor '/home/kailync/ros2_ws/install/fizzbuzz/share/fizzbuzz/hook/pythonpath.dsv'
[2.368s] INFO:colcon.colcon_core.shell:Creating environment hook '/home/kailync/ros2_ws/install/fizzbuzz/share/fizzbuzz/hook/pythonpath.sh'
[2.370s] Level 1:colcon.colcon_core.environment:checking '/home/kailync/ros2_ws/install/fizzbuzz/bin'
[2.370s] Level 1:colcon.colcon_core.environment:create_environment_scripts_only(fizzbuzz)
[2.370s] INFO:colcon.colcon_core.shell:Creating package script '/home/kailync/ros2_ws/install/fizzbuzz/share/fizzbuzz/package.ps1'
[2.373s] INFO:colcon.colcon_core.shell:Creating package descriptor '/home/kailync/ros2_ws/install/fizzbuzz/share/fizzbuzz/package.dsv'
[2.374s] INFO:colcon.colcon_core.shell:Creating package script '/home/kailync/ros2_ws/install/fizzbuzz/share/fizzbuzz/package.sh'
[2.376s] INFO:colcon.colcon_core.shell:Creating package script '/home/kailync/ros2_ws/install/fizzbuzz/share/fizzbuzz/package.bash'
[2.381s] INFO:colcon.colcon_core.shell:Creating package script '/home/kailync/ros2_ws/install/fizzbuzz/share/fizzbuzz/package.zsh'
[2.384s] Level 1:colcon.colcon_core.environment:create_file_with_runtime_dependencies(/home/kailync/ros2_ws/install/fizzbuzz/share/colcon-core/packages/fizzbuzz)
[2.389s] Level 1:colcon.colcon_core.environment:checking '/home/kailync/ros2_ws/install/line_path' for CMake module files
[2.397s] Level 1:colcon.colcon_core.environment:checking '/home/kailync/ros2_ws/install/line_path' for CMake config files
[2.398s] Level 1:colcon.colcon_core.environment:checking '/home/kailync/ros2_ws/install/line_path/lib'
[2.398s] Level 1:colcon.colcon_core.environment:checking '/home/kailync/ros2_ws/install/line_path/bin'
[2.398s] Level 1:colcon.colcon_core.environment:checking '/home/kailync/ros2_ws/install/line_path/lib/pkgconfig/line_path.pc'
[2.399s] Level 1:colcon.colcon_core.environment:checking '/home/kailync/ros2_ws/install/line_path/lib/python3.10/site-packages'
[2.399s] Level 1:colcon.colcon_core.shell:create_environment_hook('line_path', 'pythonpath')
[2.399s] INFO:colcon.colcon_core.shell:Creating environment hook '/home/kailync/ros2_ws/install/line_path/share/line_path/hook/pythonpath.ps1'
[2.404s] INFO:colcon.colcon_core.shell:Creating environment descriptor '/home/kailync/ros2_ws/install/line_path/share/line_path/hook/pythonpath.dsv'
[2.406s] INFO:colcon.colcon_core.shell:Creating environment hook '/home/kailync/ros2_ws/install/line_path/share/line_path/hook/pythonpath.sh'
[2.408s] Level 1:colcon.colcon_core.environment:checking '/home/kailync/ros2_ws/install/line_path/bin'
[2.408s] Level 1:colcon.colcon_core.environment:create_environment_scripts_only(line_path)
[2.408s] INFO:colcon.colcon_core.shell:Creating package script '/home/kailync/ros2_ws/install/line_path/share/line_path/package.ps1'
[2.409s] INFO:colcon.colcon_core.shell:Creating package descriptor '/home/kailync/ros2_ws/install/line_path/share/line_path/package.dsv'
[2.409s] INFO:colcon.colcon_core.shell:Creating package script '/home/kailync/ros2_ws/install/line_path/share/line_path/package.sh'
[2.410s] INFO:colcon.colcon_core.shell:Creating package script '/home/kailync/ros2_ws/install/line_path/share/line_path/package.bash'
[2.411s] INFO:colcon.colcon_core.shell:Creating package script '/home/kailync/ros2_ws/install/line_path/share/line_path/package.zsh'
[2.412s] Level 1:colcon.colcon_core.environment:create_file_with_runtime_dependencies(/home/kailync/ros2_ws/install/line_path/share/colcon-core/packages/line_path)
[2.413s] Level 1:colcon.colcon_core.environment:create_environment_scripts_only(px4_msgs)
[2.413s] Level 1:colcon.colcon_core.environment:checking '/home/kailync/ros2_ws/install/px4_msgs' for CMake module files
[2.415s] Level 1:colcon.colcon_core.environment:checking '/home/kailync/ros2_ws/install/px4_msgs' for CMake config files
[2.416s] DEBUG:colcon.colcon_core.event_handler.log_command:Invoking command in '/home/kailync/ros2_ws/src/ar_tag': PYTHONPATH=/home/kailync/ros2_ws/build/ar_tag/prefix_override:/usr/lib/python3/dist-packages/colcon_core/task/python/colcon_distutils_commands:/home/kailync/ros2_ws/install/ar_tag/lib/python3.10/site-packages:${PYTHONPATH} /usr/bin/python3 -W ignore:setup.py install is deprecated -W ignore:easy_install command is deprecated setup.py egg_info --egg-base ../../build/ar_tag build --build-base /home/kailync/ros2_ws/build/ar_tag/build install --record /home/kailync/ros2_ws/build/ar_tag/install.log --single-version-externally-managed install_data
[2.420s] Level 1:colcon.colcon_core.shell:create_environment_hook('px4_msgs', 'cmake_prefix_path')
[2.420s] INFO:colcon.colcon_core.shell:Creating environment hook '/home/kailync/ros2_ws/install/px4_msgs/share/px4_msgs/hook/cmake_prefix_path.ps1'
[2.421s] INFO:colcon.colcon_core.shell:Creating environment descriptor '/home/kailync/ros2_ws/install/px4_msgs/share/px4_msgs/hook/cmake_prefix_path.dsv'
[2.421s] INFO:colcon.colcon_core.shell:Creating environment hook '/home/kailync/ros2_ws/install/px4_msgs/share/px4_msgs/hook/cmake_prefix_path.sh'
[2.421s] Level 1:colcon.colcon_core.environment:checking '/home/kailync/ros2_ws/install/px4_msgs/lib'
[2.421s] Level 1:colcon.colcon_core.shell:create_environment_hook('px4_msgs', 'ld_library_path_lib')
[2.421s] INFO:colcon.colcon_core.shell:Creating environment hook '/home/kailync/ros2_ws/install/px4_msgs/share/px4_msgs/hook/ld_library_path_lib.ps1'
[2.422s] INFO:colcon.colcon_core.shell:Creating environment descriptor '/home/kailync/ros2_ws/install/px4_msgs/share/px4_msgs/hook/ld_library_path_lib.dsv'
[2.422s] INFO:colcon.colcon_core.shell:Creating environment hook '/home/kailync/ros2_ws/install/px4_msgs/share/px4_msgs/hook/ld_library_path_lib.sh'
[2.424s] Level 1:colcon.colcon_core.environment:checking '/home/kailync/ros2_ws/install/px4_msgs/bin'
[2.424s] Level 1:colcon.colcon_core.environment:checking '/home/kailync/ros2_ws/install/px4_msgs/lib/pkgconfig/px4_msgs.pc'
[2.425s] Level 1:colcon.colcon_core.environment:checking '/home/kailync/ros2_ws/install/px4_msgs/lib/python3.10/site-packages'
[2.426s] Level 1:colcon.colcon_core.environment:checking '/home/kailync/ros2_ws/install/px4_msgs/bin'
[2.426s] INFO:colcon.colcon_core.shell:Creating package script '/home/kailync/ros2_ws/install/px4_msgs/share/px4_msgs/package.ps1'
[2.431s] INFO:colcon.colcon_core.shell:Creating package descriptor '/home/kailync/ros2_ws/install/px4_msgs/share/px4_msgs/package.dsv'
[2.431s] INFO:colcon.colcon_core.shell:Creating package script '/home/kailync/ros2_ws/install/px4_msgs/share/px4_msgs/package.sh'
[2.432s] INFO:colcon.colcon_core.shell:Creating package script '/home/kailync/ros2_ws/install/px4_msgs/share/px4_msgs/package.bash'
[2.433s] INFO:colcon.colcon_core.shell:Creating package script '/home/kailync/ros2_ws/install/px4_msgs/share/px4_msgs/package.zsh'
[2.433s] Level 1:colcon.colcon_core.environment:create_file_with_runtime_dependencies(/home/kailync/ros2_ws/install/px4_msgs/share/colcon-core/packages/px4_msgs)
[2.435s] Level 1:colcon.colcon_core.environment:create_environment_scripts_only(px4_msgs)
[2.435s] Level 1:colcon.colcon_core.environment:checking '/home/kailync/ros2_ws/install/px4_msgs' for CMake module files
[2.437s] Level 1:colcon.colcon_core.environment:checking '/home/kailync/ros2_ws/install/px4_msgs' for CMake config files
[2.440s] Level 1:colcon.colcon_core.shell:create_environment_hook('px4_msgs', 'cmake_prefix_path')
[2.440s] INFO:colcon.colcon_core.shell:Creating environment hook '/home/kailync/ros2_ws/install/px4_msgs/share/px4_msgs/hook/cmake_prefix_path.ps1'
[2.441s] INFO:colcon.colcon_core.shell:Creating environment descriptor '/home/kailync/ros2_ws/install/px4_msgs/share/px4_msgs/hook/cmake_prefix_path.dsv'
[2.443s] INFO:colcon.colcon_core.shell:Creating environment hook '/home/kailync/ros2_ws/install/px4_msgs/share/px4_msgs/hook/cmake_prefix_path.sh'
[2.445s] Level 1:colcon.colcon_core.environment:checking '/home/kailync/ros2_ws/install/px4_msgs/lib'
[2.445s] Level 1:colcon.colcon_core.shell:create_environment_hook('px4_msgs', 'ld_library_path_lib')
[2.445s] INFO:colcon.colcon_core.shell:Creating environment hook '/home/kailync/ros2_ws/install/px4_msgs/share/px4_msgs/hook/ld_library_path_lib.ps1'
[2.445s] INFO:colcon.colcon_core.shell:Creating environment descriptor '/home/kailync/ros2_ws/install/px4_msgs/share/px4_msgs/hook/ld_library_path_lib.dsv'
[2.445s] INFO:colcon.colcon_core.shell:Creating environment hook '/home/kailync/ros2_ws/install/px4_msgs/share/px4_msgs/hook/ld_library_path_lib.sh'
[2.450s] Level 1:colcon.colcon_core.environment:checking '/home/kailync/ros2_ws/install/px4_msgs/bin'
[2.450s] Level 1:colcon.colcon_core.environment:checking '/home/kailync/ros2_ws/install/px4_msgs/lib/pkgconfig/px4_msgs.pc'
[2.450s] Level 1:colcon.colcon_core.environment:checking '/home/kailync/ros2_ws/install/px4_msgs/lib/python3.10/site-packages'
[2.450s] Level 1:colcon.colcon_core.environment:checking '/home/kailync/ros2_ws/install/px4_msgs/bin'
[2.451s] INFO:colcon.colcon_core.shell:Creating package script '/home/kailync/ros2_ws/install/px4_msgs/share/px4_msgs/package.ps1'
[2.454s] INFO:colcon.colcon_core.shell:Creating package descriptor '/home/kailync/ros2_ws/install/px4_msgs/share/px4_msgs/package.dsv'
[2.459s] INFO:colcon.colcon_core.shell:Creating package script '/home/kailync/ros2_ws/install/px4_msgs/share/px4_msgs/package.sh'
[2.461s] INFO:colcon.colcon_core.shell:Creating package script '/home/kailync/ros2_ws/install/px4_msgs/share/px4_msgs/package.bash'
[2.461s] INFO:colcon.colcon_core.shell:Creating package script '/home/kailync/ros2_ws/install/px4_msgs/share/px4_msgs/package.zsh'
[2.463s] Level 1:colcon.colcon_core.environment:create_file_with_runtime_dependencies(/home/kailync/ros2_ws/install/px4_msgs/share/colcon-core/packages/px4_msgs)
[2.463s] INFO:colcon.colcon_ros.task.ament_cmake.build:Building ROS package in '/home/kailync/ros2_ws/src/px4_ros_com' with build type 'ament_cmake'
[2.464s] INFO:colcon.colcon_cmake.task.cmake.build:Building CMake package in '/home/kailync/ros2_ws/src/px4_ros_com'
[2.464s] INFO:colcon.colcon_core.shell:Skip shell extension 'powershell' for command environment: Not usable outside of PowerShell
[2.464s] DEBUG:colcon.colcon_core.shell:Skip shell extension 'dsv' for command environment
[2.490s] DEBUG:colcon.colcon_core.event_handler.log_command:Invoking command in '/home/kailync/ros2_ws/src/webcam': PYTHONPATH=/home/kailync/ros2_ws/build/webcam/prefix_override:/usr/lib/python3/dist-packages/colcon_core/task/python/colcon_distutils_commands:/home/kailync/ros2_ws/install/webcam/lib/python3.10/site-packages:${PYTHONPATH} /usr/bin/python3 -W ignore:setup.py install is deprecated -W ignore:easy_install command is deprecated setup.py egg_info --egg-base ../../build/webcam build --build-base /home/kailync/ros2_ws/build/webcam/build install --record /home/kailync/ros2_ws/build/webcam/install.log --single-version-externally-managed install_data
[2.496s] Level 1:colcon.colcon_core.environment:checking '/home/kailync/ros2_ws/install/ar_tag' for CMake module files
[2.497s] Level 1:colcon.colcon_core.environment:checking '/home/kailync/ros2_ws/install/ar_tag' for CMake config files
[2.497s] Level 1:colcon.colcon_core.environment:checking '/home/kailync/ros2_ws/install/ar_tag/lib'
[2.497s] Level 1:colcon.colcon_core.environment:checking '/home/kailync/ros2_ws/install/ar_tag/bin'
[2.497s] Level 1:colcon.colcon_core.environment:checking '/home/kailync/ros2_ws/install/ar_tag/lib/pkgconfig/ar_tag.pc'
[2.497s] Level 1:colcon.colcon_core.environment:checking '/home/kailync/ros2_ws/install/ar_tag/lib/python3.10/site-packages'
[2.497s] Level 1:colcon.colcon_core.shell:create_environment_hook('ar_tag', 'pythonpath')
[2.498s] INFO:colcon.colcon_core.shell:Creating environment hook '/home/kailync/ros2_ws/install/ar_tag/share/ar_tag/hook/pythonpath.ps1'
[2.498s] INFO:colcon.colcon_core.shell:Creating environment descriptor '/home/kailync/ros2_ws/install/ar_tag/share/ar_tag/hook/pythonpath.dsv'
[2.498s] INFO:colcon.colcon_core.shell:Creating environment hook '/home/kailync/ros2_ws/install/ar_tag/share/ar_tag/hook/pythonpath.sh'
[2.498s] Level 1:colcon.colcon_core.environment:checking '/home/kailync/ros2_ws/install/ar_tag/bin'
[2.498s] Level 1:colcon.colcon_core.environment:create_environment_scripts_only(ar_tag)
[2.499s] INFO:colcon.colcon_core.shell:Creating package script '/home/kailync/ros2_ws/install/ar_tag/share/ar_tag/package.ps1'
[2.499s] INFO:colcon.colcon_core.shell:Creating package descriptor '/home/kailync/ros2_ws/install/ar_tag/share/ar_tag/package.dsv'
[2.499s] INFO:colcon.colcon_core.shell:Creating package script '/home/kailync/ros2_ws/install/ar_tag/share/ar_tag/package.sh'
[2.500s] INFO:colcon.colcon_core.shell:Creating package script '/home/kailync/ros2_ws/install/ar_tag/share/ar_tag/package.bash'
[2.502s] INFO:colcon.colcon_core.shell:Creating package script '/home/kailync/ros2_ws/install/ar_tag/share/ar_tag/package.zsh'
[2.516s] Level 1:colcon.colcon_core.environment:create_file_with_runtime_dependencies(/home/kailync/ros2_ws/install/ar_tag/share/colcon-core/packages/ar_tag)
[2.522s] DEBUG:colcon.colcon_core.event_handler.log_command:Invoked command in '/home/kailync/ros2_ws/src/web_cam' returned '0': PYTHONPATH=/home/kailync/ros2_ws/build/web_cam/prefix_override:/usr/lib/python3/dist-packages/colcon_core/task/python/colcon_distutils_commands:/home/kailync/ros2_ws/install/web_cam/lib/python3.10/site-packages:${PYTHONPATH} /usr/bin/python3 -W ignore:setup.py install is deprecated -W ignore:easy_install command is deprecated setup.py egg_info --egg-base ../../build/web_cam build --build-base /home/kailync/ros2_ws/build/web_cam/build install --record /home/kailync/ros2_ws/build/web_cam/install.log --single-version-externally-managed install_data
[2.533s] Level 1:colcon.colcon_core.environment:checking '/home/kailync/ros2_ws/install/webcam' for CMake module files
[2.534s] Level 1:colcon.colcon_core.environment:checking '/home/kailync/ros2_ws/install/webcam' for CMake config files
[2.536s] Level 1:colcon.colcon_core.environment:checking '/home/kailync/ros2_ws/install/webcam/lib'
[2.536s] Level 1:colcon.colcon_core.environment:checking '/home/kailync/ros2_ws/install/webcam/bin'
[2.536s] Level 1:colcon.colcon_core.environment:checking '/home/kailync/ros2_ws/install/webcam/lib/pkgconfig/webcam.pc'
[2.536s] Level 1:colcon.colcon_core.environment:checking '/home/kailync/ros2_ws/install/webcam/lib/python3.10/site-packages'
[2.536s] Level 1:colcon.colcon_core.shell:create_environment_hook('webcam', 'pythonpath')
[2.537s] INFO:colcon.colcon_core.shell:Creating environment hook '/home/kailync/ros2_ws/install/webcam/share/webcam/hook/pythonpath.ps1'
[2.539s] DEBUG:colcon.colcon_core.event_handler.log_command:Invoked command in '/home/kailync/ros2_ws/src/fizzbuzz' returned '0': PYTHONPATH=/home/kailync/ros2_ws/build/fizzbuzz/prefix_override:/usr/lib/python3/dist-packages/colcon_core/task/python/colcon_distutils_commands:/home/kailync/ros2_ws/install/fizzbuzz/lib/python3.10/site-packages:${PYTHONPATH} /usr/bin/python3 -W ignore:setup.py install is deprecated -W ignore:easy_install command is deprecated setup.py egg_info --egg-base ../../build/fizzbuzz build --build-base /home/kailync/ros2_ws/build/fizzbuzz/build install --record /home/kailync/ros2_ws/build/fizzbuzz/install.log --single-version-externally-managed install_data
[2.539s] INFO:colcon.colcon_core.shell:Creating environment descriptor '/home/kailync/ros2_ws/install/webcam/share/webcam/hook/pythonpath.dsv'
[2.540s] INFO:colcon.colcon_core.shell:Creating environment hook '/home/kailync/ros2_ws/install/webcam/share/webcam/hook/pythonpath.sh'
[2.540s] Level 1:colcon.colcon_core.environment:checking '/home/kailync/ros2_ws/install/webcam/bin'
[2.540s] Level 1:colcon.colcon_core.environment:create_environment_scripts_only(webcam)
[2.540s] INFO:colcon.colcon_core.shell:Creating package script '/home/kailync/ros2_ws/install/webcam/share/webcam/package.ps1'
[2.541s] INFO:colcon.colcon_core.shell:Creating package descriptor '/home/kailync/ros2_ws/install/webcam/share/webcam/package.dsv'
[2.541s] INFO:colcon.colcon_core.shell:Creating package script '/home/kailync/ros2_ws/install/webcam/share/webcam/package.sh'
[2.541s] INFO:colcon.colcon_core.shell:Creating package script '/home/kailync/ros2_ws/install/webcam/share/webcam/package.bash'
[2.541s] INFO:colcon.colcon_core.shell:Creating package script '/home/kailync/ros2_ws/install/webcam/share/webcam/package.zsh'
[2.542s] Level 1:colcon.colcon_core.environment:create_file_with_runtime_dependencies(/home/kailync/ros2_ws/install/webcam/share/colcon-core/packages/webcam)
[2.548s] DEBUG:colcon.colcon_core.event_handler.log_command:Invoked command in '/home/kailync/ros2_ws/src/line_path' returned '0': PYTHONPATH=/home/kailync/ros2_ws/build/line_path/prefix_override:/usr/lib/python3/dist-packages/colcon_core/task/python/colcon_distutils_commands:/home/kailync/ros2_ws/install/line_path/lib/python3.10/site-packages:${PYTHONPATH} /usr/bin/python3 -W ignore:setup.py install is deprecated -W ignore:easy_install command is deprecated setup.py egg_info --egg-base ../../build/line_path build --build-base /home/kailync/ros2_ws/build/line_path/build install --record /home/kailync/ros2_ws/build/line_path/install.log --single-version-externally-managed install_data
[2.550s] DEBUG:colcon.colcon_core.event_handler.log_command:Invoked command in '/home/kailync/ros2_ws/build/px4_msgs' returned '0': CMAKE_PREFIX_PATH=${CMAKE_PREFIX_PATH}:/home/kailync/ros2_ws/install/webcam:/home/kailync/ros2_ws/install/web_cam:/home/kailync/ros2_ws/install/ar_tag:/home/kailync/ros2_ws/install/line_path:/home/kailync/ros2_ws/install/fizzbuzz:/opt/ros/humble /usr/bin/cmake --install /home/kailync/ros2_ws/build/px4_msgs
[2.551s] DEBUG:colcon.colcon_core.event_handler.log_command:Invoking command in '/home/kailync/ros2_ws/build/px4_ros_com': CMAKE_PREFIX_PATH=/home/kailync/ros2_ws/install/px4_msgs:/home/kailync/ros2_ws/install/px4_ros_com:/home/kailync/ros2_ws/install/fizzbuzz_interfaces:/home/kailync/ros2_ws/install/webcam:/home/kailync/ros2_ws/install/web_cam:/home/kailync/ros2_ws/install/ar_tag:/home/kailync/ros2_ws/install/line_path:/home/kailync/ros2_ws/install/fizzbuzz:/opt/ros/humble LD_LIBRARY_PATH=/home/kailync/ros2_ws/install/px4_msgs/lib:/home/kailync/ros2_ws/install/px4_ros_com/lib:/home/kailync/ros2_ws/install/fizzbuzz_interfaces/lib:/opt/ros/humble/opt/rviz_ogre_vendor/lib:/opt/ros/humble/lib/aarch64-linux-gnu:/opt/ros/humble/lib /usr/bin/cmake --build /home/kailync/ros2_ws/build/px4_ros_com -- -j6 -l6
[2.552s] DEBUG:colcon.colcon_core.event_handler.log_command:Invoked command in '/home/kailync/ros2_ws/src/ar_tag' returned '0': PYTHONPATH=/home/kailync/ros2_ws/build/ar_tag/prefix_override:/usr/lib/python3/dist-packages/colcon_core/task/python/colcon_distutils_commands:/home/kailync/ros2_ws/install/ar_tag/lib/python3.10/site-packages:${PYTHONPATH} /usr/bin/python3 -W ignore:setup.py install is deprecated -W ignore:easy_install command is deprecated setup.py egg_info --egg-base ../../build/ar_tag build --build-base /home/kailync/ros2_ws/build/ar_tag/build install --record /home/kailync/ros2_ws/build/ar_tag/install.log --single-version-externally-managed install_data
[2.553s] DEBUG:colcon.colcon_core.event_handler.log_command:Invoked command in '/home/kailync/ros2_ws/src/webcam' returned '0': PYTHONPATH=/home/kailync/ros2_ws/build/webcam/prefix_override:/usr/lib/python3/dist-packages/colcon_core/task/python/colcon_distutils_commands:/home/kailync/ros2_ws/install/webcam/lib/python3.10/site-packages:${PYTHONPATH} /usr/bin/python3 -W ignore:setup.py install is deprecated -W ignore:easy_install command is deprecated setup.py egg_info --egg-base ../../build/webcam build --build-base /home/kailync/ros2_ws/build/webcam/build install --record /home/kailync/ros2_ws/build/webcam/install.log --single-version-externally-managed install_data
[2.781s] DEBUG:colcon.colcon_core.event_handler.log_command:Invoked command in '/home/kailync/ros2_ws/build/px4_ros_com' returned '0': CMAKE_PREFIX_PATH=/home/kailync/ros2_ws/install/px4_msgs:/home/kailync/ros2_ws/install/px4_ros_com:/home/kailync/ros2_ws/install/fizzbuzz_interfaces:/home/kailync/ros2_ws/install/webcam:/home/kailync/ros2_ws/install/web_cam:/home/kailync/ros2_ws/install/ar_tag:/home/kailync/ros2_ws/install/line_path:/home/kailync/ros2_ws/install/fizzbuzz:/opt/ros/humble LD_LIBRARY_PATH=/home/kailync/ros2_ws/install/px4_msgs/lib:/home/kailync/ros2_ws/install/px4_ros_com/lib:/home/kailync/ros2_ws/install/fizzbuzz_interfaces/lib:/opt/ros/humble/opt/rviz_ogre_vendor/lib:/opt/ros/humble/lib/aarch64-linux-gnu:/opt/ros/humble/lib /usr/bin/cmake --build /home/kailync/ros2_ws/build/px4_ros_com -- -j6 -l6
[2.781s] DEBUG:colcon.colcon_core.event_handler.log_command:Invoking command in '/home/kailync/ros2_ws/build/px4_ros_com': CMAKE_PREFIX_PATH=/home/kailync/ros2_ws/install/px4_msgs:/home/kailync/ros2_ws/install/px4_ros_com:/home/kailync/ros2_ws/install/fizzbuzz_interfaces:/home/kailync/ros2_ws/install/webcam:/home/kailync/ros2_ws/install/web_cam:/home/kailync/ros2_ws/install/ar_tag:/home/kailync/ros2_ws/install/line_path:/home/kailync/ros2_ws/install/fizzbuzz:/opt/ros/humble LD_LIBRARY_PATH=/home/kailync/ros2_ws/install/px4_msgs/lib:/home/kailync/ros2_ws/install/px4_ros_com/lib:/home/kailync/ros2_ws/install/fizzbuzz_interfaces/lib:/opt/ros/humble/opt/rviz_ogre_vendor/lib:/opt/ros/humble/lib/aarch64-linux-gnu:/opt/ros/humble/lib /usr/bin/cmake --install /home/kailync/ros2_ws/build/px4_ros_com
[2.820s] Level 1:colcon.colcon_core.environment:create_environment_scripts_only(px4_ros_com)
[2.821s] Level 1:colcon.colcon_core.environment:checking '/home/kailync/ros2_ws/install/px4_ros_com' for CMake module files
[2.821s] DEBUG:colcon.colcon_core.event_handler.log_command:Invoked command in '/home/kailync/ros2_ws/build/px4_ros_com' returned '0': CMAKE_PREFIX_PATH=/home/kailync/ros2_ws/install/px4_msgs:/home/kailync/ros2_ws/install/px4_ros_com:/home/kailync/ros2_ws/install/fizzbuzz_interfaces:/home/kailync/ros2_ws/install/webcam:/home/kailync/ros2_ws/install/web_cam:/home/kailync/ros2_ws/install/ar_tag:/home/kailync/ros2_ws/install/line_path:/home/kailync/ros2_ws/install/fizzbuzz:/opt/ros/humble LD_LIBRARY_PATH=/home/kailync/ros2_ws/install/px4_msgs/lib:/home/kailync/ros2_ws/install/px4_ros_com/lib:/home/kailync/ros2_ws/install/fizzbuzz_interfaces/lib:/opt/ros/humble/opt/rviz_ogre_vendor/lib:/opt/ros/humble/lib/aarch64-linux-gnu:/opt/ros/humble/lib /usr/bin/cmake --install /home/kailync/ros2_ws/build/px4_ros_com
[2.822s] Level 1:colcon.colcon_core.environment:checking '/home/kailync/ros2_ws/install/px4_ros_com' for CMake config files
[2.822s] Level 1:colcon.colcon_core.shell:create_environment_hook('px4_ros_com', 'cmake_prefix_path')
[2.822s] INFO:colcon.colcon_core.shell:Creating environment hook '/home/kailync/ros2_ws/install/px4_ros_com/share/px4_ros_com/hook/cmake_prefix_path.ps1'
[2.822s] INFO:colcon.colcon_core.shell:Creating environment descriptor '/home/kailync/ros2_ws/install/px4_ros_com/share/px4_ros_com/hook/cmake_prefix_path.dsv'
[2.823s] INFO:colcon.colcon_core.shell:Creating environment hook '/home/kailync/ros2_ws/install/px4_ros_com/share/px4_ros_com/hook/cmake_prefix_path.sh'
[2.823s] Level 1:colcon.colcon_core.environment:checking '/home/kailync/ros2_ws/install/px4_ros_com/lib'
[2.823s] Level 1:colcon.colcon_core.shell:create_environment_hook('px4_ros_com', 'ld_library_path_lib')
[2.824s] INFO:colcon.colcon_core.shell:Creating environment hook '/home/kailync/ros2_ws/install/px4_ros_com/share/px4_ros_com/hook/ld_library_path_lib.ps1'
[2.824s] INFO:colcon.colcon_core.shell:Creating environment descriptor '/home/kailync/ros2_ws/install/px4_ros_com/share/px4_ros_com/hook/ld_library_path_lib.dsv'
[2.824s] INFO:colcon.colcon_core.shell:Creating environment hook '/home/kailync/ros2_ws/install/px4_ros_com/share/px4_ros_com/hook/ld_library_path_lib.sh'
[2.825s] Level 1:colcon.colcon_core.environment:checking '/home/kailync/ros2_ws/install/px4_ros_com/bin'
[2.825s] Level 1:colcon.colcon_core.environment:checking '/home/kailync/ros2_ws/install/px4_ros_com/lib/pkgconfig/px4_ros_com.pc'
[2.825s] Level 1:colcon.colcon_core.environment:checking '/home/kailync/ros2_ws/install/px4_ros_com/lib/python3.10/site-packages'
[2.825s] Level 1:colcon.colcon_core.environment:checking '/home/kailync/ros2_ws/install/px4_ros_com/bin'
[2.826s] INFO:colcon.colcon_core.shell:Creating package script '/home/kailync/ros2_ws/install/px4_ros_com/share/px4_ros_com/package.ps1'
[2.826s] INFO:colcon.colcon_core.shell:Creating package descriptor '/home/kailync/ros2_ws/install/px4_ros_com/share/px4_ros_com/package.dsv'
[2.826s] INFO:colcon.colcon_core.shell:Creating package script '/home/kailync/ros2_ws/install/px4_ros_com/share/px4_ros_com/package.sh'
[2.827s] INFO:colcon.colcon_core.shell:Creating package script '/home/kailync/ros2_ws/install/px4_ros_com/share/px4_ros_com/package.bash'
[2.827s] INFO:colcon.colcon_core.shell:Creating package script '/home/kailync/ros2_ws/install/px4_ros_com/share/px4_ros_com/package.zsh'
[2.827s] Level 1:colcon.colcon_core.environment:create_file_with_runtime_dependencies(/home/kailync/ros2_ws/install/px4_ros_com/share/colcon-core/packages/px4_ros_com)
[2.828s] Level 1:colcon.colcon_core.environment:create_environment_scripts_only(px4_ros_com)
[2.828s] Level 1:colcon.colcon_core.environment:checking '/home/kailync/ros2_ws/install/px4_ros_com' for CMake module files
[2.828s] Level 1:colcon.colcon_core.environment:checking '/home/kailync/ros2_ws/install/px4_ros_com' for CMake config files
[2.828s] Level 1:colcon.colcon_core.shell:create_environment_hook('px4_ros_com', 'cmake_prefix_path')
[2.829s] INFO:colcon.colcon_core.shell:Creating environment hook '/home/kailync/ros2_ws/install/px4_ros_com/share/px4_ros_com/hook/cmake_prefix_path.ps1'
[2.829s] INFO:colcon.colcon_core.shell:Creating environment descriptor '/home/kailync/ros2_ws/install/px4_ros_com/share/px4_ros_com/hook/cmake_prefix_path.dsv'
[2.829s] INFO:colcon.colcon_core.shell:Creating environment hook '/home/kailync/ros2_ws/install/px4_ros_com/share/px4_ros_com/hook/cmake_prefix_path.sh'
[2.830s] Level 1:colcon.colcon_core.environment:checking '/home/kailync/ros2_ws/install/px4_ros_com/lib'
[2.830s] Level 1:colcon.colcon_core.shell:create_environment_hook('px4_ros_com', 'ld_library_path_lib')
[2.830s] INFO:colcon.colcon_core.shell:Creating environment hook '/home/kailync/ros2_ws/install/px4_ros_com/share/px4_ros_com/hook/ld_library_path_lib.ps1'
[2.830s] INFO:colcon.colcon_core.shell:Creating environment descriptor '/home/kailync/ros2_ws/install/px4_ros_com/share/px4_ros_com/hook/ld_library_path_lib.dsv'
[2.831s] INFO:colcon.colcon_core.shell:Creating environment hook '/home/kailync/ros2_ws/install/px4_ros_com/share/px4_ros_com/hook/ld_library_path_lib.sh'
[2.831s] Level 1:colcon.colcon_core.environment:checking '/home/kailync/ros2_ws/install/px4_ros_com/bin'
[2.831s] Level 1:colcon.colcon_core.environment:checking '/home/kailync/ros2_ws/install/px4_ros_com/lib/pkgconfig/px4_ros_com.pc'
[2.832s] Level 1:colcon.colcon_core.environment:checking '/home/kailync/ros2_ws/install/px4_ros_com/lib/python3.10/site-packages'
[2.832s] Level 1:colcon.colcon_core.environment:checking '/home/kailync/ros2_ws/install/px4_ros_com/bin'
[2.832s] INFO:colcon.colcon_core.shell:Creating package script '/home/kailync/ros2_ws/install/px4_ros_com/share/px4_ros_com/package.ps1'
[2.832s] INFO:colcon.colcon_core.shell:Creating package descriptor '/home/kailync/ros2_ws/install/px4_ros_com/share/px4_ros_com/package.dsv'
[2.833s] INFO:colcon.colcon_core.shell:Creating package script '/home/kailync/ros2_ws/install/px4_ros_com/share/px4_ros_com/package.sh'
[2.833s] INFO:colcon.colcon_core.shell:Creating package script '/home/kailync/ros2_ws/install/px4_ros_com/share/px4_ros_com/package.bash'
[2.833s] INFO:colcon.colcon_core.shell:Creating package script '/home/kailync/ros2_ws/install/px4_ros_com/share/px4_ros_com/package.zsh'
[2.834s] Level 1:colcon.colcon_core.environment:create_file_with_runtime_dependencies(/home/kailync/ros2_ws/install/px4_ros_com/share/colcon-core/packages/px4_ros_com)
[2.834s] DEBUG:colcon.colcon_parallel_executor.executor.parallel:closing loop
[2.835s] DEBUG:colcon.colcon_parallel_executor.executor.parallel:loop closed
[2.835s] DEBUG:colcon.colcon_parallel_executor.executor.parallel:run_until_complete finished with '0'
[2.835s] DEBUG:colcon.colcon_core.event_reactor:joining thread
[2.841s] INFO:colcon.colcon_core.plugin_system:Skipping extension 'colcon_notification.desktop_notification.terminal_notifier': Not used on non-Darwin systems
[2.841s] INFO:colcon.colcon_core.plugin_system:Skipping extension 'colcon_notification.desktop_notification.win32': Not used on non-Windows systems
[2.841s] INFO:colcon.colcon_notification.desktop_notification:Sending desktop notification using 'notify2'
[2.879s] DEBUG:colcon.colcon_core.event_reactor:joined thread
[2.879s] INFO:colcon.colcon_core.shell:Creating prefix script '/home/kailync/ros2_ws/install/local_setup.ps1'
[2.880s] INFO:colcon.colcon_core.shell:Creating prefix util module '/home/kailync/ros2_ws/install/_local_setup_util_ps1.py'
[2.881s] INFO:colcon.colcon_core.shell:Creating prefix chain script '/home/kailync/ros2_ws/install/setup.ps1'
[2.882s] INFO:colcon.colcon_core.shell:Creating prefix script '/home/kailync/ros2_ws/install/local_setup.sh'
[2.883s] INFO:colcon.colcon_core.shell:Creating prefix util module '/home/kailync/ros2_ws/install/_local_setup_util_sh.py'
[2.883s] INFO:colcon.colcon_core.shell:Creating prefix chain script '/home/kailync/ros2_ws/install/setup.sh'
[2.884s] INFO:colcon.colcon_core.shell:Creating prefix script '/home/kailync/ros2_ws/install/local_setup.bash'
[2.884s] INFO:colcon.colcon_core.shell:Creating prefix chain script '/home/kailync/ros2_ws/install/setup.bash'
[2.885s] INFO:colcon.colcon_core.shell:Creating prefix script '/home/kailync/ros2_ws/install/local_setup.zsh'
[2.885s] INFO:colcon.colcon_core.shell:Creating prefix chain script '/home/kailync/ros2_ws/install/setup.zsh'
