[1.609s] Invoking command in '/home/kailync/ros2_ws/src/web_cam': PYTHONPATH=/home/kailync/ros2_ws/build/web_cam/prefix_override:/usr/lib/python3/dist-packages/colcon_core/task/python/colcon_distutils_commands:/home/kailync/ros2_ws/install/web_cam/lib/python3.10/site-packages:${PYTHONPATH} /usr/bin/python3 -W ignore:setup.py install is deprecated -W ignore:easy_install command is deprecated setup.py egg_info --egg-base ../../build/web_cam build --build-base /home/kailync/ros2_ws/build/web_cam/build install --record /home/kailync/ros2_ws/build/web_cam/install.log --single-version-externally-managed install_data
[1.969s] running egg_info
[1.969s] writing ../../build/web_cam/web_cam.egg-info/PKG-INFO
[1.969s] writing dependency_links to ../../build/web_cam/web_cam.egg-info/dependency_links.txt
[1.969s] writing entry points to ../../build/web_cam/web_cam.egg-info/entry_points.txt
[1.969s] writing requirements to ../../build/web_cam/web_cam.egg-info/requires.txt
[1.969s] writing top-level names to ../../build/web_cam/web_cam.egg-info/top_level.txt
[1.969s] reading manifest file '../../build/web_cam/web_cam.egg-info/SOURCES.txt'
[1.976s] writing manifest file '../../build/web_cam/web_cam.egg-info/SOURCES.txt'
[1.976s] running build
[1.976s] running build_py
[1.976s] copying web_cam/webcam_node.py -> /home/kailync/ros2_ws/build/web_cam/build/lib/web_cam
[1.976s] running install
[1.976s] running install_lib
[1.983s] copying /home/kailync/ros2_ws/build/web_cam/build/lib/web_cam/webcam_node.py -> /home/kailync/ros2_ws/install/web_cam/lib/python3.10/site-packages/web_cam
[1.983s] byte-compiling /home/kailync/ros2_ws/install/web_cam/lib/python3.10/site-packages/web_cam/webcam_node.py to webcam_node.cpython-310.pyc
[1.983s] running install_data
[1.983s] copying package.xml -> /home/kailync/ros2_ws/install/web_cam/share/web_cam
[1.983s] running install_egg_info
[1.986s] removing '/home/kailync/ros2_ws/install/web_cam/lib/python3.10/site-packages/web_cam-0.0.0-py3.10.egg-info' (and everything under it)
[1.988s] Copying ../../build/web_cam/web_cam.egg-info to /home/kailync/ros2_ws/install/web_cam/lib/python3.10/site-packages/web_cam-0.0.0-py3.10.egg-info
[1.988s] running install_scripts
[2.024s] Installing webcam_node script to /home/kailync/ros2_ws/install/web_cam/lib/web_cam
[2.024s] writing list of installed files to '/home/kailync/ros2_ws/build/web_cam/install.log'
[2.059s] Invoked command in '/home/kailync/ros2_ws/src/web_cam' returned '0': PYTHONPATH=/home/kailync/ros2_ws/build/web_cam/prefix_override:/usr/lib/python3/dist-packages/colcon_core/task/python/colcon_distutils_commands:/home/kailync/ros2_ws/install/web_cam/lib/python3.10/site-packages:${PYTHONPATH} /usr/bin/python3 -W ignore:setup.py install is deprecated -W ignore:easy_install command is deprecated setup.py egg_info --egg-base ../../build/web_cam build --build-base /home/kailync/ros2_ws/build/web_cam/build install --record /home/kailync/ros2_ws/build/web_cam/install.log --single-version-externally-managed install_data
