-- The C compiler identification is GNU 11.4.0
-- The CXX compiler identification is GNU 11.4.0
-- Detecting C compiler ABI info
-- Detecting C compiler ABI info - done
-- Check for working C compiler: /usr/bin/cc - skipped
-- Detecting C compile features
-- Detecting C compile features - done
-- Detecting CXX compiler ABI info
-- Detecting CXX compiler ABI info - done
-- Check for working CXX compiler: /usr/bin/c++ - skipped
-- Detecting CXX compile features
-- Detecting CXX compile features - done
-- Found ament_cmake: 1.3.11 (/opt/ros/humble/share/ament_cmake/cmake)
-- Found Python3: /usr/bin/python3 (found version "3.10.12") found components: Interpreter 
-- Found rosidl_default_generators: 1.2.0 (/opt/ros/humble/share/rosidl_default_generators/cmake)
-- Using all available rosidl_typesupport_c: rosidl_typesupport_fastrtps_c;rosidl_typesupport_introspection_c
-- Found rosidl_adapter: 3.1.6 (/opt/ros/humble/share/rosidl_adapter/cmake)
-- Using all available rosidl_typesupport_cpp: rosidl_typesupport_fastrtps_cpp;rosidl_typesupport_introspection_cpp
-- Found ament_cmake_ros: 0.10.0 (/opt/ros/humble/share/ament_cmake_ros/cmake)
-- Using all available rosidl_typesupport_c: rosidl_typesupport_fastrtps_c;rosidl_typesupport_introspection_c
-- Using all available rosidl_typesupport_cpp: rosidl_typesupport_fastrtps_cpp;rosidl_typesupport_introspection_cpp
-- Found PythonInterp: /usr/bin/python3 (found suitable version "3.10.12", minimum required is "3.6") 
-- Found python_cmake_module: 0.10.0 (/opt/ros/humble/share/python_cmake_module/cmake)
-- Found PythonLibs: /usr/lib/aarch64-linux-gnu/libpython3.10.so (found suitable version "3.10.12", minimum required is "3.5") 
-- Using PYTHON_EXECUTABLE: /usr/bin/python3
-- Using PYTHON_INCLUDE_DIRS: /usr/include/python3.10
-- Using PYTHON_LIBRARIES: /usr/lib/aarch64-linux-gnu/libpython3.10.so
-- Found PythonExtra: .so  
-- Found ament_lint_auto: 0.12.12 (/opt/ros/humble/share/ament_lint_auto/cmake)
-- Added test 'lint_cmake' to check CMake code style
-- Added test 'xmllint' to check XML markup files
-- Configuring done
-- Generating done
-- Build files have been written to: /home/kailync/ros2_ws/build/fizzbuzz_interfaces
[  3%] [34m[1mGenerating C code for ROS interfaces[0m
[  6%] [34m[1mGenerating C++ code for ROS interfaces[0m
[  6%] Built target ament_cmake_python_copy_fizzbuzz_interfaces
running egg_info
creating fizzbuzz_interfaces.egg-info
writing fizzbuzz_interfaces.egg-info/PKG-INFO
writing dependency_links to fizzbuzz_interfaces.egg-info/dependency_links.txt
writing top-level names to fizzbuzz_interfaces.egg-info/top_level.txt
writing manifest file 'fizzbuzz_interfaces.egg-info/SOURCES.txt'
reading manifest file 'fizzbuzz_interfaces.egg-info/SOURCES.txt'
writing manifest file 'fizzbuzz_interfaces.egg-info/SOURCES.txt'
[  6%] Built target ament_cmake_python_build_fizzbuzz_interfaces_egg
[  6%] Built target fizzbuzz_interfaces__cpp
[  9%] [32mBuilding C object CMakeFiles/fizzbuzz_interfaces__rosidl_generator_c.dir/rosidl_generator_c/fizzbuzz_interfaces/msg/detail/fizz_buzz__functions.c.o[0m
[ 12%] [34m[1mGenerating C++ type support for eProsima Fast-RTPS[0m
[ 16%] [34m[1mGenerating C++ type support dispatch for ROS interfaces[0m
[ 19%] [34m[1mGenerating C++ introspection for ROS interfaces[0m
[ 22%] [32m[1mLinking C shared library libfizzbuzz_interfaces__rosidl_generator_c.so[0m
[ 22%] Built target fizzbuzz_interfaces__rosidl_generator_c
[ 25%] [34m[1mGenerating C introspection for ROS interfaces[0m
[ 29%] [34m[1mGenerating C type support for eProsima Fast-RTPS[0m
[ 32%] [34m[1mGenerating C type support dispatch for ROS interfaces[0m
[ 35%] [32mBuilding CXX object CMakeFiles/fizzbuzz_interfaces__rosidl_typesupport_cpp.dir/rosidl_typesupport_cpp/fizzbuzz_interfaces/msg/fizz_buzz__type_support.cpp.o[0m
[ 38%] [32mBuilding CXX object CMakeFiles/fizzbuzz_interfaces__rosidl_typesupport_introspection_cpp.dir/rosidl_typesupport_introspection_cpp/fizzbuzz_interfaces/msg/detail/fizz_buzz__type_support.cpp.o[0m
[ 41%] [32mBuilding CXX object CMakeFiles/fizzbuzz_interfaces__rosidl_typesupport_fastrtps_cpp.dir/rosidl_typesupport_fastrtps_cpp/fizzbuzz_interfaces/msg/detail/dds_fastrtps/fizz_buzz__type_support.cpp.o[0m
[ 45%] [32mBuilding CXX object CMakeFiles/fizzbuzz_interfaces__rosidl_typesupport_c.dir/rosidl_typesupport_c/fizzbuzz_interfaces/msg/fizz_buzz__type_support.cpp.o[0m
[ 48%] [32mBuilding C object CMakeFiles/fizzbuzz_interfaces__rosidl_typesupport_introspection_c.dir/rosidl_typesupport_introspection_c/fizzbuzz_interfaces/msg/detail/fizz_buzz__type_support.c.o[0m
[ 51%] [32mBuilding CXX object CMakeFiles/fizzbuzz_interfaces__rosidl_typesupport_fastrtps_c.dir/rosidl_typesupport_fastrtps_c/fizzbuzz_interfaces/msg/detail/fizz_buzz__type_support_c.cpp.o[0m
[ 54%] [32m[1mLinking CXX shared library libfizzbuzz_interfaces__rosidl_typesupport_c.so[0m
[ 58%] [32m[1mLinking C shared library libfizzbuzz_interfaces__rosidl_typesupport_introspection_c.so[0m
[ 58%] Built target fizzbuzz_interfaces__rosidl_typesupport_c
[ 58%] Built target fizzbuzz_interfaces__rosidl_typesupport_introspection_c
[ 61%] [32m[1mLinking CXX shared library libfizzbuzz_interfaces__rosidl_typesupport_cpp.so[0m
[ 61%] Built target fizzbuzz_interfaces__rosidl_typesupport_cpp
[ 64%] [32m[1mLinking CXX shared library libfizzbuzz_interfaces__rosidl_typesupport_introspection_cpp.so[0m
[ 64%] Built target fizzbuzz_interfaces__rosidl_typesupport_introspection_cpp
[ 67%] [32m[1mLinking CXX shared library libfizzbuzz_interfaces__rosidl_typesupport_fastrtps_cpp.so[0m
[ 70%] [32m[1mLinking CXX shared library libfizzbuzz_interfaces__rosidl_typesupport_fastrtps_c.so[0m
[ 70%] Built target fizzbuzz_interfaces__rosidl_typesupport_fastrtps_cpp
[ 70%] Built target fizzbuzz_interfaces__rosidl_typesupport_fastrtps_c
[ 70%] Built target fizzbuzz_interfaces
[ 74%] [34m[1mGenerating Python code for ROS interfaces[0m
[ 74%] Built target fizzbuzz_interfaces__py
[ 77%] [32mBuilding C object CMakeFiles/fizzbuzz_interfaces__rosidl_generator_py.dir/rosidl_generator_py/fizzbuzz_interfaces/msg/_fizz_buzz_s.c.o[0m
[ 80%] [32m[1mLinking C shared library rosidl_generator_py/fizzbuzz_interfaces/libfizzbuzz_interfaces__rosidl_generator_py.so[0m
[ 80%] Built target fizzbuzz_interfaces__rosidl_generator_py
[ 83%] [32mBuilding C object CMakeFiles/fizzbuzz_interfaces__rosidl_typesupport_fastrtps_c__pyext.dir/rosidl_generator_py/fizzbuzz_interfaces/_fizzbuzz_interfaces_s.ep.rosidl_typesupport_fastrtps_c.c.o[0m
[ 87%] [32mBuilding C object CMakeFiles/fizzbuzz_interfaces__rosidl_typesupport_introspection_c__pyext.dir/rosidl_generator_py/fizzbuzz_interfaces/_fizzbuzz_interfaces_s.ep.rosidl_typesupport_introspection_c.c.o[0m
[ 90%] [32mBuilding C object CMakeFiles/fizzbuzz_interfaces__rosidl_typesupport_c__pyext.dir/rosidl_generator_py/fizzbuzz_interfaces/_fizzbuzz_interfaces_s.ep.rosidl_typesupport_c.c.o[0m
[ 93%] [32m[1mLinking C shared library rosidl_generator_py/fizzbuzz_interfaces/fizzbuzz_interfaces_s__rosidl_typesupport_c.cpython-310-aarch64-linux-gnu.so[0m
[100%] [32m[1mLinking C shared library rosidl_generator_py/fizzbuzz_interfaces/fizzbuzz_interfaces_s__rosidl_typesupport_introspection_c.cpython-310-aarch64-linux-gnu.so[0m
[100%] [32m[1mLinking C shared library rosidl_generator_py/fizzbuzz_interfaces/fizzbuzz_interfaces_s__rosidl_typesupport_fastrtps_c.cpython-310-aarch64-linux-gnu.so[0m
[100%] Built target fizzbuzz_interfaces__rosidl_typesupport_c__pyext
[100%] Built target fizzbuzz_interfaces__rosidl_typesupport_introspection_c__pyext
[100%] Built target fizzbuzz_interfaces__rosidl_typesupport_fastrtps_c__pyext
-- Install configuration: ""
-- Installing: /home/kailync/ros2_ws/install/fizzbuzz_interfaces/share/ament_index/resource_index/rosidl_interfaces/fizzbuzz_interfaces
-- Installing: /home/kailync/ros2_ws/install/fizzbuzz_interfaces/include/fizzbuzz_interfaces/fizzbuzz_interfaces
-- Installing: /home/kailync/ros2_ws/install/fizzbuzz_interfaces/include/fizzbuzz_interfaces/fizzbuzz_interfaces/msg
-- Installing: /home/kailync/ros2_ws/install/fizzbuzz_interfaces/include/fizzbuzz_interfaces/fizzbuzz_interfaces/msg/rosidl_generator_c__visibility_control.h
-- Installing: /home/kailync/ros2_ws/install/fizzbuzz_interfaces/include/fizzbuzz_interfaces/fizzbuzz_interfaces/msg/fizz_buzz.h
-- Installing: /home/kailync/ros2_ws/install/fizzbuzz_interfaces/include/fizzbuzz_interfaces/fizzbuzz_interfaces/msg/detail
-- Installing: /home/kailync/ros2_ws/install/fizzbuzz_interfaces/include/fizzbuzz_interfaces/fizzbuzz_interfaces/msg/detail/fizz_buzz__functions.c
-- Installing: /home/kailync/ros2_ws/install/fizzbuzz_interfaces/include/fizzbuzz_interfaces/fizzbuzz_interfaces/msg/detail/fizz_buzz__type_support.h
-- Installing: /home/kailync/ros2_ws/install/fizzbuzz_interfaces/include/fizzbuzz_interfaces/fizzbuzz_interfaces/msg/detail/fizz_buzz__struct.h
-- Installing: /home/kailync/ros2_ws/install/fizzbuzz_interfaces/include/fizzbuzz_interfaces/fizzbuzz_interfaces/msg/detail/fizz_buzz__functions.h
-- Installing: /home/kailync/ros2_ws/install/fizzbuzz_interfaces/share/fizzbuzz_interfaces/environment/library_path.sh
-- Installing: /home/kailync/ros2_ws/install/fizzbuzz_interfaces/share/fizzbuzz_interfaces/environment/library_path.dsv
-- Installing: /home/kailync/ros2_ws/install/fizzbuzz_interfaces/lib/libfizzbuzz_interfaces__rosidl_generator_c.so
-- Set runtime path of "/home/kailync/ros2_ws/install/fizzbuzz_interfaces/lib/libfizzbuzz_interfaces__rosidl_generator_c.so" to ""
-- Up-to-date: /home/kailync/ros2_ws/install/fizzbuzz_interfaces/include/fizzbuzz_interfaces/fizzbuzz_interfaces
-- Up-to-date: /home/kailync/ros2_ws/install/fizzbuzz_interfaces/include/fizzbuzz_interfaces/fizzbuzz_interfaces/msg
-- Installing: /home/kailync/ros2_ws/install/fizzbuzz_interfaces/include/fizzbuzz_interfaces/fizzbuzz_interfaces/msg/rosidl_typesupport_fastrtps_c__visibility_control.h
-- Up-to-date: /home/kailync/ros2_ws/install/fizzbuzz_interfaces/include/fizzbuzz_interfaces/fizzbuzz_interfaces/msg/detail
-- Installing: /home/kailync/ros2_ws/install/fizzbuzz_interfaces/include/fizzbuzz_interfaces/fizzbuzz_interfaces/msg/detail/fizz_buzz__rosidl_typesupport_fastrtps_c.h
-- Installing: /home/kailync/ros2_ws/install/fizzbuzz_interfaces/lib/libfizzbuzz_interfaces__rosidl_typesupport_fastrtps_c.so
-- Set runtime path of "/home/kailync/ros2_ws/install/fizzbuzz_interfaces/lib/libfizzbuzz_interfaces__rosidl_typesupport_fastrtps_c.so" to ""
-- Up-to-date: /home/kailync/ros2_ws/install/fizzbuzz_interfaces/include/fizzbuzz_interfaces/fizzbuzz_interfaces
-- Up-to-date: /home/kailync/ros2_ws/install/fizzbuzz_interfaces/include/fizzbuzz_interfaces/fizzbuzz_interfaces/msg
-- Installing: /home/kailync/ros2_ws/install/fizzbuzz_interfaces/include/fizzbuzz_interfaces/fizzbuzz_interfaces/msg/rosidl_typesupport_introspection_c__visibility_control.h
-- Up-to-date: /home/kailync/ros2_ws/install/fizzbuzz_interfaces/include/fizzbuzz_interfaces/fizzbuzz_interfaces/msg/detail
-- Installing: /home/kailync/ros2_ws/install/fizzbuzz_interfaces/include/fizzbuzz_interfaces/fizzbuzz_interfaces/msg/detail/fizz_buzz__rosidl_typesupport_introspection_c.h
-- Installing: /home/kailync/ros2_ws/install/fizzbuzz_interfaces/include/fizzbuzz_interfaces/fizzbuzz_interfaces/msg/detail/fizz_buzz__type_support.c
-- Installing: /home/kailync/ros2_ws/install/fizzbuzz_interfaces/lib/libfizzbuzz_interfaces__rosidl_typesupport_introspection_c.so
-- Set runtime path of "/home/kailync/ros2_ws/install/fizzbuzz_interfaces/lib/libfizzbuzz_interfaces__rosidl_typesupport_introspection_c.so" to ""
-- Installing: /home/kailync/ros2_ws/install/fizzbuzz_interfaces/lib/libfizzbuzz_interfaces__rosidl_typesupport_c.so
-- Set runtime path of "/home/kailync/ros2_ws/install/fizzbuzz_interfaces/lib/libfizzbuzz_interfaces__rosidl_typesupport_c.so" to ""
-- Up-to-date: /home/kailync/ros2_ws/install/fizzbuzz_interfaces/include/fizzbuzz_interfaces/fizzbuzz_interfaces
-- Up-to-date: /home/kailync/ros2_ws/install/fizzbuzz_interfaces/include/fizzbuzz_interfaces/fizzbuzz_interfaces/msg
-- Installing: /home/kailync/ros2_ws/install/fizzbuzz_interfaces/include/fizzbuzz_interfaces/fizzbuzz_interfaces/msg/fizz_buzz.hpp
-- Installing: /home/kailync/ros2_ws/install/fizzbuzz_interfaces/include/fizzbuzz_interfaces/fizzbuzz_interfaces/msg/rosidl_generator_cpp__visibility_control.hpp
-- Up-to-date: /home/kailync/ros2_ws/install/fizzbuzz_interfaces/include/fizzbuzz_interfaces/fizzbuzz_interfaces/msg/detail
-- Installing: /home/kailync/ros2_ws/install/fizzbuzz_interfaces/include/fizzbuzz_interfaces/fizzbuzz_interfaces/msg/detail/fizz_buzz__struct.hpp
-- Installing: /home/kailync/ros2_ws/install/fizzbuzz_interfaces/include/fizzbuzz_interfaces/fizzbuzz_interfaces/msg/detail/fizz_buzz__type_support.hpp
-- Installing: /home/kailync/ros2_ws/install/fizzbuzz_interfaces/include/fizzbuzz_interfaces/fizzbuzz_interfaces/msg/detail/fizz_buzz__builder.hpp
-- Installing: /home/kailync/ros2_ws/install/fizzbuzz_interfaces/include/fizzbuzz_interfaces/fizzbuzz_interfaces/msg/detail/fizz_buzz__traits.hpp
-- Up-to-date: /home/kailync/ros2_ws/install/fizzbuzz_interfaces/include/fizzbuzz_interfaces/fizzbuzz_interfaces
-- Up-to-date: /home/kailync/ros2_ws/install/fizzbuzz_interfaces/include/fizzbuzz_interfaces/fizzbuzz_interfaces/msg
-- Installing: /home/kailync/ros2_ws/install/fizzbuzz_interfaces/include/fizzbuzz_interfaces/fizzbuzz_interfaces/msg/rosidl_typesupport_fastrtps_cpp__visibility_control.h
-- Up-to-date: /home/kailync/ros2_ws/install/fizzbuzz_interfaces/include/fizzbuzz_interfaces/fizzbuzz_interfaces/msg/detail
-- Installing: /home/kailync/ros2_ws/install/fizzbuzz_interfaces/include/fizzbuzz_interfaces/fizzbuzz_interfaces/msg/detail/fizz_buzz__rosidl_typesupport_fastrtps_cpp.hpp
-- Installing: /home/kailync/ros2_ws/install/fizzbuzz_interfaces/include/fizzbuzz_interfaces/fizzbuzz_interfaces/msg/detail/dds_fastrtps
-- Installing: /home/kailync/ros2_ws/install/fizzbuzz_interfaces/lib/libfizzbuzz_interfaces__rosidl_typesupport_fastrtps_cpp.so
-- Set runtime path of "/home/kailync/ros2_ws/install/fizzbuzz_interfaces/lib/libfizzbuzz_interfaces__rosidl_typesupport_fastrtps_cpp.so" to ""
-- Up-to-date: /home/kailync/ros2_ws/install/fizzbuzz_interfaces/include/fizzbuzz_interfaces/fizzbuzz_interfaces
-- Up-to-date: /home/kailync/ros2_ws/install/fizzbuzz_interfaces/include/fizzbuzz_interfaces/fizzbuzz_interfaces/msg
-- Up-to-date: /home/kailync/ros2_ws/install/fizzbuzz_interfaces/include/fizzbuzz_interfaces/fizzbuzz_interfaces/msg/detail
-- Installing: /home/kailync/ros2_ws/install/fizzbuzz_interfaces/include/fizzbuzz_interfaces/fizzbuzz_interfaces/msg/detail/fizz_buzz__type_support.cpp
-- Installing: /home/kailync/ros2_ws/install/fizzbuzz_interfaces/include/fizzbuzz_interfaces/fizzbuzz_interfaces/msg/detail/fizz_buzz__rosidl_typesupport_introspection_cpp.hpp
-- Installing: /home/kailync/ros2_ws/install/fizzbuzz_interfaces/lib/libfizzbuzz_interfaces__rosidl_typesupport_introspection_cpp.so
-- Set runtime path of "/home/kailync/ros2_ws/install/fizzbuzz_interfaces/lib/libfizzbuzz_interfaces__rosidl_typesupport_introspection_cpp.so" to ""
-- Installing: /home/kailync/ros2_ws/install/fizzbuzz_interfaces/lib/libfizzbuzz_interfaces__rosidl_typesupport_cpp.so
-- Set runtime path of "/home/kailync/ros2_ws/install/fizzbuzz_interfaces/lib/libfizzbuzz_interfaces__rosidl_typesupport_cpp.so" to ""
-- Installing: /home/kailync/ros2_ws/install/fizzbuzz_interfaces/share/fizzbuzz_interfaces/environment/pythonpath.sh
-- Installing: /home/kailync/ros2_ws/install/fizzbuzz_interfaces/share/fizzbuzz_interfaces/environment/pythonpath.dsv
-- Installing: /home/kailync/ros2_ws/install/fizzbuzz_interfaces/local/lib/python3.10/dist-packages/fizzbuzz_interfaces-0.0.0-py3.10.egg-info
-- Installing: /home/kailync/ros2_ws/install/fizzbuzz_interfaces/local/lib/python3.10/dist-packages/fizzbuzz_interfaces-0.0.0-py3.10.egg-info/PKG-INFO
-- Installing: /home/kailync/ros2_ws/install/fizzbuzz_interfaces/local/lib/python3.10/dist-packages/fizzbuzz_interfaces-0.0.0-py3.10.egg-info/top_level.txt
-- Installing: /home/kailync/ros2_ws/install/fizzbuzz_interfaces/local/lib/python3.10/dist-packages/fizzbuzz_interfaces-0.0.0-py3.10.egg-info/dependency_links.txt
-- Installing: /home/kailync/ros2_ws/install/fizzbuzz_interfaces/local/lib/python3.10/dist-packages/fizzbuzz_interfaces-0.0.0-py3.10.egg-info/SOURCES.txt
-- Installing: /home/kailync/ros2_ws/install/fizzbuzz_interfaces/local/lib/python3.10/dist-packages/fizzbuzz_interfaces
-- Installing: /home/kailync/ros2_ws/install/fizzbuzz_interfaces/local/lib/python3.10/dist-packages/fizzbuzz_interfaces/fizzbuzz_interfaces_s__rosidl_typesupport_fastrtps_c.cpython-310-aarch64-linux-gnu.so
-- Installing: /home/kailync/ros2_ws/install/fizzbuzz_interfaces/local/lib/python3.10/dist-packages/fizzbuzz_interfaces/_fizzbuzz_interfaces_s.ep.rosidl_typesupport_c.c
-- Installing: /home/kailync/ros2_ws/install/fizzbuzz_interfaces/local/lib/python3.10/dist-packages/fizzbuzz_interfaces/_fizzbuzz_interfaces_s.ep.rosidl_typesupport_fastrtps_c.c
-- Installing: /home/kailync/ros2_ws/install/fizzbuzz_interfaces/local/lib/python3.10/dist-packages/fizzbuzz_interfaces/fizzbuzz_interfaces_s__rosidl_typesupport_introspection_c.cpython-310-aarch64-linux-gnu.so
-- Installing: /home/kailync/ros2_ws/install/fizzbuzz_interfaces/local/lib/python3.10/dist-packages/fizzbuzz_interfaces/fizzbuzz_interfaces_s__rosidl_typesupport_c.cpython-310-aarch64-linux-gnu.so
-- Installing: /home/kailync/ros2_ws/install/fizzbuzz_interfaces/local/lib/python3.10/dist-packages/fizzbuzz_interfaces/libfizzbuzz_interfaces__rosidl_generator_py.so
-- Installing: /home/kailync/ros2_ws/install/fizzbuzz_interfaces/local/lib/python3.10/dist-packages/fizzbuzz_interfaces/msg
-- Installing: /home/kailync/ros2_ws/install/fizzbuzz_interfaces/local/lib/python3.10/dist-packages/fizzbuzz_interfaces/msg/_fizz_buzz_s.c
-- Installing: /home/kailync/ros2_ws/install/fizzbuzz_interfaces/local/lib/python3.10/dist-packages/fizzbuzz_interfaces/msg/_fizz_buzz.py
-- Installing: /home/kailync/ros2_ws/install/fizzbuzz_interfaces/local/lib/python3.10/dist-packages/fizzbuzz_interfaces/msg/__init__.py
-- Installing: /home/kailync/ros2_ws/install/fizzbuzz_interfaces/local/lib/python3.10/dist-packages/fizzbuzz_interfaces/__init__.py
-- Installing: /home/kailync/ros2_ws/install/fizzbuzz_interfaces/local/lib/python3.10/dist-packages/fizzbuzz_interfaces/_fizzbuzz_interfaces_s.ep.rosidl_typesupport_introspection_c.c
Listing '/home/kailync/ros2_ws/install/fizzbuzz_interfaces/local/lib/python3.10/dist-packages/fizzbuzz_interfaces'...
Compiling '/home/kailync/ros2_ws/install/fizzbuzz_interfaces/local/lib/python3.10/dist-packages/fizzbuzz_interfaces/__init__.py'...
Listing '/home/kailync/ros2_ws/install/fizzbuzz_interfaces/local/lib/python3.10/dist-packages/fizzbuzz_interfaces/msg'...
Compiling '/home/kailync/ros2_ws/install/fizzbuzz_interfaces/local/lib/python3.10/dist-packages/fizzbuzz_interfaces/msg/__init__.py'...
Compiling '/home/kailync/ros2_ws/install/fizzbuzz_interfaces/local/lib/python3.10/dist-packages/fizzbuzz_interfaces/msg/_fizz_buzz.py'...
-- Installing: /home/kailync/ros2_ws/install/fizzbuzz_interfaces/local/lib/python3.10/dist-packages/fizzbuzz_interfaces/fizzbuzz_interfaces_s__rosidl_typesupport_fastrtps_c.cpython-310-aarch64-linux-gnu.so
-- Set runtime path of "/home/kailync/ros2_ws/install/fizzbuzz_interfaces/local/lib/python3.10/dist-packages/fizzbuzz_interfaces/fizzbuzz_interfaces_s__rosidl_typesupport_fastrtps_c.cpython-310-aarch64-linux-gnu.so" to ""
-- Installing: /home/kailync/ros2_ws/install/fizzbuzz_interfaces/local/lib/python3.10/dist-packages/fizzbuzz_interfaces/fizzbuzz_interfaces_s__rosidl_typesupport_introspection_c.cpython-310-aarch64-linux-gnu.so
-- Set runtime path of "/home/kailync/ros2_ws/install/fizzbuzz_interfaces/local/lib/python3.10/dist-packages/fizzbuzz_interfaces/fizzbuzz_interfaces_s__rosidl_typesupport_introspection_c.cpython-310-aarch64-linux-gnu.so" to ""
-- Installing: /home/kailync/ros2_ws/install/fizzbuzz_interfaces/local/lib/python3.10/dist-packages/fizzbuzz_interfaces/fizzbuzz_interfaces_s__rosidl_typesupport_c.cpython-310-aarch64-linux-gnu.so
-- Set runtime path of "/home/kailync/ros2_ws/install/fizzbuzz_interfaces/local/lib/python3.10/dist-packages/fizzbuzz_interfaces/fizzbuzz_interfaces_s__rosidl_typesupport_c.cpython-310-aarch64-linux-gnu.so" to ""
-- Installing: /home/kailync/ros2_ws/install/fizzbuzz_interfaces/lib/libfizzbuzz_interfaces__rosidl_generator_py.so
-- Set runtime path of "/home/kailync/ros2_ws/install/fizzbuzz_interfaces/lib/libfizzbuzz_interfaces__rosidl_generator_py.so" to ""
-- Installing: /home/kailync/ros2_ws/install/fizzbuzz_interfaces/share/fizzbuzz_interfaces/msg/FizzBuzz.idl
-- Installing: /home/kailync/ros2_ws/install/fizzbuzz_interfaces/share/fizzbuzz_interfaces/msg/FizzBuzz.msg
-- Installing: /home/kailync/ros2_ws/install/fizzbuzz_interfaces/share/ament_index/resource_index/package_run_dependencies/fizzbuzz_interfaces
-- Installing: /home/kailync/ros2_ws/install/fizzbuzz_interfaces/share/ament_index/resource_index/parent_prefix_path/fizzbuzz_interfaces
-- Installing: /home/kailync/ros2_ws/install/fizzbuzz_interfaces/share/fizzbuzz_interfaces/environment/ament_prefix_path.sh
-- Installing: /home/kailync/ros2_ws/install/fizzbuzz_interfaces/share/fizzbuzz_interfaces/environment/ament_prefix_path.dsv
-- Installing: /home/kailync/ros2_ws/install/fizzbuzz_interfaces/share/fizzbuzz_interfaces/environment/path.sh
-- Installing: /home/kailync/ros2_ws/install/fizzbuzz_interfaces/share/fizzbuzz_interfaces/environment/path.dsv
-- Installing: /home/kailync/ros2_ws/install/fizzbuzz_interfaces/share/fizzbuzz_interfaces/local_setup.bash
-- Installing: /home/kailync/ros2_ws/install/fizzbuzz_interfaces/share/fizzbuzz_interfaces/local_setup.sh
-- Installing: /home/kailync/ros2_ws/install/fizzbuzz_interfaces/share/fizzbuzz_interfaces/local_setup.zsh
-- Installing: /home/kailync/ros2_ws/install/fizzbuzz_interfaces/share/fizzbuzz_interfaces/local_setup.dsv
-- Installing: /home/kailync/ros2_ws/install/fizzbuzz_interfaces/share/fizzbuzz_interfaces/package.dsv
-- Installing: /home/kailync/ros2_ws/install/fizzbuzz_interfaces/share/ament_index/resource_index/packages/fizzbuzz_interfaces
-- Installing: /home/kailync/ros2_ws/install/fizzbuzz_interfaces/share/fizzbuzz_interfaces/cmake/export_fizzbuzz_interfaces__rosidl_generator_cExport.cmake
-- Installing: /home/kailync/ros2_ws/install/fizzbuzz_interfaces/share/fizzbuzz_interfaces/cmake/export_fizzbuzz_interfaces__rosidl_generator_cExport-noconfig.cmake
-- Installing: /home/kailync/ros2_ws/install/fizzbuzz_interfaces/share/fizzbuzz_interfaces/cmake/export_fizzbuzz_interfaces__rosidl_typesupport_fastrtps_cExport.cmake
-- Installing: /home/kailync/ros2_ws/install/fizzbuzz_interfaces/share/fizzbuzz_interfaces/cmake/export_fizzbuzz_interfaces__rosidl_typesupport_fastrtps_cExport-noconfig.cmake
-- Installing: /home/kailync/ros2_ws/install/fizzbuzz_interfaces/share/fizzbuzz_interfaces/cmake/fizzbuzz_interfaces__rosidl_typesupport_introspection_cExport.cmake
-- Installing: /home/kailync/ros2_ws/install/fizzbuzz_interfaces/share/fizzbuzz_interfaces/cmake/fizzbuzz_interfaces__rosidl_typesupport_introspection_cExport-noconfig.cmake
-- Installing: /home/kailync/ros2_ws/install/fizzbuzz_interfaces/share/fizzbuzz_interfaces/cmake/fizzbuzz_interfaces__rosidl_typesupport_cExport.cmake
-- Installing: /home/kailync/ros2_ws/install/fizzbuzz_interfaces/share/fizzbuzz_interfaces/cmake/fizzbuzz_interfaces__rosidl_typesupport_cExport-noconfig.cmake
-- Installing: /home/kailync/ros2_ws/install/fizzbuzz_interfaces/share/fizzbuzz_interfaces/cmake/export_fizzbuzz_interfaces__rosidl_generator_cppExport.cmake
-- Installing: /home/kailync/ros2_ws/install/fizzbuzz_interfaces/share/fizzbuzz_interfaces/cmake/export_fizzbuzz_interfaces__rosidl_typesupport_fastrtps_cppExport.cmake
-- Installing: /home/kailync/ros2_ws/install/fizzbuzz_interfaces/share/fizzbuzz_interfaces/cmake/export_fizzbuzz_interfaces__rosidl_typesupport_fastrtps_cppExport-noconfig.cmake
-- Installing: /home/kailync/ros2_ws/install/fizzbuzz_interfaces/share/fizzbuzz_interfaces/cmake/fizzbuzz_interfaces__rosidl_typesupport_introspection_cppExport.cmake
-- Installing: /home/kailync/ros2_ws/install/fizzbuzz_interfaces/share/fizzbuzz_interfaces/cmake/fizzbuzz_interfaces__rosidl_typesupport_introspection_cppExport-noconfig.cmake
-- Installing: /home/kailync/ros2_ws/install/fizzbuzz_interfaces/share/fizzbuzz_interfaces/cmake/fizzbuzz_interfaces__rosidl_typesupport_cppExport.cmake
-- Installing: /home/kailync/ros2_ws/install/fizzbuzz_interfaces/share/fizzbuzz_interfaces/cmake/fizzbuzz_interfaces__rosidl_typesupport_cppExport-noconfig.cmake
-- Installing: /home/kailync/ros2_ws/install/fizzbuzz_interfaces/share/fizzbuzz_interfaces/cmake/export_fizzbuzz_interfaces__rosidl_generator_pyExport.cmake
-- Installing: /home/kailync/ros2_ws/install/fizzbuzz_interfaces/share/fizzbuzz_interfaces/cmake/export_fizzbuzz_interfaces__rosidl_generator_pyExport-noconfig.cmake
-- Installing: /home/kailync/ros2_ws/install/fizzbuzz_interfaces/share/fizzbuzz_interfaces/cmake/rosidl_cmake-extras.cmake
-- Installing: /home/kailync/ros2_ws/install/fizzbuzz_interfaces/share/fizzbuzz_interfaces/cmake/ament_cmake_export_include_directories-extras.cmake
-- Installing: /home/kailync/ros2_ws/install/fizzbuzz_interfaces/share/fizzbuzz_interfaces/cmake/ament_cmake_export_libraries-extras.cmake
-- Installing: /home/kailync/ros2_ws/install/fizzbuzz_interfaces/share/fizzbuzz_interfaces/cmake/ament_cmake_export_targets-extras.cmake
-- Installing: /home/kailync/ros2_ws/install/fizzbuzz_interfaces/share/fizzbuzz_interfaces/cmake/rosidl_cmake_export_typesupport_targets-extras.cmake
-- Installing: /home/kailync/ros2_ws/install/fizzbuzz_interfaces/share/fizzbuzz_interfaces/cmake/ament_cmake_export_dependencies-extras.cmake
-- Installing: /home/kailync/ros2_ws/install/fizzbuzz_interfaces/share/fizzbuzz_interfaces/cmake/rosidl_cmake_export_typesupport_libraries-extras.cmake
-- Installing: /home/kailync/ros2_ws/install/fizzbuzz_interfaces/share/fizzbuzz_interfaces/cmake/fizzbuzz_interfacesConfig.cmake
-- Installing: /home/kailync/ros2_ws/install/fizzbuzz_interfaces/share/fizzbuzz_interfaces/cmake/fizzbuzz_interfacesConfig-version.cmake
-- Installing: /home/kailync/ros2_ws/install/fizzbuzz_interfaces/share/fizzbuzz_interfaces/package.xml
