[0.149s] Invoking command in '/home/kailync/ros2_ws/build/fizzbuzz_interfaces': CMAKE_PREFIX_PATH=/home/kailync/ros2_ws/install/fizzbuzz:/opt/ros/humble /usr/bin/cmake /home/kailync/ros2_ws/src/fizzbuzz_interfaces -DCMAKE_INSTALL_PREFIX=/home/kailync/ros2_ws/install/fizzbuzz_interfaces
[0.261s] -- The C compiler identification is GNU 11.4.0
[0.333s] -- The CXX compiler identification is GNU 11.4.0
[0.341s] -- Detecting C compiler ABI info
[0.385s] -- Detecting C compiler ABI info - done
[0.390s] -- Check for working C compiler: /usr/bin/cc - skipped
[0.391s] -- Detecting C compile features
[0.392s] -- Detecting C compile features - done
[0.394s] -- Detecting CXX compiler ABI info
[0.441s] -- Detecting CXX compiler ABI info - done
[0.446s] -- Check for working CXX compiler: /usr/bin/c++ - skipped
[0.446s] -- Detecting CXX compile features
[0.446s] -- Detecting CXX compile features - done
[0.455s] -- Found ament_cmake: 1.3.11 (/opt/ros/humble/share/ament_cmake/cmake)
[0.551s] -- Found Python3: /usr/bin/python3 (found version "3.10.12") found components: Interpreter 
[0.606s] -- Found rosidl_default_generators: 1.2.0 (/opt/ros/humble/share/rosidl_default_generators/cmake)
[0.609s] -- Using all available rosidl_typesupport_c: rosidl_typesupport_fastrtps_c;rosidl_typesupport_introspection_c
[0.616s] -- Found rosidl_adapter: 3.1.6 (/opt/ros/humble/share/rosidl_adapter/cmake)
[0.649s] -- Using all available rosidl_typesupport_cpp: rosidl_typesupport_fastrtps_cpp;rosidl_typesupport_introspection_cpp
[0.807s] -- Found ament_cmake_ros: 0.10.0 (/opt/ros/humble/share/ament_cmake_ros/cmake)
[0.911s] -- Using all available rosidl_typesupport_c: rosidl_typesupport_fastrtps_c;rosidl_typesupport_introspection_c
[1.047s] -- Using all available rosidl_typesupport_cpp: rosidl_typesupport_fastrtps_cpp;rosidl_typesupport_introspection_cpp
[1.063s] -- Found PythonInterp: /usr/bin/python3 (found suitable version "3.10.12", minimum required is "3.6") 
[1.064s] -- Found python_cmake_module: 0.10.0 (/opt/ros/humble/share/python_cmake_module/cmake)
[1.080s] -- Found PythonLibs: /usr/lib/aarch64-linux-gnu/libpython3.10.so (found suitable version "3.10.12", minimum required is "3.5") 
[1.080s] -- Using PYTHON_EXECUTABLE: /usr/bin/python3
[1.080s] -- Using PYTHON_INCLUDE_DIRS: /usr/include/python3.10
[1.080s] -- Using PYTHON_LIBRARIES: /usr/lib/aarch64-linux-gnu/libpython3.10.so
[1.093s] -- Found PythonExtra: .so  
[1.112s] -- Found ament_lint_auto: 0.12.12 (/opt/ros/humble/share/ament_lint_auto/cmake)
[1.124s] -- Added test 'lint_cmake' to check CMake code style
[1.124s] -- Added test 'xmllint' to check XML markup files
[1.126s] -- Configuring done
[1.142s] -- Generating done
[1.148s] -- Build files have been written to: /home/kailync/ros2_ws/build/fizzbuzz_interfaces
[1.154s] Invoked command in '/home/kailync/ros2_ws/build/fizzbuzz_interfaces' returned '0': CMAKE_PREFIX_PATH=/home/kailync/ros2_ws/install/fizzbuzz:/opt/ros/humble /usr/bin/cmake /home/kailync/ros2_ws/src/fizzbuzz_interfaces -DCMAKE_INSTALL_PREFIX=/home/kailync/ros2_ws/install/fizzbuzz_interfaces
[1.154s] Invoking command in '/home/kailync/ros2_ws/build/fizzbuzz_interfaces': CMAKE_PREFIX_PATH=/home/kailync/ros2_ws/install/fizzbuzz:/opt/ros/humble /usr/bin/cmake --build /home/kailync/ros2_ws/build/fizzbuzz_interfaces -- -j6 -l6
[1.175s] [  3%] [34m[1mGenerating C code for ROS interfaces[0m
[1.180s] [  6%] [34m[1mGenerating C++ code for ROS interfaces[0m
[1.184s] [  6%] Built target ament_cmake_python_copy_fizzbuzz_interfaces
[1.318s] running egg_info
[1.318s] creating fizzbuzz_interfaces.egg-info
[1.318s] writing fizzbuzz_interfaces.egg-info/PKG-INFO
[1.319s] writing dependency_links to fizzbuzz_interfaces.egg-info/dependency_links.txt
[1.319s] writing top-level names to fizzbuzz_interfaces.egg-info/top_level.txt
[1.319s] writing manifest file 'fizzbuzz_interfaces.egg-info/SOURCES.txt'
[1.320s] reading manifest file 'fizzbuzz_interfaces.egg-info/SOURCES.txt'
[1.320s] writing manifest file 'fizzbuzz_interfaces.egg-info/SOURCES.txt'
[1.337s] [  6%] Built target ament_cmake_python_build_fizzbuzz_interfaces_egg
[1.361s] [  6%] Built target fizzbuzz_interfaces__cpp
[1.363s] [  9%] [32mBuilding C object CMakeFiles/fizzbuzz_interfaces__rosidl_generator_c.dir/rosidl_generator_c/fizzbuzz_interfaces/msg/detail/fizz_buzz__functions.c.o[0m
[1.367s] [ 12%] [34m[1mGenerating C++ type support for eProsima Fast-RTPS[0m
[1.367s] [ 16%] [34m[1mGenerating C++ type support dispatch for ROS interfaces[0m
[1.367s] [ 19%] [34m[1mGenerating C++ introspection for ROS interfaces[0m
[1.396s] [ 22%] [32m[1mLinking C shared library libfizzbuzz_interfaces__rosidl_generator_c.so[0m
[1.414s] [ 22%] Built target fizzbuzz_interfaces__rosidl_generator_c
[1.420s] [ 25%] [34m[1mGenerating C introspection for ROS interfaces[0m
[1.420s] [ 29%] [34m[1mGenerating C type support for eProsima Fast-RTPS[0m
[1.420s] [ 32%] [34m[1mGenerating C type support dispatch for ROS interfaces[0m
[1.539s] [ 35%] [32mBuilding CXX object CMakeFiles/fizzbuzz_interfaces__rosidl_typesupport_cpp.dir/rosidl_typesupport_cpp/fizzbuzz_interfaces/msg/fizz_buzz__type_support.cpp.o[0m
[1.544s] [ 38%] [32mBuilding CXX object CMakeFiles/fizzbuzz_interfaces__rosidl_typesupport_introspection_cpp.dir/rosidl_typesupport_introspection_cpp/fizzbuzz_interfaces/msg/detail/fizz_buzz__type_support.cpp.o[0m
[1.560s] [ 41%] [32mBuilding CXX object CMakeFiles/fizzbuzz_interfaces__rosidl_typesupport_fastrtps_cpp.dir/rosidl_typesupport_fastrtps_cpp/fizzbuzz_interfaces/msg/detail/dds_fastrtps/fizz_buzz__type_support.cpp.o[0m
[1.608s] [ 45%] [32mBuilding CXX object CMakeFiles/fizzbuzz_interfaces__rosidl_typesupport_c.dir/rosidl_typesupport_c/fizzbuzz_interfaces/msg/fizz_buzz__type_support.cpp.o[0m
[1.619s] [ 48%] [32mBuilding C object CMakeFiles/fizzbuzz_interfaces__rosidl_typesupport_introspection_c.dir/rosidl_typesupport_introspection_c/fizzbuzz_interfaces/msg/detail/fizz_buzz__type_support.c.o[0m
[1.627s] [ 51%] [32mBuilding CXX object CMakeFiles/fizzbuzz_interfaces__rosidl_typesupport_fastrtps_c.dir/rosidl_typesupport_fastrtps_c/fizzbuzz_interfaces/msg/detail/fizz_buzz__type_support_c.cpp.o[0m
[1.633s] [ 54%] [32m[1mLinking CXX shared library libfizzbuzz_interfaces__rosidl_typesupport_c.so[0m
[1.642s] [ 58%] [32m[1mLinking C shared library libfizzbuzz_interfaces__rosidl_typesupport_introspection_c.so[0m
[1.658s] [ 58%] Built target fizzbuzz_interfaces__rosidl_typesupport_c
[1.661s] [ 58%] Built target fizzbuzz_interfaces__rosidl_typesupport_introspection_c
[1.725s] [ 61%] [32m[1mLinking CXX shared library libfizzbuzz_interfaces__rosidl_typesupport_cpp.so[0m
[1.749s] [ 61%] Built target fizzbuzz_interfaces__rosidl_typesupport_cpp
[1.791s] [ 64%] [32m[1mLinking CXX shared library libfizzbuzz_interfaces__rosidl_typesupport_introspection_cpp.so[0m
[1.833s] [ 64%] Built target fizzbuzz_interfaces__rosidl_typesupport_introspection_cpp
[1.836s] [ 67%] [32m[1mLinking CXX shared library libfizzbuzz_interfaces__rosidl_typesupport_fastrtps_cpp.so[0m
[1.842s] [ 70%] [32m[1mLinking CXX shared library libfizzbuzz_interfaces__rosidl_typesupport_fastrtps_c.so[0m
[1.874s] [ 70%] Built target fizzbuzz_interfaces__rosidl_typesupport_fastrtps_cpp
[1.880s] [ 70%] Built target fizzbuzz_interfaces__rosidl_typesupport_fastrtps_c
[1.889s] [ 70%] Built target fizzbuzz_interfaces
[1.899s] [ 74%] [34m[1mGenerating Python code for ROS interfaces[0m
[2.135s] [ 74%] Built target fizzbuzz_interfaces__py
[2.145s] [ 77%] [32mBuilding C object CMakeFiles/fizzbuzz_interfaces__rosidl_generator_py.dir/rosidl_generator_py/fizzbuzz_interfaces/msg/_fizz_buzz_s.c.o[0m
[2.210s] [ 80%] [32m[1mLinking C shared library rosidl_generator_py/fizzbuzz_interfaces/libfizzbuzz_interfaces__rosidl_generator_py.so[0m
[2.228s] [ 80%] Built target fizzbuzz_interfaces__rosidl_generator_py
[2.239s] [ 83%] [32mBuilding C object CMakeFiles/fizzbuzz_interfaces__rosidl_typesupport_fastrtps_c__pyext.dir/rosidl_generator_py/fizzbuzz_interfaces/_fizzbuzz_interfaces_s.ep.rosidl_typesupport_fastrtps_c.c.o[0m
[2.239s] [ 87%] [32mBuilding C object CMakeFiles/fizzbuzz_interfaces__rosidl_typesupport_introspection_c__pyext.dir/rosidl_generator_py/fizzbuzz_interfaces/_fizzbuzz_interfaces_s.ep.rosidl_typesupport_introspection_c.c.o[0m
[2.240s] [ 90%] [32mBuilding C object CMakeFiles/fizzbuzz_interfaces__rosidl_typesupport_c__pyext.dir/rosidl_generator_py/fizzbuzz_interfaces/_fizzbuzz_interfaces_s.ep.rosidl_typesupport_c.c.o[0m
[2.291s] [ 93%] [32m[1mLinking C shared library rosidl_generator_py/fizzbuzz_interfaces/fizzbuzz_interfaces_s__rosidl_typesupport_c.cpython-310-aarch64-linux-gnu.so[0m
[2.291s] [100%] [32m[1mLinking C shared library rosidl_generator_py/fizzbuzz_interfaces/fizzbuzz_interfaces_s__rosidl_typesupport_introspection_c.cpython-310-aarch64-linux-gnu.so[0m
[2.291s] [100%] [32m[1mLinking C shared library rosidl_generator_py/fizzbuzz_interfaces/fizzbuzz_interfaces_s__rosidl_typesupport_fastrtps_c.cpython-310-aarch64-linux-gnu.so[0m
[2.308s] [100%] Built target fizzbuzz_interfaces__rosidl_typesupport_c__pyext
[2.309s] [100%] Built target fizzbuzz_interfaces__rosidl_typesupport_introspection_c__pyext
[2.309s] [100%] Built target fizzbuzz_interfaces__rosidl_typesupport_fastrtps_c__pyext
[2.316s] Invoked command in '/home/kailync/ros2_ws/build/fizzbuzz_interfaces' returned '0': CMAKE_PREFIX_PATH=/home/kailync/ros2_ws/install/fizzbuzz:/opt/ros/humble /usr/bin/cmake --build /home/kailync/ros2_ws/build/fizzbuzz_interfaces -- -j6 -l6
[2.322s] Invoking command in '/home/kailync/ros2_ws/build/fizzbuzz_interfaces': CMAKE_PREFIX_PATH=/home/kailync/ros2_ws/install/fizzbuzz:/opt/ros/humble /usr/bin/cmake --install /home/kailync/ros2_ws/build/fizzbuzz_interfaces
[2.325s] -- Install configuration: ""
[2.326s] -- Installing: /home/kailync/ros2_ws/install/fizzbuzz_interfaces/share/ament_index/resource_index/rosidl_interfaces/fizzbuzz_interfaces
[2.326s] -- Installing: /home/kailync/ros2_ws/install/fizzbuzz_interfaces/include/fizzbuzz_interfaces/fizzbuzz_interfaces
[2.326s] -- Installing: /home/kailync/ros2_ws/install/fizzbuzz_interfaces/include/fizzbuzz_interfaces/fizzbuzz_interfaces/msg
[2.326s] -- Installing: /home/kailync/ros2_ws/install/fizzbuzz_interfaces/include/fizzbuzz_interfaces/fizzbuzz_interfaces/msg/rosidl_generator_c__visibility_control.h
[2.326s] -- Installing: /home/kailync/ros2_ws/install/fizzbuzz_interfaces/include/fizzbuzz_interfaces/fizzbuzz_interfaces/msg/fizz_buzz.h
[2.326s] -- Installing: /home/kailync/ros2_ws/install/fizzbuzz_interfaces/include/fizzbuzz_interfaces/fizzbuzz_interfaces/msg/detail
[2.326s] -- Installing: /home/kailync/ros2_ws/install/fizzbuzz_interfaces/include/fizzbuzz_interfaces/fizzbuzz_interfaces/msg/detail/fizz_buzz__functions.c
[2.326s] -- Installing: /home/kailync/ros2_ws/install/fizzbuzz_interfaces/include/fizzbuzz_interfaces/fizzbuzz_interfaces/msg/detail/fizz_buzz__type_support.h
[2.326s] -- Installing: /home/kailync/ros2_ws/install/fizzbuzz_interfaces/include/fizzbuzz_interfaces/fizzbuzz_interfaces/msg/detail/fizz_buzz__struct.h
[2.326s] -- Installing: /home/kailync/ros2_ws/install/fizzbuzz_interfaces/include/fizzbuzz_interfaces/fizzbuzz_interfaces/msg/detail/fizz_buzz__functions.h
[2.327s] -- Installing: /home/kailync/ros2_ws/install/fizzbuzz_interfaces/share/fizzbuzz_interfaces/environment/library_path.sh
[2.327s] -- Installing: /home/kailync/ros2_ws/install/fizzbuzz_interfaces/share/fizzbuzz_interfaces/environment/library_path.dsv
[2.327s] -- Installing: /home/kailync/ros2_ws/install/fizzbuzz_interfaces/lib/libfizzbuzz_interfaces__rosidl_generator_c.so
[2.327s] -- Set runtime path of "/home/kailync/ros2_ws/install/fizzbuzz_interfaces/lib/libfizzbuzz_interfaces__rosidl_generator_c.so" to ""
[2.327s] -- Up-to-date: /home/kailync/ros2_ws/install/fizzbuzz_interfaces/include/fizzbuzz_interfaces/fizzbuzz_interfaces
[2.327s] -- Up-to-date: /home/kailync/ros2_ws/install/fizzbuzz_interfaces/include/fizzbuzz_interfaces/fizzbuzz_interfaces/msg
[2.327s] -- Installing: /home/kailync/ros2_ws/install/fizzbuzz_interfaces/include/fizzbuzz_interfaces/fizzbuzz_interfaces/msg/rosidl_typesupport_fastrtps_c__visibility_control.h
[2.327s] -- Up-to-date: /home/kailync/ros2_ws/install/fizzbuzz_interfaces/include/fizzbuzz_interfaces/fizzbuzz_interfaces/msg/detail
[2.327s] -- Installing: /home/kailync/ros2_ws/install/fizzbuzz_interfaces/include/fizzbuzz_interfaces/fizzbuzz_interfaces/msg/detail/fizz_buzz__rosidl_typesupport_fastrtps_c.h
[2.327s] -- Installing: /home/kailync/ros2_ws/install/fizzbuzz_interfaces/lib/libfizzbuzz_interfaces__rosidl_typesupport_fastrtps_c.so
[2.327s] -- Set runtime path of "/home/kailync/ros2_ws/install/fizzbuzz_interfaces/lib/libfizzbuzz_interfaces__rosidl_typesupport_fastrtps_c.so" to ""
[2.327s] -- Up-to-date: /home/kailync/ros2_ws/install/fizzbuzz_interfaces/include/fizzbuzz_interfaces/fizzbuzz_interfaces
[2.328s] -- Up-to-date: /home/kailync/ros2_ws/install/fizzbuzz_interfaces/include/fizzbuzz_interfaces/fizzbuzz_interfaces/msg
[2.328s] -- Installing: /home/kailync/ros2_ws/install/fizzbuzz_interfaces/include/fizzbuzz_interfaces/fizzbuzz_interfaces/msg/rosidl_typesupport_introspection_c__visibility_control.h
[2.328s] -- Up-to-date: /home/kailync/ros2_ws/install/fizzbuzz_interfaces/include/fizzbuzz_interfaces/fizzbuzz_interfaces/msg/detail
[2.328s] -- Installing: /home/kailync/ros2_ws/install/fizzbuzz_interfaces/include/fizzbuzz_interfaces/fizzbuzz_interfaces/msg/detail/fizz_buzz__rosidl_typesupport_introspection_c.h
[2.328s] -- Installing: /home/kailync/ros2_ws/install/fizzbuzz_interfaces/include/fizzbuzz_interfaces/fizzbuzz_interfaces/msg/detail/fizz_buzz__type_support.c
[2.328s] -- Installing: /home/kailync/ros2_ws/install/fizzbuzz_interfaces/lib/libfizzbuzz_interfaces__rosidl_typesupport_introspection_c.so
[2.328s] -- Set runtime path of "/home/kailync/ros2_ws/install/fizzbuzz_interfaces/lib/libfizzbuzz_interfaces__rosidl_typesupport_introspection_c.so" to ""
[2.328s] -- Installing: /home/kailync/ros2_ws/install/fizzbuzz_interfaces/lib/libfizzbuzz_interfaces__rosidl_typesupport_c.so
[2.328s] -- Set runtime path of "/home/kailync/ros2_ws/install/fizzbuzz_interfaces/lib/libfizzbuzz_interfaces__rosidl_typesupport_c.so" to ""
[2.328s] -- Up-to-date: /home/kailync/ros2_ws/install/fizzbuzz_interfaces/include/fizzbuzz_interfaces/fizzbuzz_interfaces
[2.329s] -- Up-to-date: /home/kailync/ros2_ws/install/fizzbuzz_interfaces/include/fizzbuzz_interfaces/fizzbuzz_interfaces/msg
[2.329s] -- Installing: /home/kailync/ros2_ws/install/fizzbuzz_interfaces/include/fizzbuzz_interfaces/fizzbuzz_interfaces/msg/fizz_buzz.hpp
[2.329s] -- Installing: /home/kailync/ros2_ws/install/fizzbuzz_interfaces/include/fizzbuzz_interfaces/fizzbuzz_interfaces/msg/rosidl_generator_cpp__visibility_control.hpp
[2.329s] -- Up-to-date: /home/kailync/ros2_ws/install/fizzbuzz_interfaces/include/fizzbuzz_interfaces/fizzbuzz_interfaces/msg/detail
[2.329s] -- Installing: /home/kailync/ros2_ws/install/fizzbuzz_interfaces/include/fizzbuzz_interfaces/fizzbuzz_interfaces/msg/detail/fizz_buzz__struct.hpp
[2.329s] -- Installing: /home/kailync/ros2_ws/install/fizzbuzz_interfaces/include/fizzbuzz_interfaces/fizzbuzz_interfaces/msg/detail/fizz_buzz__type_support.hpp
[2.329s] -- Installing: /home/kailync/ros2_ws/install/fizzbuzz_interfaces/include/fizzbuzz_interfaces/fizzbuzz_interfaces/msg/detail/fizz_buzz__builder.hpp
[2.329s] -- Installing: /home/kailync/ros2_ws/install/fizzbuzz_interfaces/include/fizzbuzz_interfaces/fizzbuzz_interfaces/msg/detail/fizz_buzz__traits.hpp
[2.329s] -- Up-to-date: /home/kailync/ros2_ws/install/fizzbuzz_interfaces/include/fizzbuzz_interfaces/fizzbuzz_interfaces
[2.329s] -- Up-to-date: /home/kailync/ros2_ws/install/fizzbuzz_interfaces/include/fizzbuzz_interfaces/fizzbuzz_interfaces/msg
[2.329s] -- Installing: /home/kailync/ros2_ws/install/fizzbuzz_interfaces/include/fizzbuzz_interfaces/fizzbuzz_interfaces/msg/rosidl_typesupport_fastrtps_cpp__visibility_control.h
[2.329s] -- Up-to-date: /home/kailync/ros2_ws/install/fizzbuzz_interfaces/include/fizzbuzz_interfaces/fizzbuzz_interfaces/msg/detail
[2.329s] -- Installing: /home/kailync/ros2_ws/install/fizzbuzz_interfaces/include/fizzbuzz_interfaces/fizzbuzz_interfaces/msg/detail/fizz_buzz__rosidl_typesupport_fastrtps_cpp.hpp
[2.329s] -- Installing: /home/kailync/ros2_ws/install/fizzbuzz_interfaces/include/fizzbuzz_interfaces/fizzbuzz_interfaces/msg/detail/dds_fastrtps
[2.329s] -- Installing: /home/kailync/ros2_ws/install/fizzbuzz_interfaces/lib/libfizzbuzz_interfaces__rosidl_typesupport_fastrtps_cpp.so
[2.329s] -- Set runtime path of "/home/kailync/ros2_ws/install/fizzbuzz_interfaces/lib/libfizzbuzz_interfaces__rosidl_typesupport_fastrtps_cpp.so" to ""
[2.330s] -- Up-to-date: /home/kailync/ros2_ws/install/fizzbuzz_interfaces/include/fizzbuzz_interfaces/fizzbuzz_interfaces
[2.330s] -- Up-to-date: /home/kailync/ros2_ws/install/fizzbuzz_interfaces/include/fizzbuzz_interfaces/fizzbuzz_interfaces/msg
[2.330s] -- Up-to-date: /home/kailync/ros2_ws/install/fizzbuzz_interfaces/include/fizzbuzz_interfaces/fizzbuzz_interfaces/msg/detail
[2.330s] -- Installing: /home/kailync/ros2_ws/install/fizzbuzz_interfaces/include/fizzbuzz_interfaces/fizzbuzz_interfaces/msg/detail/fizz_buzz__type_support.cpp
[2.330s] -- Installing: /home/kailync/ros2_ws/install/fizzbuzz_interfaces/include/fizzbuzz_interfaces/fizzbuzz_interfaces/msg/detail/fizz_buzz__rosidl_typesupport_introspection_cpp.hpp
[2.330s] -- Installing: /home/kailync/ros2_ws/install/fizzbuzz_interfaces/lib/libfizzbuzz_interfaces__rosidl_typesupport_introspection_cpp.so
[2.330s] -- Set runtime path of "/home/kailync/ros2_ws/install/fizzbuzz_interfaces/lib/libfizzbuzz_interfaces__rosidl_typesupport_introspection_cpp.so" to ""
[2.330s] -- Installing: /home/kailync/ros2_ws/install/fizzbuzz_interfaces/lib/libfizzbuzz_interfaces__rosidl_typesupport_cpp.so
[2.330s] -- Set runtime path of "/home/kailync/ros2_ws/install/fizzbuzz_interfaces/lib/libfizzbuzz_interfaces__rosidl_typesupport_cpp.so" to ""
[2.330s] -- Installing: /home/kailync/ros2_ws/install/fizzbuzz_interfaces/share/fizzbuzz_interfaces/environment/pythonpath.sh
[2.330s] -- Installing: /home/kailync/ros2_ws/install/fizzbuzz_interfaces/share/fizzbuzz_interfaces/environment/pythonpath.dsv
[2.330s] -- Installing: /home/kailync/ros2_ws/install/fizzbuzz_interfaces/local/lib/python3.10/dist-packages/fizzbuzz_interfaces-0.0.0-py3.10.egg-info
[2.330s] -- Installing: /home/kailync/ros2_ws/install/fizzbuzz_interfaces/local/lib/python3.10/dist-packages/fizzbuzz_interfaces-0.0.0-py3.10.egg-info/PKG-INFO
[2.330s] -- Installing: /home/kailync/ros2_ws/install/fizzbuzz_interfaces/local/lib/python3.10/dist-packages/fizzbuzz_interfaces-0.0.0-py3.10.egg-info/top_level.txt
[2.331s] -- Installing: /home/kailync/ros2_ws/install/fizzbuzz_interfaces/local/lib/python3.10/dist-packages/fizzbuzz_interfaces-0.0.0-py3.10.egg-info/dependency_links.txt
[2.331s] -- Installing: /home/kailync/ros2_ws/install/fizzbuzz_interfaces/local/lib/python3.10/dist-packages/fizzbuzz_interfaces-0.0.0-py3.10.egg-info/SOURCES.txt
[2.331s] -- Installing: /home/kailync/ros2_ws/install/fizzbuzz_interfaces/local/lib/python3.10/dist-packages/fizzbuzz_interfaces
[2.331s] -- Installing: /home/kailync/ros2_ws/install/fizzbuzz_interfaces/local/lib/python3.10/dist-packages/fizzbuzz_interfaces/fizzbuzz_interfaces_s__rosidl_typesupport_fastrtps_c.cpython-310-aarch64-linux-gnu.so
[2.331s] -- Installing: /home/kailync/ros2_ws/install/fizzbuzz_interfaces/local/lib/python3.10/dist-packages/fizzbuzz_interfaces/_fizzbuzz_interfaces_s.ep.rosidl_typesupport_c.c
[2.331s] -- Installing: /home/kailync/ros2_ws/install/fizzbuzz_interfaces/local/lib/python3.10/dist-packages/fizzbuzz_interfaces/_fizzbuzz_interfaces_s.ep.rosidl_typesupport_fastrtps_c.c
[2.331s] -- Installing: /home/kailync/ros2_ws/install/fizzbuzz_interfaces/local/lib/python3.10/dist-packages/fizzbuzz_interfaces/fizzbuzz_interfaces_s__rosidl_typesupport_introspection_c.cpython-310-aarch64-linux-gnu.so
[2.331s] -- Installing: /home/kailync/ros2_ws/install/fizzbuzz_interfaces/local/lib/python3.10/dist-packages/fizzbuzz_interfaces/fizzbuzz_interfaces_s__rosidl_typesupport_c.cpython-310-aarch64-linux-gnu.so
[2.331s] -- Installing: /home/kailync/ros2_ws/install/fizzbuzz_interfaces/local/lib/python3.10/dist-packages/fizzbuzz_interfaces/libfizzbuzz_interfaces__rosidl_generator_py.so
[2.332s] -- Installing: /home/kailync/ros2_ws/install/fizzbuzz_interfaces/local/lib/python3.10/dist-packages/fizzbuzz_interfaces/msg
[2.332s] -- Installing: /home/kailync/ros2_ws/install/fizzbuzz_interfaces/local/lib/python3.10/dist-packages/fizzbuzz_interfaces/msg/_fizz_buzz_s.c
[2.332s] -- Installing: /home/kailync/ros2_ws/install/fizzbuzz_interfaces/local/lib/python3.10/dist-packages/fizzbuzz_interfaces/msg/_fizz_buzz.py
[2.332s] -- Installing: /home/kailync/ros2_ws/install/fizzbuzz_interfaces/local/lib/python3.10/dist-packages/fizzbuzz_interfaces/msg/__init__.py
[2.332s] -- Installing: /home/kailync/ros2_ws/install/fizzbuzz_interfaces/local/lib/python3.10/dist-packages/fizzbuzz_interfaces/__init__.py
[2.332s] -- Installing: /home/kailync/ros2_ws/install/fizzbuzz_interfaces/local/lib/python3.10/dist-packages/fizzbuzz_interfaces/_fizzbuzz_interfaces_s.ep.rosidl_typesupport_introspection_c.c
[2.352s] Listing '/home/kailync/ros2_ws/install/fizzbuzz_interfaces/local/lib/python3.10/dist-packages/fizzbuzz_interfaces'...
[2.352s] Compiling '/home/kailync/ros2_ws/install/fizzbuzz_interfaces/local/lib/python3.10/dist-packages/fizzbuzz_interfaces/__init__.py'...
[2.352s] Listing '/home/kailync/ros2_ws/install/fizzbuzz_interfaces/local/lib/python3.10/dist-packages/fizzbuzz_interfaces/msg'...
[2.352s] Compiling '/home/kailync/ros2_ws/install/fizzbuzz_interfaces/local/lib/python3.10/dist-packages/fizzbuzz_interfaces/msg/__init__.py'...
[2.352s] Compiling '/home/kailync/ros2_ws/install/fizzbuzz_interfaces/local/lib/python3.10/dist-packages/fizzbuzz_interfaces/msg/_fizz_buzz.py'...
[2.354s] -- Installing: /home/kailync/ros2_ws/install/fizzbuzz_interfaces/local/lib/python3.10/dist-packages/fizzbuzz_interfaces/fizzbuzz_interfaces_s__rosidl_typesupport_fastrtps_c.cpython-310-aarch64-linux-gnu.so
[2.355s] -- Set runtime path of "/home/kailync/ros2_ws/install/fizzbuzz_interfaces/local/lib/python3.10/dist-packages/fizzbuzz_interfaces/fizzbuzz_interfaces_s__rosidl_typesupport_fastrtps_c.cpython-310-aarch64-linux-gnu.so" to ""
[2.355s] -- Installing: /home/kailync/ros2_ws/install/fizzbuzz_interfaces/local/lib/python3.10/dist-packages/fizzbuzz_interfaces/fizzbuzz_interfaces_s__rosidl_typesupport_introspection_c.cpython-310-aarch64-linux-gnu.so
[2.355s] -- Set runtime path of "/home/kailync/ros2_ws/install/fizzbuzz_interfaces/local/lib/python3.10/dist-packages/fizzbuzz_interfaces/fizzbuzz_interfaces_s__rosidl_typesupport_introspection_c.cpython-310-aarch64-linux-gnu.so" to ""
[2.355s] -- Installing: /home/kailync/ros2_ws/install/fizzbuzz_interfaces/local/lib/python3.10/dist-packages/fizzbuzz_interfaces/fizzbuzz_interfaces_s__rosidl_typesupport_c.cpython-310-aarch64-linux-gnu.so
[2.356s] -- Set runtime path of "/home/kailync/ros2_ws/install/fizzbuzz_interfaces/local/lib/python3.10/dist-packages/fizzbuzz_interfaces/fizzbuzz_interfaces_s__rosidl_typesupport_c.cpython-310-aarch64-linux-gnu.so" to ""
[2.356s] -- Installing: /home/kailync/ros2_ws/install/fizzbuzz_interfaces/lib/libfizzbuzz_interfaces__rosidl_generator_py.so
[2.356s] -- Set runtime path of "/home/kailync/ros2_ws/install/fizzbuzz_interfaces/lib/libfizzbuzz_interfaces__rosidl_generator_py.so" to ""
[2.356s] -- Installing: /home/kailync/ros2_ws/install/fizzbuzz_interfaces/share/fizzbuzz_interfaces/msg/FizzBuzz.idl
[2.356s] -- Installing: /home/kailync/ros2_ws/install/fizzbuzz_interfaces/share/fizzbuzz_interfaces/msg/FizzBuzz.msg
[2.356s] -- Installing: /home/kailync/ros2_ws/install/fizzbuzz_interfaces/share/ament_index/resource_index/package_run_dependencies/fizzbuzz_interfaces
[2.356s] -- Installing: /home/kailync/ros2_ws/install/fizzbuzz_interfaces/share/ament_index/resource_index/parent_prefix_path/fizzbuzz_interfaces
[2.356s] -- Installing: /home/kailync/ros2_ws/install/fizzbuzz_interfaces/share/fizzbuzz_interfaces/environment/ament_prefix_path.sh
[2.356s] -- Installing: /home/kailync/ros2_ws/install/fizzbuzz_interfaces/share/fizzbuzz_interfaces/environment/ament_prefix_path.dsv
[2.356s] -- Installing: /home/kailync/ros2_ws/install/fizzbuzz_interfaces/share/fizzbuzz_interfaces/environment/path.sh
[2.357s] -- Installing: /home/kailync/ros2_ws/install/fizzbuzz_interfaces/share/fizzbuzz_interfaces/environment/path.dsv
[2.357s] -- Installing: /home/kailync/ros2_ws/install/fizzbuzz_interfaces/share/fizzbuzz_interfaces/local_setup.bash
[2.357s] -- Installing: /home/kailync/ros2_ws/install/fizzbuzz_interfaces/share/fizzbuzz_interfaces/local_setup.sh
[2.357s] -- Installing: /home/kailync/ros2_ws/install/fizzbuzz_interfaces/share/fizzbuzz_interfaces/local_setup.zsh
[2.357s] -- Installing: /home/kailync/ros2_ws/install/fizzbuzz_interfaces/share/fizzbuzz_interfaces/local_setup.dsv
[2.357s] -- Installing: /home/kailync/ros2_ws/install/fizzbuzz_interfaces/share/fizzbuzz_interfaces/package.dsv
[2.357s] -- Installing: /home/kailync/ros2_ws/install/fizzbuzz_interfaces/share/ament_index/resource_index/packages/fizzbuzz_interfaces
[2.357s] -- Installing: /home/kailync/ros2_ws/install/fizzbuzz_interfaces/share/fizzbuzz_interfaces/cmake/export_fizzbuzz_interfaces__rosidl_generator_cExport.cmake
[2.357s] -- Installing: /home/kailync/ros2_ws/install/fizzbuzz_interfaces/share/fizzbuzz_interfaces/cmake/export_fizzbuzz_interfaces__rosidl_generator_cExport-noconfig.cmake
[2.358s] -- Installing: /home/kailync/ros2_ws/install/fizzbuzz_interfaces/share/fizzbuzz_interfaces/cmake/export_fizzbuzz_interfaces__rosidl_typesupport_fastrtps_cExport.cmake
[2.358s] -- Installing: /home/kailync/ros2_ws/install/fizzbuzz_interfaces/share/fizzbuzz_interfaces/cmake/export_fizzbuzz_interfaces__rosidl_typesupport_fastrtps_cExport-noconfig.cmake
[2.358s] -- Installing: /home/kailync/ros2_ws/install/fizzbuzz_interfaces/share/fizzbuzz_interfaces/cmake/fizzbuzz_interfaces__rosidl_typesupport_introspection_cExport.cmake
[2.358s] -- Installing: /home/kailync/ros2_ws/install/fizzbuzz_interfaces/share/fizzbuzz_interfaces/cmake/fizzbuzz_interfaces__rosidl_typesupport_introspection_cExport-noconfig.cmake
[2.358s] -- Installing: /home/kailync/ros2_ws/install/fizzbuzz_interfaces/share/fizzbuzz_interfaces/cmake/fizzbuzz_interfaces__rosidl_typesupport_cExport.cmake
[2.358s] -- Installing: /home/kailync/ros2_ws/install/fizzbuzz_interfaces/share/fizzbuzz_interfaces/cmake/fizzbuzz_interfaces__rosidl_typesupport_cExport-noconfig.cmake
[2.358s] -- Installing: /home/kailync/ros2_ws/install/fizzbuzz_interfaces/share/fizzbuzz_interfaces/cmake/export_fizzbuzz_interfaces__rosidl_generator_cppExport.cmake
[2.358s] -- Installing: /home/kailync/ros2_ws/install/fizzbuzz_interfaces/share/fizzbuzz_interfaces/cmake/export_fizzbuzz_interfaces__rosidl_typesupport_fastrtps_cppExport.cmake
[2.358s] -- Installing: /home/kailync/ros2_ws/install/fizzbuzz_interfaces/share/fizzbuzz_interfaces/cmake/export_fizzbuzz_interfaces__rosidl_typesupport_fastrtps_cppExport-noconfig.cmake
[2.358s] -- Installing: /home/kailync/ros2_ws/install/fizzbuzz_interfaces/share/fizzbuzz_interfaces/cmake/fizzbuzz_interfaces__rosidl_typesupport_introspection_cppExport.cmake
[2.358s] -- Installing: /home/kailync/ros2_ws/install/fizzbuzz_interfaces/share/fizzbuzz_interfaces/cmake/fizzbuzz_interfaces__rosidl_typesupport_introspection_cppExport-noconfig.cmake
[2.358s] -- Installing: /home/kailync/ros2_ws/install/fizzbuzz_interfaces/share/fizzbuzz_interfaces/cmake/fizzbuzz_interfaces__rosidl_typesupport_cppExport.cmake
[2.358s] -- Installing: /home/kailync/ros2_ws/install/fizzbuzz_interfaces/share/fizzbuzz_interfaces/cmake/fizzbuzz_interfaces__rosidl_typesupport_cppExport-noconfig.cmake
[2.358s] -- Installing: /home/kailync/ros2_ws/install/fizzbuzz_interfaces/share/fizzbuzz_interfaces/cmake/export_fizzbuzz_interfaces__rosidl_generator_pyExport.cmake
[2.359s] -- Installing: /home/kailync/ros2_ws/install/fizzbuzz_interfaces/share/fizzbuzz_interfaces/cmake/export_fizzbuzz_interfaces__rosidl_generator_pyExport-noconfig.cmake
[2.359s] -- Installing: /home/kailync/ros2_ws/install/fizzbuzz_interfaces/share/fizzbuzz_interfaces/cmake/rosidl_cmake-extras.cmake
[2.359s] -- Installing: /home/kailync/ros2_ws/install/fizzbuzz_interfaces/share/fizzbuzz_interfaces/cmake/ament_cmake_export_include_directories-extras.cmake
[2.359s] -- Installing: /home/kailync/ros2_ws/install/fizzbuzz_interfaces/share/fizzbuzz_interfaces/cmake/ament_cmake_export_libraries-extras.cmake
[2.359s] -- Installing: /home/kailync/ros2_ws/install/fizzbuzz_interfaces/share/fizzbuzz_interfaces/cmake/ament_cmake_export_targets-extras.cmake
[2.359s] -- Installing: /home/kailync/ros2_ws/install/fizzbuzz_interfaces/share/fizzbuzz_interfaces/cmake/rosidl_cmake_export_typesupport_targets-extras.cmake
[2.359s] -- Installing: /home/kailync/ros2_ws/install/fizzbuzz_interfaces/share/fizzbuzz_interfaces/cmake/ament_cmake_export_dependencies-extras.cmake
[2.359s] -- Installing: /home/kailync/ros2_ws/install/fizzbuzz_interfaces/share/fizzbuzz_interfaces/cmake/rosidl_cmake_export_typesupport_libraries-extras.cmake
[2.359s] -- Installing: /home/kailync/ros2_ws/install/fizzbuzz_interfaces/share/fizzbuzz_interfaces/cmake/fizzbuzz_interfacesConfig.cmake
[2.359s] -- Installing: /home/kailync/ros2_ws/install/fizzbuzz_interfaces/share/fizzbuzz_interfaces/cmake/fizzbuzz_interfacesConfig-version.cmake
[2.359s] -- Installing: /home/kailync/ros2_ws/install/fizzbuzz_interfaces/share/fizzbuzz_interfaces/package.xml
[2.361s] Invoked command in '/home/kailync/ros2_ws/build/fizzbuzz_interfaces' returned '0': CMAKE_PREFIX_PATH=/home/kailync/ros2_ws/install/fizzbuzz:/opt/ros/humble /usr/bin/cmake --install /home/kailync/ros2_ws/build/fizzbuzz_interfaces
