[1.799s] Invoking command in '/home/kailync/ros2_ws/src/webcam': PYTHONPATH=/home/kailync/ros2_ws/build/webcam/prefix_override:/usr/lib/python3/dist-packages/colcon_core/task/python/colcon_distutils_commands:/home/kailync/ros2_ws/install/webcam/lib/python3.10/site-packages:${PYTHONPATH} /usr/bin/python3 -W ignore:setup.py install is deprecated -W ignore:easy_install command is deprecated setup.py egg_info --egg-base ../../build/webcam build --build-base /home/kailync/ros2_ws/build/webcam/build install --record /home/kailync/ros2_ws/build/webcam/install.log --single-version-externally-managed install_data
[2.128s] running egg_info
[2.129s] writing ../../build/webcam/webcam.egg-info/PKG-INFO
[2.131s] writing dependency_links to ../../build/webcam/webcam.egg-info/dependency_links.txt
[2.132s] writing entry points to ../../build/webcam/webcam.egg-info/entry_points.txt
[2.133s] writing requirements to ../../build/webcam/webcam.egg-info/requires.txt
[2.133s] writing top-level names to ../../build/webcam/webcam.egg-info/top_level.txt
[2.143s] reading manifest file '../../build/webcam/webcam.egg-info/SOURCES.txt'
[2.147s] writing manifest file '../../build/webcam/webcam.egg-info/SOURCES.txt'
[2.147s] running build
[2.154s] running build_py
[2.156s] running install
[2.163s] running install_lib
[2.168s] running install_data
[2.169s] running install_egg_info
[2.172s] removing '/home/kailync/ros2_ws/install/webcam/lib/python3.10/site-packages/webcam-0.0.0-py3.10.egg-info' (and everything under it)
[2.172s] Copying ../../build/webcam/webcam.egg-info to /home/kailync/ros2_ws/install/webcam/lib/python3.10/site-packages/webcam-0.0.0-py3.10.egg-info
[2.181s] running install_scripts
[2.262s] Installing webcam_node script to /home/kailync/ros2_ws/install/webcam/lib/webcam
[2.262s] writing list of installed files to '/home/kailync/ros2_ws/build/webcam/install.log'
[2.326s] Invoked command in '/home/kailync/ros2_ws/src/webcam' returned '0': PYTHONPATH=/home/kailync/ros2_ws/build/webcam/prefix_override:/usr/lib/python3/dist-packages/colcon_core/task/python/colcon_distutils_commands:/home/kailync/ros2_ws/install/webcam/lib/python3.10/site-packages:${PYTHONPATH} /usr/bin/python3 -W ignore:setup.py install is deprecated -W ignore:easy_install command is deprecated setup.py egg_info --egg-base ../../build/webcam build --build-base /home/kailync/ros2_ws/build/webcam/build install --record /home/kailync/ros2_ws/build/webcam/install.log --single-version-externally-managed install_data
