[1.501s] Invoking command in '/home/kailync/ros2_ws/src/webcam': PYTHONPATH=/home/kailync/ros2_ws/build/webcam/prefix_override:/usr/lib/python3/dist-packages/colcon_core/task/python/colcon_distutils_commands:/home/kailync/ros2_ws/install/webcam/lib/python3.10/site-packages:${PYTHONPATH} /usr/bin/python3 -W ignore:setup.py install is deprecated -W ignore:easy_install command is deprecated setup.py egg_info --egg-base ../../build/webcam build --build-base /home/kailync/ros2_ws/build/webcam/build install --record /home/kailync/ros2_ws/build/webcam/install.log --single-version-externally-managed install_data
[1.709s] running egg_info
[1.709s] writing ../../build/webcam/webcam.egg-info/PKG-INFO
[1.709s] writing dependency_links to ../../build/webcam/webcam.egg-info/dependency_links.txt
[1.709s] writing entry points to ../../build/webcam/webcam.egg-info/entry_points.txt
[1.710s] writing requirements to ../../build/webcam/webcam.egg-info/requires.txt
[1.710s] writing top-level names to ../../build/webcam/webcam.egg-info/top_level.txt
[1.712s] reading manifest file '../../build/webcam/webcam.egg-info/SOURCES.txt'
[1.713s] writing manifest file '../../build/webcam/webcam.egg-info/SOURCES.txt'
[1.713s] running build
[1.714s] running build_py
[1.714s] running install
[1.714s] running install_lib
[1.715s] running install_data
[1.715s] running install_egg_info
[1.717s] removing '/home/kailync/ros2_ws/install/webcam/lib/python3.10/site-packages/webcam-0.0.0-py3.10.egg-info' (and everything under it)
[1.718s] Copying ../../build/webcam/webcam.egg-info to /home/kailync/ros2_ws/install/webcam/lib/python3.10/site-packages/webcam-0.0.0-py3.10.egg-info
[1.718s] running install_scripts
[1.734s] Installing webcam_node script to /home/kailync/ros2_ws/install/webcam/lib/webcam
[1.735s] writing list of installed files to '/home/kailync/ros2_ws/build/webcam/install.log'
[1.768s] Invoked command in '/home/kailync/ros2_ws/src/webcam' returned '0': PYTHONPATH=/home/kailync/ros2_ws/build/webcam/prefix_override:/usr/lib/python3/dist-packages/colcon_core/task/python/colcon_distutils_commands:/home/kailync/ros2_ws/install/webcam/lib/python3.10/site-packages:${PYTHONPATH} /usr/bin/python3 -W ignore:setup.py install is deprecated -W ignore:easy_install command is deprecated setup.py egg_info --egg-base ../../build/webcam build --build-base /home/kailync/ros2_ws/build/webcam/build install --record /home/kailync/ros2_ws/build/webcam/install.log --single-version-externally-managed install_data
