[1.325s] Invoking command in '/home/kailync/ros2_ws/src/ar_tag': PYTHONPATH=/home/kailync/ros2_ws/build/ar_tag/prefix_override:/usr/lib/python3/dist-packages/colcon_core/task/python/colcon_distutils_commands:/home/kailync/ros2_ws/install/ar_tag/lib/python3.10/site-packages:${PYTHONPATH} /usr/bin/python3 -W ignore:setup.py install is deprecated -W ignore:easy_install command is deprecated setup.py egg_info --egg-base ../../build/ar_tag build --build-base /home/kailync/ros2_ws/build/ar_tag/build install --record /home/kailync/ros2_ws/build/ar_tag/install.log --single-version-externally-managed install_data
[1.708s] running egg_info
[1.708s] writing ../../build/ar_tag/ar_tag.egg-info/PKG-INFO
[1.708s] writing dependency_links to ../../build/ar_tag/ar_tag.egg-info/dependency_links.txt
[1.708s] writing entry points to ../../build/ar_tag/ar_tag.egg-info/entry_points.txt
[1.708s] writing requirements to ../../build/ar_tag/ar_tag.egg-info/requires.txt
[1.708s] writing top-level names to ../../build/ar_tag/ar_tag.egg-info/top_level.txt
[1.708s] reading manifest file '../../build/ar_tag/ar_tag.egg-info/SOURCES.txt'
[1.710s] writing manifest file '../../build/ar_tag/ar_tag.egg-info/SOURCES.txt'
[1.714s] running build
[1.714s] running build_py
[1.715s] copying ar_tag/tag_test_node.py -> /home/kailync/ros2_ws/build/ar_tag/build/lib/ar_tag
[1.715s] running install
[1.716s] running install_lib
[1.717s] copying /home/kailync/ros2_ws/build/ar_tag/build/lib/ar_tag/tag_test_node.py -> /home/kailync/ros2_ws/install/ar_tag/lib/python3.10/site-packages/ar_tag
[1.717s] byte-compiling /home/kailync/ros2_ws/install/ar_tag/lib/python3.10/site-packages/ar_tag/tag_test_node.py to tag_test_node.cpython-310.pyc
[1.719s] running install_data
[1.719s] running install_egg_info
[1.722s] removing '/home/kailync/ros2_ws/install/ar_tag/lib/python3.10/site-packages/ar_tag-0.0.0-py3.10.egg-info' (and everything under it)
[1.722s] Copying ../../build/ar_tag/ar_tag.egg-info to /home/kailync/ros2_ws/install/ar_tag/lib/python3.10/site-packages/ar_tag-0.0.0-py3.10.egg-info
[1.724s] running install_scripts
[1.740s] Installing tag_test_node script to /home/kailync/ros2_ws/install/ar_tag/lib/ar_tag
[1.740s] writing list of installed files to '/home/kailync/ros2_ws/build/ar_tag/install.log'
[1.763s] Invoked command in '/home/kailync/ros2_ws/src/ar_tag' returned '0': PYTHONPATH=/home/kailync/ros2_ws/build/ar_tag/prefix_override:/usr/lib/python3/dist-packages/colcon_core/task/python/colcon_distutils_commands:/home/kailync/ros2_ws/install/ar_tag/lib/python3.10/site-packages:${PYTHONPATH} /usr/bin/python3 -W ignore:setup.py install is deprecated -W ignore:easy_install command is deprecated setup.py egg_info --egg-base ../../build/ar_tag build --build-base /home/kailync/ros2_ws/build/ar_tag/build install --record /home/kailync/ros2_ws/build/ar_tag/install.log --single-version-externally-managed install_data
