running egg_info
creating ../../build/ar_tag/ar_tag.egg-info
writing ../../build/ar_tag/ar_tag.egg-info/PKG-INFO
writing dependency_links to ../../build/ar_tag/ar_tag.egg-info/dependency_links.txt
writing entry points to ../../build/ar_tag/ar_tag.egg-info/entry_points.txt
writing requirements to ../../build/ar_tag/ar_tag.egg-info/requires.txt
writing top-level names to ../../build/ar_tag/ar_tag.egg-info/top_level.txt
writing manifest file '../../build/ar_tag/ar_tag.egg-info/SOURCES.txt'
reading manifest file '../../build/ar_tag/ar_tag.egg-info/SOURCES.txt'
writing manifest file '../../build/ar_tag/ar_tag.egg-info/SOURCES.txt'
running build
running build_py
creating /home/kailync/ros2_ws/build/ar_tag/build
creating /home/kailync/ros2_ws/build/ar_tag/build/lib
creating /home/kailync/ros2_ws/build/ar_tag/build/lib/ar_tag
copying ar_tag/__init__.py -> /home/kailync/ros2_ws/build/ar_tag/build/lib/ar_tag
running install
running install_lib
creating /home/kailync/ros2_ws/install/ar_tag/lib/python3.10/site-packages/ar_tag
copying /home/kailync/ros2_ws/build/ar_tag/build/lib/ar_tag/__init__.py -> /home/kailync/ros2_ws/install/ar_tag/lib/python3.10/site-packages/ar_tag
byte-compiling /home/kailync/ros2_ws/install/ar_tag/lib/python3.10/site-packages/ar_tag/__init__.py to __init__.cpython-310.pyc
running install_data
creating /home/kailync/ros2_ws/install/ar_tag/share/ament_index
creating /home/kailync/ros2_ws/install/ar_tag/share/ament_index/resource_index
creating /home/kailync/ros2_ws/install/ar_tag/share/ament_index/resource_index/packages
copying resource/ar_tag -> /home/kailync/ros2_ws/install/ar_tag/share/ament_index/resource_index/packages
copying package.xml -> /home/kailync/ros2_ws/install/ar_tag/share/ar_tag
running install_egg_info
Copying ../../build/ar_tag/ar_tag.egg-info to /home/kailync/ros2_ws/install/ar_tag/lib/python3.10/site-packages/ar_tag-0.0.0-py3.10.egg-info
running install_scripts
writing list of installed files to '/home/kailync/ros2_ws/build/ar_tag/install.log'
