[0.036s] Invoking command in '/home/kailync/ros2_ws/build/px4_msgs': CMAKE_PREFIX_PATH=/opt/ros/humble /usr/bin/cmake --build /home/kailync/ros2_ws/build/px4_msgs -- -j6 -l6
[0.967s] [  0%] Built target px4_msgs__cpp
[1.129s] [35m[1mConsolidate compiler generated dependencies of target px4_msgs__rosidl_generator_c[0m
[1.242s] [ 12%] Built target px4_msgs__rosidl_generator_c
[1.259s] [35m[1mConsolidate compiler generated dependencies of target px4_msgs__rosidl_typesupport_cpp[0m
[1.274s] [35m[1mConsolidate compiler generated dependencies of target px4_msgs__rosidl_typesupport_fastrtps_cpp[0m
[1.277s] [35m[1mConsolidate compiler generated dependencies of target px4_msgs__rosidl_typesupport_introspection_cpp[0m
[1.343s] [ 12%] Built target ament_cmake_python_copy_px4_msgs
[1.399s] [35m[1mConsolidate compiler generated dependencies of target px4_msgs__rosidl_typesupport_introspection_c[0m
[1.439s] [ 24%] Built target px4_msgs__rosidl_typesupport_cpp
[1.469s] [ 37%] Built target px4_msgs__rosidl_typesupport_introspection_cpp
[1.471s] [ 50%] Built target px4_msgs__rosidl_typesupport_introspection_c
[1.475s] [ 62%] Built target px4_msgs__rosidl_typesupport_fastrtps_cpp
[1.490s] [35m[1mConsolidate compiler generated dependencies of target px4_msgs__rosidl_typesupport_fastrtps_c[0m
[1.498s] [35m[1mConsolidate compiler generated dependencies of target px4_msgs__rosidl_typesupport_c[0m
[1.542s] [ 75%] Built target px4_msgs__rosidl_typesupport_c
[1.617s] running egg_info
[1.617s] writing px4_msgs.egg-info/PKG-INFO
[1.618s] writing dependency_links to px4_msgs.egg-info/dependency_links.txt
[1.618s] writing top-level names to px4_msgs.egg-info/top_level.txt
[1.622s] reading manifest file 'px4_msgs.egg-info/SOURCES.txt'
[1.623s] writing manifest file 'px4_msgs.egg-info/SOURCES.txt'
[1.632s] [ 88%] Built target px4_msgs__rosidl_typesupport_fastrtps_c
[1.644s] [ 88%] Built target ament_cmake_python_build_px4_msgs_egg
[1.652s] [ 88%] Built target px4_msgs
[1.684s] [ 88%] Built target px4_msgs__py
[1.799s] [35m[1mConsolidate compiler generated dependencies of target px4_msgs__rosidl_generator_py[0m
[1.948s] [100%] Built target px4_msgs__rosidl_generator_py
[1.958s] [35m[1mConsolidate compiler generated dependencies of target px4_msgs__rosidl_typesupport_fastrtps_c__pyext[0m
[1.959s] [35m[1mConsolidate compiler generated dependencies of target px4_msgs__rosidl_typesupport_introspection_c__pyext[0m
[1.960s] [35m[1mConsolidate compiler generated dependencies of target px4_msgs__rosidl_typesupport_c__pyext[0m
[1.975s] [100%] Built target px4_msgs__rosidl_typesupport_fastrtps_c__pyext
[1.975s] [100%] Built target px4_msgs__rosidl_typesupport_introspection_c__pyext
[1.975s] [100%] Built target px4_msgs__rosidl_typesupport_c__pyext
