[0.122s] DEBUG:colcon:Command line arguments: ['/usr/bin/colcon', 'build']
[0.123s] DEBUG:colcon:Parsed command line arguments: Namespace(log_base=None, log_level=None, verb_name='build', build_base='build', install_base='install', merge_install=False, symlink_install=False, test_result_base=None, continue_on_error=False, executor='parallel', parallel_workers=6, event_handlers=None, ignore_user_meta=False, metas=['./colcon.meta'], base_paths=['.'], packages_ignore=None, packages_ignore_regex=None, paths=None, packages_up_to=None, packages_up_to_regex=None, packages_above=None, packages_above_and_dependencies=None, packages_above_depth=None, packages_select_by_dep=None, packages_skip_by_dep=None, packages_skip_up_to=None, packages_select_build_failed=False, packages_skip_build_finished=False, packages_select_test_failures=False, packages_skip_test_passed=False, packages_select=None, packages_skip=None, packages_select_regex=None, packages_skip_regex=None, packages_start=None, packages_end=None, allow_overriding=[], cmake_args=None, cmake_target=None, cmake_target_skip_unavailable=False, cmake_clean_cache=False, cmake_clean_first=False, cmake_force_configure=False, ament_cmake_args=None, catkin_cmake_args=None, catkin_skip_building_tests=False, verb_parser=<colcon_defaults.argument_parser.defaults.DefaultArgumentsDecorator object at 0xffff9a6ddd80>, verb_extension=<colcon_core.verb.build.BuildVerb object at 0xffff9a6dd6c0>, main=<bound method BuildVerb.main of <colcon_core.verb.build.BuildVerb object at 0xffff9a6dd6c0>>)
[0.266s] Level 1:colcon.colcon_core.package_discovery:discover_packages(colcon_meta) check parameters
[0.266s] Level 1:colcon.colcon_core.package_discovery:discover_packages(recursive) check parameters
[0.266s] Level 1:colcon.colcon_core.package_discovery:discover_packages(ignore) check parameters
[0.266s] Level 1:colcon.colcon_core.package_discovery:discover_packages(path) check parameters
[0.266s] Level 1:colcon.colcon_core.package_discovery:discover_packages(colcon_meta) discover
[0.267s] Level 1:colcon.colcon_core.package_discovery:discover_packages(recursive) discover
[0.267s] INFO:colcon.colcon_core.package_discovery:Crawling recursively for packages in '/home/kailync/ros2_ws'
[0.267s] Level 1:colcon.colcon_core.package_identification:_identify(.) by extensions ['ignore', 'ignore_ament_install']
[0.267s] Level 1:colcon.colcon_core.package_identification:_identify(.) by extension 'ignore'
[0.267s] Level 1:colcon.colcon_core.package_identification:_identify(.) by extension 'ignore_ament_install'
[0.267s] Level 1:colcon.colcon_core.package_identification:_identify(.) by extensions ['colcon_pkg']
[0.267s] Level 1:colcon.colcon_core.package_identification:_identify(.) by extension 'colcon_pkg'
[0.267s] Level 1:colcon.colcon_core.package_identification:_identify(.) by extensions ['colcon_meta']
[0.267s] Level 1:colcon.colcon_core.package_identification:_identify(.) by extension 'colcon_meta'
[0.267s] Level 1:colcon.colcon_core.package_identification:_identify(.) by extensions ['ros']
[0.267s] Level 1:colcon.colcon_core.package_identification:_identify(.) by extension 'ros'
[0.278s] Level 1:colcon.colcon_core.package_identification:_identify(.) by extensions ['cmake', 'python']
[0.279s] Level 1:colcon.colcon_core.package_identification:_identify(.) by extension 'cmake'
[0.279s] Level 1:colcon.colcon_core.package_identification:_identify(.) by extension 'python'
[0.279s] Level 1:colcon.colcon_core.package_identification:_identify(.) by extensions ['python_setup_py']
[0.279s] Level 1:colcon.colcon_core.package_identification:_identify(.) by extension 'python_setup_py'
[0.280s] Level 1:colcon.colcon_core.package_identification:_identify(bag_files) by extensions ['ignore', 'ignore_ament_install']
[0.280s] Level 1:colcon.colcon_core.package_identification:_identify(bag_files) by extension 'ignore'
[0.280s] Level 1:colcon.colcon_core.package_identification:_identify(bag_files) by extension 'ignore_ament_install'
[0.280s] Level 1:colcon.colcon_core.package_identification:_identify(bag_files) by extensions ['colcon_pkg']
[0.280s] Level 1:colcon.colcon_core.package_identification:_identify(bag_files) by extension 'colcon_pkg'
[0.280s] Level 1:colcon.colcon_core.package_identification:_identify(bag_files) by extensions ['colcon_meta']
[0.280s] Level 1:colcon.colcon_core.package_identification:_identify(bag_files) by extension 'colcon_meta'
[0.280s] Level 1:colcon.colcon_core.package_identification:_identify(bag_files) by extensions ['ros']
[0.280s] Level 1:colcon.colcon_core.package_identification:_identify(bag_files) by extension 'ros'
[0.280s] Level 1:colcon.colcon_core.package_identification:_identify(bag_files) by extensions ['cmake', 'python']
[0.280s] Level 1:colcon.colcon_core.package_identification:_identify(bag_files) by extension 'cmake'
[0.280s] Level 1:colcon.colcon_core.package_identification:_identify(bag_files) by extension 'python'
[0.280s] Level 1:colcon.colcon_core.package_identification:_identify(bag_files) by extensions ['python_setup_py']
[0.280s] Level 1:colcon.colcon_core.package_identification:_identify(bag_files) by extension 'python_setup_py'
[0.281s] Level 1:colcon.colcon_core.package_identification:_identify(bag_files/converted_rosbag) by extensions ['ignore', 'ignore_ament_install']
[0.281s] Level 1:colcon.colcon_core.package_identification:_identify(bag_files/converted_rosbag) by extension 'ignore'
[0.281s] Level 1:colcon.colcon_core.package_identification:_identify(bag_files/converted_rosbag) by extension 'ignore_ament_install'
[0.281s] Level 1:colcon.colcon_core.package_identification:_identify(bag_files/converted_rosbag) by extensions ['colcon_pkg']
[0.281s] Level 1:colcon.colcon_core.package_identification:_identify(bag_files/converted_rosbag) by extension 'colcon_pkg'
[0.281s] Level 1:colcon.colcon_core.package_identification:_identify(bag_files/converted_rosbag) by extensions ['colcon_meta']
[0.281s] Level 1:colcon.colcon_core.package_identification:_identify(bag_files/converted_rosbag) by extension 'colcon_meta'
[0.281s] Level 1:colcon.colcon_core.package_identification:_identify(bag_files/converted_rosbag) by extensions ['ros']
[0.281s] Level 1:colcon.colcon_core.package_identification:_identify(bag_files/converted_rosbag) by extension 'ros'
[0.281s] Level 1:colcon.colcon_core.package_identification:_identify(bag_files/converted_rosbag) by extensions ['cmake', 'python']
[0.281s] Level 1:colcon.colcon_core.package_identification:_identify(bag_files/converted_rosbag) by extension 'cmake'
[0.281s] Level 1:colcon.colcon_core.package_identification:_identify(bag_files/converted_rosbag) by extension 'python'
[0.282s] Level 1:colcon.colcon_core.package_identification:_identify(bag_files/converted_rosbag) by extensions ['python_setup_py']
[0.282s] Level 1:colcon.colcon_core.package_identification:_identify(bag_files/converted_rosbag) by extension 'python_setup_py'
[0.282s] Level 1:colcon.colcon_core.package_identification:_identify(bag_files/converted_rosbag2) by extensions ['ignore', 'ignore_ament_install']
[0.282s] Level 1:colcon.colcon_core.package_identification:_identify(bag_files/converted_rosbag2) by extension 'ignore'
[0.282s] Level 1:colcon.colcon_core.package_identification:_identify(bag_files/converted_rosbag2) by extension 'ignore_ament_install'
[0.282s] Level 1:colcon.colcon_core.package_identification:_identify(bag_files/converted_rosbag2) by extensions ['colcon_pkg']
[0.282s] Level 1:colcon.colcon_core.package_identification:_identify(bag_files/converted_rosbag2) by extension 'colcon_pkg'
[0.282s] Level 1:colcon.colcon_core.package_identification:_identify(bag_files/converted_rosbag2) by extensions ['colcon_meta']
[0.282s] Level 1:colcon.colcon_core.package_identification:_identify(bag_files/converted_rosbag2) by extension 'colcon_meta'
[0.282s] Level 1:colcon.colcon_core.package_identification:_identify(bag_files/converted_rosbag2) by extensions ['ros']
[0.282s] Level 1:colcon.colcon_core.package_identification:_identify(bag_files/converted_rosbag2) by extension 'ros'
[0.282s] Level 1:colcon.colcon_core.package_identification:_identify(bag_files/converted_rosbag2) by extensions ['cmake', 'python']
[0.282s] Level 1:colcon.colcon_core.package_identification:_identify(bag_files/converted_rosbag2) by extension 'cmake'
[0.282s] Level 1:colcon.colcon_core.package_identification:_identify(bag_files/converted_rosbag2) by extension 'python'
[0.282s] Level 1:colcon.colcon_core.package_identification:_identify(bag_files/converted_rosbag2) by extensions ['python_setup_py']
[0.282s] Level 1:colcon.colcon_core.package_identification:_identify(bag_files/converted_rosbag2) by extension 'python_setup_py'
[0.283s] Level 1:colcon.colcon_core.package_identification:_identify(build) by extensions ['ignore', 'ignore_ament_install']
[0.283s] Level 1:colcon.colcon_core.package_identification:_identify(build) by extension 'ignore'
[0.283s] Level 1:colcon.colcon_core.package_identification:_identify(build) ignored
[0.283s] Level 1:colcon.colcon_core.package_identification:_identify(install) by extensions ['ignore', 'ignore_ament_install']
[0.283s] Level 1:colcon.colcon_core.package_identification:_identify(install) by extension 'ignore'
[0.283s] Level 1:colcon.colcon_core.package_identification:_identify(install) ignored
[0.283s] Level 1:colcon.colcon_core.package_identification:_identify(log) by extensions ['ignore', 'ignore_ament_install']
[0.283s] Level 1:colcon.colcon_core.package_identification:_identify(log) by extension 'ignore'
[0.283s] Level 1:colcon.colcon_core.package_identification:_identify(log) ignored
[0.283s] Level 1:colcon.colcon_core.package_identification:_identify(src) by extensions ['ignore', 'ignore_ament_install']
[0.283s] Level 1:colcon.colcon_core.package_identification:_identify(src) by extension 'ignore'
[0.283s] Level 1:colcon.colcon_core.package_identification:_identify(src) by extension 'ignore_ament_install'
[0.283s] Level 1:colcon.colcon_core.package_identification:_identify(src) by extensions ['colcon_pkg']
[0.283s] Level 1:colcon.colcon_core.package_identification:_identify(src) by extension 'colcon_pkg'
[0.283s] Level 1:colcon.colcon_core.package_identification:_identify(src) by extensions ['colcon_meta']
[0.283s] Level 1:colcon.colcon_core.package_identification:_identify(src) by extension 'colcon_meta'
[0.283s] Level 1:colcon.colcon_core.package_identification:_identify(src) by extensions ['ros']
[0.283s] Level 1:colcon.colcon_core.package_identification:_identify(src) by extension 'ros'
[0.283s] Level 1:colcon.colcon_core.package_identification:_identify(src) by extensions ['cmake', 'python']
[0.283s] Level 1:colcon.colcon_core.package_identification:_identify(src) by extension 'cmake'
[0.284s] Level 1:colcon.colcon_core.package_identification:_identify(src) by extension 'python'
[0.284s] Level 1:colcon.colcon_core.package_identification:_identify(src) by extensions ['python_setup_py']
[0.284s] Level 1:colcon.colcon_core.package_identification:_identify(src) by extension 'python_setup_py'
[0.284s] Level 1:colcon.colcon_core.package_identification:_identify(src/ar_tag) by extensions ['ignore', 'ignore_ament_install']
[0.284s] Level 1:colcon.colcon_core.package_identification:_identify(src/ar_tag) by extension 'ignore'
[0.284s] Level 1:colcon.colcon_core.package_identification:_identify(src/ar_tag) by extension 'ignore_ament_install'
[0.284s] Level 1:colcon.colcon_core.package_identification:_identify(src/ar_tag) by extensions ['colcon_pkg']
[0.284s] Level 1:colcon.colcon_core.package_identification:_identify(src/ar_tag) by extension 'colcon_pkg'
[0.284s] Level 1:colcon.colcon_core.package_identification:_identify(src/ar_tag) by extensions ['colcon_meta']
[0.284s] Level 1:colcon.colcon_core.package_identification:_identify(src/ar_tag) by extension 'colcon_meta'
[0.284s] Level 1:colcon.colcon_core.package_identification:_identify(src/ar_tag) by extensions ['ros']
[0.284s] Level 1:colcon.colcon_core.package_identification:_identify(src/ar_tag) by extension 'ros'
[0.286s] DEBUG:colcon.colcon_core.package_identification:Package 'src/ar_tag' with type 'ros.ament_python' and name 'ar_tag'
[0.286s] Level 1:colcon.colcon_core.package_identification:_identify(src/build) by extensions ['ignore', 'ignore_ament_install']
[0.286s] Level 1:colcon.colcon_core.package_identification:_identify(src/build) by extension 'ignore'
[0.286s] Level 1:colcon.colcon_core.package_identification:_identify(src/build) ignored
[0.286s] Level 1:colcon.colcon_core.package_identification:_identify(src/fizzbuzz) by extensions ['ignore', 'ignore_ament_install']
[0.286s] Level 1:colcon.colcon_core.package_identification:_identify(src/fizzbuzz) by extension 'ignore'
[0.286s] Level 1:colcon.colcon_core.package_identification:_identify(src/fizzbuzz) by extension 'ignore_ament_install'
[0.286s] Level 1:colcon.colcon_core.package_identification:_identify(src/fizzbuzz) by extensions ['colcon_pkg']
[0.286s] Level 1:colcon.colcon_core.package_identification:_identify(src/fizzbuzz) by extension 'colcon_pkg'
[0.286s] Level 1:colcon.colcon_core.package_identification:_identify(src/fizzbuzz) by extensions ['colcon_meta']
[0.286s] Level 1:colcon.colcon_core.package_identification:_identify(src/fizzbuzz) by extension 'colcon_meta'
[0.287s] Level 1:colcon.colcon_core.package_identification:_identify(src/fizzbuzz) by extensions ['ros']
[0.287s] Level 1:colcon.colcon_core.package_identification:_identify(src/fizzbuzz) by extension 'ros'
[0.287s] DEBUG:colcon.colcon_core.package_identification:Package 'src/fizzbuzz' with type 'ros.ament_python' and name 'fizzbuzz'
[0.287s] Level 1:colcon.colcon_core.package_identification:_identify(src/install) by extensions ['ignore', 'ignore_ament_install']
[0.287s] Level 1:colcon.colcon_core.package_identification:_identify(src/install) by extension 'ignore'
[0.287s] Level 1:colcon.colcon_core.package_identification:_identify(src/install) ignored
[0.287s] Level 1:colcon.colcon_core.package_identification:_identify(src/line_path) by extensions ['ignore', 'ignore_ament_install']
[0.288s] Level 1:colcon.colcon_core.package_identification:_identify(src/line_path) by extension 'ignore'
[0.288s] Level 1:colcon.colcon_core.package_identification:_identify(src/line_path) by extension 'ignore_ament_install'
[0.288s] Level 1:colcon.colcon_core.package_identification:_identify(src/line_path) by extensions ['colcon_pkg']
[0.288s] Level 1:colcon.colcon_core.package_identification:_identify(src/line_path) by extension 'colcon_pkg'
[0.288s] Level 1:colcon.colcon_core.package_identification:_identify(src/line_path) by extensions ['colcon_meta']
[0.288s] Level 1:colcon.colcon_core.package_identification:_identify(src/line_path) by extension 'colcon_meta'
[0.288s] Level 1:colcon.colcon_core.package_identification:_identify(src/line_path) by extensions ['ros']
[0.288s] Level 1:colcon.colcon_core.package_identification:_identify(src/line_path) by extension 'ros'
[0.288s] DEBUG:colcon.colcon_core.package_identification:Package 'src/line_path' with type 'ros.ament_python' and name 'line_path'
[0.288s] Level 1:colcon.colcon_core.package_identification:_identify(src/log) by extensions ['ignore', 'ignore_ament_install']
[0.288s] Level 1:colcon.colcon_core.package_identification:_identify(src/log) by extension 'ignore'
[0.288s] Level 1:colcon.colcon_core.package_identification:_identify(src/log) ignored
[0.289s] Level 1:colcon.colcon_core.package_identification:_identify(src/px4_msgs) by extensions ['ignore', 'ignore_ament_install']
[0.289s] Level 1:colcon.colcon_core.package_identification:_identify(src/px4_msgs) by extension 'ignore'
[0.289s] Level 1:colcon.colcon_core.package_identification:_identify(src/px4_msgs) by extension 'ignore_ament_install'
[0.289s] Level 1:colcon.colcon_core.package_identification:_identify(src/px4_msgs) by extensions ['colcon_pkg']
[0.289s] Level 1:colcon.colcon_core.package_identification:_identify(src/px4_msgs) by extension 'colcon_pkg'
[0.289s] Level 1:colcon.colcon_core.package_identification:_identify(src/px4_msgs) by extensions ['colcon_meta']
[0.289s] Level 1:colcon.colcon_core.package_identification:_identify(src/px4_msgs) by extension 'colcon_meta'
[0.289s] Level 1:colcon.colcon_core.package_identification:_identify(src/px4_msgs) by extensions ['ros']
[0.289s] Level 1:colcon.colcon_core.package_identification:_identify(src/px4_msgs) by extension 'ros'
[0.290s] DEBUG:colcon.colcon_core.package_identification:Package 'src/px4_msgs' with type 'ros.ament_cmake' and name 'px4_msgs'
[0.290s] Level 1:colcon.colcon_core.package_identification:_identify(src/px4_ros_com) by extensions ['ignore', 'ignore_ament_install']
[0.290s] Level 1:colcon.colcon_core.package_identification:_identify(src/px4_ros_com) by extension 'ignore'
[0.290s] Level 1:colcon.colcon_core.package_identification:_identify(src/px4_ros_com) by extension 'ignore_ament_install'
[0.290s] Level 1:colcon.colcon_core.package_identification:_identify(src/px4_ros_com) by extensions ['colcon_pkg']
[0.290s] Level 1:colcon.colcon_core.package_identification:_identify(src/px4_ros_com) by extension 'colcon_pkg'
[0.290s] Level 1:colcon.colcon_core.package_identification:_identify(src/px4_ros_com) by extensions ['colcon_meta']
[0.290s] Level 1:colcon.colcon_core.package_identification:_identify(src/px4_ros_com) by extension 'colcon_meta'
[0.290s] Level 1:colcon.colcon_core.package_identification:_identify(src/px4_ros_com) by extensions ['ros']
[0.290s] Level 1:colcon.colcon_core.package_identification:_identify(src/px4_ros_com) by extension 'ros'
[0.291s] DEBUG:colcon.colcon_core.package_identification:Package 'src/px4_ros_com' with type 'ros.ament_cmake' and name 'px4_ros_com'
[0.291s] Level 1:colcon.colcon_core.package_identification:_identify(src/web_cam) by extensions ['ignore', 'ignore_ament_install']
[0.291s] Level 1:colcon.colcon_core.package_identification:_identify(src/web_cam) by extension 'ignore'
[0.291s] Level 1:colcon.colcon_core.package_identification:_identify(src/web_cam) by extension 'ignore_ament_install'
[0.291s] Level 1:colcon.colcon_core.package_identification:_identify(src/web_cam) by extensions ['colcon_pkg']
[0.291s] Level 1:colcon.colcon_core.package_identification:_identify(src/web_cam) by extension 'colcon_pkg'
[0.291s] Level 1:colcon.colcon_core.package_identification:_identify(src/web_cam) by extensions ['colcon_meta']
[0.291s] Level 1:colcon.colcon_core.package_identification:_identify(src/web_cam) by extension 'colcon_meta'
[0.291s] Level 1:colcon.colcon_core.package_identification:_identify(src/web_cam) by extensions ['ros']
[0.291s] Level 1:colcon.colcon_core.package_identification:_identify(src/web_cam) by extension 'ros'
[0.292s] DEBUG:colcon.colcon_core.package_identification:Package 'src/web_cam' with type 'ros.ament_python' and name 'web_cam'
[0.292s] Level 1:colcon.colcon_core.package_identification:_identify(src/webcam) by extensions ['ignore', 'ignore_ament_install']
[0.292s] Level 1:colcon.colcon_core.package_identification:_identify(src/webcam) by extension 'ignore'
[0.292s] Level 1:colcon.colcon_core.package_identification:_identify(src/webcam) by extension 'ignore_ament_install'
[0.292s] Level 1:colcon.colcon_core.package_identification:_identify(src/webcam) by extensions ['colcon_pkg']
[0.292s] Level 1:colcon.colcon_core.package_identification:_identify(src/webcam) by extension 'colcon_pkg'
[0.292s] Level 1:colcon.colcon_core.package_identification:_identify(src/webcam) by extensions ['colcon_meta']
[0.292s] Level 1:colcon.colcon_core.package_identification:_identify(src/webcam) by extension 'colcon_meta'
[0.292s] Level 1:colcon.colcon_core.package_identification:_identify(src/webcam) by extensions ['ros']
[0.292s] Level 1:colcon.colcon_core.package_identification:_identify(src/webcam) by extension 'ros'
[0.293s] DEBUG:colcon.colcon_core.package_identification:Package 'src/webcam' with type 'ros.ament_python' and name 'webcam'
[0.293s] Level 1:colcon.colcon_core.package_discovery:discover_packages(recursive) using defaults
[0.293s] Level 1:colcon.colcon_core.package_discovery:discover_packages(ignore) discover
[0.293s] Level 1:colcon.colcon_core.package_discovery:discover_packages(ignore) using defaults
[0.293s] Level 1:colcon.colcon_core.package_discovery:discover_packages(path) discover
[0.293s] Level 1:colcon.colcon_core.package_discovery:discover_packages(path) using defaults
[0.327s] Level 1:colcon.colcon_core.package_discovery:discover_packages(prefix_path) check parameters
[0.327s] Level 1:colcon.colcon_core.package_discovery:discover_packages(prefix_path) discover
[0.329s] DEBUG:colcon.colcon_installed_package_information.package_discovery:Found 5 installed packages in /home/kailync/ros2_ws/install
[0.330s] DEBUG:colcon.colcon_installed_package_information.package_discovery:Found 288 installed packages in /opt/ros/humble
[0.332s] Level 1:colcon.colcon_core.package_discovery:discover_packages(prefix_path) using defaults
[0.371s] Level 5:colcon.colcon_core.verb:set package 'ar_tag' build argument 'cmake_args' from command line to 'None'
[0.371s] Level 5:colcon.colcon_core.verb:set package 'ar_tag' build argument 'cmake_target' from command line to 'None'
[0.371s] Level 5:colcon.colcon_core.verb:set package 'ar_tag' build argument 'cmake_target_skip_unavailable' from command line to 'False'
[0.371s] Level 5:colcon.colcon_core.verb:set package 'ar_tag' build argument 'cmake_clean_cache' from command line to 'False'
[0.371s] Level 5:colcon.colcon_core.verb:set package 'ar_tag' build argument 'cmake_clean_first' from command line to 'False'
[0.371s] Level 5:colcon.colcon_core.verb:set package 'ar_tag' build argument 'cmake_force_configure' from command line to 'False'
[0.371s] Level 5:colcon.colcon_core.verb:set package 'ar_tag' build argument 'ament_cmake_args' from command line to 'None'
[0.371s] Level 5:colcon.colcon_core.verb:set package 'ar_tag' build argument 'catkin_cmake_args' from command line to 'None'
[0.371s] Level 5:colcon.colcon_core.verb:set package 'ar_tag' build argument 'catkin_skip_building_tests' from command line to 'False'
[0.371s] DEBUG:colcon.colcon_core.verb:Building package 'ar_tag' with the following arguments: {'ament_cmake_args': None, 'build_base': '/home/kailync/ros2_ws/build/ar_tag', 'catkin_cmake_args': None, 'catkin_skip_building_tests': False, 'cmake_args': None, 'cmake_clean_cache': False, 'cmake_clean_first': False, 'cmake_force_configure': False, 'cmake_target': None, 'cmake_target_skip_unavailable': False, 'install_base': '/home/kailync/ros2_ws/install/ar_tag', 'merge_install': False, 'path': '/home/kailync/ros2_ws/src/ar_tag', 'symlink_install': False, 'test_result_base': None}
[0.371s] Level 5:colcon.colcon_core.verb:set package 'fizzbuzz' build argument 'cmake_args' from command line to 'None'
[0.371s] Level 5:colcon.colcon_core.verb:set package 'fizzbuzz' build argument 'cmake_target' from command line to 'None'
[0.371s] Level 5:colcon.colcon_core.verb:set package 'fizzbuzz' build argument 'cmake_target_skip_unavailable' from command line to 'False'
[0.371s] Level 5:colcon.colcon_core.verb:set package 'fizzbuzz' build argument 'cmake_clean_cache' from command line to 'False'
[0.371s] Level 5:colcon.colcon_core.verb:set package 'fizzbuzz' build argument 'cmake_clean_first' from command line to 'False'
[0.371s] Level 5:colcon.colcon_core.verb:set package 'fizzbuzz' build argument 'cmake_force_configure' from command line to 'False'
[0.371s] Level 5:colcon.colcon_core.verb:set package 'fizzbuzz' build argument 'ament_cmake_args' from command line to 'None'
[0.371s] Level 5:colcon.colcon_core.verb:set package 'fizzbuzz' build argument 'catkin_cmake_args' from command line to 'None'
[0.371s] Level 5:colcon.colcon_core.verb:set package 'fizzbuzz' build argument 'catkin_skip_building_tests' from command line to 'False'
[0.371s] DEBUG:colcon.colcon_core.verb:Building package 'fizzbuzz' with the following arguments: {'ament_cmake_args': None, 'build_base': '/home/kailync/ros2_ws/build/fizzbuzz', 'catkin_cmake_args': None, 'catkin_skip_building_tests': False, 'cmake_args': None, 'cmake_clean_cache': False, 'cmake_clean_first': False, 'cmake_force_configure': False, 'cmake_target': None, 'cmake_target_skip_unavailable': False, 'install_base': '/home/kailync/ros2_ws/install/fizzbuzz', 'merge_install': False, 'path': '/home/kailync/ros2_ws/src/fizzbuzz', 'symlink_install': False, 'test_result_base': None}
[0.371s] Level 5:colcon.colcon_core.verb:set package 'line_path' build argument 'cmake_args' from command line to 'None'
[0.371s] Level 5:colcon.colcon_core.verb:set package 'line_path' build argument 'cmake_target' from command line to 'None'
[0.371s] Level 5:colcon.colcon_core.verb:set package 'line_path' build argument 'cmake_target_skip_unavailable' from command line to 'False'
[0.372s] Level 5:colcon.colcon_core.verb:set package 'line_path' build argument 'cmake_clean_cache' from command line to 'False'
[0.372s] Level 5:colcon.colcon_core.verb:set package 'line_path' build argument 'cmake_clean_first' from command line to 'False'
[0.372s] Level 5:colcon.colcon_core.verb:set package 'line_path' build argument 'cmake_force_configure' from command line to 'False'
[0.372s] Level 5:colcon.colcon_core.verb:set package 'line_path' build argument 'ament_cmake_args' from command line to 'None'
[0.372s] Level 5:colcon.colcon_core.verb:set package 'line_path' build argument 'catkin_cmake_args' from command line to 'None'
[0.372s] Level 5:colcon.colcon_core.verb:set package 'line_path' build argument 'catkin_skip_building_tests' from command line to 'False'
[0.372s] DEBUG:colcon.colcon_core.verb:Building package 'line_path' with the following arguments: {'ament_cmake_args': None, 'build_base': '/home/kailync/ros2_ws/build/line_path', 'catkin_cmake_args': None, 'catkin_skip_building_tests': False, 'cmake_args': None, 'cmake_clean_cache': False, 'cmake_clean_first': False, 'cmake_force_configure': False, 'cmake_target': None, 'cmake_target_skip_unavailable': False, 'install_base': '/home/kailync/ros2_ws/install/line_path', 'merge_install': False, 'path': '/home/kailync/ros2_ws/src/line_path', 'symlink_install': False, 'test_result_base': None}
[0.372s] Level 5:colcon.colcon_core.verb:set package 'px4_msgs' build argument 'cmake_args' from command line to 'None'
[0.372s] Level 5:colcon.colcon_core.verb:set package 'px4_msgs' build argument 'cmake_target' from command line to 'None'
[0.372s] Level 5:colcon.colcon_core.verb:set package 'px4_msgs' build argument 'cmake_target_skip_unavailable' from command line to 'False'
[0.372s] Level 5:colcon.colcon_core.verb:set package 'px4_msgs' build argument 'cmake_clean_cache' from command line to 'False'
[0.372s] Level 5:colcon.colcon_core.verb:set package 'px4_msgs' build argument 'cmake_clean_first' from command line to 'False'
[0.372s] Level 5:colcon.colcon_core.verb:set package 'px4_msgs' build argument 'cmake_force_configure' from command line to 'False'
[0.372s] Level 5:colcon.colcon_core.verb:set package 'px4_msgs' build argument 'ament_cmake_args' from command line to 'None'
[0.372s] Level 5:colcon.colcon_core.verb:set package 'px4_msgs' build argument 'catkin_cmake_args' from command line to 'None'
[0.372s] Level 5:colcon.colcon_core.verb:set package 'px4_msgs' build argument 'catkin_skip_building_tests' from command line to 'False'
[0.372s] DEBUG:colcon.colcon_core.verb:Building package 'px4_msgs' with the following arguments: {'ament_cmake_args': None, 'build_base': '/home/kailync/ros2_ws/build/px4_msgs', 'catkin_cmake_args': None, 'catkin_skip_building_tests': False, 'cmake_args': None, 'cmake_clean_cache': False, 'cmake_clean_first': False, 'cmake_force_configure': False, 'cmake_target': None, 'cmake_target_skip_unavailable': False, 'install_base': '/home/kailync/ros2_ws/install/px4_msgs', 'merge_install': False, 'path': '/home/kailync/ros2_ws/src/px4_msgs', 'symlink_install': False, 'test_result_base': None}
[0.372s] Level 5:colcon.colcon_core.verb:set package 'web_cam' build argument 'cmake_args' from command line to 'None'
[0.372s] Level 5:colcon.colcon_core.verb:set package 'web_cam' build argument 'cmake_target' from command line to 'None'
[0.372s] Level 5:colcon.colcon_core.verb:set package 'web_cam' build argument 'cmake_target_skip_unavailable' from command line to 'False'
[0.372s] Level 5:colcon.colcon_core.verb:set package 'web_cam' build argument 'cmake_clean_cache' from command line to 'False'
[0.372s] Level 5:colcon.colcon_core.verb:set package 'web_cam' build argument 'cmake_clean_first' from command line to 'False'
[0.372s] Level 5:colcon.colcon_core.verb:set package 'web_cam' build argument 'cmake_force_configure' from command line to 'False'
[0.372s] Level 5:colcon.colcon_core.verb:set package 'web_cam' build argument 'ament_cmake_args' from command line to 'None'
[0.372s] Level 5:colcon.colcon_core.verb:set package 'web_cam' build argument 'catkin_cmake_args' from command line to 'None'
[0.372s] Level 5:colcon.colcon_core.verb:set package 'web_cam' build argument 'catkin_skip_building_tests' from command line to 'False'
[0.372s] DEBUG:colcon.colcon_core.verb:Building package 'web_cam' with the following arguments: {'ament_cmake_args': None, 'build_base': '/home/kailync/ros2_ws/build/web_cam', 'catkin_cmake_args': None, 'catkin_skip_building_tests': False, 'cmake_args': None, 'cmake_clean_cache': False, 'cmake_clean_first': False, 'cmake_force_configure': False, 'cmake_target': None, 'cmake_target_skip_unavailable': False, 'install_base': '/home/kailync/ros2_ws/install/web_cam', 'merge_install': False, 'path': '/home/kailync/ros2_ws/src/web_cam', 'symlink_install': False, 'test_result_base': None}
[0.372s] Level 5:colcon.colcon_core.verb:set package 'webcam' build argument 'cmake_args' from command line to 'None'
[0.372s] Level 5:colcon.colcon_core.verb:set package 'webcam' build argument 'cmake_target' from command line to 'None'
[0.372s] Level 5:colcon.colcon_core.verb:set package 'webcam' build argument 'cmake_target_skip_unavailable' from command line to 'False'
[0.372s] Level 5:colcon.colcon_core.verb:set package 'webcam' build argument 'cmake_clean_cache' from command line to 'False'
[0.372s] Level 5:colcon.colcon_core.verb:set package 'webcam' build argument 'cmake_clean_first' from command line to 'False'
[0.372s] Level 5:colcon.colcon_core.verb:set package 'webcam' build argument 'cmake_force_configure' from command line to 'False'
[0.373s] Level 5:colcon.colcon_core.verb:set package 'webcam' build argument 'ament_cmake_args' from command line to 'None'
[0.373s] Level 5:colcon.colcon_core.verb:set package 'webcam' build argument 'catkin_cmake_args' from command line to 'None'
[0.373s] Level 5:colcon.colcon_core.verb:set package 'webcam' build argument 'catkin_skip_building_tests' from command line to 'False'
[0.373s] DEBUG:colcon.colcon_core.verb:Building package 'webcam' with the following arguments: {'ament_cmake_args': None, 'build_base': '/home/kailync/ros2_ws/build/webcam', 'catkin_cmake_args': None, 'catkin_skip_building_tests': False, 'cmake_args': None, 'cmake_clean_cache': False, 'cmake_clean_first': False, 'cmake_force_configure': False, 'cmake_target': None, 'cmake_target_skip_unavailable': False, 'install_base': '/home/kailync/ros2_ws/install/webcam', 'merge_install': False, 'path': '/home/kailync/ros2_ws/src/webcam', 'symlink_install': False, 'test_result_base': None}
[0.373s] Level 5:colcon.colcon_core.verb:set package 'px4_ros_com' build argument 'cmake_args' from command line to 'None'
[0.373s] Level 5:colcon.colcon_core.verb:set package 'px4_ros_com' build argument 'cmake_target' from command line to 'None'
[0.373s] Level 5:colcon.colcon_core.verb:set package 'px4_ros_com' build argument 'cmake_target_skip_unavailable' from command line to 'False'
[0.373s] Level 5:colcon.colcon_core.verb:set package 'px4_ros_com' build argument 'cmake_clean_cache' from command line to 'False'
[0.373s] Level 5:colcon.colcon_core.verb:set package 'px4_ros_com' build argument 'cmake_clean_first' from command line to 'False'
[0.373s] Level 5:colcon.colcon_core.verb:set package 'px4_ros_com' build argument 'cmake_force_configure' from command line to 'False'
[0.373s] Level 5:colcon.colcon_core.verb:set package 'px4_ros_com' build argument 'ament_cmake_args' from command line to 'None'
[0.373s] Level 5:colcon.colcon_core.verb:set package 'px4_ros_com' build argument 'catkin_cmake_args' from command line to 'None'
[0.373s] Level 5:colcon.colcon_core.verb:set package 'px4_ros_com' build argument 'catkin_skip_building_tests' from command line to 'False'
[0.373s] DEBUG:colcon.colcon_core.verb:Building package 'px4_ros_com' with the following arguments: {'ament_cmake_args': None, 'build_base': '/home/kailync/ros2_ws/build/px4_ros_com', 'catkin_cmake_args': None, 'catkin_skip_building_tests': False, 'cmake_args': None, 'cmake_clean_cache': False, 'cmake_clean_first': False, 'cmake_force_configure': False, 'cmake_target': None, 'cmake_target_skip_unavailable': False, 'install_base': '/home/kailync/ros2_ws/install/px4_ros_com', 'merge_install': False, 'path': '/home/kailync/ros2_ws/src/px4_ros_com', 'symlink_install': False, 'test_result_base': None}
[0.373s] INFO:colcon.colcon_core.executor:Executing jobs using 'parallel' executor
[0.374s] DEBUG:colcon.colcon_parallel_executor.executor.parallel:run_until_complete
[0.374s] INFO:colcon.colcon_ros.task.ament_cmake.build:Building ROS package in '/home/kailync/ros2_ws/src/px4_msgs' with build type 'ament_cmake'
[0.374s] INFO:colcon.colcon_cmake.task.cmake.build:Building CMake package in '/home/kailync/ros2_ws/src/px4_msgs'
[0.376s] INFO:colcon.colcon_core.plugin_system:Skipping extension 'colcon_core.shell.bat': Not used on non-Windows systems
[0.377s] INFO:colcon.colcon_core.shell:Skip shell extension 'powershell' for command environment: Not usable outside of PowerShell
[0.377s] DEBUG:colcon.colcon_core.shell:Skip shell extension 'dsv' for command environment
[0.381s] INFO:colcon.colcon_ros.task.ament_python.build:Building ROS package in '/home/kailync/ros2_ws/src/ar_tag' with build type 'ament_python'
[0.381s] Level 1:colcon.colcon_core.shell:create_environment_hook('ar_tag', 'ament_prefix_path')
[0.381s] INFO:colcon.colcon_core.shell:Creating environment hook '/home/kailync/ros2_ws/install/ar_tag/share/ar_tag/hook/ament_prefix_path.ps1'
[0.382s] INFO:colcon.colcon_core.shell:Creating environment descriptor '/home/kailync/ros2_ws/install/ar_tag/share/ar_tag/hook/ament_prefix_path.dsv'
[0.382s] INFO:colcon.colcon_core.shell:Creating environment hook '/home/kailync/ros2_ws/install/ar_tag/share/ar_tag/hook/ament_prefix_path.sh'
[0.384s] INFO:colcon.colcon_core.shell:Skip shell extension 'powershell' for command environment: Not usable outside of PowerShell
[0.384s] DEBUG:colcon.colcon_core.shell:Skip shell extension 'dsv' for command environment
[0.386s] INFO:colcon.colcon_ros.task.ament_python.build:Building ROS package in '/home/kailync/ros2_ws/src/fizzbuzz' with build type 'ament_python'
[0.386s] Level 1:colcon.colcon_core.shell:create_environment_hook('fizzbuzz', 'ament_prefix_path')
[0.387s] INFO:colcon.colcon_core.shell:Creating environment hook '/home/kailync/ros2_ws/install/fizzbuzz/share/fizzbuzz/hook/ament_prefix_path.ps1'
[0.388s] INFO:colcon.colcon_core.shell:Creating environment descriptor '/home/kailync/ros2_ws/install/fizzbuzz/share/fizzbuzz/hook/ament_prefix_path.dsv'
[0.388s] INFO:colcon.colcon_core.shell:Creating environment hook '/home/kailync/ros2_ws/install/fizzbuzz/share/fizzbuzz/hook/ament_prefix_path.sh'
[0.388s] INFO:colcon.colcon_core.shell:Skip shell extension 'powershell' for command environment: Not usable outside of PowerShell
[0.389s] DEBUG:colcon.colcon_core.shell:Skip shell extension 'dsv' for command environment
[0.392s] INFO:colcon.colcon_ros.task.ament_python.build:Building ROS package in '/home/kailync/ros2_ws/src/line_path' with build type 'ament_python'
[0.392s] Level 1:colcon.colcon_core.shell:create_environment_hook('line_path', 'ament_prefix_path')
[0.392s] INFO:colcon.colcon_core.shell:Creating environment hook '/home/kailync/ros2_ws/install/line_path/share/line_path/hook/ament_prefix_path.ps1'
[0.393s] INFO:colcon.colcon_core.shell:Creating environment descriptor '/home/kailync/ros2_ws/install/line_path/share/line_path/hook/ament_prefix_path.dsv'
[0.393s] INFO:colcon.colcon_core.shell:Creating environment hook '/home/kailync/ros2_ws/install/line_path/share/line_path/hook/ament_prefix_path.sh'
[0.394s] INFO:colcon.colcon_core.shell:Skip shell extension 'powershell' for command environment: Not usable outside of PowerShell
[0.394s] DEBUG:colcon.colcon_core.shell:Skip shell extension 'dsv' for command environment
[0.398s] INFO:colcon.colcon_ros.task.ament_python.build:Building ROS package in '/home/kailync/ros2_ws/src/web_cam' with build type 'ament_python'
[0.398s] Level 1:colcon.colcon_core.shell:create_environment_hook('web_cam', 'ament_prefix_path')
[0.398s] INFO:colcon.colcon_core.shell:Creating environment hook '/home/kailync/ros2_ws/install/web_cam/share/web_cam/hook/ament_prefix_path.ps1'
[0.399s] INFO:colcon.colcon_core.shell:Creating environment descriptor '/home/kailync/ros2_ws/install/web_cam/share/web_cam/hook/ament_prefix_path.dsv'
[0.400s] INFO:colcon.colcon_core.shell:Creating environment hook '/home/kailync/ros2_ws/install/web_cam/share/web_cam/hook/ament_prefix_path.sh'
[0.400s] INFO:colcon.colcon_core.shell:Skip shell extension 'powershell' for command environment: Not usable outside of PowerShell
[0.400s] DEBUG:colcon.colcon_core.shell:Skip shell extension 'dsv' for command environment
[0.403s] INFO:colcon.colcon_ros.task.ament_python.build:Building ROS package in '/home/kailync/ros2_ws/src/webcam' with build type 'ament_python'
[0.403s] Level 1:colcon.colcon_core.shell:create_environment_hook('webcam', 'ament_prefix_path')
[0.403s] INFO:colcon.colcon_core.shell:Creating environment hook '/home/kailync/ros2_ws/install/webcam/share/webcam/hook/ament_prefix_path.ps1'
[0.404s] INFO:colcon.colcon_core.shell:Creating environment descriptor '/home/kailync/ros2_ws/install/webcam/share/webcam/hook/ament_prefix_path.dsv'
[0.405s] INFO:colcon.colcon_core.shell:Creating environment hook '/home/kailync/ros2_ws/install/webcam/share/webcam/hook/ament_prefix_path.sh'
[0.405s] INFO:colcon.colcon_core.shell:Skip shell extension 'powershell' for command environment: Not usable outside of PowerShell
[0.405s] DEBUG:colcon.colcon_core.shell:Skip shell extension 'dsv' for command environment
[0.419s] DEBUG:colcon.colcon_core.event_handler.log_command:Invoking command in '/home/kailync/ros2_ws/build/px4_msgs': CMAKE_PREFIX_PATH=${CMAKE_PREFIX_PATH}:/home/kailync/ros2_ws/install/line_path:/home/kailync/ros2_ws/install/fizzbuzz:/opt/ros/humble /usr/bin/cmake --build /home/kailync/ros2_ws/build/px4_msgs -- -j6 -l6
[0.650s] INFO:colcon.colcon_core.task.python.build:Building Python package in '/home/kailync/ros2_ws/src/ar_tag'
[0.651s] INFO:colcon.colcon_core.shell:Skip shell extension 'powershell' for command environment: Not usable outside of PowerShell
[0.651s] DEBUG:colcon.colcon_core.shell:Skip shell extension 'dsv' for command environment
[0.866s] INFO:colcon.colcon_core.task.python.build:Building Python package in '/home/kailync/ros2_ws/src/fizzbuzz'
[0.866s] INFO:colcon.colcon_core.shell:Skip shell extension 'powershell' for command environment: Not usable outside of PowerShell
[0.867s] DEBUG:colcon.colcon_core.shell:Skip shell extension 'dsv' for command environment
[1.068s] INFO:colcon.colcon_core.task.python.build:Building Python package in '/home/kailync/ros2_ws/src/line_path'
[1.069s] INFO:colcon.colcon_core.shell:Skip shell extension 'powershell' for command environment: Not usable outside of PowerShell
[1.069s] DEBUG:colcon.colcon_core.shell:Skip shell extension 'dsv' for command environment
[1.298s] INFO:colcon.colcon_core.task.python.build:Building Python package in '/home/kailync/ros2_ws/src/web_cam'
[1.298s] INFO:colcon.colcon_core.shell:Skip shell extension 'powershell' for command environment: Not usable outside of PowerShell
[1.298s] DEBUG:colcon.colcon_core.shell:Skip shell extension 'dsv' for command environment
[1.603s] INFO:colcon.colcon_core.task.python.build:Building Python package in '/home/kailync/ros2_ws/src/webcam'
[1.603s] INFO:colcon.colcon_core.shell:Skip shell extension 'powershell' for command environment: Not usable outside of PowerShell
[1.603s] DEBUG:colcon.colcon_core.shell:Skip shell extension 'dsv' for command environment
[2.086s] DEBUG:colcon.colcon_core.event_handler.log_command:Invoking command in '/home/kailync/ros2_ws/src/fizzbuzz': PYTHONPATH=/home/kailync/ros2_ws/build/fizzbuzz/prefix_override:/usr/lib/python3/dist-packages/colcon_core/task/python/colcon_distutils_commands:/home/kailync/ros2_ws/install/fizzbuzz/lib/python3.10/site-packages:${PYTHONPATH} /usr/bin/python3 -W ignore:setup.py install is deprecated -W ignore:easy_install command is deprecated setup.py egg_info --egg-base ../../build/fizzbuzz build --build-base /home/kailync/ros2_ws/build/fizzbuzz/build install --record /home/kailync/ros2_ws/build/fizzbuzz/install.log --single-version-externally-managed install_data
[2.090s] DEBUG:colcon.colcon_core.event_handler.log_command:Invoking command in '/home/kailync/ros2_ws/src/ar_tag': PYTHONPATH=/home/kailync/ros2_ws/build/ar_tag/prefix_override:/usr/lib/python3/dist-packages/colcon_core/task/python/colcon_distutils_commands:/home/kailync/ros2_ws/install/ar_tag/lib/python3.10/site-packages:${PYTHONPATH} /usr/bin/python3 -W ignore:setup.py install is deprecated -W ignore:easy_install command is deprecated setup.py egg_info --egg-base ../../build/ar_tag build --build-base /home/kailync/ros2_ws/build/ar_tag/build install --record /home/kailync/ros2_ws/build/ar_tag/install.log --single-version-externally-managed install_data
[2.155s] DEBUG:colcon.colcon_core.event_handler.log_command:Invoking command in '/home/kailync/ros2_ws/src/line_path': PYTHONPATH=/home/kailync/ros2_ws/build/line_path/prefix_override:/usr/lib/python3/dist-packages/colcon_core/task/python/colcon_distutils_commands:/home/kailync/ros2_ws/install/line_path/lib/python3.10/site-packages:${PYTHONPATH} /usr/bin/python3 -W ignore:setup.py install is deprecated -W ignore:easy_install command is deprecated setup.py egg_info --egg-base ../../build/line_path build --build-base /home/kailync/ros2_ws/build/line_path/build install --record /home/kailync/ros2_ws/build/line_path/install.log --single-version-externally-managed install_data
[2.178s] DEBUG:colcon.colcon_core.event_handler.log_command:Invoking command in '/home/kailync/ros2_ws/src/webcam': PYTHONPATH=/home/kailync/ros2_ws/build/webcam/prefix_override:/usr/lib/python3/dist-packages/colcon_core/task/python/colcon_distutils_commands:/home/kailync/ros2_ws/install/webcam/lib/python3.10/site-packages:${PYTHONPATH} /usr/bin/python3 -W ignore:setup.py install is deprecated -W ignore:easy_install command is deprecated setup.py egg_info --egg-base ../../build/webcam build --build-base /home/kailync/ros2_ws/build/webcam/build install --record /home/kailync/ros2_ws/build/webcam/install.log --single-version-externally-managed install_data
[2.240s] DEBUG:colcon.colcon_core.event_handler.log_command:Invoking command in '/home/kailync/ros2_ws/src/web_cam': PYTHONPATH=/home/kailync/ros2_ws/build/web_cam/prefix_override:/usr/lib/python3/dist-packages/colcon_core/task/python/colcon_distutils_commands:/home/kailync/ros2_ws/install/web_cam/lib/python3.10/site-packages:${PYTHONPATH} /usr/bin/python3 -W ignore:setup.py install is deprecated -W ignore:easy_install command is deprecated setup.py egg_info --egg-base ../../build/web_cam build --build-base /home/kailync/ros2_ws/build/web_cam/build install --record /home/kailync/ros2_ws/build/web_cam/install.log --single-version-externally-managed install_data
[2.385s] Level 1:colcon.colcon_core.environment:checking '/home/kailync/ros2_ws/install/fizzbuzz' for CMake module files
[2.385s] DEBUG:colcon.colcon_core.event_handler.log_command:Invoked command in '/home/kailync/ros2_ws/src/fizzbuzz' returned '0': PYTHONPATH=/home/kailync/ros2_ws/build/fizzbuzz/prefix_override:/usr/lib/python3/dist-packages/colcon_core/task/python/colcon_distutils_commands:/home/kailync/ros2_ws/install/fizzbuzz/lib/python3.10/site-packages:${PYTHONPATH} /usr/bin/python3 -W ignore:setup.py install is deprecated -W ignore:easy_install command is deprecated setup.py egg_info --egg-base ../../build/fizzbuzz build --build-base /home/kailync/ros2_ws/build/fizzbuzz/build install --record /home/kailync/ros2_ws/build/fizzbuzz/install.log --single-version-externally-managed install_data
[2.387s] Level 1:colcon.colcon_core.environment:checking '/home/kailync/ros2_ws/install/fizzbuzz' for CMake config files
[2.392s] Level 1:colcon.colcon_core.environment:checking '/home/kailync/ros2_ws/install/fizzbuzz/lib'
[2.392s] Level 1:colcon.colcon_core.environment:checking '/home/kailync/ros2_ws/install/fizzbuzz/bin'
[2.392s] Level 1:colcon.colcon_core.environment:checking '/home/kailync/ros2_ws/install/fizzbuzz/lib/pkgconfig/fizzbuzz.pc'
[2.392s] Level 1:colcon.colcon_core.environment:checking '/home/kailync/ros2_ws/install/fizzbuzz/lib/python3.10/site-packages'
[2.392s] Level 1:colcon.colcon_core.shell:create_environment_hook('fizzbuzz', 'pythonpath')
[2.392s] INFO:colcon.colcon_core.shell:Creating environment hook '/home/kailync/ros2_ws/install/fizzbuzz/share/fizzbuzz/hook/pythonpath.ps1'
[2.393s] INFO:colcon.colcon_core.shell:Creating environment descriptor '/home/kailync/ros2_ws/install/fizzbuzz/share/fizzbuzz/hook/pythonpath.dsv'
[2.393s] INFO:colcon.colcon_core.shell:Creating environment hook '/home/kailync/ros2_ws/install/fizzbuzz/share/fizzbuzz/hook/pythonpath.sh'
[2.394s] Level 1:colcon.colcon_core.environment:checking '/home/kailync/ros2_ws/install/fizzbuzz/bin'
[2.394s] Level 1:colcon.colcon_core.environment:create_environment_scripts_only(fizzbuzz)
[2.394s] INFO:colcon.colcon_core.shell:Creating package script '/home/kailync/ros2_ws/install/fizzbuzz/share/fizzbuzz/package.ps1'
[2.395s] INFO:colcon.colcon_core.shell:Creating package descriptor '/home/kailync/ros2_ws/install/fizzbuzz/share/fizzbuzz/package.dsv'
[2.396s] INFO:colcon.colcon_core.shell:Creating package script '/home/kailync/ros2_ws/install/fizzbuzz/share/fizzbuzz/package.sh'
[2.396s] INFO:colcon.colcon_core.shell:Creating package script '/home/kailync/ros2_ws/install/fizzbuzz/share/fizzbuzz/package.bash'
[2.397s] INFO:colcon.colcon_core.shell:Creating package script '/home/kailync/ros2_ws/install/fizzbuzz/share/fizzbuzz/package.zsh'
[2.397s] Level 1:colcon.colcon_core.environment:create_file_with_runtime_dependencies(/home/kailync/ros2_ws/install/fizzbuzz/share/colcon-core/packages/fizzbuzz)
[2.429s] Level 1:colcon.colcon_core.environment:checking '/home/kailync/ros2_ws/install/line_path' for CMake module files
[2.429s] Level 1:colcon.colcon_core.environment:checking '/home/kailync/ros2_ws/install/line_path' for CMake config files
[2.429s] Level 1:colcon.colcon_core.environment:checking '/home/kailync/ros2_ws/install/line_path/lib'
[2.430s] Level 1:colcon.colcon_core.environment:checking '/home/kailync/ros2_ws/install/line_path/bin'
[2.430s] Level 1:colcon.colcon_core.environment:checking '/home/kailync/ros2_ws/install/line_path/lib/pkgconfig/line_path.pc'
[2.430s] Level 1:colcon.colcon_core.environment:checking '/home/kailync/ros2_ws/install/line_path/lib/python3.10/site-packages'
[2.430s] Level 1:colcon.colcon_core.shell:create_environment_hook('line_path', 'pythonpath')
[2.430s] INFO:colcon.colcon_core.shell:Creating environment hook '/home/kailync/ros2_ws/install/line_path/share/line_path/hook/pythonpath.ps1'
[2.430s] INFO:colcon.colcon_core.shell:Creating environment descriptor '/home/kailync/ros2_ws/install/line_path/share/line_path/hook/pythonpath.dsv'
[2.430s] INFO:colcon.colcon_core.shell:Creating environment hook '/home/kailync/ros2_ws/install/line_path/share/line_path/hook/pythonpath.sh'
[2.431s] Level 1:colcon.colcon_core.environment:checking '/home/kailync/ros2_ws/install/line_path/bin'
[2.431s] Level 1:colcon.colcon_core.environment:create_environment_scripts_only(line_path)
[2.431s] INFO:colcon.colcon_core.shell:Creating package script '/home/kailync/ros2_ws/install/line_path/share/line_path/package.ps1'
[2.432s] INFO:colcon.colcon_core.shell:Creating package descriptor '/home/kailync/ros2_ws/install/line_path/share/line_path/package.dsv'
[2.432s] INFO:colcon.colcon_core.shell:Creating package script '/home/kailync/ros2_ws/install/line_path/share/line_path/package.sh'
[2.432s] INFO:colcon.colcon_core.shell:Creating package script '/home/kailync/ros2_ws/install/line_path/share/line_path/package.bash'
[2.432s] INFO:colcon.colcon_core.shell:Creating package script '/home/kailync/ros2_ws/install/line_path/share/line_path/package.zsh'
[2.432s] Level 1:colcon.colcon_core.environment:create_file_with_runtime_dependencies(/home/kailync/ros2_ws/install/line_path/share/colcon-core/packages/line_path)
[2.433s] DEBUG:colcon.colcon_core.event_handler.log_command:Invoked command in '/home/kailync/ros2_ws/src/line_path' returned '0': PYTHONPATH=/home/kailync/ros2_ws/build/line_path/prefix_override:/usr/lib/python3/dist-packages/colcon_core/task/python/colcon_distutils_commands:/home/kailync/ros2_ws/install/line_path/lib/python3.10/site-packages:${PYTHONPATH} /usr/bin/python3 -W ignore:setup.py install is deprecated -W ignore:easy_install command is deprecated setup.py egg_info --egg-base ../../build/line_path build --build-base /home/kailync/ros2_ws/build/line_path/build install --record /home/kailync/ros2_ws/build/line_path/install.log --single-version-externally-managed install_data
[2.433s] Level 1:colcon.colcon_core.environment:checking '/home/kailync/ros2_ws/install/ar_tag' for CMake module files
[2.434s] DEBUG:colcon.colcon_core.event_handler.log_command:Invoked command in '/home/kailync/ros2_ws/src/ar_tag' returned '0': PYTHONPATH=/home/kailync/ros2_ws/build/ar_tag/prefix_override:/usr/lib/python3/dist-packages/colcon_core/task/python/colcon_distutils_commands:/home/kailync/ros2_ws/install/ar_tag/lib/python3.10/site-packages:${PYTHONPATH} /usr/bin/python3 -W ignore:setup.py install is deprecated -W ignore:easy_install command is deprecated setup.py egg_info --egg-base ../../build/ar_tag build --build-base /home/kailync/ros2_ws/build/ar_tag/build install --record /home/kailync/ros2_ws/build/ar_tag/install.log --single-version-externally-managed install_data
[2.438s] Level 1:colcon.colcon_core.environment:checking '/home/kailync/ros2_ws/install/ar_tag' for CMake config files
[2.438s] Level 1:colcon.colcon_core.environment:checking '/home/kailync/ros2_ws/install/ar_tag/lib'
[2.438s] Level 1:colcon.colcon_core.environment:checking '/home/kailync/ros2_ws/install/ar_tag/bin'
[2.438s] Level 1:colcon.colcon_core.environment:checking '/home/kailync/ros2_ws/install/ar_tag/lib/pkgconfig/ar_tag.pc'
[2.438s] Level 1:colcon.colcon_core.environment:checking '/home/kailync/ros2_ws/install/ar_tag/lib/python3.10/site-packages'
[2.438s] Level 1:colcon.colcon_core.shell:create_environment_hook('ar_tag', 'pythonpath')
[2.438s] INFO:colcon.colcon_core.shell:Creating environment hook '/home/kailync/ros2_ws/install/ar_tag/share/ar_tag/hook/pythonpath.ps1'
[2.439s] INFO:colcon.colcon_core.shell:Creating environment descriptor '/home/kailync/ros2_ws/install/ar_tag/share/ar_tag/hook/pythonpath.dsv'
[2.439s] INFO:colcon.colcon_core.shell:Creating environment hook '/home/kailync/ros2_ws/install/ar_tag/share/ar_tag/hook/pythonpath.sh'
[2.439s] Level 1:colcon.colcon_core.environment:checking '/home/kailync/ros2_ws/install/ar_tag/bin'
[2.440s] Level 1:colcon.colcon_core.environment:create_environment_scripts_only(ar_tag)
[2.440s] INFO:colcon.colcon_core.shell:Creating package script '/home/kailync/ros2_ws/install/ar_tag/share/ar_tag/package.ps1'
[2.440s] INFO:colcon.colcon_core.shell:Creating package descriptor '/home/kailync/ros2_ws/install/ar_tag/share/ar_tag/package.dsv'
[2.440s] INFO:colcon.colcon_core.shell:Creating package script '/home/kailync/ros2_ws/install/ar_tag/share/ar_tag/package.sh'
[2.441s] INFO:colcon.colcon_core.shell:Creating package script '/home/kailync/ros2_ws/install/ar_tag/share/ar_tag/package.bash'
[2.441s] INFO:colcon.colcon_core.shell:Creating package script '/home/kailync/ros2_ws/install/ar_tag/share/ar_tag/package.zsh'
[2.441s] Level 1:colcon.colcon_core.environment:create_file_with_runtime_dependencies(/home/kailync/ros2_ws/install/ar_tag/share/colcon-core/packages/ar_tag)
[2.551s] Level 1:colcon.colcon_core.environment:checking '/home/kailync/ros2_ws/install/web_cam' for CMake module files
[2.552s] DEBUG:colcon.colcon_core.event_handler.log_command:Invoked command in '/home/kailync/ros2_ws/src/web_cam' returned '0': PYTHONPATH=/home/kailync/ros2_ws/build/web_cam/prefix_override:/usr/lib/python3/dist-packages/colcon_core/task/python/colcon_distutils_commands:/home/kailync/ros2_ws/install/web_cam/lib/python3.10/site-packages:${PYTHONPATH} /usr/bin/python3 -W ignore:setup.py install is deprecated -W ignore:easy_install command is deprecated setup.py egg_info --egg-base ../../build/web_cam build --build-base /home/kailync/ros2_ws/build/web_cam/build install --record /home/kailync/ros2_ws/build/web_cam/install.log --single-version-externally-managed install_data
[2.553s] Level 1:colcon.colcon_core.environment:checking '/home/kailync/ros2_ws/install/web_cam' for CMake config files
[2.553s] Level 1:colcon.colcon_core.environment:checking '/home/kailync/ros2_ws/install/web_cam/lib'
[2.553s] Level 1:colcon.colcon_core.environment:checking '/home/kailync/ros2_ws/install/web_cam/bin'
[2.553s] Level 1:colcon.colcon_core.environment:checking '/home/kailync/ros2_ws/install/web_cam/lib/pkgconfig/web_cam.pc'
[2.553s] Level 1:colcon.colcon_core.environment:checking '/home/kailync/ros2_ws/install/web_cam/lib/python3.10/site-packages'
[2.553s] Level 1:colcon.colcon_core.shell:create_environment_hook('web_cam', 'pythonpath')
[2.553s] INFO:colcon.colcon_core.shell:Creating environment hook '/home/kailync/ros2_ws/install/web_cam/share/web_cam/hook/pythonpath.ps1'
[2.554s] INFO:colcon.colcon_core.shell:Creating environment descriptor '/home/kailync/ros2_ws/install/web_cam/share/web_cam/hook/pythonpath.dsv'
[2.554s] INFO:colcon.colcon_core.shell:Creating environment hook '/home/kailync/ros2_ws/install/web_cam/share/web_cam/hook/pythonpath.sh'
[2.554s] Level 1:colcon.colcon_core.environment:checking '/home/kailync/ros2_ws/install/web_cam/bin'
[2.554s] Level 1:colcon.colcon_core.environment:create_environment_scripts_only(web_cam)
[2.554s] INFO:colcon.colcon_core.shell:Creating package script '/home/kailync/ros2_ws/install/web_cam/share/web_cam/package.ps1'
[2.555s] INFO:colcon.colcon_core.shell:Creating package descriptor '/home/kailync/ros2_ws/install/web_cam/share/web_cam/package.dsv'
[2.555s] INFO:colcon.colcon_core.shell:Creating package script '/home/kailync/ros2_ws/install/web_cam/share/web_cam/package.sh'
[2.556s] INFO:colcon.colcon_core.shell:Creating package script '/home/kailync/ros2_ws/install/web_cam/share/web_cam/package.bash'
[2.556s] INFO:colcon.colcon_core.shell:Creating package script '/home/kailync/ros2_ws/install/web_cam/share/web_cam/package.zsh'
[2.556s] Level 1:colcon.colcon_core.environment:create_file_with_runtime_dependencies(/home/kailync/ros2_ws/install/web_cam/share/colcon-core/packages/web_cam)
[2.567s] Level 1:colcon.colcon_core.environment:checking '/home/kailync/ros2_ws/install/webcam' for CMake module files
[2.567s] Level 1:colcon.colcon_core.environment:checking '/home/kailync/ros2_ws/install/webcam' for CMake config files
[2.568s] Level 1:colcon.colcon_core.environment:checking '/home/kailync/ros2_ws/install/webcam/lib'
[2.568s] Level 1:colcon.colcon_core.environment:checking '/home/kailync/ros2_ws/install/webcam/bin'
[2.568s] Level 1:colcon.colcon_core.environment:checking '/home/kailync/ros2_ws/install/webcam/lib/pkgconfig/webcam.pc'
[2.569s] Level 1:colcon.colcon_core.environment:checking '/home/kailync/ros2_ws/install/webcam/lib/python3.10/site-packages'
[2.569s] Level 1:colcon.colcon_core.shell:create_environment_hook('webcam', 'pythonpath')
[2.569s] INFO:colcon.colcon_core.shell:Creating environment hook '/home/kailync/ros2_ws/install/webcam/share/webcam/hook/pythonpath.ps1'
[2.570s] INFO:colcon.colcon_core.shell:Creating environment descriptor '/home/kailync/ros2_ws/install/webcam/share/webcam/hook/pythonpath.dsv'
[2.570s] INFO:colcon.colcon_core.shell:Creating environment hook '/home/kailync/ros2_ws/install/webcam/share/webcam/hook/pythonpath.sh'
[2.571s] Level 1:colcon.colcon_core.environment:checking '/home/kailync/ros2_ws/install/webcam/bin'
[2.571s] Level 1:colcon.colcon_core.environment:create_environment_scripts_only(webcam)
[2.571s] INFO:colcon.colcon_core.shell:Creating package script '/home/kailync/ros2_ws/install/webcam/share/webcam/package.ps1'
[2.572s] INFO:colcon.colcon_core.shell:Creating package descriptor '/home/kailync/ros2_ws/install/webcam/share/webcam/package.dsv'
[2.572s] DEBUG:colcon.colcon_core.event_handler.log_command:Invoked command in '/home/kailync/ros2_ws/src/webcam' returned '0': PYTHONPATH=/home/kailync/ros2_ws/build/webcam/prefix_override:/usr/lib/python3/dist-packages/colcon_core/task/python/colcon_distutils_commands:/home/kailync/ros2_ws/install/webcam/lib/python3.10/site-packages:${PYTHONPATH} /usr/bin/python3 -W ignore:setup.py install is deprecated -W ignore:easy_install command is deprecated setup.py egg_info --egg-base ../../build/webcam build --build-base /home/kailync/ros2_ws/build/webcam/build install --record /home/kailync/ros2_ws/build/webcam/install.log --single-version-externally-managed install_data
[2.572s] INFO:colcon.colcon_core.shell:Creating package script '/home/kailync/ros2_ws/install/webcam/share/webcam/package.sh'
[2.573s] INFO:colcon.colcon_core.shell:Creating package script '/home/kailync/ros2_ws/install/webcam/share/webcam/package.bash'
[2.573s] INFO:colcon.colcon_core.shell:Creating package script '/home/kailync/ros2_ws/install/webcam/share/webcam/package.zsh'
[2.573s] Level 1:colcon.colcon_core.environment:create_file_with_runtime_dependencies(/home/kailync/ros2_ws/install/webcam/share/colcon-core/packages/webcam)
[2.576s] DEBUG:colcon.colcon_core.event_handler.log_command:Invoked command in '/home/kailync/ros2_ws/build/px4_msgs' returned '0': CMAKE_PREFIX_PATH=${CMAKE_PREFIX_PATH}:/home/kailync/ros2_ws/install/line_path:/home/kailync/ros2_ws/install/fizzbuzz:/opt/ros/humble /usr/bin/cmake --build /home/kailync/ros2_ws/build/px4_msgs -- -j6 -l6
[2.588s] DEBUG:colcon.colcon_core.event_handler.log_command:Invoking command in '/home/kailync/ros2_ws/build/px4_msgs': CMAKE_PREFIX_PATH=${CMAKE_PREFIX_PATH}:/home/kailync/ros2_ws/install/line_path:/home/kailync/ros2_ws/install/fizzbuzz:/opt/ros/humble /usr/bin/cmake --install /home/kailync/ros2_ws/build/px4_msgs
[3.093s] Level 1:colcon.colcon_core.environment:create_environment_scripts_only(px4_msgs)
[3.093s] Level 1:colcon.colcon_core.environment:checking '/home/kailync/ros2_ws/install/px4_msgs' for CMake module files
[3.094s] DEBUG:colcon.colcon_core.event_handler.log_command:Invoked command in '/home/kailync/ros2_ws/build/px4_msgs' returned '0': CMAKE_PREFIX_PATH=${CMAKE_PREFIX_PATH}:/home/kailync/ros2_ws/install/line_path:/home/kailync/ros2_ws/install/fizzbuzz:/opt/ros/humble /usr/bin/cmake --install /home/kailync/ros2_ws/build/px4_msgs
[3.094s] Level 1:colcon.colcon_core.environment:checking '/home/kailync/ros2_ws/install/px4_msgs' for CMake config files
[3.096s] Level 1:colcon.colcon_core.shell:create_environment_hook('px4_msgs', 'cmake_prefix_path')
[3.096s] INFO:colcon.colcon_core.shell:Creating environment hook '/home/kailync/ros2_ws/install/px4_msgs/share/px4_msgs/hook/cmake_prefix_path.ps1'
[3.097s] INFO:colcon.colcon_core.shell:Creating environment descriptor '/home/kailync/ros2_ws/install/px4_msgs/share/px4_msgs/hook/cmake_prefix_path.dsv'
[3.097s] INFO:colcon.colcon_core.shell:Creating environment hook '/home/kailync/ros2_ws/install/px4_msgs/share/px4_msgs/hook/cmake_prefix_path.sh'
[3.098s] Level 1:colcon.colcon_core.environment:checking '/home/kailync/ros2_ws/install/px4_msgs/lib'
[3.098s] Level 1:colcon.colcon_core.shell:create_environment_hook('px4_msgs', 'ld_library_path_lib')
[3.098s] INFO:colcon.colcon_core.shell:Creating environment hook '/home/kailync/ros2_ws/install/px4_msgs/share/px4_msgs/hook/ld_library_path_lib.ps1'
[3.098s] INFO:colcon.colcon_core.shell:Creating environment descriptor '/home/kailync/ros2_ws/install/px4_msgs/share/px4_msgs/hook/ld_library_path_lib.dsv'
[3.098s] INFO:colcon.colcon_core.shell:Creating environment hook '/home/kailync/ros2_ws/install/px4_msgs/share/px4_msgs/hook/ld_library_path_lib.sh'
[3.099s] Level 1:colcon.colcon_core.environment:checking '/home/kailync/ros2_ws/install/px4_msgs/bin'
[3.099s] Level 1:colcon.colcon_core.environment:checking '/home/kailync/ros2_ws/install/px4_msgs/lib/pkgconfig/px4_msgs.pc'
[3.099s] Level 1:colcon.colcon_core.environment:checking '/home/kailync/ros2_ws/install/px4_msgs/lib/python3.10/site-packages'
[3.099s] Level 1:colcon.colcon_core.environment:checking '/home/kailync/ros2_ws/install/px4_msgs/bin'
[3.099s] INFO:colcon.colcon_core.shell:Creating package script '/home/kailync/ros2_ws/install/px4_msgs/share/px4_msgs/package.ps1'
[3.100s] INFO:colcon.colcon_core.shell:Creating package descriptor '/home/kailync/ros2_ws/install/px4_msgs/share/px4_msgs/package.dsv'
[3.100s] INFO:colcon.colcon_core.shell:Creating package script '/home/kailync/ros2_ws/install/px4_msgs/share/px4_msgs/package.sh'
[3.100s] INFO:colcon.colcon_core.shell:Creating package script '/home/kailync/ros2_ws/install/px4_msgs/share/px4_msgs/package.bash'
[3.101s] INFO:colcon.colcon_core.shell:Creating package script '/home/kailync/ros2_ws/install/px4_msgs/share/px4_msgs/package.zsh'
[3.101s] Level 1:colcon.colcon_core.environment:create_file_with_runtime_dependencies(/home/kailync/ros2_ws/install/px4_msgs/share/colcon-core/packages/px4_msgs)
[3.101s] Level 1:colcon.colcon_core.environment:create_environment_scripts_only(px4_msgs)
[3.102s] Level 1:colcon.colcon_core.environment:checking '/home/kailync/ros2_ws/install/px4_msgs' for CMake module files
[3.102s] Level 1:colcon.colcon_core.environment:checking '/home/kailync/ros2_ws/install/px4_msgs' for CMake config files
[3.103s] Level 1:colcon.colcon_core.shell:create_environment_hook('px4_msgs', 'cmake_prefix_path')
[3.103s] INFO:colcon.colcon_core.shell:Creating environment hook '/home/kailync/ros2_ws/install/px4_msgs/share/px4_msgs/hook/cmake_prefix_path.ps1'
[3.104s] INFO:colcon.colcon_core.shell:Creating environment descriptor '/home/kailync/ros2_ws/install/px4_msgs/share/px4_msgs/hook/cmake_prefix_path.dsv'
[3.104s] INFO:colcon.colcon_core.shell:Creating environment hook '/home/kailync/ros2_ws/install/px4_msgs/share/px4_msgs/hook/cmake_prefix_path.sh'
[3.104s] Level 1:colcon.colcon_core.environment:checking '/home/kailync/ros2_ws/install/px4_msgs/lib'
[3.105s] Level 1:colcon.colcon_core.shell:create_environment_hook('px4_msgs', 'ld_library_path_lib')
[3.105s] INFO:colcon.colcon_core.shell:Creating environment hook '/home/kailync/ros2_ws/install/px4_msgs/share/px4_msgs/hook/ld_library_path_lib.ps1'
[3.105s] INFO:colcon.colcon_core.shell:Creating environment descriptor '/home/kailync/ros2_ws/install/px4_msgs/share/px4_msgs/hook/ld_library_path_lib.dsv'
[3.105s] INFO:colcon.colcon_core.shell:Creating environment hook '/home/kailync/ros2_ws/install/px4_msgs/share/px4_msgs/hook/ld_library_path_lib.sh'
[3.106s] Level 1:colcon.colcon_core.environment:checking '/home/kailync/ros2_ws/install/px4_msgs/bin'
[3.106s] Level 1:colcon.colcon_core.environment:checking '/home/kailync/ros2_ws/install/px4_msgs/lib/pkgconfig/px4_msgs.pc'
[3.106s] Level 1:colcon.colcon_core.environment:checking '/home/kailync/ros2_ws/install/px4_msgs/lib/python3.10/site-packages'
[3.106s] Level 1:colcon.colcon_core.environment:checking '/home/kailync/ros2_ws/install/px4_msgs/bin'
[3.107s] INFO:colcon.colcon_core.shell:Creating package script '/home/kailync/ros2_ws/install/px4_msgs/share/px4_msgs/package.ps1'
[3.107s] INFO:colcon.colcon_core.shell:Creating package descriptor '/home/kailync/ros2_ws/install/px4_msgs/share/px4_msgs/package.dsv'
[3.107s] INFO:colcon.colcon_core.shell:Creating package script '/home/kailync/ros2_ws/install/px4_msgs/share/px4_msgs/package.sh'
[3.108s] INFO:colcon.colcon_core.shell:Creating package script '/home/kailync/ros2_ws/install/px4_msgs/share/px4_msgs/package.bash'
[3.108s] INFO:colcon.colcon_core.shell:Creating package script '/home/kailync/ros2_ws/install/px4_msgs/share/px4_msgs/package.zsh'
[3.108s] Level 1:colcon.colcon_core.environment:create_file_with_runtime_dependencies(/home/kailync/ros2_ws/install/px4_msgs/share/colcon-core/packages/px4_msgs)
[3.110s] INFO:colcon.colcon_ros.task.ament_cmake.build:Building ROS package in '/home/kailync/ros2_ws/src/px4_ros_com' with build type 'ament_cmake'
[3.110s] INFO:colcon.colcon_cmake.task.cmake.build:Building CMake package in '/home/kailync/ros2_ws/src/px4_ros_com'
[3.110s] INFO:colcon.colcon_core.shell:Skip shell extension 'powershell' for command environment: Not usable outside of PowerShell
[3.110s] DEBUG:colcon.colcon_core.shell:Skip shell extension 'dsv' for command environment
[3.124s] DEBUG:colcon.colcon_core.event_handler.log_command:Invoking command in '/home/kailync/ros2_ws/build/px4_ros_com': CMAKE_PREFIX_PATH=/home/kailync/ros2_ws/install/px4_msgs:/home/kailync/ros2_ws/install/px4_ros_com:/home/kailync/ros2_ws/install/fizzbuzz_interfaces:/home/kailync/ros2_ws/install/line_path:/home/kailync/ros2_ws/install/fizzbuzz:/opt/ros/humble LD_LIBRARY_PATH=/home/kailync/ros2_ws/install/px4_msgs/lib:/home/kailync/ros2_ws/install/px4_ros_com/lib:/home/kailync/ros2_ws/install/fizzbuzz_interfaces/lib:/opt/ros/humble/opt/rviz_ogre_vendor/lib:/opt/ros/humble/lib/aarch64-linux-gnu:/opt/ros/humble/lib /usr/bin/cmake --build /home/kailync/ros2_ws/build/px4_ros_com -- -j6 -l6
[3.442s] DEBUG:colcon.colcon_core.event_handler.log_command:Invoked command in '/home/kailync/ros2_ws/build/px4_ros_com' returned '0': CMAKE_PREFIX_PATH=/home/kailync/ros2_ws/install/px4_msgs:/home/kailync/ros2_ws/install/px4_ros_com:/home/kailync/ros2_ws/install/fizzbuzz_interfaces:/home/kailync/ros2_ws/install/line_path:/home/kailync/ros2_ws/install/fizzbuzz:/opt/ros/humble LD_LIBRARY_PATH=/home/kailync/ros2_ws/install/px4_msgs/lib:/home/kailync/ros2_ws/install/px4_ros_com/lib:/home/kailync/ros2_ws/install/fizzbuzz_interfaces/lib:/opt/ros/humble/opt/rviz_ogre_vendor/lib:/opt/ros/humble/lib/aarch64-linux-gnu:/opt/ros/humble/lib /usr/bin/cmake --build /home/kailync/ros2_ws/build/px4_ros_com -- -j6 -l6
[3.446s] DEBUG:colcon.colcon_core.event_handler.log_command:Invoking command in '/home/kailync/ros2_ws/build/px4_ros_com': CMAKE_PREFIX_PATH=/home/kailync/ros2_ws/install/px4_msgs:/home/kailync/ros2_ws/install/px4_ros_com:/home/kailync/ros2_ws/install/fizzbuzz_interfaces:/home/kailync/ros2_ws/install/line_path:/home/kailync/ros2_ws/install/fizzbuzz:/opt/ros/humble LD_LIBRARY_PATH=/home/kailync/ros2_ws/install/px4_msgs/lib:/home/kailync/ros2_ws/install/px4_ros_com/lib:/home/kailync/ros2_ws/install/fizzbuzz_interfaces/lib:/opt/ros/humble/opt/rviz_ogre_vendor/lib:/opt/ros/humble/lib/aarch64-linux-gnu:/opt/ros/humble/lib /usr/bin/cmake --install /home/kailync/ros2_ws/build/px4_ros_com
[3.501s] Level 1:colcon.colcon_core.environment:create_environment_scripts_only(px4_ros_com)
[3.502s] Level 1:colcon.colcon_core.environment:checking '/home/kailync/ros2_ws/install/px4_ros_com' for CMake module files
[3.502s] DEBUG:colcon.colcon_core.event_handler.log_command:Invoked command in '/home/kailync/ros2_ws/build/px4_ros_com' returned '0': CMAKE_PREFIX_PATH=/home/kailync/ros2_ws/install/px4_msgs:/home/kailync/ros2_ws/install/px4_ros_com:/home/kailync/ros2_ws/install/fizzbuzz_interfaces:/home/kailync/ros2_ws/install/line_path:/home/kailync/ros2_ws/install/fizzbuzz:/opt/ros/humble LD_LIBRARY_PATH=/home/kailync/ros2_ws/install/px4_msgs/lib:/home/kailync/ros2_ws/install/px4_ros_com/lib:/home/kailync/ros2_ws/install/fizzbuzz_interfaces/lib:/opt/ros/humble/opt/rviz_ogre_vendor/lib:/opt/ros/humble/lib/aarch64-linux-gnu:/opt/ros/humble/lib /usr/bin/cmake --install /home/kailync/ros2_ws/build/px4_ros_com
[3.502s] Level 1:colcon.colcon_core.environment:checking '/home/kailync/ros2_ws/install/px4_ros_com' for CMake config files
[3.503s] Level 1:colcon.colcon_core.shell:create_environment_hook('px4_ros_com', 'cmake_prefix_path')
[3.503s] INFO:colcon.colcon_core.shell:Creating environment hook '/home/kailync/ros2_ws/install/px4_ros_com/share/px4_ros_com/hook/cmake_prefix_path.ps1'
[3.503s] INFO:colcon.colcon_core.shell:Creating environment descriptor '/home/kailync/ros2_ws/install/px4_ros_com/share/px4_ros_com/hook/cmake_prefix_path.dsv'
[3.504s] INFO:colcon.colcon_core.shell:Creating environment hook '/home/kailync/ros2_ws/install/px4_ros_com/share/px4_ros_com/hook/cmake_prefix_path.sh'
[3.504s] Level 1:colcon.colcon_core.environment:checking '/home/kailync/ros2_ws/install/px4_ros_com/lib'
[3.504s] Level 1:colcon.colcon_core.shell:create_environment_hook('px4_ros_com', 'ld_library_path_lib')
[3.504s] INFO:colcon.colcon_core.shell:Creating environment hook '/home/kailync/ros2_ws/install/px4_ros_com/share/px4_ros_com/hook/ld_library_path_lib.ps1'
[3.505s] INFO:colcon.colcon_core.shell:Creating environment descriptor '/home/kailync/ros2_ws/install/px4_ros_com/share/px4_ros_com/hook/ld_library_path_lib.dsv'
[3.505s] INFO:colcon.colcon_core.shell:Creating environment hook '/home/kailync/ros2_ws/install/px4_ros_com/share/px4_ros_com/hook/ld_library_path_lib.sh'
[3.505s] Level 1:colcon.colcon_core.environment:checking '/home/kailync/ros2_ws/install/px4_ros_com/bin'
[3.505s] Level 1:colcon.colcon_core.environment:checking '/home/kailync/ros2_ws/install/px4_ros_com/lib/pkgconfig/px4_ros_com.pc'
[3.506s] Level 1:colcon.colcon_core.environment:checking '/home/kailync/ros2_ws/install/px4_ros_com/lib/python3.10/site-packages'
[3.507s] Level 1:colcon.colcon_core.environment:checking '/home/kailync/ros2_ws/install/px4_ros_com/bin'
[3.507s] INFO:colcon.colcon_core.shell:Creating package script '/home/kailync/ros2_ws/install/px4_ros_com/share/px4_ros_com/package.ps1'
[3.507s] INFO:colcon.colcon_core.shell:Creating package descriptor '/home/kailync/ros2_ws/install/px4_ros_com/share/px4_ros_com/package.dsv'
[3.508s] INFO:colcon.colcon_core.shell:Creating package script '/home/kailync/ros2_ws/install/px4_ros_com/share/px4_ros_com/package.sh'
[3.508s] INFO:colcon.colcon_core.shell:Creating package script '/home/kailync/ros2_ws/install/px4_ros_com/share/px4_ros_com/package.bash'
[3.508s] INFO:colcon.colcon_core.shell:Creating package script '/home/kailync/ros2_ws/install/px4_ros_com/share/px4_ros_com/package.zsh'
[3.508s] Level 1:colcon.colcon_core.environment:create_file_with_runtime_dependencies(/home/kailync/ros2_ws/install/px4_ros_com/share/colcon-core/packages/px4_ros_com)
[3.509s] Level 1:colcon.colcon_core.environment:create_environment_scripts_only(px4_ros_com)
[3.509s] Level 1:colcon.colcon_core.environment:checking '/home/kailync/ros2_ws/install/px4_ros_com' for CMake module files
[3.509s] Level 1:colcon.colcon_core.environment:checking '/home/kailync/ros2_ws/install/px4_ros_com' for CMake config files
[3.509s] Level 1:colcon.colcon_core.shell:create_environment_hook('px4_ros_com', 'cmake_prefix_path')
[3.509s] INFO:colcon.colcon_core.shell:Creating environment hook '/home/kailync/ros2_ws/install/px4_ros_com/share/px4_ros_com/hook/cmake_prefix_path.ps1'
[3.510s] INFO:colcon.colcon_core.shell:Creating environment descriptor '/home/kailync/ros2_ws/install/px4_ros_com/share/px4_ros_com/hook/cmake_prefix_path.dsv'
[3.510s] INFO:colcon.colcon_core.shell:Creating environment hook '/home/kailync/ros2_ws/install/px4_ros_com/share/px4_ros_com/hook/cmake_prefix_path.sh'
[3.511s] Level 1:colcon.colcon_core.environment:checking '/home/kailync/ros2_ws/install/px4_ros_com/lib'
[3.511s] Level 1:colcon.colcon_core.shell:create_environment_hook('px4_ros_com', 'ld_library_path_lib')
[3.511s] INFO:colcon.colcon_core.shell:Creating environment hook '/home/kailync/ros2_ws/install/px4_ros_com/share/px4_ros_com/hook/ld_library_path_lib.ps1'
[3.511s] INFO:colcon.colcon_core.shell:Creating environment descriptor '/home/kailync/ros2_ws/install/px4_ros_com/share/px4_ros_com/hook/ld_library_path_lib.dsv'
[3.512s] INFO:colcon.colcon_core.shell:Creating environment hook '/home/kailync/ros2_ws/install/px4_ros_com/share/px4_ros_com/hook/ld_library_path_lib.sh'
[3.512s] Level 1:colcon.colcon_core.environment:checking '/home/kailync/ros2_ws/install/px4_ros_com/bin'
[3.512s] Level 1:colcon.colcon_core.environment:checking '/home/kailync/ros2_ws/install/px4_ros_com/lib/pkgconfig/px4_ros_com.pc'
[3.512s] Level 1:colcon.colcon_core.environment:checking '/home/kailync/ros2_ws/install/px4_ros_com/lib/python3.10/site-packages'
[3.512s] Level 1:colcon.colcon_core.environment:checking '/home/kailync/ros2_ws/install/px4_ros_com/bin'
[3.512s] INFO:colcon.colcon_core.shell:Creating package script '/home/kailync/ros2_ws/install/px4_ros_com/share/px4_ros_com/package.ps1'
[3.513s] INFO:colcon.colcon_core.shell:Creating package descriptor '/home/kailync/ros2_ws/install/px4_ros_com/share/px4_ros_com/package.dsv'
[3.514s] INFO:colcon.colcon_core.shell:Creating package script '/home/kailync/ros2_ws/install/px4_ros_com/share/px4_ros_com/package.sh'
[3.514s] INFO:colcon.colcon_core.shell:Creating package script '/home/kailync/ros2_ws/install/px4_ros_com/share/px4_ros_com/package.bash'
[3.514s] INFO:colcon.colcon_core.shell:Creating package script '/home/kailync/ros2_ws/install/px4_ros_com/share/px4_ros_com/package.zsh'
[3.515s] Level 1:colcon.colcon_core.environment:create_file_with_runtime_dependencies(/home/kailync/ros2_ws/install/px4_ros_com/share/colcon-core/packages/px4_ros_com)
[3.515s] DEBUG:colcon.colcon_parallel_executor.executor.parallel:closing loop
[3.515s] DEBUG:colcon.colcon_parallel_executor.executor.parallel:loop closed
[3.515s] DEBUG:colcon.colcon_parallel_executor.executor.parallel:run_until_complete finished with '0'
[3.515s] DEBUG:colcon.colcon_core.event_reactor:joining thread
[3.525s] INFO:colcon.colcon_core.plugin_system:Skipping extension 'colcon_notification.desktop_notification.terminal_notifier': Not used on non-Darwin systems
[3.525s] INFO:colcon.colcon_core.plugin_system:Skipping extension 'colcon_notification.desktop_notification.win32': Not used on non-Windows systems
[3.525s] INFO:colcon.colcon_notification.desktop_notification:Sending desktop notification using 'notify2'
[3.551s] DEBUG:colcon.colcon_core.event_reactor:joined thread
[3.551s] INFO:colcon.colcon_core.shell:Creating prefix script '/home/kailync/ros2_ws/install/local_setup.ps1'
[3.552s] INFO:colcon.colcon_core.shell:Creating prefix util module '/home/kailync/ros2_ws/install/_local_setup_util_ps1.py'
[3.554s] INFO:colcon.colcon_core.shell:Creating prefix chain script '/home/kailync/ros2_ws/install/setup.ps1'
[3.555s] INFO:colcon.colcon_core.shell:Creating prefix script '/home/kailync/ros2_ws/install/local_setup.sh'
[3.556s] INFO:colcon.colcon_core.shell:Creating prefix util module '/home/kailync/ros2_ws/install/_local_setup_util_sh.py'
[3.556s] INFO:colcon.colcon_core.shell:Creating prefix chain script '/home/kailync/ros2_ws/install/setup.sh'
[3.557s] INFO:colcon.colcon_core.shell:Creating prefix script '/home/kailync/ros2_ws/install/local_setup.bash'
[3.557s] INFO:colcon.colcon_core.shell:Creating prefix chain script '/home/kailync/ros2_ws/install/setup.bash'
[3.558s] INFO:colcon.colcon_core.shell:Creating prefix script '/home/kailync/ros2_ws/install/local_setup.zsh'
[3.558s] INFO:colcon.colcon_core.shell:Creating prefix chain script '/home/kailync/ros2_ws/install/setup.zsh'
