[0.011s] Invoking command in '/home/kailync/ros2_ws/build/px4_ros_com': CMAKE_PREFIX_PATH=${CMAKE_PREFIX_PATH}:/home/kailync/ros2_ws/install/line_path:/home/kailync/ros2_ws/install/fizzbuzz:/opt/ros/humble /usr/bin/cmake /home/kailync/ros2_ws/src/px4_ros_com -DCMAKE_INSTALL_PREFIX=/home/kailync/ros2_ws/install/px4_ros_com
[0.112s] -- The C compiler identification is GNU 11.4.0
[0.214s] -- The CXX compiler identification is GNU 11.4.0
[0.220s] -- Detecting C compiler ABI info
[0.285s] -- Detecting C compiler ABI info - done
[0.291s] -- Check for working C compiler: /usr/bin/cc - skipped
[0.292s] -- Detecting C compile features
[0.292s] -- Detecting C compile features - done
[0.295s] -- Detecting CXX compiler ABI info
[0.394s] -- Detecting CXX compiler ABI info - done
[0.400s] -- Check for working CXX compiler: /usr/bin/c++ - skipped
[0.400s] -- Detecting CXX compile features
[0.400s] -- Detecting CXX compile features - done
[0.405s] -- Found ament_cmake: 1.3.11 (/opt/ros/humble/share/ament_cmake/cmake)
[0.539s] -- Found Python3: /usr/bin/python3 (found version "3.10.12") found components: Interpreter 
[0.619s] -- Found builtin_interfaces: 1.2.1 (/opt/ros/humble/share/builtin_interfaces/cmake)
[0.662s] -- Found rosidl_generator_c: 3.1.6 (/opt/ros/humble/share/rosidl_generator_c/cmake)
[0.667s] -- Found rosidl_adapter: 3.1.6 (/opt/ros/humble/share/rosidl_adapter/cmake)
[0.676s] -- Found rosidl_generator_cpp: 3.1.6 (/opt/ros/humble/share/rosidl_generator_cpp/cmake)
[0.687s] -- Using all available rosidl_typesupport_c: rosidl_typesupport_fastrtps_c;rosidl_typesupport_introspection_c
[0.700s] -- Using all available rosidl_typesupport_cpp: rosidl_typesupport_fastrtps_cpp;rosidl_typesupport_introspection_cpp
[0.717s] -- Found eigen3_cmake_module: 0.1.1 (/opt/ros/humble/share/eigen3_cmake_module/cmake)
[0.733s] -- Found Eigen3: TRUE (found version "3.4.0") 
[0.736s] -- Found geometry_msgs: 4.8.0 (/opt/ros/humble/share/geometry_msgs/cmake)
[0.775s] -- Found px4_msgs: 2.0.1 (/home/kailync/ros2_ws/install/px4_msgs/share/px4_msgs/cmake)
[0.794s] -- Found rclcpp: 16.0.12 (/opt/ros/humble/share/rclcpp/cmake)
[0.871s] -- Found rmw_implementation_cmake: 6.1.2 (/opt/ros/humble/share/rmw_implementation_cmake/cmake)
[0.876s] -- Found rmw_fastrtps_cpp: 6.2.7 (/opt/ros/humble/share/rmw_fastrtps_cpp/cmake)
[0.988s] -- Found OpenSSL: /usr/lib/aarch64-linux-gnu/libcrypto.so (found version "3.0.2")  
[1.024s] -- Found FastRTPS: /opt/ros/humble/include  
[1.067s] -- Using RMW implementation 'rmw_fastrtps_cpp' as default
[1.080s] -- Looking for pthread.h
[1.138s] -- Looking for pthread.h - found
[1.138s] -- Performing Test CMAKE_HAVE_LIBC_PTHREAD
[1.220s] -- Performing Test CMAKE_HAVE_LIBC_PTHREAD - Success
[1.221s] -- Found Threads: TRUE  
[1.279s] -- Found sensor_msgs: 4.8.0 (/opt/ros/humble/share/sensor_msgs/cmake)
[1.309s] -- Found rclpy: 3.3.16 (/opt/ros/humble/share/rclpy/cmake)
[1.326s] -- Found ament_lint_auto: 0.12.12 (/opt/ros/humble/share/ament_lint_auto/cmake)
[1.424s] -- Added test 'copyright' to check source files copyright and LICENSE
[1.427s] -- Added test 'cppcheck' to perform static code analysis on C / C++ code
[1.428s] -- Configured cppcheck include dirs: /home/kailync/ros2_ws/src/px4_ros_com/include;$<BUILD_INTERFACE:/home/kailync/ros2_ws/src/px4_ros_com/include/px4_ros_com>
[1.428s] -- Configured cppcheck exclude dirs and/or files: 
[1.431s] -- Added test 'cpplint' to check C / C++ code against the Google style
[1.431s] -- Configured cpplint exclude dirs and/or files: 
[1.432s] -- Added test 'flake8' to check Python code syntax and style conventions
[1.433s] -- Added test 'lint_cmake' to check CMake code style
[1.435s] -- Added test 'pep257' to check Python code against some of the docstring style conventions in PEP 257
[1.437s] -- Added test 'uncrustify' to check C / C++ code style
[1.437s] -- Configured uncrustify additional arguments: 
[1.438s] -- Added test 'xmllint' to check XML markup files
[1.440s] -- Configuring done
[1.459s] -- Generating done
[1.467s] -- Build files have been written to: /home/kailync/ros2_ws/build/px4_ros_com
[1.475s] Invoked command in '/home/kailync/ros2_ws/build/px4_ros_com' returned '0': CMAKE_PREFIX_PATH=${CMAKE_PREFIX_PATH}:/home/kailync/ros2_ws/install/line_path:/home/kailync/ros2_ws/install/fizzbuzz:/opt/ros/humble /usr/bin/cmake /home/kailync/ros2_ws/src/px4_ros_com -DCMAKE_INSTALL_PREFIX=/home/kailync/ros2_ws/install/px4_ros_com
[1.475s] Invoking command in '/home/kailync/ros2_ws/build/px4_ros_com': CMAKE_PREFIX_PATH=${CMAKE_PREFIX_PATH}:/home/kailync/ros2_ws/install/line_path:/home/kailync/ros2_ws/install/fizzbuzz:/opt/ros/humble /usr/bin/cmake --build /home/kailync/ros2_ws/build/px4_ros_com -- -j6 -l6
[1.518s] [  8%] [32mBuilding CXX object CMakeFiles/frame_transforms.dir/src/lib/frame_transforms.cpp.o[0m
[2.377s] In file included from [01m[K/usr/include/eigen3/Eigen/Core:214[m[K,
[2.377s]                  from [01m[K/usr/include/eigen3/Eigen/Dense:1[m[K,
[2.377s]                  from [01m[K/usr/include/eigen3/Eigen/Eigen:1[m[K,
[2.377s]                  from [01m[K/home/kailync/ros2_ws/src/px4_ros_com/include/px4_ros_com/frame_transforms.h:45[m[K,
[2.377s]                  from [01m[K/home/kailync/ros2_ws/src/px4_ros_com/src/lib/frame_transforms.cpp:41[m[K:
[2.377s] [01m[K/usr/include/eigen3/Eigen/src/Core/arch/NEON/PacketMath.h:[m[K In function ‘[01m[KPacket Eigen::internal::pload(const typename Eigen::internal::unpacket_traits<T>::type*) [with Packet = Eigen::internal::eigen_packet_wrapper<int, 2>; typename Eigen::internal::unpacket_traits<T>::type = signed char][m[K’:
[2.377s] [01m[K/usr/include/eigen3/Eigen/src/Core/arch/NEON/PacketMath.h:1671:9:[m[K [01;35m[Kwarning: [m[K‘[01m[Kvoid* memcpy(void*, const void*, size_t)[m[K’ copying an object of non-trivial type ‘[01m[KEigen::internal::Packet4c[m[K’ {aka ‘[01m[Kstruct Eigen::internal::eigen_packet_wrapper<int, 2>[m[K’} from an array of ‘[01m[Kconst int8_t[m[K’ {aka ‘[01m[Kconst signed char[m[K’} [[01;35m[K]8;;https://gcc.gnu.org/onlinedocs/gcc/Warning-Options.html#index-Wclass-memaccess-Wclass-memaccess]8;;[m[K]
[2.377s]  1671 |   [01;35m[Kmemcpy(&res, from, sizeof(Packet4c))[m[K;
[2.377s]       |   [01;35m[K~~~~~~^~~~~~~~~~~~~~~~~~~~~~~~~~~~~~[m[K
[2.377s] In file included from [01m[K/usr/include/eigen3/Eigen/Core:172[m[K,
[2.377s]                  from [01m[K/usr/include/eigen3/Eigen/Dense:1[m[K,
[2.377s]                  from [01m[K/usr/include/eigen3/Eigen/Eigen:1[m[K,
[2.377s]                  from [01m[K/home/kailync/ros2_ws/src/px4_ros_com/include/px4_ros_com/frame_transforms.h:45[m[K,
[2.377s]                  from [01m[K/home/kailync/ros2_ws/src/px4_ros_com/src/lib/frame_transforms.cpp:41[m[K:
[2.377s] [01m[K/usr/include/eigen3/Eigen/src/Core/GenericPacketMath.h:159:8:[m[K [01;36m[Knote: [m[K‘[01m[KEigen::internal::Packet4c[m[K’ {aka ‘[01m[Kstruct Eigen::internal::eigen_packet_wrapper<int, 2>[m[K’} declared here
[2.377s]   159 | struct [01;36m[Keigen_packet_wrapper[m[K
[2.377s]       |        [01;36m[K^~~~~~~~~~~~~~~~~~~~[m[K
[2.378s] In file included from [01m[K/usr/include/eigen3/Eigen/Core:214[m[K,
[2.378s]                  from [01m[K/usr/include/eigen3/Eigen/Dense:1[m[K,
[2.378s]                  from [01m[K/usr/include/eigen3/Eigen/Eigen:1[m[K,
[2.378s]                  from [01m[K/home/kailync/ros2_ws/src/px4_ros_com/include/px4_ros_com/frame_transforms.h:45[m[K,
[2.378s]                  from [01m[K/home/kailync/ros2_ws/src/px4_ros_com/src/lib/frame_transforms.cpp:41[m[K:
[2.378s] [01m[K/usr/include/eigen3/Eigen/src/Core/arch/NEON/PacketMath.h:[m[K In function ‘[01m[KPacket Eigen::internal::ploadu(const typename Eigen::internal::unpacket_traits<T>::type*) [with Packet = Eigen::internal::eigen_packet_wrapper<int, 2>; typename Eigen::internal::unpacket_traits<T>::type = signed char][m[K’:
[2.378s] [01m[K/usr/include/eigen3/Eigen/src/Core/arch/NEON/PacketMath.h:1716:9:[m[K [01;35m[Kwarning: [m[K‘[01m[Kvoid* memcpy(void*, const void*, size_t)[m[K’ copying an object of non-trivial type ‘[01m[KEigen::internal::Packet4c[m[K’ {aka ‘[01m[Kstruct Eigen::internal::eigen_packet_wrapper<int, 2>[m[K’} from an array of ‘[01m[Kconst int8_t[m[K’ {aka ‘[01m[Kconst signed char[m[K’} [[01;35m[K]8;;https://gcc.gnu.org/onlinedocs/gcc/Warning-Options.html#index-Wclass-memaccess-Wclass-memaccess]8;;[m[K]
[2.378s]  1716 |   [01;35m[Kmemcpy(&res, from, sizeof(Packet4c))[m[K;
[2.378s]       |   [01;35m[K~~~~~~^~~~~~~~~~~~~~~~~~~~~~~~~~~~~~[m[K
[2.378s] In file included from [01m[K/usr/include/eigen3/Eigen/Core:172[m[K,
[2.378s]                  from [01m[K/usr/include/eigen3/Eigen/Dense:1[m[K,
[2.378s]                  from [01m[K/usr/include/eigen3/Eigen/Eigen:1[m[K,
[2.379s]                  from [01m[K/home/kailync/ros2_ws/src/px4_ros_com/include/px4_ros_com/frame_transforms.h:45[m[K,
[2.379s]                  from [01m[K/home/kailync/ros2_ws/src/px4_ros_com/src/lib/frame_transforms.cpp:41[m[K:
[2.379s] [01m[K/usr/include/eigen3/Eigen/src/Core/GenericPacketMath.h:159:8:[m[K [01;36m[Knote: [m[K‘[01m[KEigen::internal::Packet4c[m[K’ {aka ‘[01m[Kstruct Eigen::internal::eigen_packet_wrapper<int, 2>[m[K’} declared here
[2.379s]   159 | struct [01;36m[Keigen_packet_wrapper[m[K
[2.379s]       |        [01;36m[K^~~~~~~~~~~~~~~~~~~~[m[K
[7.169s] [ 16%] [32m[1mLinking CXX shared library libframe_transforms.so[0m
[7.422s] [ 16%] Built target frame_transforms
[7.438s] [ 25%] [32mBuilding CXX object CMakeFiles/offboard_control_srv.dir/src/examples/offboard/offboard_control_srv.cpp.o[0m
[11.164s] [ 33%] [32m[1mLinking CXX executable offboard_control_srv[0m
[11.391s] [ 33%] Built target offboard_control_srv
[11.411s] [ 41%] [32mBuilding CXX object CMakeFiles/offboard_control.dir/src/examples/offboard/offboard_control.cpp.o[0m
[11.414s] [ 41%] Built target ament_cmake_python_copy_px4_ros_com
[11.434s] [ 50%] [32mBuilding CXX object CMakeFiles/debug_vect_advertiser.dir/src/examples/advertisers/debug_vect_advertiser.cpp.o[0m
[14.680s] [ 58%] [32m[1mLinking CXX executable debug_vect_advertiser[0m
[14.829s] [ 58%] Built target debug_vect_advertiser
[14.942s] [ 66%] [32m[1mLinking CXX executable offboard_control[0m
[15.086s] [ 66%] Built target offboard_control
[15.680s] running egg_info
[15.681s] creating px4_ros_com.egg-info
[15.682s] writing px4_ros_com.egg-info/PKG-INFO
[15.682s] writing dependency_links to px4_ros_com.egg-info/dependency_links.txt
[15.682s] writing top-level names to px4_ros_com.egg-info/top_level.txt
[15.682s] writing manifest file 'px4_ros_com.egg-info/SOURCES.txt'
[15.684s] reading manifest file 'px4_ros_com.egg-info/SOURCES.txt'
[15.684s] writing manifest file 'px4_ros_com.egg-info/SOURCES.txt'
[15.705s] [ 66%] Built target ament_cmake_python_build_px4_ros_com_egg
[15.727s] [ 75%] [32mBuilding CXX object CMakeFiles/vehicle_gps_position_listener.dir/src/examples/listeners/vehicle_gps_position_listener.cpp.o[0m
[20.543s] [ 83%] [32m[1mLinking CXX executable vehicle_gps_position_listener[0m
[20.837s] [ 83%] Built target vehicle_gps_position_listener
[20.856s] [ 91%] [32mBuilding CXX object CMakeFiles/sensor_combined_listener.dir/src/examples/listeners/sensor_combined_listener.cpp.o[0m
[25.617s] [100%] [32m[1mLinking CXX executable sensor_combined_listener[0m
[25.900s] [100%] Built target sensor_combined_listener
[26.091s] Invoked command in '/home/kailync/ros2_ws/build/px4_ros_com' returned '0': CMAKE_PREFIX_PATH=${CMAKE_PREFIX_PATH}:/home/kailync/ros2_ws/install/line_path:/home/kailync/ros2_ws/install/fizzbuzz:/opt/ros/humble /usr/bin/cmake --build /home/kailync/ros2_ws/build/px4_ros_com -- -j6 -l6
[26.276s] Invoking command in '/home/kailync/ros2_ws/build/px4_ros_com': CMAKE_PREFIX_PATH=${CMAKE_PREFIX_PATH}:/home/kailync/ros2_ws/install/line_path:/home/kailync/ros2_ws/install/fizzbuzz:/opt/ros/humble /usr/bin/cmake --install /home/kailync/ros2_ws/build/px4_ros_com
[26.297s] -- Install configuration: ""
[26.297s] -- Installing: /home/kailync/ros2_ws/install/px4_ros_com/lib/px4_ros_com/sensor_combined_listener
[26.297s] -- Set runtime path of "/home/kailync/ros2_ws/install/px4_ros_com/lib/px4_ros_com/sensor_combined_listener" to ""
[26.297s] -- Installing: /home/kailync/ros2_ws/install/px4_ros_com/lib/px4_ros_com/vehicle_gps_position_listener
[26.297s] -- Set runtime path of "/home/kailync/ros2_ws/install/px4_ros_com/lib/px4_ros_com/vehicle_gps_position_listener" to ""
[26.297s] -- Installing: /home/kailync/ros2_ws/install/px4_ros_com/lib/px4_ros_com/debug_vect_advertiser
[26.297s] -- Set runtime path of "/home/kailync/ros2_ws/install/px4_ros_com/lib/px4_ros_com/debug_vect_advertiser" to ""
[26.297s] -- Installing: /home/kailync/ros2_ws/install/px4_ros_com/lib/px4_ros_com/offboard_control
[26.299s] -- Set runtime path of "/home/kailync/ros2_ws/install/px4_ros_com/lib/px4_ros_com/offboard_control" to ""
[26.299s] -- Installing: /home/kailync/ros2_ws/install/px4_ros_com/lib/px4_ros_com/offboard_control_srv
[26.300s] -- Set runtime path of "/home/kailync/ros2_ws/install/px4_ros_com/lib/px4_ros_com/offboard_control_srv" to ""
[26.301s] -- Installing: /home/kailync/ros2_ws/install/px4_ros_com/share/px4_ros_com/environment/library_path.sh
[26.302s] -- Installing: /home/kailync/ros2_ws/install/px4_ros_com/share/px4_ros_com/environment/library_path.dsv
[26.302s] -- Installing: /home/kailync/ros2_ws/install/px4_ros_com/include/px4_ros_com
[26.302s] -- Installing: /home/kailync/ros2_ws/install/px4_ros_com/include/px4_ros_com/frame_transforms.h
[26.303s] -- Installing: /home/kailync/ros2_ws/install/px4_ros_com/lib/libframe_transforms.so
[26.308s] -- Set runtime path of "/home/kailync/ros2_ws/install/px4_ros_com/lib/libframe_transforms.so" to ""
[26.308s] -- Installing: /home/kailync/ros2_ws/install/px4_ros_com/share/px4_ros_com//launch
[26.309s] -- Installing: /home/kailync/ros2_ws/install/px4_ros_com/share/px4_ros_com//launch/sensor_combined_listener.launch.py
[26.309s] -- Installing: /home/kailync/ros2_ws/install/px4_ros_com/share/px4_ros_com//launch/offboard_control_launch.yaml
[26.309s] -- Installing: /home/kailync/ros2_ws/install/px4_ros_com/share/px4_ros_com//test
[26.310s] -- Installing: /home/kailync/ros2_ws/install/px4_ros_com/share/px4_ros_com//test/test_output.py
[26.310s] -- Installing: /home/kailync/ros2_ws/install/px4_ros_com/share/px4_ros_com//test/pipeline_io_test.py
[26.310s] -- Installing: /home/kailync/ros2_ws/install/px4_ros_com/share/px4_ros_com//test/test_input.py
[26.310s] -- Installing: /home/kailync/ros2_ws/install/px4_ros_com/share/px4_ros_com//test/__init__.py
[26.311s] -- Installing: /home/kailync/ros2_ws/install/px4_ros_com/share/px4_ros_com/environment/pythonpath.sh
[26.311s] -- Installing: /home/kailync/ros2_ws/install/px4_ros_com/share/px4_ros_com/environment/pythonpath.dsv
[26.311s] -- Installing: /home/kailync/ros2_ws/install/px4_ros_com/local/lib/python3.10/dist-packages/px4_ros_com-0.1.0-py3.10.egg-info
[26.312s] -- Installing: /home/kailync/ros2_ws/install/px4_ros_com/local/lib/python3.10/dist-packages/px4_ros_com-0.1.0-py3.10.egg-info/PKG-INFO
[26.312s] -- Installing: /home/kailync/ros2_ws/install/px4_ros_com/local/lib/python3.10/dist-packages/px4_ros_com-0.1.0-py3.10.egg-info/top_level.txt
[26.312s] -- Installing: /home/kailync/ros2_ws/install/px4_ros_com/local/lib/python3.10/dist-packages/px4_ros_com-0.1.0-py3.10.egg-info/dependency_links.txt
[26.313s] -- Installing: /home/kailync/ros2_ws/install/px4_ros_com/local/lib/python3.10/dist-packages/px4_ros_com-0.1.0-py3.10.egg-info/SOURCES.txt
[26.313s] -- Installing: /home/kailync/ros2_ws/install/px4_ros_com/local/lib/python3.10/dist-packages/px4_ros_com
[26.313s] -- Installing: /home/kailync/ros2_ws/install/px4_ros_com/local/lib/python3.10/dist-packages/px4_ros_com/module_to_import.py
[26.313s] -- Installing: /home/kailync/ros2_ws/install/px4_ros_com/local/lib/python3.10/dist-packages/px4_ros_com/__init__.py
[26.343s] Listing '/home/kailync/ros2_ws/install/px4_ros_com/local/lib/python3.10/dist-packages/px4_ros_com'...
[26.343s] Compiling '/home/kailync/ros2_ws/install/px4_ros_com/local/lib/python3.10/dist-packages/px4_ros_com/__init__.py'...
[26.343s] Compiling '/home/kailync/ros2_ws/install/px4_ros_com/local/lib/python3.10/dist-packages/px4_ros_com/module_to_import.py'...
[26.346s] -- Installing: /home/kailync/ros2_ws/install/px4_ros_com/lib/px4_ros_com/offboard_control.py
[26.346s] -- Installing: /home/kailync/ros2_ws/install/px4_ros_com/share/ament_index/resource_index/package_run_dependencies/px4_ros_com
[26.347s] -- Installing: /home/kailync/ros2_ws/install/px4_ros_com/share/ament_index/resource_index/parent_prefix_path/px4_ros_com
[26.348s] -- Installing: /home/kailync/ros2_ws/install/px4_ros_com/share/px4_ros_com/environment/ament_prefix_path.sh
[26.349s] -- Installing: /home/kailync/ros2_ws/install/px4_ros_com/share/px4_ros_com/environment/ament_prefix_path.dsv
[26.349s] -- Installing: /home/kailync/ros2_ws/install/px4_ros_com/share/px4_ros_com/environment/path.sh
[26.350s] -- Installing: /home/kailync/ros2_ws/install/px4_ros_com/share/px4_ros_com/environment/path.dsv
[26.350s] -- Installing: /home/kailync/ros2_ws/install/px4_ros_com/share/px4_ros_com/local_setup.bash
[26.350s] -- Installing: /home/kailync/ros2_ws/install/px4_ros_com/share/px4_ros_com/local_setup.sh
[26.351s] -- Installing: /home/kailync/ros2_ws/install/px4_ros_com/share/px4_ros_com/local_setup.zsh
[26.351s] -- Installing: /home/kailync/ros2_ws/install/px4_ros_com/share/px4_ros_com/local_setup.dsv
[26.352s] -- Installing: /home/kailync/ros2_ws/install/px4_ros_com/share/px4_ros_com/package.dsv
[26.352s] -- Installing: /home/kailync/ros2_ws/install/px4_ros_com/share/ament_index/resource_index/packages/px4_ros_com
[26.352s] -- Installing: /home/kailync/ros2_ws/install/px4_ros_com/share/px4_ros_com/cmake/export_frame_transformsExport.cmake
[26.353s] -- Installing: /home/kailync/ros2_ws/install/px4_ros_com/share/px4_ros_com/cmake/export_frame_transformsExport-noconfig.cmake
[26.353s] -- Installing: /home/kailync/ros2_ws/install/px4_ros_com/share/px4_ros_com/cmake/ament_cmake_export_dependencies-extras.cmake
[26.353s] -- Installing: /home/kailync/ros2_ws/install/px4_ros_com/share/px4_ros_com/cmake/ament_cmake_export_targets-extras.cmake
[26.354s] -- Installing: /home/kailync/ros2_ws/install/px4_ros_com/share/px4_ros_com/cmake/ament_cmake_export_include_directories-extras.cmake
[26.354s] -- Installing: /home/kailync/ros2_ws/install/px4_ros_com/share/px4_ros_com/cmake/ament_cmake_export_libraries-extras.cmake
[26.355s] -- Installing: /home/kailync/ros2_ws/install/px4_ros_com/share/px4_ros_com/cmake/px4_ros_comConfig.cmake
[26.355s] -- Installing: /home/kailync/ros2_ws/install/px4_ros_com/share/px4_ros_com/cmake/px4_ros_comConfig-version.cmake
[26.356s] -- Installing: /home/kailync/ros2_ws/install/px4_ros_com/share/px4_ros_com/package.xml
[26.368s] Invoked command in '/home/kailync/ros2_ws/build/px4_ros_com' returned '0': CMAKE_PREFIX_PATH=${CMAKE_PREFIX_PATH}:/home/kailync/ros2_ws/install/line_path:/home/kailync/ros2_ws/install/fizzbuzz:/opt/ros/humble /usr/bin/cmake --install /home/kailync/ros2_ws/build/px4_ros_com
