[1.714s] Invoking command in '/home/kailync/ros2_ws/src/web_cam': PYTHONPATH=/home/kailync/ros2_ws/build/web_cam/prefix_override:/usr/lib/python3/dist-packages/colcon_core/task/python/colcon_distutils_commands:/home/kailync/ros2_ws/install/web_cam/lib/python3.10/site-packages:${PYTHONPATH} /usr/bin/python3 -W ignore:setup.py install is deprecated -W ignore:easy_install command is deprecated setup.py egg_info --egg-base ../../build/web_cam build --build-base /home/kailync/ros2_ws/build/web_cam/build install --record /home/kailync/ros2_ws/build/web_cam/install.log --single-version-externally-managed install_data
[2.147s] running egg_info
[2.147s] writing ../../build/web_cam/web_cam.egg-info/PKG-INFO
[2.147s] writing dependency_links to ../../build/web_cam/web_cam.egg-info/dependency_links.txt
[2.147s] writing entry points to ../../build/web_cam/web_cam.egg-info/entry_points.txt
[2.147s] writing requirements to ../../build/web_cam/web_cam.egg-info/requires.txt
[2.147s] writing top-level names to ../../build/web_cam/web_cam.egg-info/top_level.txt
[2.147s] reading manifest file '../../build/web_cam/web_cam.egg-info/SOURCES.txt'
[2.147s] writing manifest file '../../build/web_cam/web_cam.egg-info/SOURCES.txt'
[2.147s] running build
[2.147s] running build_py
[2.147s] running install
[2.148s] running install_lib
[2.148s] running install_data
[2.148s] running install_egg_info
[2.148s] removing '/home/kailync/ros2_ws/install/web_cam/lib/python3.10/site-packages/web_cam-0.0.0-py3.10.egg-info' (and everything under it)
[2.148s] Copying ../../build/web_cam/web_cam.egg-info to /home/kailync/ros2_ws/install/web_cam/lib/python3.10/site-packages/web_cam-0.0.0-py3.10.egg-info
[2.148s] running install_scripts
[2.150s] Installing webcam_node script to /home/kailync/ros2_ws/install/web_cam/lib/web_cam
[2.150s] writing list of installed files to '/home/kailync/ros2_ws/build/web_cam/install.log'
[2.155s] Invoked command in '/home/kailync/ros2_ws/src/web_cam' returned '0': PYTHONPATH=/home/kailync/ros2_ws/build/web_cam/prefix_override:/usr/lib/python3/dist-packages/colcon_core/task/python/colcon_distutils_commands:/home/kailync/ros2_ws/install/web_cam/lib/python3.10/site-packages:${PYTHONPATH} /usr/bin/python3 -W ignore:setup.py install is deprecated -W ignore:easy_install command is deprecated setup.py egg_info --egg-base ../../build/web_cam build --build-base /home/kailync/ros2_ws/build/web_cam/build install --record /home/kailync/ros2_ws/build/web_cam/install.log --single-version-externally-managed install_data
