running egg_info
writing ../../build/web_cam/web_cam.egg-info/PKG-INFO
writing dependency_links to ../../build/web_cam/web_cam.egg-info/dependency_links.txt
writing entry points to ../../build/web_cam/web_cam.egg-info/entry_points.txt
writing requirements to ../../build/web_cam/web_cam.egg-info/requires.txt
writing top-level names to ../../build/web_cam/web_cam.egg-info/top_level.txt
reading manifest file '../../build/web_cam/web_cam.egg-info/SOURCES.txt'
writing manifest file '../../build/web_cam/web_cam.egg-info/SOURCES.txt'
running build
running build_py
copying web_cam/webcam_node.py -> /home/kailync/ros2_ws/build/web_cam/build/lib/web_cam
running install
running install_lib
copying /home/kailync/ros2_ws/build/web_cam/build/lib/web_cam/webcam_node.py -> /home/kailync/ros2_ws/install/web_cam/lib/python3.10/site-packages/web_cam
byte-compiling /home/kailync/ros2_ws/install/web_cam/lib/python3.10/site-packages/web_cam/webcam_node.py to webcam_node.cpython-310.pyc
running install_data
running install_egg_info
removing '/home/kailync/ros2_ws/install/web_cam/lib/python3.10/site-packages/web_cam-0.0.0-py3.10.egg-info' (and everything under it)
Copying ../../build/web_cam/web_cam.egg-info to /home/kailync/ros2_ws/install/web_cam/lib/python3.10/site-packages/web_cam-0.0.0-py3.10.egg-info
running install_scripts
Installing webcam_node script to /home/kailync/ros2_ws/install/web_cam/lib/web_cam
writing list of installed files to '/home/kailync/ros2_ws/build/web_cam/install.log'
