[1.647s] Invoking command in '/home/kailync/ros2_ws/src/web_cam': PYTHONPATH=/home/kailync/ros2_ws/build/web_cam/prefix_override:/usr/lib/python3/dist-packages/colcon_core/task/python/colcon_distutils_commands:/home/kailync/ros2_ws/install/web_cam/lib/python3.10/site-packages:${PYTHONPATH} /usr/bin/python3 -W ignore:setup.py install is deprecated -W ignore:easy_install command is deprecated setup.py egg_info --egg-base ../../build/web_cam build --build-base /home/kailync/ros2_ws/build/web_cam/build install --record /home/kailync/ros2_ws/build/web_cam/install.log --single-version-externally-managed install_data
[1.988s] running egg_info
[1.988s] writing ../../build/web_cam/web_cam.egg-info/PKG-INFO
[1.988s] writing dependency_links to ../../build/web_cam/web_cam.egg-info/dependency_links.txt
[1.988s] writing entry points to ../../build/web_cam/web_cam.egg-info/entry_points.txt
[1.988s] writing requirements to ../../build/web_cam/web_cam.egg-info/requires.txt
[1.988s] writing top-level names to ../../build/web_cam/web_cam.egg-info/top_level.txt
[1.988s] reading manifest file '../../build/web_cam/web_cam.egg-info/SOURCES.txt'
[1.988s] writing manifest file '../../build/web_cam/web_cam.egg-info/SOURCES.txt'
[1.988s] running build
[1.988s] running build_py
[1.988s] copying web_cam/webcam_node.py -> /home/kailync/ros2_ws/build/web_cam/build/lib/web_cam
[1.989s] running install
[1.989s] running install_lib
[1.989s] copying /home/kailync/ros2_ws/build/web_cam/build/lib/web_cam/webcam_node.py -> /home/kailync/ros2_ws/install/web_cam/lib/python3.10/site-packages/web_cam
[1.989s] byte-compiling /home/kailync/ros2_ws/install/web_cam/lib/python3.10/site-packages/web_cam/webcam_node.py to webcam_node.cpython-310.pyc
[1.989s] running install_data
[1.989s] running install_egg_info
[1.989s] removing '/home/kailync/ros2_ws/install/web_cam/lib/python3.10/site-packages/web_cam-0.0.0-py3.10.egg-info' (and everything under it)
[1.989s] Copying ../../build/web_cam/web_cam.egg-info to /home/kailync/ros2_ws/install/web_cam/lib/python3.10/site-packages/web_cam-0.0.0-py3.10.egg-info
[1.989s] running install_scripts
[1.990s] Installing webcam_node script to /home/kailync/ros2_ws/install/web_cam/lib/web_cam
[1.990s] writing list of installed files to '/home/kailync/ros2_ws/build/web_cam/install.log'
[1.990s] Invoked command in '/home/kailync/ros2_ws/src/web_cam' returned '0': PYTHONPATH=/home/kailync/ros2_ws/build/web_cam/prefix_override:/usr/lib/python3/dist-packages/colcon_core/task/python/colcon_distutils_commands:/home/kailync/ros2_ws/install/web_cam/lib/python3.10/site-packages:${PYTHONPATH} /usr/bin/python3 -W ignore:setup.py install is deprecated -W ignore:easy_install command is deprecated setup.py egg_info --egg-base ../../build/web_cam build --build-base /home/kailync/ros2_ws/build/web_cam/build install --record /home/kailync/ros2_ws/build/web_cam/install.log --single-version-externally-managed install_data
