[1.229s] Invoking command in '/home/kailync/ros2_ws/src/ar_tag': PYTHONPATH=/home/kailync/ros2_ws/build/ar_tag/prefix_override:/usr/lib/python3/dist-packages/colcon_core/task/python/colcon_distutils_commands:/home/kailync/ros2_ws/install/ar_tag/lib/python3.10/site-packages:${PYTHONPATH} /usr/bin/python3 -W ignore:setup.py install is deprecated -W ignore:easy_install command is deprecated setup.py egg_info --egg-base ../../build/ar_tag build --build-base /home/kailync/ros2_ws/build/ar_tag/build install --record /home/kailync/ros2_ws/build/ar_tag/install.log --single-version-externally-managed install_data
[1.553s] running egg_info
[1.554s] writing ../../build/ar_tag/ar_tag.egg-info/PKG-INFO
[1.558s] writing dependency_links to ../../build/ar_tag/ar_tag.egg-info/dependency_links.txt
[1.570s] writing entry points to ../../build/ar_tag/ar_tag.egg-info/entry_points.txt
[1.572s] writing requirements to ../../build/ar_tag/ar_tag.egg-info/requires.txt
[1.572s] writing top-level names to ../../build/ar_tag/ar_tag.egg-info/top_level.txt
[1.573s] reading manifest file '../../build/ar_tag/ar_tag.egg-info/SOURCES.txt'
[1.574s] writing manifest file '../../build/ar_tag/ar_tag.egg-info/SOURCES.txt'
[1.575s] running build
[1.575s] running build_py
[1.576s] copying ar_tag/tag_test_node.py -> /home/kailync/ros2_ws/build/ar_tag/build/lib/ar_tag
[1.584s] running install
[1.584s] running install_lib
[1.591s] copying /home/kailync/ros2_ws/build/ar_tag/build/lib/ar_tag/tag_test_node.py -> /home/kailync/ros2_ws/install/ar_tag/lib/python3.10/site-packages/ar_tag
[1.593s] byte-compiling /home/kailync/ros2_ws/install/ar_tag/lib/python3.10/site-packages/ar_tag/tag_test_node.py to tag_test_node.cpython-310.pyc
[1.595s] running install_data
[1.595s] copying package.xml -> /home/kailync/ros2_ws/install/ar_tag/share/ar_tag
[1.596s] running install_egg_info
[1.603s] removing '/home/kailync/ros2_ws/install/ar_tag/lib/python3.10/site-packages/ar_tag-0.0.0-py3.10.egg-info' (and everything under it)
[1.603s] Copying ../../build/ar_tag/ar_tag.egg-info to /home/kailync/ros2_ws/install/ar_tag/lib/python3.10/site-packages/ar_tag-0.0.0-py3.10.egg-info
[1.606s] running install_scripts
[1.631s] Installing ARTag_Detector script to /home/kailync/ros2_ws/install/ar_tag/lib/ar_tag
[1.631s] writing list of installed files to '/home/kailync/ros2_ws/build/ar_tag/install.log'
[1.671s] Invoked command in '/home/kailync/ros2_ws/src/ar_tag' returned '0': PYTHONPATH=/home/kailync/ros2_ws/build/ar_tag/prefix_override:/usr/lib/python3/dist-packages/colcon_core/task/python/colcon_distutils_commands:/home/kailync/ros2_ws/install/ar_tag/lib/python3.10/site-packages:${PYTHONPATH} /usr/bin/python3 -W ignore:setup.py install is deprecated -W ignore:easy_install command is deprecated setup.py egg_info --egg-base ../../build/ar_tag build --build-base /home/kailync/ros2_ws/build/ar_tag/build install --record /home/kailync/ros2_ws/build/ar_tag/install.log --single-version-externally-managed install_data
