[1.706s] Invoking command in '/home/kailync/ros2_ws/src/web_cam': PYTHONPATH=/home/kailync/ros2_ws/build/web_cam/prefix_override:/usr/lib/python3/dist-packages/colcon_core/task/python/colcon_distutils_commands:/home/kailync/ros2_ws/install/web_cam/lib/python3.10/site-packages:${PYTHONPATH} /usr/bin/python3 -W ignore:setup.py install is deprecated -W ignore:easy_install command is deprecated setup.py egg_info --egg-base ../../build/web_cam build --build-base /home/kailync/ros2_ws/build/web_cam/build install --record /home/kailync/ros2_ws/build/web_cam/install.log --single-version-externally-managed install_data
[1.941s] running egg_info
[1.943s] writing ../../build/web_cam/web_cam.egg-info/PKG-INFO
[1.943s] writing dependency_links to ../../build/web_cam/web_cam.egg-info/dependency_links.txt
[1.945s] writing entry points to ../../build/web_cam/web_cam.egg-info/entry_points.txt
[1.945s] writing requirements to ../../build/web_cam/web_cam.egg-info/requires.txt
[1.945s] writing top-level names to ../../build/web_cam/web_cam.egg-info/top_level.txt
[1.951s] reading manifest file '../../build/web_cam/web_cam.egg-info/SOURCES.txt'
[1.956s] writing manifest file '../../build/web_cam/web_cam.egg-info/SOURCES.txt'
[1.956s] running build
[1.956s] running build_py
[1.959s] running install
[1.960s] running install_lib
[1.961s] running install_data
[1.962s] running install_egg_info
[1.963s] removing '/home/kailync/ros2_ws/install/web_cam/lib/python3.10/site-packages/web_cam-0.0.0-py3.10.egg-info' (and everything under it)
[1.963s] Copying ../../build/web_cam/web_cam.egg-info to /home/kailync/ros2_ws/install/web_cam/lib/python3.10/site-packages/web_cam-0.0.0-py3.10.egg-info
[1.967s] running install_scripts
[1.996s] Installing webcam_node script to /home/kailync/ros2_ws/install/web_cam/lib/web_cam
[1.997s] writing list of installed files to '/home/kailync/ros2_ws/build/web_cam/install.log'
[2.037s] Invoked command in '/home/kailync/ros2_ws/src/web_cam' returned '0': PYTHONPATH=/home/kailync/ros2_ws/build/web_cam/prefix_override:/usr/lib/python3/dist-packages/colcon_core/task/python/colcon_distutils_commands:/home/kailync/ros2_ws/install/web_cam/lib/python3.10/site-packages:${PYTHONPATH} /usr/bin/python3 -W ignore:setup.py install is deprecated -W ignore:easy_install command is deprecated setup.py egg_info --egg-base ../../build/web_cam build --build-base /home/kailync/ros2_ws/build/web_cam/build install --record /home/kailync/ros2_ws/build/web_cam/install.log --single-version-externally-managed install_data
