[0.398s] Invoking command in '/home/kailync/ros2_ws/src/fizzbuzz': PYTHONPATH=/home/kailync/ros2_ws/build/fizzbuzz/prefix_override:/usr/lib/python3/dist-packages/colcon_core/task/python/colcon_distutils_commands:/home/kailync/ros2_ws/install/fizzbuzz/lib/python3.10/site-packages:${PYTHONPATH} /usr/bin/python3 -W ignore:setup.py install is deprecated -W ignore:easy_install command is deprecated setup.py egg_info --egg-base ../../build/fizzbuzz build --build-base /home/kailync/ros2_ws/build/fizzbuzz/build install --record /home/kailync/ros2_ws/build/fizzbuzz/install.log --single-version-externally-managed install_data
[0.524s] running egg_info
[0.525s] writing ../../build/fizzbuzz/fizzbuzz.egg-info/PKG-INFO
[0.525s] writing dependency_links to ../../build/fizzbuzz/fizzbuzz.egg-info/dependency_links.txt
[0.526s] writing entry points to ../../build/fizzbuzz/fizzbuzz.egg-info/entry_points.txt
[0.526s] writing requirements to ../../build/fizzbuzz/fizzbuzz.egg-info/requires.txt
[0.526s] writing top-level names to ../../build/fizzbuzz/fizzbuzz.egg-info/top_level.txt
[0.528s] reading manifest file '../../build/fizzbuzz/fizzbuzz.egg-info/SOURCES.txt'
[0.529s] writing manifest file '../../build/fizzbuzz/fizzbuzz.egg-info/SOURCES.txt'
[0.529s] running build
[0.529s] running build_py
[0.530s] running install
[0.530s] running install_lib
[0.531s] running install_data
[0.532s] running install_egg_info
[0.533s] removing '/home/kailync/ros2_ws/install/fizzbuzz/lib/python3.10/site-packages/fizzbuzz-0.0.0-py3.10.egg-info' (and everything under it)
[0.534s] Copying ../../build/fizzbuzz/fizzbuzz.egg-info to /home/kailync/ros2_ws/install/fizzbuzz/lib/python3.10/site-packages/fizzbuzz-0.0.0-py3.10.egg-info
[0.534s] running install_scripts
[0.547s] Installing fizzbuzz_subscriber script to /home/kailync/ros2_ws/install/fizzbuzz/lib/fizzbuzz
[0.548s] Installing number_publisher script to /home/kailync/ros2_ws/install/fizzbuzz/lib/fizzbuzz
[0.548s] writing list of installed files to '/home/kailync/ros2_ws/build/fizzbuzz/install.log'
