[0.063s] DEBUG:colcon:Command line arguments: ['/usr/bin/colcon', 'build', '--packages-select', 'line_path']
[0.063s] DEBUG:colcon:Parsed command line arguments: Namespace(log_base=None, log_level=None, verb_name='build', build_base='build', install_base='install', merge_install=False, symlink_install=False, test_result_base=None, continue_on_error=False, executor='parallel', parallel_workers=6, event_handlers=None, ignore_user_meta=False, metas=['./colcon.meta'], base_paths=['.'], packages_ignore=None, packages_ignore_regex=None, paths=None, packages_up_to=None, packages_up_to_regex=None, packages_above=None, packages_above_and_dependencies=None, packages_above_depth=None, packages_select_by_dep=None, packages_skip_by_dep=None, packages_skip_up_to=None, packages_select_build_failed=False, packages_skip_build_finished=False, packages_select_test_failures=False, packages_skip_test_passed=False, packages_select=['line_path'], packages_skip=None, packages_select_regex=None, packages_skip_regex=None, packages_start=None, packages_end=None, allow_overriding=[], cmake_args=None, cmake_target=None, cmake_target_skip_unavailable=False, cmake_clean_cache=False, cmake_clean_first=False, cmake_force_configure=False, ament_cmake_args=None, catkin_cmake_args=None, catkin_skip_building_tests=False, verb_parser=<colcon_defaults.argument_parser.defaults.DefaultArgumentsDecorator object at 0xffff943408e0>, verb_extension=<colcon_core.verb.build.BuildVerb object at 0xffff94340400>, main=<bound method BuildVerb.main of <colcon_core.verb.build.BuildVerb object at 0xffff94340400>>)
[0.155s] Level 1:colcon.colcon_core.package_discovery:discover_packages(colcon_meta) check parameters
[0.155s] Level 1:colcon.colcon_core.package_discovery:discover_packages(recursive) check parameters
[0.155s] Level 1:colcon.colcon_core.package_discovery:discover_packages(ignore) check parameters
[0.155s] Level 1:colcon.colcon_core.package_discovery:discover_packages(path) check parameters
[0.155s] Level 1:colcon.colcon_core.package_discovery:discover_packages(colcon_meta) discover
[0.155s] Level 1:colcon.colcon_core.package_discovery:discover_packages(recursive) discover
[0.155s] INFO:colcon.colcon_core.package_discovery:Crawling recursively for packages in '/home/kailync/ros2_ws'
[0.155s] Level 1:colcon.colcon_core.package_identification:_identify(.) by extensions ['ignore', 'ignore_ament_install']
[0.155s] Level 1:colcon.colcon_core.package_identification:_identify(.) by extension 'ignore'
[0.156s] Level 1:colcon.colcon_core.package_identification:_identify(.) by extension 'ignore_ament_install'
[0.156s] Level 1:colcon.colcon_core.package_identification:_identify(.) by extensions ['colcon_pkg']
[0.156s] Level 1:colcon.colcon_core.package_identification:_identify(.) by extension 'colcon_pkg'
[0.156s] Level 1:colcon.colcon_core.package_identification:_identify(.) by extensions ['colcon_meta']
[0.156s] Level 1:colcon.colcon_core.package_identification:_identify(.) by extension 'colcon_meta'
[0.156s] Level 1:colcon.colcon_core.package_identification:_identify(.) by extensions ['ros']
[0.156s] Level 1:colcon.colcon_core.package_identification:_identify(.) by extension 'ros'
[0.163s] Level 1:colcon.colcon_core.package_identification:_identify(.) by extensions ['cmake', 'python']
[0.163s] Level 1:colcon.colcon_core.package_identification:_identify(.) by extension 'cmake'
[0.163s] Level 1:colcon.colcon_core.package_identification:_identify(.) by extension 'python'
[0.163s] Level 1:colcon.colcon_core.package_identification:_identify(.) by extensions ['python_setup_py']
[0.163s] Level 1:colcon.colcon_core.package_identification:_identify(.) by extension 'python_setup_py'
[0.163s] Level 1:colcon.colcon_core.package_identification:_identify(bag_files) by extensions ['ignore', 'ignore_ament_install']
[0.163s] Level 1:colcon.colcon_core.package_identification:_identify(bag_files) by extension 'ignore'
[0.163s] Level 1:colcon.colcon_core.package_identification:_identify(bag_files) by extension 'ignore_ament_install'
[0.164s] Level 1:colcon.colcon_core.package_identification:_identify(bag_files) by extensions ['colcon_pkg']
[0.164s] Level 1:colcon.colcon_core.package_identification:_identify(bag_files) by extension 'colcon_pkg'
[0.164s] Level 1:colcon.colcon_core.package_identification:_identify(bag_files) by extensions ['colcon_meta']
[0.164s] Level 1:colcon.colcon_core.package_identification:_identify(bag_files) by extension 'colcon_meta'
[0.164s] Level 1:colcon.colcon_core.package_identification:_identify(bag_files) by extensions ['ros']
[0.164s] Level 1:colcon.colcon_core.package_identification:_identify(bag_files) by extension 'ros'
[0.164s] Level 1:colcon.colcon_core.package_identification:_identify(bag_files) by extensions ['cmake', 'python']
[0.164s] Level 1:colcon.colcon_core.package_identification:_identify(bag_files) by extension 'cmake'
[0.164s] Level 1:colcon.colcon_core.package_identification:_identify(bag_files) by extension 'python'
[0.164s] Level 1:colcon.colcon_core.package_identification:_identify(bag_files) by extensions ['python_setup_py']
[0.164s] Level 1:colcon.colcon_core.package_identification:_identify(bag_files) by extension 'python_setup_py'
[0.164s] Level 1:colcon.colcon_core.package_identification:_identify(build) by extensions ['ignore', 'ignore_ament_install']
[0.164s] Level 1:colcon.colcon_core.package_identification:_identify(build) by extension 'ignore'
[0.164s] Level 1:colcon.colcon_core.package_identification:_identify(build) ignored
[0.164s] Level 1:colcon.colcon_core.package_identification:_identify(install) by extensions ['ignore', 'ignore_ament_install']
[0.165s] Level 1:colcon.colcon_core.package_identification:_identify(install) by extension 'ignore'
[0.165s] Level 1:colcon.colcon_core.package_identification:_identify(install) ignored
[0.165s] Level 1:colcon.colcon_core.package_identification:_identify(log) by extensions ['ignore', 'ignore_ament_install']
[0.165s] Level 1:colcon.colcon_core.package_identification:_identify(log) by extension 'ignore'
[0.165s] Level 1:colcon.colcon_core.package_identification:_identify(log) ignored
[0.165s] Level 1:colcon.colcon_core.package_identification:_identify(src) by extensions ['ignore', 'ignore_ament_install']
[0.165s] Level 1:colcon.colcon_core.package_identification:_identify(src) by extension 'ignore'
[0.165s] Level 1:colcon.colcon_core.package_identification:_identify(src) by extension 'ignore_ament_install'
[0.165s] Level 1:colcon.colcon_core.package_identification:_identify(src) by extensions ['colcon_pkg']
[0.165s] Level 1:colcon.colcon_core.package_identification:_identify(src) by extension 'colcon_pkg'
[0.165s] Level 1:colcon.colcon_core.package_identification:_identify(src) by extensions ['colcon_meta']
[0.165s] Level 1:colcon.colcon_core.package_identification:_identify(src) by extension 'colcon_meta'
[0.165s] Level 1:colcon.colcon_core.package_identification:_identify(src) by extensions ['ros']
[0.165s] Level 1:colcon.colcon_core.package_identification:_identify(src) by extension 'ros'
[0.165s] Level 1:colcon.colcon_core.package_identification:_identify(src) by extensions ['cmake', 'python']
[0.165s] Level 1:colcon.colcon_core.package_identification:_identify(src) by extension 'cmake'
[0.165s] Level 1:colcon.colcon_core.package_identification:_identify(src) by extension 'python'
[0.165s] Level 1:colcon.colcon_core.package_identification:_identify(src) by extensions ['python_setup_py']
[0.165s] Level 1:colcon.colcon_core.package_identification:_identify(src) by extension 'python_setup_py'
[0.165s] Level 1:colcon.colcon_core.package_identification:_identify(src/fizzbuzz) by extensions ['ignore', 'ignore_ament_install']
[0.165s] Level 1:colcon.colcon_core.package_identification:_identify(src/fizzbuzz) by extension 'ignore'
[0.165s] Level 1:colcon.colcon_core.package_identification:_identify(src/fizzbuzz) by extension 'ignore_ament_install'
[0.165s] Level 1:colcon.colcon_core.package_identification:_identify(src/fizzbuzz) by extensions ['colcon_pkg']
[0.165s] Level 1:colcon.colcon_core.package_identification:_identify(src/fizzbuzz) by extension 'colcon_pkg'
[0.165s] Level 1:colcon.colcon_core.package_identification:_identify(src/fizzbuzz) by extensions ['colcon_meta']
[0.165s] Level 1:colcon.colcon_core.package_identification:_identify(src/fizzbuzz) by extension 'colcon_meta'
[0.165s] Level 1:colcon.colcon_core.package_identification:_identify(src/fizzbuzz) by extensions ['ros']
[0.165s] Level 1:colcon.colcon_core.package_identification:_identify(src/fizzbuzz) by extension 'ros'
[0.168s] DEBUG:colcon.colcon_core.package_identification:Package 'src/fizzbuzz' with type 'ros.ament_python' and name 'fizzbuzz'
[0.168s] Level 1:colcon.colcon_core.package_identification:_identify(src/fizzbuzz_interfaces) by extensions ['ignore', 'ignore_ament_install']
[0.168s] Level 1:colcon.colcon_core.package_identification:_identify(src/fizzbuzz_interfaces) by extension 'ignore'
[0.168s] Level 1:colcon.colcon_core.package_identification:_identify(src/fizzbuzz_interfaces) by extension 'ignore_ament_install'
[0.168s] Level 1:colcon.colcon_core.package_identification:_identify(src/fizzbuzz_interfaces) by extensions ['colcon_pkg']
[0.168s] Level 1:colcon.colcon_core.package_identification:_identify(src/fizzbuzz_interfaces) by extension 'colcon_pkg'
[0.168s] Level 1:colcon.colcon_core.package_identification:_identify(src/fizzbuzz_interfaces) by extensions ['colcon_meta']
[0.168s] Level 1:colcon.colcon_core.package_identification:_identify(src/fizzbuzz_interfaces) by extension 'colcon_meta'
[0.168s] Level 1:colcon.colcon_core.package_identification:_identify(src/fizzbuzz_interfaces) by extensions ['ros']
[0.168s] Level 1:colcon.colcon_core.package_identification:_identify(src/fizzbuzz_interfaces) by extension 'ros'
[0.169s] DEBUG:colcon.colcon_core.package_identification:Found ROS schema reference in package manifest in 'src/fizzbuzz_interfaces'
[0.169s] WARNING:colcon.colcon_core.package_identification:Failed to parse ROS package manifest in 'src/fizzbuzz_interfaces': Error(s) in package 'src/fizzbuzz_interfaces/package.xml':
The package "fizzbuzz_interfaces" must not "exec_depend" on a package with the same name as this package
[0.169s] Level 1:colcon.colcon_core.package_identification:_identify(src/fizzbuzz_interfaces) by extensions ['cmake', 'python']
[0.169s] Level 1:colcon.colcon_core.package_identification:_identify(src/fizzbuzz_interfaces) by extension 'cmake'
[0.171s] Level 1:colcon.colcon_core.package_identification:_identify(src/fizzbuzz_interfaces) by extension 'python'
[0.171s] DEBUG:colcon.colcon_core.package_identification:Package 'src/fizzbuzz_interfaces' with type 'cmake' and name 'fizzbuzz_interfaces'
[0.171s] Level 1:colcon.colcon_core.package_identification:_identify(src/line_path) by extensions ['ignore', 'ignore_ament_install']
[0.171s] Level 1:colcon.colcon_core.package_identification:_identify(src/line_path) by extension 'ignore'
[0.171s] Level 1:colcon.colcon_core.package_identification:_identify(src/line_path) by extension 'ignore_ament_install'
[0.171s] Level 1:colcon.colcon_core.package_identification:_identify(src/line_path) by extensions ['colcon_pkg']
[0.171s] Level 1:colcon.colcon_core.package_identification:_identify(src/line_path) by extension 'colcon_pkg'
[0.171s] Level 1:colcon.colcon_core.package_identification:_identify(src/line_path) by extensions ['colcon_meta']
[0.171s] Level 1:colcon.colcon_core.package_identification:_identify(src/line_path) by extension 'colcon_meta'
[0.171s] Level 1:colcon.colcon_core.package_identification:_identify(src/line_path) by extensions ['ros']
[0.171s] Level 1:colcon.colcon_core.package_identification:_identify(src/line_path) by extension 'ros'
[0.172s] DEBUG:colcon.colcon_core.package_identification:Package 'src/line_path' with type 'ros.ament_python' and name 'line_path'
[0.172s] Level 1:colcon.colcon_core.package_discovery:discover_packages(recursive) using defaults
[0.172s] Level 1:colcon.colcon_core.package_discovery:discover_packages(ignore) discover
[0.172s] Level 1:colcon.colcon_core.package_discovery:discover_packages(ignore) using defaults
[0.172s] Level 1:colcon.colcon_core.package_discovery:discover_packages(path) discover
[0.172s] Level 1:colcon.colcon_core.package_discovery:discover_packages(path) using defaults
[0.192s] INFO:colcon.colcon_core.package_selection:Skipping not selected package 'fizzbuzz' in 'src/fizzbuzz'
[0.192s] INFO:colcon.colcon_core.package_selection:Skipping not selected package 'fizzbuzz_interfaces' in 'src/fizzbuzz_interfaces'
[0.192s] Level 1:colcon.colcon_core.package_discovery:discover_packages(prefix_path) check parameters
[0.192s] Level 1:colcon.colcon_core.package_discovery:discover_packages(prefix_path) discover
[0.193s] DEBUG:colcon.colcon_installed_package_information.package_discovery:Found 273 installed packages in /opt/ros/humble
[0.194s] Level 1:colcon.colcon_core.package_discovery:discover_packages(prefix_path) using defaults
[0.217s] Level 5:colcon.colcon_core.verb:set package 'line_path' build argument 'cmake_args' from command line to 'None'
[0.217s] Level 5:colcon.colcon_core.verb:set package 'line_path' build argument 'cmake_target' from command line to 'None'
[0.217s] Level 5:colcon.colcon_core.verb:set package 'line_path' build argument 'cmake_target_skip_unavailable' from command line to 'False'
[0.217s] Level 5:colcon.colcon_core.verb:set package 'line_path' build argument 'cmake_clean_cache' from command line to 'False'
[0.217s] Level 5:colcon.colcon_core.verb:set package 'line_path' build argument 'cmake_clean_first' from command line to 'False'
[0.217s] Level 5:colcon.colcon_core.verb:set package 'line_path' build argument 'cmake_force_configure' from command line to 'False'
[0.217s] Level 5:colcon.colcon_core.verb:set package 'line_path' build argument 'ament_cmake_args' from command line to 'None'
[0.217s] Level 5:colcon.colcon_core.verb:set package 'line_path' build argument 'catkin_cmake_args' from command line to 'None'
[0.217s] Level 5:colcon.colcon_core.verb:set package 'line_path' build argument 'catkin_skip_building_tests' from command line to 'False'
[0.217s] DEBUG:colcon.colcon_core.verb:Building package 'line_path' with the following arguments: {'ament_cmake_args': None, 'build_base': '/home/kailync/ros2_ws/build/line_path', 'catkin_cmake_args': None, 'catkin_skip_building_tests': False, 'cmake_args': None, 'cmake_clean_cache': False, 'cmake_clean_first': False, 'cmake_force_configure': False, 'cmake_target': None, 'cmake_target_skip_unavailable': False, 'install_base': '/home/kailync/ros2_ws/install/line_path', 'merge_install': False, 'path': '/home/kailync/ros2_ws/src/line_path', 'symlink_install': False, 'test_result_base': None}
[0.217s] INFO:colcon.colcon_core.executor:Executing jobs using 'parallel' executor
[0.218s] DEBUG:colcon.colcon_parallel_executor.executor.parallel:run_until_complete
[0.218s] INFO:colcon.colcon_ros.task.ament_python.build:Building ROS package in '/home/kailync/ros2_ws/src/line_path' with build type 'ament_python'
[0.218s] Level 1:colcon.colcon_core.shell:create_environment_hook('line_path', 'ament_prefix_path')
[0.219s] INFO:colcon.colcon_core.plugin_system:Skipping extension 'colcon_core.shell.bat': Not used on non-Windows systems
[0.219s] INFO:colcon.colcon_core.shell:Creating environment hook '/home/kailync/ros2_ws/install/line_path/share/line_path/hook/ament_prefix_path.ps1'
[0.220s] INFO:colcon.colcon_core.shell:Creating environment descriptor '/home/kailync/ros2_ws/install/line_path/share/line_path/hook/ament_prefix_path.dsv'
[0.220s] INFO:colcon.colcon_core.shell:Creating environment hook '/home/kailync/ros2_ws/install/line_path/share/line_path/hook/ament_prefix_path.sh'
[0.221s] INFO:colcon.colcon_core.shell:Skip shell extension 'powershell' for command environment: Not usable outside of PowerShell
[0.221s] DEBUG:colcon.colcon_core.shell:Skip shell extension 'dsv' for command environment
[0.373s] INFO:colcon.colcon_core.task.python.build:Building Python package in '/home/kailync/ros2_ws/src/line_path'
[0.374s] INFO:colcon.colcon_core.shell:Skip shell extension 'powershell' for command environment: Not usable outside of PowerShell
[0.374s] DEBUG:colcon.colcon_core.shell:Skip shell extension 'dsv' for command environment
[0.568s] DEBUG:colcon.colcon_core.event_handler.log_command:Invoking command in '/home/kailync/ros2_ws/src/line_path': PYTHONPATH=/home/kailync/ros2_ws/build/line_path/prefix_override:/usr/lib/python3/dist-packages/colcon_core/task/python/colcon_distutils_commands:/home/kailync/ros2_ws/install/line_path/lib/python3.10/site-packages:${PYTHONPATH} /usr/bin/python3 -W ignore:setup.py install is deprecated -W ignore:easy_install command is deprecated setup.py egg_info --egg-base ../../build/line_path build --build-base /home/kailync/ros2_ws/build/line_path/build install --record /home/kailync/ros2_ws/build/line_path/install.log --single-version-externally-managed install_data
[0.726s] DEBUG:colcon.colcon_core.event_handler.log_command:Invoked command in '/home/kailync/ros2_ws/src/line_path' returned '0': PYTHONPATH=/home/kailync/ros2_ws/build/line_path/prefix_override:/usr/lib/python3/dist-packages/colcon_core/task/python/colcon_distutils_commands:/home/kailync/ros2_ws/install/line_path/lib/python3.10/site-packages:${PYTHONPATH} /usr/bin/python3 -W ignore:setup.py install is deprecated -W ignore:easy_install command is deprecated setup.py egg_info --egg-base ../../build/line_path build --build-base /home/kailync/ros2_ws/build/line_path/build install --record /home/kailync/ros2_ws/build/line_path/install.log --single-version-externally-managed install_data
[0.734s] Level 1:colcon.colcon_core.environment:checking '/home/kailync/ros2_ws/install/line_path' for CMake module files
[0.734s] Level 1:colcon.colcon_core.environment:checking '/home/kailync/ros2_ws/install/line_path' for CMake config files
[0.734s] Level 1:colcon.colcon_core.environment:checking '/home/kailync/ros2_ws/install/line_path/lib'
[0.734s] Level 1:colcon.colcon_core.environment:checking '/home/kailync/ros2_ws/install/line_path/bin'
[0.734s] Level 1:colcon.colcon_core.environment:checking '/home/kailync/ros2_ws/install/line_path/lib/pkgconfig/line_path.pc'
[0.735s] Level 1:colcon.colcon_core.environment:checking '/home/kailync/ros2_ws/install/line_path/lib/python3.10/site-packages'
[0.735s] Level 1:colcon.colcon_core.shell:create_environment_hook('line_path', 'pythonpath')
[0.735s] INFO:colcon.colcon_core.shell:Creating environment hook '/home/kailync/ros2_ws/install/line_path/share/line_path/hook/pythonpath.ps1'
[0.735s] INFO:colcon.colcon_core.shell:Creating environment descriptor '/home/kailync/ros2_ws/install/line_path/share/line_path/hook/pythonpath.dsv'
[0.735s] INFO:colcon.colcon_core.shell:Creating environment hook '/home/kailync/ros2_ws/install/line_path/share/line_path/hook/pythonpath.sh'
[0.735s] Level 1:colcon.colcon_core.environment:checking '/home/kailync/ros2_ws/install/line_path/bin'
[0.735s] Level 1:colcon.colcon_core.environment:create_environment_scripts_only(line_path)
[0.736s] INFO:colcon.colcon_core.shell:Creating package script '/home/kailync/ros2_ws/install/line_path/share/line_path/package.ps1'
[0.737s] INFO:colcon.colcon_core.shell:Creating package descriptor '/home/kailync/ros2_ws/install/line_path/share/line_path/package.dsv'
[0.737s] INFO:colcon.colcon_core.shell:Creating package script '/home/kailync/ros2_ws/install/line_path/share/line_path/package.sh'
[0.738s] INFO:colcon.colcon_core.shell:Creating package script '/home/kailync/ros2_ws/install/line_path/share/line_path/package.bash'
[0.739s] INFO:colcon.colcon_core.shell:Creating package script '/home/kailync/ros2_ws/install/line_path/share/line_path/package.zsh'
[0.739s] Level 1:colcon.colcon_core.environment:create_file_with_runtime_dependencies(/home/kailync/ros2_ws/install/line_path/share/colcon-core/packages/line_path)
[0.740s] DEBUG:colcon.colcon_parallel_executor.executor.parallel:closing loop
[0.740s] DEBUG:colcon.colcon_parallel_executor.executor.parallel:loop closed
[0.740s] DEBUG:colcon.colcon_parallel_executor.executor.parallel:run_until_complete finished with '0'
[0.740s] DEBUG:colcon.colcon_core.event_reactor:joining thread
[0.743s] INFO:colcon.colcon_core.plugin_system:Skipping extension 'colcon_notification.desktop_notification.terminal_notifier': Not used on non-Darwin systems
[0.743s] INFO:colcon.colcon_core.plugin_system:Skipping extension 'colcon_notification.desktop_notification.win32': Not used on non-Windows systems
[0.743s] INFO:colcon.colcon_notification.desktop_notification:Sending desktop notification using 'notify2'
[0.755s] DEBUG:colcon.colcon_core.event_reactor:joined thread
[0.756s] INFO:colcon.colcon_core.shell:Creating prefix script '/home/kailync/ros2_ws/install/local_setup.ps1'
[0.756s] INFO:colcon.colcon_core.shell:Creating prefix util module '/home/kailync/ros2_ws/install/_local_setup_util_ps1.py'
[0.757s] INFO:colcon.colcon_core.shell:Creating prefix chain script '/home/kailync/ros2_ws/install/setup.ps1'
[0.758s] INFO:colcon.colcon_core.shell:Creating prefix script '/home/kailync/ros2_ws/install/local_setup.sh'
[0.759s] INFO:colcon.colcon_core.shell:Creating prefix util module '/home/kailync/ros2_ws/install/_local_setup_util_sh.py'
[0.759s] INFO:colcon.colcon_core.shell:Creating prefix chain script '/home/kailync/ros2_ws/install/setup.sh'
[0.760s] INFO:colcon.colcon_core.shell:Creating prefix script '/home/kailync/ros2_ws/install/local_setup.bash'
[0.760s] INFO:colcon.colcon_core.shell:Creating prefix chain script '/home/kailync/ros2_ws/install/setup.bash'
[0.760s] INFO:colcon.colcon_core.shell:Creating prefix script '/home/kailync/ros2_ws/install/local_setup.zsh'
[0.761s] INFO:colcon.colcon_core.shell:Creating prefix chain script '/home/kailync/ros2_ws/install/setup.zsh'
