[2.085s] Invoking command in '/home/kailync/ros2_ws/src/line_path': PYTHONPATH=/home/kailync/ros2_ws/build/line_path/prefix_override:/usr/lib/python3/dist-packages/colcon_core/task/python/colcon_distutils_commands:/home/kailync/ros2_ws/install/line_path/lib/python3.10/site-packages:${PYTHONPATH} /usr/bin/python3 -W ignore:setup.py install is deprecated -W ignore:easy_install command is deprecated setup.py egg_info --egg-base ../../build/line_path build --build-base /home/kailync/ros2_ws/build/line_path/build install --record /home/kailync/ros2_ws/build/line_path/install.log --single-version-externally-managed install_data
[2.359s] running egg_info
[2.360s] writing ../../build/line_path/line_path.egg-info/PKG-INFO
[2.361s] writing dependency_links to ../../build/line_path/line_path.egg-info/dependency_links.txt
[2.361s] writing entry points to ../../build/line_path/line_path.egg-info/entry_points.txt
[2.361s] writing requirements to ../../build/line_path/line_path.egg-info/requires.txt
[2.361s] writing top-level names to ../../build/line_path/line_path.egg-info/top_level.txt
[2.363s] reading manifest file '../../build/line_path/line_path.egg-info/SOURCES.txt'
[2.364s] writing manifest file '../../build/line_path/line_path.egg-info/SOURCES.txt'
[2.365s] running build
[2.365s] running build_py
[2.367s] running install
[2.367s] running install_lib
[2.370s] running install_data
[2.376s] running install_egg_info
[2.378s] removing '/home/kailync/ros2_ws/install/line_path/lib/python3.10/site-packages/line_path-0.0.0-py3.10.egg-info' (and everything under it)
[2.378s] Copying ../../build/line_path/line_path.egg-info to /home/kailync/ros2_ws/install/line_path/lib/python3.10/site-packages/line_path-0.0.0-py3.10.egg-info
[2.379s] running install_scripts
[2.431s] writing list of installed files to '/home/kailync/ros2_ws/build/line_path/install.log'
[2.726s] Invoked command in '/home/kailync/ros2_ws/src/line_path' returned '0': PYTHONPATH=/home/kailync/ros2_ws/build/line_path/prefix_override:/usr/lib/python3/dist-packages/colcon_core/task/python/colcon_distutils_commands:/home/kailync/ros2_ws/install/line_path/lib/python3.10/site-packages:${PYTHONPATH} /usr/bin/python3 -W ignore:setup.py install is deprecated -W ignore:easy_install command is deprecated setup.py egg_info --egg-base ../../build/line_path build --build-base /home/kailync/ros2_ws/build/line_path/build install --record /home/kailync/ros2_ws/build/line_path/install.log --single-version-externally-managed install_data
