[0.332s] Invoking command in '/home/kailync/ros2_ws/src/fizzbuzz': PYTHONPATH=/home/kailync/ros2_ws/build/fizzbuzz/prefix_override:/usr/lib/python3/dist-packages/colcon_core/task/python/colcon_distutils_commands:/home/kailync/ros2_ws/install/fizzbuzz/lib/python3.10/site-packages:${PYTHONPATH} /usr/bin/python3 -W ignore:setup.py install is deprecated -W ignore:easy_install command is deprecated setup.py egg_info --egg-base ../../build/fizzbuzz build --build-base /home/kailync/ros2_ws/build/fizzbuzz/build install --record /home/kailync/ros2_ws/build/fizzbuzz/install.log --single-version-externally-managed install_data
[0.454s] running egg_info
[0.455s] writing ../../build/fizzbuzz/fizzbuzz.egg-info/PKG-INFO
[0.455s] writing dependency_links to ../../build/fizzbuzz/fizzbuzz.egg-info/dependency_links.txt
[0.455s] writing entry points to ../../build/fizzbuzz/fizzbuzz.egg-info/entry_points.txt
[0.455s] writing requirements to ../../build/fizzbuzz/fizzbuzz.egg-info/requires.txt
[0.456s] writing top-level names to ../../build/fizzbuzz/fizzbuzz.egg-info/top_level.txt
[0.456s] reading manifest file '../../build/fizzbuzz/fizzbuzz.egg-info/SOURCES.txt'
[0.457s] writing manifest file '../../build/fizzbuzz/fizzbuzz.egg-info/SOURCES.txt'
[0.457s] running build
[0.457s] running build_py
[0.457s] copying fizzbuzz/number_publisher_node.py -> /home/kailync/ros2_ws/build/fizzbuzz/build/lib/fizzbuzz
[0.457s] running install
[0.457s] running install_lib
[0.458s] copying /home/kailync/ros2_ws/build/fizzbuzz/build/lib/fizzbuzz/number_publisher_node.py -> /home/kailync/ros2_ws/install/fizzbuzz/lib/python3.10/site-packages/fizzbuzz
[0.458s] byte-compiling /home/kailync/ros2_ws/install/fizzbuzz/lib/python3.10/site-packages/fizzbuzz/number_publisher_node.py to number_publisher_node.cpython-310.pyc
[0.459s] running install_data
[0.459s] running install_egg_info
[0.460s] removing '/home/kailync/ros2_ws/install/fizzbuzz/lib/python3.10/site-packages/fizzbuzz-0.0.0-py3.10.egg-info' (and everything under it)
[0.460s] Copying ../../build/fizzbuzz/fizzbuzz.egg-info to /home/kailync/ros2_ws/install/fizzbuzz/lib/python3.10/site-packages/fizzbuzz-0.0.0-py3.10.egg-info
[0.461s] running install_scripts
[0.472s] Installing number_publisher script to /home/kailync/ros2_ws/install/fizzbuzz/lib/fizzbuzz
[0.472s] writing list of installed files to '/home/kailync/ros2_ws/build/fizzbuzz/install.log'
[0.487s] Invoked command in '/home/kailync/ros2_ws/src/fizzbuzz' returned '0': PYTHONPATH=/home/kailync/ros2_ws/build/fizzbuzz/prefix_override:/usr/lib/python3/dist-packages/colcon_core/task/python/colcon_distutils_commands:/home/kailync/ros2_ws/install/fizzbuzz/lib/python3.10/site-packages:${PYTHONPATH} /usr/bin/python3 -W ignore:setup.py install is deprecated -W ignore:easy_install command is deprecated setup.py egg_info --egg-base ../../build/fizzbuzz build --build-base /home/kailync/ros2_ws/build/fizzbuzz/build install --record /home/kailync/ros2_ws/build/fizzbuzz/install.log --single-version-externally-managed install_data
