[2.032s] Invoking command in '/home/kailync/ros2_ws/src/web_cam': PYTHONPATH=/home/kailync/ros2_ws/build/web_cam/prefix_override:/usr/lib/python3/dist-packages/colcon_core/task/python/colcon_distutils_commands:/home/kailync/ros2_ws/install/web_cam/lib/python3.10/site-packages:${PYTHONPATH} /usr/bin/python3 -W ignore:setup.py install is deprecated -W ignore:easy_install command is deprecated setup.py egg_info --egg-base ../../build/web_cam build --build-base /home/kailync/ros2_ws/build/web_cam/build install --record /home/kailync/ros2_ws/build/web_cam/install.log --single-version-externally-managed install_data
[2.262s] running egg_info
[2.265s] writing ../../build/web_cam/web_cam.egg-info/PKG-INFO
[2.267s] writing dependency_links to ../../build/web_cam/web_cam.egg-info/dependency_links.txt
[2.267s] writing entry points to ../../build/web_cam/web_cam.egg-info/entry_points.txt
[2.267s] writing requirements to ../../build/web_cam/web_cam.egg-info/requires.txt
[2.267s] writing top-level names to ../../build/web_cam/web_cam.egg-info/top_level.txt
[2.281s] reading manifest file '../../build/web_cam/web_cam.egg-info/SOURCES.txt'
[2.284s] writing manifest file '../../build/web_cam/web_cam.egg-info/SOURCES.txt'
[2.284s] running build
[2.284s] running build_py
[2.292s] copying web_cam/webcam_node.py -> /home/kailync/ros2_ws/build/web_cam/build/lib/web_cam
[2.292s] running install
[2.292s] running install_lib
[2.295s] copying /home/kailync/ros2_ws/build/web_cam/build/lib/web_cam/webcam_node.py -> /home/kailync/ros2_ws/install/web_cam/lib/python3.10/site-packages/web_cam
[2.297s] byte-compiling /home/kailync/ros2_ws/install/web_cam/lib/python3.10/site-packages/web_cam/webcam_node.py to webcam_node.cpython-310.pyc
[2.297s] running install_data
[2.298s] running install_egg_info
[2.300s] removing '/home/kailync/ros2_ws/install/web_cam/lib/python3.10/site-packages/web_cam-0.0.0-py3.10.egg-info' (and everything under it)
[2.300s] Copying ../../build/web_cam/web_cam.egg-info to /home/kailync/ros2_ws/install/web_cam/lib/python3.10/site-packages/web_cam-0.0.0-py3.10.egg-info
[2.302s] running install_scripts
[2.327s] Installing webcam_node script to /home/kailync/ros2_ws/install/web_cam/lib/web_cam
[2.327s] writing list of installed files to '/home/kailync/ros2_ws/build/web_cam/install.log'
[2.362s] Invoked command in '/home/kailync/ros2_ws/src/web_cam' returned '0': PYTHONPATH=/home/kailync/ros2_ws/build/web_cam/prefix_override:/usr/lib/python3/dist-packages/colcon_core/task/python/colcon_distutils_commands:/home/kailync/ros2_ws/install/web_cam/lib/python3.10/site-packages:${PYTHONPATH} /usr/bin/python3 -W ignore:setup.py install is deprecated -W ignore:easy_install command is deprecated setup.py egg_info --egg-base ../../build/web_cam build --build-base /home/kailync/ros2_ws/build/web_cam/build install --record /home/kailync/ros2_ws/build/web_cam/install.log --single-version-externally-managed install_data
