running egg_info
writing ../../build/ar_tag/ar_tag.egg-info/PKG-INFO
writing dependency_links to ../../build/ar_tag/ar_tag.egg-info/dependency_links.txt
writing entry points to ../../build/ar_tag/ar_tag.egg-info/entry_points.txt
writing requirements to ../../build/ar_tag/ar_tag.egg-info/requires.txt
writing top-level names to ../../build/ar_tag/ar_tag.egg-info/top_level.txt
reading manifest file '../../build/ar_tag/ar_tag.egg-info/SOURCES.txt'
writing manifest file '../../build/ar_tag/ar_tag.egg-info/SOURCES.txt'
running build
running build_py
copying ar_tag/tag_test_node.py -> /home/kailync/ros2_ws/build/ar_tag/build/lib/ar_tag
running install
running install_lib
copying /home/kailync/ros2_ws/build/ar_tag/build/lib/ar_tag/tag_test_node.py -> /home/kailync/ros2_ws/install/ar_tag/lib/python3.10/site-packages/ar_tag
byte-compiling /home/kailync/ros2_ws/install/ar_tag/lib/python3.10/site-packages/ar_tag/tag_test_node.py to tag_test_node.cpython-310.pyc
running install_data
running install_egg_info
removing '/home/kailync/ros2_ws/install/ar_tag/lib/python3.10/site-packages/ar_tag-0.0.0-py3.10.egg-info' (and everything under it)
Copying ../../build/ar_tag/ar_tag.egg-info to /home/kailync/ros2_ws/install/ar_tag/lib/python3.10/site-packages/ar_tag-0.0.0-py3.10.egg-info
running install_scripts
Installing tag_test_node script to /home/kailync/ros2_ws/install/ar_tag/lib/ar_tag
writing list of installed files to '/home/kailync/ros2_ws/build/ar_tag/install.log'
