running egg_info
writing ../../build/line_path/line_path.egg-info/PKG-INFO
writing dependency_links to ../../build/line_path/line_path.egg-info/dependency_links.txt
writing entry points to ../../build/line_path/line_path.egg-info/entry_points.txt
writing requirements to ../../build/line_path/line_path.egg-info/requires.txt
writing top-level names to ../../build/line_path/line_path.egg-info/top_level.txt
reading manifest file '../../build/line_path/line_path.egg-info/SOURCES.txt'
writing manifest file '../../build/line_path/line_path.egg-info/SOURCES.txt'
running build
running build_py
copying line_path/line_tracker_node.py -> /home/kailync/ros2_ws/build/line_path/build/lib/line_path
copying line_path/line_follower_node.py -> /home/kailync/ros2_ws/build/line_path/build/lib/line_path
running install
running install_lib
copying /home/kailync/ros2_ws/build/line_path/build/lib/line_path/line_tracker_node.py -> /home/kailync/ros2_ws/install/line_path/lib/python3.10/site-packages/line_path
copying /home/kailync/ros2_ws/build/line_path/build/lib/line_path/line_follower_node.py -> /home/kailync/ros2_ws/install/line_path/lib/python3.10/site-packages/line_path
byte-compiling /home/kailync/ros2_ws/install/line_path/lib/python3.10/site-packages/line_path/line_tracker_node.py to line_tracker_node.cpython-310.pyc
byte-compiling /home/kailync/ros2_ws/install/line_path/lib/python3.10/site-packages/line_path/line_follower_node.py to line_follower_node.cpython-310.pyc
running install_data
running install_egg_info
removing '/home/kailync/ros2_ws/install/line_path/lib/python3.10/site-packages/line_path-0.0.0-py3.10.egg-info' (and everything under it)
Copying ../../build/line_path/line_path.egg-info to /home/kailync/ros2_ws/install/line_path/lib/python3.10/site-packages/line_path-0.0.0-py3.10.egg-info
running install_scripts
writing list of installed files to '/home/kailync/ros2_ws/build/line_path/install.log'
