running egg_info
creating ../../build/line_path/line_path.egg-info
writing ../../build/line_path/line_path.egg-info/PKG-INFO
writing dependency_links to ../../build/line_path/line_path.egg-info/dependency_links.txt
writing entry points to ../../build/line_path/line_path.egg-info/entry_points.txt
writing requirements to ../../build/line_path/line_path.egg-info/requires.txt
writing top-level names to ../../build/line_path/line_path.egg-info/top_level.txt
writing manifest file '../../build/line_path/line_path.egg-info/SOURCES.txt'
reading manifest file '../../build/line_path/line_path.egg-info/SOURCES.txt'
writing manifest file '../../build/line_path/line_path.egg-info/SOURCES.txt'
running build
running build_py
creating /home/kailync/ros2_ws/build/line_path/build
creating /home/kailync/ros2_ws/build/line_path/build/lib
creating /home/kailync/ros2_ws/build/line_path/build/lib/line_path
copying line_path/__init__.py -> /home/kailync/ros2_ws/build/line_path/build/lib/line_path
copying line_path/line_follower_node.py -> /home/kailync/ros2_ws/build/line_path/build/lib/line_path
running install
running install_lib
creating /home/kailync/ros2_ws/install/line_path/lib/python3.10/site-packages/line_path
copying /home/kailync/ros2_ws/build/line_path/build/lib/line_path/__init__.py -> /home/kailync/ros2_ws/install/line_path/lib/python3.10/site-packages/line_path
copying /home/kailync/ros2_ws/build/line_path/build/lib/line_path/line_follower_node.py -> /home/kailync/ros2_ws/install/line_path/lib/python3.10/site-packages/line_path
byte-compiling /home/kailync/ros2_ws/install/line_path/lib/python3.10/site-packages/line_path/__init__.py to __init__.cpython-310.pyc
byte-compiling /home/kailync/ros2_ws/install/line_path/lib/python3.10/site-packages/line_path/line_follower_node.py to line_follower_node.cpython-310.pyc
running install_data
creating /home/kailync/ros2_ws/install/line_path/share/ament_index
creating /home/kailync/ros2_ws/install/line_path/share/ament_index/resource_index
creating /home/kailync/ros2_ws/install/line_path/share/ament_index/resource_index/packages
copying resource/line_path -> /home/kailync/ros2_ws/install/line_path/share/ament_index/resource_index/packages
copying package.xml -> /home/kailync/ros2_ws/install/line_path/share/line_path
running install_egg_info
Copying ../../build/line_path/line_path.egg-info to /home/kailync/ros2_ws/install/line_path/lib/python3.10/site-packages/line_path-0.0.0-py3.10.egg-info
running install_scripts
writing list of installed files to '/home/kailync/ros2_ws/build/line_path/install.log'
