[0.623s] Invoking command in '/home/kailync/ros2_ws/src/line_path': PYTHONPATH=/home/kailync/ros2_ws/build/line_path/prefix_override:/usr/lib/python3/dist-packages/colcon_core/task/python/colcon_distutils_commands:/home/kailync/ros2_ws/install/line_path/lib/python3.10/site-packages:${PYTHONPATH} /usr/bin/python3 -W ignore:setup.py install is deprecated -W ignore:easy_install command is deprecated setup.py egg_info --egg-base ../../build/line_path build --build-base /home/kailync/ros2_ws/build/line_path/build install --record /home/kailync/ros2_ws/build/line_path/install.log --single-version-externally-managed install_data
[0.753s] running egg_info
[0.753s] creating ../../build/line_path/line_path.egg-info
[0.753s] writing ../../build/line_path/line_path.egg-info/PKG-INFO
[0.755s] writing dependency_links to ../../build/line_path/line_path.egg-info/dependency_links.txt
[0.755s] writing entry points to ../../build/line_path/line_path.egg-info/entry_points.txt
[0.755s] writing requirements to ../../build/line_path/line_path.egg-info/requires.txt
[0.755s] writing top-level names to ../../build/line_path/line_path.egg-info/top_level.txt
[0.755s] writing manifest file '../../build/line_path/line_path.egg-info/SOURCES.txt'
[0.756s] reading manifest file '../../build/line_path/line_path.egg-info/SOURCES.txt'
[0.756s] writing manifest file '../../build/line_path/line_path.egg-info/SOURCES.txt'
[0.756s] running build
[0.757s] running build_py
[0.757s] creating /home/kailync/ros2_ws/build/line_path/build
[0.757s] creating /home/kailync/ros2_ws/build/line_path/build/lib
[0.757s] creating /home/kailync/ros2_ws/build/line_path/build/lib/line_path
[0.757s] copying line_path/__init__.py -> /home/kailync/ros2_ws/build/line_path/build/lib/line_path
[0.757s] copying line_path/line_follower_node.py -> /home/kailync/ros2_ws/build/line_path/build/lib/line_path
[0.758s] running install
[0.758s] running install_lib
[0.758s] creating /home/kailync/ros2_ws/install/line_path/lib/python3.10/site-packages/line_path
[0.758s] copying /home/kailync/ros2_ws/build/line_path/build/lib/line_path/__init__.py -> /home/kailync/ros2_ws/install/line_path/lib/python3.10/site-packages/line_path
[0.759s] copying /home/kailync/ros2_ws/build/line_path/build/lib/line_path/line_follower_node.py -> /home/kailync/ros2_ws/install/line_path/lib/python3.10/site-packages/line_path
[0.759s] byte-compiling /home/kailync/ros2_ws/install/line_path/lib/python3.10/site-packages/line_path/__init__.py to __init__.cpython-310.pyc
[0.759s] byte-compiling /home/kailync/ros2_ws/install/line_path/lib/python3.10/site-packages/line_path/line_follower_node.py to line_follower_node.cpython-310.pyc
[0.759s] running install_data
[0.759s] creating /home/kailync/ros2_ws/install/line_path/share/ament_index
[0.759s] creating /home/kailync/ros2_ws/install/line_path/share/ament_index/resource_index
[0.759s] creating /home/kailync/ros2_ws/install/line_path/share/ament_index/resource_index/packages
[0.759s] copying resource/line_path -> /home/kailync/ros2_ws/install/line_path/share/ament_index/resource_index/packages
[0.759s] copying package.xml -> /home/kailync/ros2_ws/install/line_path/share/line_path
[0.759s] running install_egg_info
[0.761s] Copying ../../build/line_path/line_path.egg-info to /home/kailync/ros2_ws/install/line_path/lib/python3.10/site-packages/line_path-0.0.0-py3.10.egg-info
[0.761s] running install_scripts
[0.772s] writing list of installed files to '/home/kailync/ros2_ws/build/line_path/install.log'
