running egg_info
creating ../../build/web_cam/web_cam.egg-info
writing ../../build/web_cam/web_cam.egg-info/PKG-INFO
writing dependency_links to ../../build/web_cam/web_cam.egg-info/dependency_links.txt
writing entry points to ../../build/web_cam/web_cam.egg-info/entry_points.txt
writing requirements to ../../build/web_cam/web_cam.egg-info/requires.txt
writing top-level names to ../../build/web_cam/web_cam.egg-info/top_level.txt
writing manifest file '../../build/web_cam/web_cam.egg-info/SOURCES.txt'
reading manifest file '../../build/web_cam/web_cam.egg-info/SOURCES.txt'
writing manifest file '../../build/web_cam/web_cam.egg-info/SOURCES.txt'
running build
running build_py
creating /home/kailync/ros2_ws/build/web_cam/build
creating /home/kailync/ros2_ws/build/web_cam/build/lib
creating /home/kailync/ros2_ws/build/web_cam/build/lib/web_cam
copying web_cam/__init__.py -> /home/kailync/ros2_ws/build/web_cam/build/lib/web_cam
running install
running install_lib
creating /home/kailync/ros2_ws/install/web_cam/lib/python3.10/site-packages/web_cam
copying /home/kailync/ros2_ws/build/web_cam/build/lib/web_cam/__init__.py -> /home/kailync/ros2_ws/install/web_cam/lib/python3.10/site-packages/web_cam
byte-compiling /home/kailync/ros2_ws/install/web_cam/lib/python3.10/site-packages/web_cam/__init__.py to __init__.cpython-310.pyc
running install_data
creating /home/kailync/ros2_ws/install/web_cam/share/ament_index
creating /home/kailync/ros2_ws/install/web_cam/share/ament_index/resource_index
creating /home/kailync/ros2_ws/install/web_cam/share/ament_index/resource_index/packages
copying resource/web_cam -> /home/kailync/ros2_ws/install/web_cam/share/ament_index/resource_index/packages
copying package.xml -> /home/kailync/ros2_ws/install/web_cam/share/web_cam
running install_egg_info
Copying ../../build/web_cam/web_cam.egg-info to /home/kailync/ros2_ws/install/web_cam/lib/python3.10/site-packages/web_cam-0.0.0-py3.10.egg-info
running install_scripts
writing list of installed files to '/home/kailync/ros2_ws/build/web_cam/install.log'
