[1.841s] Invoking command in '/home/kailync/ros2_ws/src/web_cam': PYTHONPATH=/home/kailync/ros2_ws/build/web_cam/prefix_override:/usr/lib/python3/dist-packages/colcon_core/task/python/colcon_distutils_commands:/home/kailync/ros2_ws/install/web_cam/lib/python3.10/site-packages:${PYTHONPATH} /usr/bin/python3 -W ignore:setup.py install is deprecated -W ignore:easy_install command is deprecated setup.py egg_info --egg-base ../../build/web_cam build --build-base /home/kailync/ros2_ws/build/web_cam/build install --record /home/kailync/ros2_ws/build/web_cam/install.log --single-version-externally-managed install_data
[2.105s] running egg_info
[2.106s] creating ../../build/web_cam/web_cam.egg-info
[2.106s] writing ../../build/web_cam/web_cam.egg-info/PKG-INFO
[2.106s] writing dependency_links to ../../build/web_cam/web_cam.egg-info/dependency_links.txt
[2.106s] writing entry points to ../../build/web_cam/web_cam.egg-info/entry_points.txt
[2.106s] writing requirements to ../../build/web_cam/web_cam.egg-info/requires.txt
[2.106s] writing top-level names to ../../build/web_cam/web_cam.egg-info/top_level.txt
[2.107s] writing manifest file '../../build/web_cam/web_cam.egg-info/SOURCES.txt'
[2.108s] reading manifest file '../../build/web_cam/web_cam.egg-info/SOURCES.txt'
[2.108s] writing manifest file '../../build/web_cam/web_cam.egg-info/SOURCES.txt'
[2.109s] running build
[2.109s] running build_py
[2.109s] creating /home/kailync/ros2_ws/build/web_cam/build
[2.109s] creating /home/kailync/ros2_ws/build/web_cam/build/lib
[2.109s] creating /home/kailync/ros2_ws/build/web_cam/build/lib/web_cam
[2.109s] copying web_cam/__init__.py -> /home/kailync/ros2_ws/build/web_cam/build/lib/web_cam
[2.109s] running install
[2.109s] running install_lib
[2.110s] creating /home/kailync/ros2_ws/install/web_cam/lib/python3.10/site-packages/web_cam
[2.110s] copying /home/kailync/ros2_ws/build/web_cam/build/lib/web_cam/__init__.py -> /home/kailync/ros2_ws/install/web_cam/lib/python3.10/site-packages/web_cam
[2.110s] byte-compiling /home/kailync/ros2_ws/install/web_cam/lib/python3.10/site-packages/web_cam/__init__.py to __init__.cpython-310.pyc
[2.111s] running install_data
[2.111s] creating /home/kailync/ros2_ws/install/web_cam/share/ament_index
[2.111s] creating /home/kailync/ros2_ws/install/web_cam/share/ament_index/resource_index
[2.111s] creating /home/kailync/ros2_ws/install/web_cam/share/ament_index/resource_index/packages
[2.111s] copying resource/web_cam -> /home/kailync/ros2_ws/install/web_cam/share/ament_index/resource_index/packages
[2.111s] copying package.xml -> /home/kailync/ros2_ws/install/web_cam/share/web_cam
[2.111s] running install_egg_info
[2.113s] Copying ../../build/web_cam/web_cam.egg-info to /home/kailync/ros2_ws/install/web_cam/lib/python3.10/site-packages/web_cam-0.0.0-py3.10.egg-info
[2.113s] running install_scripts
[2.131s] writing list of installed files to '/home/kailync/ros2_ws/build/web_cam/install.log'
[2.153s] Invoked command in '/home/kailync/ros2_ws/src/web_cam' returned '0': PYTHONPATH=/home/kailync/ros2_ws/build/web_cam/prefix_override:/usr/lib/python3/dist-packages/colcon_core/task/python/colcon_distutils_commands:/home/kailync/ros2_ws/install/web_cam/lib/python3.10/site-packages:${PYTHONPATH} /usr/bin/python3 -W ignore:setup.py install is deprecated -W ignore:easy_install command is deprecated setup.py egg_info --egg-base ../../build/web_cam build --build-base /home/kailync/ros2_ws/build/web_cam/build install --record /home/kailync/ros2_ws/build/web_cam/install.log --single-version-externally-managed install_data
