[0.114s] DEBUG:colcon:Command line arguments: ['/usr/bin/colcon', 'build']
[0.114s] DEBUG:colcon:Parsed command line arguments: Namespace(log_base=None, log_level=None, verb_name='build', build_base='build', install_base='install', merge_install=False, symlink_install=False, test_result_base=None, continue_on_error=False, executor='parallel', parallel_workers=6, event_handlers=None, ignore_user_meta=False, metas=['./colcon.meta'], base_paths=['.'], packages_ignore=None, packages_ignore_regex=None, paths=None, packages_up_to=None, packages_up_to_regex=None, packages_above=None, packages_above_and_dependencies=None, packages_above_depth=None, packages_select_by_dep=None, packages_skip_by_dep=None, packages_skip_up_to=None, packages_select_build_failed=False, packages_skip_build_finished=False, packages_select_test_failures=False, packages_skip_test_passed=False, packages_select=None, packages_skip=None, packages_select_regex=None, packages_skip_regex=None, packages_start=None, packages_end=None, allow_overriding=[], cmake_args=None, cmake_target=None, cmake_target_skip_unavailable=False, cmake_clean_cache=False, cmake_clean_first=False, cmake_force_configure=False, ament_cmake_args=None, catkin_cmake_args=None, catkin_skip_building_tests=False, verb_parser=<colcon_defaults.argument_parser.defaults.DefaultArgumentsDecorator object at 0xffff8a4025f0>, verb_extension=<colcon_core.verb.build.BuildVerb object at 0xffff8a401f30>, main=<bound method BuildVerb.main of <colcon_core.verb.build.BuildVerb object at 0xffff8a401f30>>)
[0.394s] Level 1:colcon.colcon_core.package_discovery:discover_packages(colcon_meta) check parameters
[0.395s] Level 1:colcon.colcon_core.package_discovery:discover_packages(recursive) check parameters
[0.395s] Level 1:colcon.colcon_core.package_discovery:discover_packages(ignore) check parameters
[0.395s] Level 1:colcon.colcon_core.package_discovery:discover_packages(path) check parameters
[0.395s] Level 1:colcon.colcon_core.package_discovery:discover_packages(colcon_meta) discover
[0.395s] Level 1:colcon.colcon_core.package_discovery:discover_packages(recursive) discover
[0.395s] INFO:colcon.colcon_core.package_discovery:Crawling recursively for packages in '/home/kailync/ros2_ws'
[0.395s] Level 1:colcon.colcon_core.package_identification:_identify(.) by extensions ['ignore', 'ignore_ament_install']
[0.395s] Level 1:colcon.colcon_core.package_identification:_identify(.) by extension 'ignore'
[0.395s] Level 1:colcon.colcon_core.package_identification:_identify(.) by extension 'ignore_ament_install'
[0.395s] Level 1:colcon.colcon_core.package_identification:_identify(.) by extensions ['colcon_pkg']
[0.395s] Level 1:colcon.colcon_core.package_identification:_identify(.) by extension 'colcon_pkg'
[0.395s] Level 1:colcon.colcon_core.package_identification:_identify(.) by extensions ['colcon_meta']
[0.395s] Level 1:colcon.colcon_core.package_identification:_identify(.) by extension 'colcon_meta'
[0.395s] Level 1:colcon.colcon_core.package_identification:_identify(.) by extensions ['ros']
[0.395s] Level 1:colcon.colcon_core.package_identification:_identify(.) by extension 'ros'
[0.408s] Level 1:colcon.colcon_core.package_identification:_identify(.) by extensions ['cmake', 'python']
[0.408s] Level 1:colcon.colcon_core.package_identification:_identify(.) by extension 'cmake'
[0.408s] Level 1:colcon.colcon_core.package_identification:_identify(.) by extension 'python'
[0.408s] Level 1:colcon.colcon_core.package_identification:_identify(.) by extensions ['python_setup_py']
[0.408s] Level 1:colcon.colcon_core.package_identification:_identify(.) by extension 'python_setup_py'
[0.408s] Level 1:colcon.colcon_core.package_identification:_identify(bag_files) by extensions ['ignore', 'ignore_ament_install']
[0.408s] Level 1:colcon.colcon_core.package_identification:_identify(bag_files) by extension 'ignore'
[0.408s] Level 1:colcon.colcon_core.package_identification:_identify(bag_files) by extension 'ignore_ament_install'
[0.408s] Level 1:colcon.colcon_core.package_identification:_identify(bag_files) by extensions ['colcon_pkg']
[0.408s] Level 1:colcon.colcon_core.package_identification:_identify(bag_files) by extension 'colcon_pkg'
[0.408s] Level 1:colcon.colcon_core.package_identification:_identify(bag_files) by extensions ['colcon_meta']
[0.408s] Level 1:colcon.colcon_core.package_identification:_identify(bag_files) by extension 'colcon_meta'
[0.408s] Level 1:colcon.colcon_core.package_identification:_identify(bag_files) by extensions ['ros']
[0.408s] Level 1:colcon.colcon_core.package_identification:_identify(bag_files) by extension 'ros'
[0.409s] Level 1:colcon.colcon_core.package_identification:_identify(bag_files) by extensions ['cmake', 'python']
[0.409s] Level 1:colcon.colcon_core.package_identification:_identify(bag_files) by extension 'cmake'
[0.409s] Level 1:colcon.colcon_core.package_identification:_identify(bag_files) by extension 'python'
[0.409s] Level 1:colcon.colcon_core.package_identification:_identify(bag_files) by extensions ['python_setup_py']
[0.409s] Level 1:colcon.colcon_core.package_identification:_identify(bag_files) by extension 'python_setup_py'
[0.409s] Level 1:colcon.colcon_core.package_identification:_identify(bag_files/converted_rosbag) by extensions ['ignore', 'ignore_ament_install']
[0.409s] Level 1:colcon.colcon_core.package_identification:_identify(bag_files/converted_rosbag) by extension 'ignore'
[0.409s] Level 1:colcon.colcon_core.package_identification:_identify(bag_files/converted_rosbag) by extension 'ignore_ament_install'
[0.409s] Level 1:colcon.colcon_core.package_identification:_identify(bag_files/converted_rosbag) by extensions ['colcon_pkg']
[0.409s] Level 1:colcon.colcon_core.package_identification:_identify(bag_files/converted_rosbag) by extension 'colcon_pkg'
[0.409s] Level 1:colcon.colcon_core.package_identification:_identify(bag_files/converted_rosbag) by extensions ['colcon_meta']
[0.409s] Level 1:colcon.colcon_core.package_identification:_identify(bag_files/converted_rosbag) by extension 'colcon_meta'
[0.409s] Level 1:colcon.colcon_core.package_identification:_identify(bag_files/converted_rosbag) by extensions ['ros']
[0.409s] Level 1:colcon.colcon_core.package_identification:_identify(bag_files/converted_rosbag) by extension 'ros'
[0.409s] Level 1:colcon.colcon_core.package_identification:_identify(bag_files/converted_rosbag) by extensions ['cmake', 'python']
[0.409s] Level 1:colcon.colcon_core.package_identification:_identify(bag_files/converted_rosbag) by extension 'cmake'
[0.409s] Level 1:colcon.colcon_core.package_identification:_identify(bag_files/converted_rosbag) by extension 'python'
[0.409s] Level 1:colcon.colcon_core.package_identification:_identify(bag_files/converted_rosbag) by extensions ['python_setup_py']
[0.409s] Level 1:colcon.colcon_core.package_identification:_identify(bag_files/converted_rosbag) by extension 'python_setup_py'
[0.409s] Level 1:colcon.colcon_core.package_identification:_identify(bag_files/converted_rosbag2) by extensions ['ignore', 'ignore_ament_install']
[0.409s] Level 1:colcon.colcon_core.package_identification:_identify(bag_files/converted_rosbag2) by extension 'ignore'
[0.409s] Level 1:colcon.colcon_core.package_identification:_identify(bag_files/converted_rosbag2) by extension 'ignore_ament_install'
[0.409s] Level 1:colcon.colcon_core.package_identification:_identify(bag_files/converted_rosbag2) by extensions ['colcon_pkg']
[0.409s] Level 1:colcon.colcon_core.package_identification:_identify(bag_files/converted_rosbag2) by extension 'colcon_pkg'
[0.409s] Level 1:colcon.colcon_core.package_identification:_identify(bag_files/converted_rosbag2) by extensions ['colcon_meta']
[0.409s] Level 1:colcon.colcon_core.package_identification:_identify(bag_files/converted_rosbag2) by extension 'colcon_meta'
[0.409s] Level 1:colcon.colcon_core.package_identification:_identify(bag_files/converted_rosbag2) by extensions ['ros']
[0.409s] Level 1:colcon.colcon_core.package_identification:_identify(bag_files/converted_rosbag2) by extension 'ros'
[0.410s] Level 1:colcon.colcon_core.package_identification:_identify(bag_files/converted_rosbag2) by extensions ['cmake', 'python']
[0.410s] Level 1:colcon.colcon_core.package_identification:_identify(bag_files/converted_rosbag2) by extension 'cmake'
[0.410s] Level 1:colcon.colcon_core.package_identification:_identify(bag_files/converted_rosbag2) by extension 'python'
[0.410s] Level 1:colcon.colcon_core.package_identification:_identify(bag_files/converted_rosbag2) by extensions ['python_setup_py']
[0.410s] Level 1:colcon.colcon_core.package_identification:_identify(bag_files/converted_rosbag2) by extension 'python_setup_py'
[0.410s] Level 1:colcon.colcon_core.package_identification:_identify(build) by extensions ['ignore', 'ignore_ament_install']
[0.410s] Level 1:colcon.colcon_core.package_identification:_identify(build) by extension 'ignore'
[0.410s] Level 1:colcon.colcon_core.package_identification:_identify(build) ignored
[0.410s] Level 1:colcon.colcon_core.package_identification:_identify(install) by extensions ['ignore', 'ignore_ament_install']
[0.410s] Level 1:colcon.colcon_core.package_identification:_identify(install) by extension 'ignore'
[0.410s] Level 1:colcon.colcon_core.package_identification:_identify(install) ignored
[0.410s] Level 1:colcon.colcon_core.package_identification:_identify(log) by extensions ['ignore', 'ignore_ament_install']
[0.410s] Level 1:colcon.colcon_core.package_identification:_identify(log) by extension 'ignore'
[0.411s] Level 1:colcon.colcon_core.package_identification:_identify(log) ignored
[0.411s] Level 1:colcon.colcon_core.package_identification:_identify(src) by extensions ['ignore', 'ignore_ament_install']
[0.411s] Level 1:colcon.colcon_core.package_identification:_identify(src) by extension 'ignore'
[0.411s] Level 1:colcon.colcon_core.package_identification:_identify(src) by extension 'ignore_ament_install'
[0.411s] Level 1:colcon.colcon_core.package_identification:_identify(src) by extensions ['colcon_pkg']
[0.411s] Level 1:colcon.colcon_core.package_identification:_identify(src) by extension 'colcon_pkg'
[0.411s] Level 1:colcon.colcon_core.package_identification:_identify(src) by extensions ['colcon_meta']
[0.411s] Level 1:colcon.colcon_core.package_identification:_identify(src) by extension 'colcon_meta'
[0.411s] Level 1:colcon.colcon_core.package_identification:_identify(src) by extensions ['ros']
[0.411s] Level 1:colcon.colcon_core.package_identification:_identify(src) by extension 'ros'
[0.411s] Level 1:colcon.colcon_core.package_identification:_identify(src) by extensions ['cmake', 'python']
[0.411s] Level 1:colcon.colcon_core.package_identification:_identify(src) by extension 'cmake'
[0.411s] Level 1:colcon.colcon_core.package_identification:_identify(src) by extension 'python'
[0.411s] Level 1:colcon.colcon_core.package_identification:_identify(src) by extensions ['python_setup_py']
[0.411s] Level 1:colcon.colcon_core.package_identification:_identify(src) by extension 'python_setup_py'
[0.411s] Level 1:colcon.colcon_core.package_identification:_identify(src/ar_tag) by extensions ['ignore', 'ignore_ament_install']
[0.411s] Level 1:colcon.colcon_core.package_identification:_identify(src/ar_tag) by extension 'ignore'
[0.411s] Level 1:colcon.colcon_core.package_identification:_identify(src/ar_tag) by extension 'ignore_ament_install'
[0.411s] Level 1:colcon.colcon_core.package_identification:_identify(src/ar_tag) by extensions ['colcon_pkg']
[0.411s] Level 1:colcon.colcon_core.package_identification:_identify(src/ar_tag) by extension 'colcon_pkg'
[0.411s] Level 1:colcon.colcon_core.package_identification:_identify(src/ar_tag) by extensions ['colcon_meta']
[0.411s] Level 1:colcon.colcon_core.package_identification:_identify(src/ar_tag) by extension 'colcon_meta'
[0.411s] Level 1:colcon.colcon_core.package_identification:_identify(src/ar_tag) by extensions ['ros']
[0.411s] Level 1:colcon.colcon_core.package_identification:_identify(src/ar_tag) by extension 'ros'
[0.414s] DEBUG:colcon.colcon_core.package_identification:Package 'src/ar_tag' with type 'ros.ament_python' and name 'ar_tag'
[0.414s] Level 1:colcon.colcon_core.package_identification:_identify(src/build) by extensions ['ignore', 'ignore_ament_install']
[0.414s] Level 1:colcon.colcon_core.package_identification:_identify(src/build) by extension 'ignore'
[0.414s] Level 1:colcon.colcon_core.package_identification:_identify(src/build) ignored
[0.414s] Level 1:colcon.colcon_core.package_identification:_identify(src/fizzbuzz) by extensions ['ignore', 'ignore_ament_install']
[0.414s] Level 1:colcon.colcon_core.package_identification:_identify(src/fizzbuzz) by extension 'ignore'
[0.414s] Level 1:colcon.colcon_core.package_identification:_identify(src/fizzbuzz) by extension 'ignore_ament_install'
[0.414s] Level 1:colcon.colcon_core.package_identification:_identify(src/fizzbuzz) by extensions ['colcon_pkg']
[0.414s] Level 1:colcon.colcon_core.package_identification:_identify(src/fizzbuzz) by extension 'colcon_pkg'
[0.414s] Level 1:colcon.colcon_core.package_identification:_identify(src/fizzbuzz) by extensions ['colcon_meta']
[0.414s] Level 1:colcon.colcon_core.package_identification:_identify(src/fizzbuzz) by extension 'colcon_meta'
[0.414s] Level 1:colcon.colcon_core.package_identification:_identify(src/fizzbuzz) by extensions ['ros']
[0.414s] Level 1:colcon.colcon_core.package_identification:_identify(src/fizzbuzz) by extension 'ros'
[0.415s] DEBUG:colcon.colcon_core.package_identification:Package 'src/fizzbuzz' with type 'ros.ament_python' and name 'fizzbuzz'
[0.415s] Level 1:colcon.colcon_core.package_identification:_identify(src/install) by extensions ['ignore', 'ignore_ament_install']
[0.415s] Level 1:colcon.colcon_core.package_identification:_identify(src/install) by extension 'ignore'
[0.415s] Level 1:colcon.colcon_core.package_identification:_identify(src/install) ignored
[0.415s] Level 1:colcon.colcon_core.package_identification:_identify(src/line_path) by extensions ['ignore', 'ignore_ament_install']
[0.415s] Level 1:colcon.colcon_core.package_identification:_identify(src/line_path) by extension 'ignore'
[0.415s] Level 1:colcon.colcon_core.package_identification:_identify(src/line_path) by extension 'ignore_ament_install'
[0.415s] Level 1:colcon.colcon_core.package_identification:_identify(src/line_path) by extensions ['colcon_pkg']
[0.415s] Level 1:colcon.colcon_core.package_identification:_identify(src/line_path) by extension 'colcon_pkg'
[0.416s] Level 1:colcon.colcon_core.package_identification:_identify(src/line_path) by extensions ['colcon_meta']
[0.416s] Level 1:colcon.colcon_core.package_identification:_identify(src/line_path) by extension 'colcon_meta'
[0.416s] Level 1:colcon.colcon_core.package_identification:_identify(src/line_path) by extensions ['ros']
[0.416s] Level 1:colcon.colcon_core.package_identification:_identify(src/line_path) by extension 'ros'
[0.416s] DEBUG:colcon.colcon_core.package_identification:Package 'src/line_path' with type 'ros.ament_python' and name 'line_path'
[0.417s] Level 1:colcon.colcon_core.package_identification:_identify(src/log) by extensions ['ignore', 'ignore_ament_install']
[0.417s] Level 1:colcon.colcon_core.package_identification:_identify(src/log) by extension 'ignore'
[0.417s] Level 1:colcon.colcon_core.package_identification:_identify(src/log) ignored
[0.417s] Level 1:colcon.colcon_core.package_identification:_identify(src/px4_msgs) by extensions ['ignore', 'ignore_ament_install']
[0.417s] Level 1:colcon.colcon_core.package_identification:_identify(src/px4_msgs) by extension 'ignore'
[0.417s] Level 1:colcon.colcon_core.package_identification:_identify(src/px4_msgs) by extension 'ignore_ament_install'
[0.417s] Level 1:colcon.colcon_core.package_identification:_identify(src/px4_msgs) by extensions ['colcon_pkg']
[0.417s] Level 1:colcon.colcon_core.package_identification:_identify(src/px4_msgs) by extension 'colcon_pkg'
[0.417s] Level 1:colcon.colcon_core.package_identification:_identify(src/px4_msgs) by extensions ['colcon_meta']
[0.417s] Level 1:colcon.colcon_core.package_identification:_identify(src/px4_msgs) by extension 'colcon_meta'
[0.417s] Level 1:colcon.colcon_core.package_identification:_identify(src/px4_msgs) by extensions ['ros']
[0.417s] Level 1:colcon.colcon_core.package_identification:_identify(src/px4_msgs) by extension 'ros'
[0.418s] DEBUG:colcon.colcon_core.package_identification:Package 'src/px4_msgs' with type 'ros.ament_cmake' and name 'px4_msgs'
[0.418s] Level 1:colcon.colcon_core.package_identification:_identify(src/px4_ros_com) by extensions ['ignore', 'ignore_ament_install']
[0.418s] Level 1:colcon.colcon_core.package_identification:_identify(src/px4_ros_com) by extension 'ignore'
[0.418s] Level 1:colcon.colcon_core.package_identification:_identify(src/px4_ros_com) by extension 'ignore_ament_install'
[0.418s] Level 1:colcon.colcon_core.package_identification:_identify(src/px4_ros_com) by extensions ['colcon_pkg']
[0.418s] Level 1:colcon.colcon_core.package_identification:_identify(src/px4_ros_com) by extension 'colcon_pkg'
[0.418s] Level 1:colcon.colcon_core.package_identification:_identify(src/px4_ros_com) by extensions ['colcon_meta']
[0.418s] Level 1:colcon.colcon_core.package_identification:_identify(src/px4_ros_com) by extension 'colcon_meta'
[0.418s] Level 1:colcon.colcon_core.package_identification:_identify(src/px4_ros_com) by extensions ['ros']
[0.418s] Level 1:colcon.colcon_core.package_identification:_identify(src/px4_ros_com) by extension 'ros'
[0.419s] DEBUG:colcon.colcon_core.package_identification:Package 'src/px4_ros_com' with type 'ros.ament_cmake' and name 'px4_ros_com'
[0.419s] Level 1:colcon.colcon_core.package_identification:_identify(src/web_cam) by extensions ['ignore', 'ignore_ament_install']
[0.419s] Level 1:colcon.colcon_core.package_identification:_identify(src/web_cam) by extension 'ignore'
[0.419s] Level 1:colcon.colcon_core.package_identification:_identify(src/web_cam) by extension 'ignore_ament_install'
[0.419s] Level 1:colcon.colcon_core.package_identification:_identify(src/web_cam) by extensions ['colcon_pkg']
[0.419s] Level 1:colcon.colcon_core.package_identification:_identify(src/web_cam) by extension 'colcon_pkg'
[0.419s] Level 1:colcon.colcon_core.package_identification:_identify(src/web_cam) by extensions ['colcon_meta']
[0.420s] Level 1:colcon.colcon_core.package_identification:_identify(src/web_cam) by extension 'colcon_meta'
[0.420s] Level 1:colcon.colcon_core.package_identification:_identify(src/web_cam) by extensions ['ros']
[0.420s] Level 1:colcon.colcon_core.package_identification:_identify(src/web_cam) by extension 'ros'
[0.420s] DEBUG:colcon.colcon_core.package_identification:Package 'src/web_cam' with type 'ros.ament_python' and name 'web_cam'
[0.420s] Level 1:colcon.colcon_core.package_identification:_identify(src/webcam) by extensions ['ignore', 'ignore_ament_install']
[0.420s] Level 1:colcon.colcon_core.package_identification:_identify(src/webcam) by extension 'ignore'
[0.420s] Level 1:colcon.colcon_core.package_identification:_identify(src/webcam) by extension 'ignore_ament_install'
[0.420s] Level 1:colcon.colcon_core.package_identification:_identify(src/webcam) by extensions ['colcon_pkg']
[0.420s] Level 1:colcon.colcon_core.package_identification:_identify(src/webcam) by extension 'colcon_pkg'
[0.420s] Level 1:colcon.colcon_core.package_identification:_identify(src/webcam) by extensions ['colcon_meta']
[0.420s] Level 1:colcon.colcon_core.package_identification:_identify(src/webcam) by extension 'colcon_meta'
[0.420s] Level 1:colcon.colcon_core.package_identification:_identify(src/webcam) by extensions ['ros']
[0.420s] Level 1:colcon.colcon_core.package_identification:_identify(src/webcam) by extension 'ros'
[0.421s] DEBUG:colcon.colcon_core.package_identification:Package 'src/webcam' with type 'ros.ament_python' and name 'webcam'
[0.421s] Level 1:colcon.colcon_core.package_discovery:discover_packages(recursive) using defaults
[0.421s] Level 1:colcon.colcon_core.package_discovery:discover_packages(ignore) discover
[0.421s] Level 1:colcon.colcon_core.package_discovery:discover_packages(ignore) using defaults
[0.421s] Level 1:colcon.colcon_core.package_discovery:discover_packages(path) discover
[0.421s] Level 1:colcon.colcon_core.package_discovery:discover_packages(path) using defaults
[0.449s] Level 1:colcon.colcon_core.package_discovery:discover_packages(prefix_path) check parameters
[0.449s] Level 1:colcon.colcon_core.package_discovery:discover_packages(prefix_path) discover
[0.452s] DEBUG:colcon.colcon_installed_package_information.package_discovery:Found 8 installed packages in /home/kailync/ros2_ws/install
[0.453s] DEBUG:colcon.colcon_installed_package_information.package_discovery:Found 288 installed packages in /opt/ros/humble
[0.454s] Level 1:colcon.colcon_core.package_discovery:discover_packages(prefix_path) using defaults
[0.493s] Level 5:colcon.colcon_core.verb:set package 'ar_tag' build argument 'cmake_args' from command line to 'None'
[0.493s] Level 5:colcon.colcon_core.verb:set package 'ar_tag' build argument 'cmake_target' from command line to 'None'
[0.493s] Level 5:colcon.colcon_core.verb:set package 'ar_tag' build argument 'cmake_target_skip_unavailable' from command line to 'False'
[0.493s] Level 5:colcon.colcon_core.verb:set package 'ar_tag' build argument 'cmake_clean_cache' from command line to 'False'
[0.493s] Level 5:colcon.colcon_core.verb:set package 'ar_tag' build argument 'cmake_clean_first' from command line to 'False'
[0.493s] Level 5:colcon.colcon_core.verb:set package 'ar_tag' build argument 'cmake_force_configure' from command line to 'False'
[0.493s] Level 5:colcon.colcon_core.verb:set package 'ar_tag' build argument 'ament_cmake_args' from command line to 'None'
[0.493s] Level 5:colcon.colcon_core.verb:set package 'ar_tag' build argument 'catkin_cmake_args' from command line to 'None'
[0.493s] Level 5:colcon.colcon_core.verb:set package 'ar_tag' build argument 'catkin_skip_building_tests' from command line to 'False'
[0.494s] DEBUG:colcon.colcon_core.verb:Building package 'ar_tag' with the following arguments: {'ament_cmake_args': None, 'build_base': '/home/kailync/ros2_ws/build/ar_tag', 'catkin_cmake_args': None, 'catkin_skip_building_tests': False, 'cmake_args': None, 'cmake_clean_cache': False, 'cmake_clean_first': False, 'cmake_force_configure': False, 'cmake_target': None, 'cmake_target_skip_unavailable': False, 'install_base': '/home/kailync/ros2_ws/install/ar_tag', 'merge_install': False, 'path': '/home/kailync/ros2_ws/src/ar_tag', 'symlink_install': False, 'test_result_base': None}
[0.494s] Level 5:colcon.colcon_core.verb:set package 'fizzbuzz' build argument 'cmake_args' from command line to 'None'
[0.494s] Level 5:colcon.colcon_core.verb:set package 'fizzbuzz' build argument 'cmake_target' from command line to 'None'
[0.494s] Level 5:colcon.colcon_core.verb:set package 'fizzbuzz' build argument 'cmake_target_skip_unavailable' from command line to 'False'
[0.494s] Level 5:colcon.colcon_core.verb:set package 'fizzbuzz' build argument 'cmake_clean_cache' from command line to 'False'
[0.494s] Level 5:colcon.colcon_core.verb:set package 'fizzbuzz' build argument 'cmake_clean_first' from command line to 'False'
[0.494s] Level 5:colcon.colcon_core.verb:set package 'fizzbuzz' build argument 'cmake_force_configure' from command line to 'False'
[0.494s] Level 5:colcon.colcon_core.verb:set package 'fizzbuzz' build argument 'ament_cmake_args' from command line to 'None'
[0.494s] Level 5:colcon.colcon_core.verb:set package 'fizzbuzz' build argument 'catkin_cmake_args' from command line to 'None'
[0.494s] Level 5:colcon.colcon_core.verb:set package 'fizzbuzz' build argument 'catkin_skip_building_tests' from command line to 'False'
[0.494s] DEBUG:colcon.colcon_core.verb:Building package 'fizzbuzz' with the following arguments: {'ament_cmake_args': None, 'build_base': '/home/kailync/ros2_ws/build/fizzbuzz', 'catkin_cmake_args': None, 'catkin_skip_building_tests': False, 'cmake_args': None, 'cmake_clean_cache': False, 'cmake_clean_first': False, 'cmake_force_configure': False, 'cmake_target': None, 'cmake_target_skip_unavailable': False, 'install_base': '/home/kailync/ros2_ws/install/fizzbuzz', 'merge_install': False, 'path': '/home/kailync/ros2_ws/src/fizzbuzz', 'symlink_install': False, 'test_result_base': None}
[0.494s] Level 5:colcon.colcon_core.verb:set package 'line_path' build argument 'cmake_args' from command line to 'None'
[0.494s] Level 5:colcon.colcon_core.verb:set package 'line_path' build argument 'cmake_target' from command line to 'None'
[0.494s] Level 5:colcon.colcon_core.verb:set package 'line_path' build argument 'cmake_target_skip_unavailable' from command line to 'False'
[0.494s] Level 5:colcon.colcon_core.verb:set package 'line_path' build argument 'cmake_clean_cache' from command line to 'False'
[0.494s] Level 5:colcon.colcon_core.verb:set package 'line_path' build argument 'cmake_clean_first' from command line to 'False'
[0.494s] Level 5:colcon.colcon_core.verb:set package 'line_path' build argument 'cmake_force_configure' from command line to 'False'
[0.494s] Level 5:colcon.colcon_core.verb:set package 'line_path' build argument 'ament_cmake_args' from command line to 'None'
[0.494s] Level 5:colcon.colcon_core.verb:set package 'line_path' build argument 'catkin_cmake_args' from command line to 'None'
[0.494s] Level 5:colcon.colcon_core.verb:set package 'line_path' build argument 'catkin_skip_building_tests' from command line to 'False'
[0.494s] DEBUG:colcon.colcon_core.verb:Building package 'line_path' with the following arguments: {'ament_cmake_args': None, 'build_base': '/home/kailync/ros2_ws/build/line_path', 'catkin_cmake_args': None, 'catkin_skip_building_tests': False, 'cmake_args': None, 'cmake_clean_cache': False, 'cmake_clean_first': False, 'cmake_force_configure': False, 'cmake_target': None, 'cmake_target_skip_unavailable': False, 'install_base': '/home/kailync/ros2_ws/install/line_path', 'merge_install': False, 'path': '/home/kailync/ros2_ws/src/line_path', 'symlink_install': False, 'test_result_base': None}
[0.494s] Level 5:colcon.colcon_core.verb:set package 'px4_msgs' build argument 'cmake_args' from command line to 'None'
[0.494s] Level 5:colcon.colcon_core.verb:set package 'px4_msgs' build argument 'cmake_target' from command line to 'None'
[0.494s] Level 5:colcon.colcon_core.verb:set package 'px4_msgs' build argument 'cmake_target_skip_unavailable' from command line to 'False'
[0.494s] Level 5:colcon.colcon_core.verb:set package 'px4_msgs' build argument 'cmake_clean_cache' from command line to 'False'
[0.494s] Level 5:colcon.colcon_core.verb:set package 'px4_msgs' build argument 'cmake_clean_first' from command line to 'False'
[0.494s] Level 5:colcon.colcon_core.verb:set package 'px4_msgs' build argument 'cmake_force_configure' from command line to 'False'
[0.495s] Level 5:colcon.colcon_core.verb:set package 'px4_msgs' build argument 'ament_cmake_args' from command line to 'None'
[0.495s] Level 5:colcon.colcon_core.verb:set package 'px4_msgs' build argument 'catkin_cmake_args' from command line to 'None'
[0.495s] Level 5:colcon.colcon_core.verb:set package 'px4_msgs' build argument 'catkin_skip_building_tests' from command line to 'False'
[0.495s] DEBUG:colcon.colcon_core.verb:Building package 'px4_msgs' with the following arguments: {'ament_cmake_args': None, 'build_base': '/home/kailync/ros2_ws/build/px4_msgs', 'catkin_cmake_args': None, 'catkin_skip_building_tests': False, 'cmake_args': None, 'cmake_clean_cache': False, 'cmake_clean_first': False, 'cmake_force_configure': False, 'cmake_target': None, 'cmake_target_skip_unavailable': False, 'install_base': '/home/kailync/ros2_ws/install/px4_msgs', 'merge_install': False, 'path': '/home/kailync/ros2_ws/src/px4_msgs', 'symlink_install': False, 'test_result_base': None}
[0.495s] Level 5:colcon.colcon_core.verb:set package 'web_cam' build argument 'cmake_args' from command line to 'None'
[0.495s] Level 5:colcon.colcon_core.verb:set package 'web_cam' build argument 'cmake_target' from command line to 'None'
[0.495s] Level 5:colcon.colcon_core.verb:set package 'web_cam' build argument 'cmake_target_skip_unavailable' from command line to 'False'
[0.495s] Level 5:colcon.colcon_core.verb:set package 'web_cam' build argument 'cmake_clean_cache' from command line to 'False'
[0.495s] Level 5:colcon.colcon_core.verb:set package 'web_cam' build argument 'cmake_clean_first' from command line to 'False'
[0.495s] Level 5:colcon.colcon_core.verb:set package 'web_cam' build argument 'cmake_force_configure' from command line to 'False'
[0.495s] Level 5:colcon.colcon_core.verb:set package 'web_cam' build argument 'ament_cmake_args' from command line to 'None'
[0.495s] Level 5:colcon.colcon_core.verb:set package 'web_cam' build argument 'catkin_cmake_args' from command line to 'None'
[0.495s] Level 5:colcon.colcon_core.verb:set package 'web_cam' build argument 'catkin_skip_building_tests' from command line to 'False'
[0.495s] DEBUG:colcon.colcon_core.verb:Building package 'web_cam' with the following arguments: {'ament_cmake_args': None, 'build_base': '/home/kailync/ros2_ws/build/web_cam', 'catkin_cmake_args': None, 'catkin_skip_building_tests': False, 'cmake_args': None, 'cmake_clean_cache': False, 'cmake_clean_first': False, 'cmake_force_configure': False, 'cmake_target': None, 'cmake_target_skip_unavailable': False, 'install_base': '/home/kailync/ros2_ws/install/web_cam', 'merge_install': False, 'path': '/home/kailync/ros2_ws/src/web_cam', 'symlink_install': False, 'test_result_base': None}
[0.495s] Level 5:colcon.colcon_core.verb:set package 'webcam' build argument 'cmake_args' from command line to 'None'
[0.495s] Level 5:colcon.colcon_core.verb:set package 'webcam' build argument 'cmake_target' from command line to 'None'
[0.495s] Level 5:colcon.colcon_core.verb:set package 'webcam' build argument 'cmake_target_skip_unavailable' from command line to 'False'
[0.495s] Level 5:colcon.colcon_core.verb:set package 'webcam' build argument 'cmake_clean_cache' from command line to 'False'
[0.495s] Level 5:colcon.colcon_core.verb:set package 'webcam' build argument 'cmake_clean_first' from command line to 'False'
[0.495s] Level 5:colcon.colcon_core.verb:set package 'webcam' build argument 'cmake_force_configure' from command line to 'False'
[0.495s] Level 5:colcon.colcon_core.verb:set package 'webcam' build argument 'ament_cmake_args' from command line to 'None'
[0.495s] Level 5:colcon.colcon_core.verb:set package 'webcam' build argument 'catkin_cmake_args' from command line to 'None'
[0.495s] Level 5:colcon.colcon_core.verb:set package 'webcam' build argument 'catkin_skip_building_tests' from command line to 'False'
[0.495s] DEBUG:colcon.colcon_core.verb:Building package 'webcam' with the following arguments: {'ament_cmake_args': None, 'build_base': '/home/kailync/ros2_ws/build/webcam', 'catkin_cmake_args': None, 'catkin_skip_building_tests': False, 'cmake_args': None, 'cmake_clean_cache': False, 'cmake_clean_first': False, 'cmake_force_configure': False, 'cmake_target': None, 'cmake_target_skip_unavailable': False, 'install_base': '/home/kailync/ros2_ws/install/webcam', 'merge_install': False, 'path': '/home/kailync/ros2_ws/src/webcam', 'symlink_install': False, 'test_result_base': None}
[0.495s] Level 5:colcon.colcon_core.verb:set package 'px4_ros_com' build argument 'cmake_args' from command line to 'None'
[0.495s] Level 5:colcon.colcon_core.verb:set package 'px4_ros_com' build argument 'cmake_target' from command line to 'None'
[0.495s] Level 5:colcon.colcon_core.verb:set package 'px4_ros_com' build argument 'cmake_target_skip_unavailable' from command line to 'False'
[0.495s] Level 5:colcon.colcon_core.verb:set package 'px4_ros_com' build argument 'cmake_clean_cache' from command line to 'False'
[0.495s] Level 5:colcon.colcon_core.verb:set package 'px4_ros_com' build argument 'cmake_clean_first' from command line to 'False'
[0.495s] Level 5:colcon.colcon_core.verb:set package 'px4_ros_com' build argument 'cmake_force_configure' from command line to 'False'
[0.495s] Level 5:colcon.colcon_core.verb:set package 'px4_ros_com' build argument 'ament_cmake_args' from command line to 'None'
[0.495s] Level 5:colcon.colcon_core.verb:set package 'px4_ros_com' build argument 'catkin_cmake_args' from command line to 'None'
[0.495s] Level 5:colcon.colcon_core.verb:set package 'px4_ros_com' build argument 'catkin_skip_building_tests' from command line to 'False'
[0.496s] DEBUG:colcon.colcon_core.verb:Building package 'px4_ros_com' with the following arguments: {'ament_cmake_args': None, 'build_base': '/home/kailync/ros2_ws/build/px4_ros_com', 'catkin_cmake_args': None, 'catkin_skip_building_tests': False, 'cmake_args': None, 'cmake_clean_cache': False, 'cmake_clean_first': False, 'cmake_force_configure': False, 'cmake_target': None, 'cmake_target_skip_unavailable': False, 'install_base': '/home/kailync/ros2_ws/install/px4_ros_com', 'merge_install': False, 'path': '/home/kailync/ros2_ws/src/px4_ros_com', 'symlink_install': False, 'test_result_base': None}
[0.496s] INFO:colcon.colcon_core.executor:Executing jobs using 'parallel' executor
[0.497s] DEBUG:colcon.colcon_parallel_executor.executor.parallel:run_until_complete
[0.498s] INFO:colcon.colcon_ros.task.ament_cmake.build:Building ROS package in '/home/kailync/ros2_ws/src/px4_msgs' with build type 'ament_cmake'
[0.498s] INFO:colcon.colcon_cmake.task.cmake.build:Building CMake package in '/home/kailync/ros2_ws/src/px4_msgs'
[0.500s] INFO:colcon.colcon_core.plugin_system:Skipping extension 'colcon_core.shell.bat': Not used on non-Windows systems
[0.500s] INFO:colcon.colcon_core.shell:Skip shell extension 'powershell' for command environment: Not usable outside of PowerShell
[0.500s] DEBUG:colcon.colcon_core.shell:Skip shell extension 'dsv' for command environment
[0.504s] INFO:colcon.colcon_ros.task.ament_python.build:Building ROS package in '/home/kailync/ros2_ws/src/ar_tag' with build type 'ament_python'
[0.504s] Level 1:colcon.colcon_core.shell:create_environment_hook('ar_tag', 'ament_prefix_path')
[0.504s] INFO:colcon.colcon_core.shell:Creating environment hook '/home/kailync/ros2_ws/install/ar_tag/share/ar_tag/hook/ament_prefix_path.ps1'
[0.505s] INFO:colcon.colcon_core.shell:Creating environment descriptor '/home/kailync/ros2_ws/install/ar_tag/share/ar_tag/hook/ament_prefix_path.dsv'
[0.505s] INFO:colcon.colcon_core.shell:Creating environment hook '/home/kailync/ros2_ws/install/ar_tag/share/ar_tag/hook/ament_prefix_path.sh'
[0.507s] INFO:colcon.colcon_core.shell:Skip shell extension 'powershell' for command environment: Not usable outside of PowerShell
[0.507s] DEBUG:colcon.colcon_core.shell:Skip shell extension 'dsv' for command environment
[0.511s] INFO:colcon.colcon_ros.task.ament_python.build:Building ROS package in '/home/kailync/ros2_ws/src/fizzbuzz' with build type 'ament_python'
[0.511s] Level 1:colcon.colcon_core.shell:create_environment_hook('fizzbuzz', 'ament_prefix_path')
[0.511s] INFO:colcon.colcon_core.shell:Creating environment hook '/home/kailync/ros2_ws/install/fizzbuzz/share/fizzbuzz/hook/ament_prefix_path.ps1'
[0.512s] INFO:colcon.colcon_core.shell:Creating environment descriptor '/home/kailync/ros2_ws/install/fizzbuzz/share/fizzbuzz/hook/ament_prefix_path.dsv'
[0.512s] INFO:colcon.colcon_core.shell:Creating environment hook '/home/kailync/ros2_ws/install/fizzbuzz/share/fizzbuzz/hook/ament_prefix_path.sh'
[0.513s] INFO:colcon.colcon_core.shell:Skip shell extension 'powershell' for command environment: Not usable outside of PowerShell
[0.513s] DEBUG:colcon.colcon_core.shell:Skip shell extension 'dsv' for command environment
[0.521s] INFO:colcon.colcon_ros.task.ament_python.build:Building ROS package in '/home/kailync/ros2_ws/src/line_path' with build type 'ament_python'
[0.521s] Level 1:colcon.colcon_core.shell:create_environment_hook('line_path', 'ament_prefix_path')
[0.521s] INFO:colcon.colcon_core.shell:Creating environment hook '/home/kailync/ros2_ws/install/line_path/share/line_path/hook/ament_prefix_path.ps1'
[0.524s] INFO:colcon.colcon_core.shell:Creating environment descriptor '/home/kailync/ros2_ws/install/line_path/share/line_path/hook/ament_prefix_path.dsv'
[0.524s] INFO:colcon.colcon_core.shell:Creating environment hook '/home/kailync/ros2_ws/install/line_path/share/line_path/hook/ament_prefix_path.sh'
[0.525s] INFO:colcon.colcon_core.shell:Skip shell extension 'powershell' for command environment: Not usable outside of PowerShell
[0.525s] DEBUG:colcon.colcon_core.shell:Skip shell extension 'dsv' for command environment
[0.531s] INFO:colcon.colcon_ros.task.ament_python.build:Building ROS package in '/home/kailync/ros2_ws/src/web_cam' with build type 'ament_python'
[0.531s] Level 1:colcon.colcon_core.shell:create_environment_hook('web_cam', 'ament_prefix_path')
[0.531s] INFO:colcon.colcon_core.shell:Creating environment hook '/home/kailync/ros2_ws/install/web_cam/share/web_cam/hook/ament_prefix_path.ps1'
[0.532s] INFO:colcon.colcon_core.shell:Creating environment descriptor '/home/kailync/ros2_ws/install/web_cam/share/web_cam/hook/ament_prefix_path.dsv'
[0.533s] INFO:colcon.colcon_core.shell:Creating environment hook '/home/kailync/ros2_ws/install/web_cam/share/web_cam/hook/ament_prefix_path.sh'
[0.534s] INFO:colcon.colcon_core.shell:Skip shell extension 'powershell' for command environment: Not usable outside of PowerShell
[0.534s] DEBUG:colcon.colcon_core.shell:Skip shell extension 'dsv' for command environment
[0.536s] INFO:colcon.colcon_ros.task.ament_python.build:Building ROS package in '/home/kailync/ros2_ws/src/webcam' with build type 'ament_python'
[0.537s] Level 1:colcon.colcon_core.shell:create_environment_hook('webcam', 'ament_prefix_path')
[0.537s] INFO:colcon.colcon_core.shell:Creating environment hook '/home/kailync/ros2_ws/install/webcam/share/webcam/hook/ament_prefix_path.ps1'
[0.537s] INFO:colcon.colcon_core.shell:Creating environment descriptor '/home/kailync/ros2_ws/install/webcam/share/webcam/hook/ament_prefix_path.dsv'
[0.538s] INFO:colcon.colcon_core.shell:Creating environment hook '/home/kailync/ros2_ws/install/webcam/share/webcam/hook/ament_prefix_path.sh'
[0.539s] INFO:colcon.colcon_core.shell:Skip shell extension 'powershell' for command environment: Not usable outside of PowerShell
[0.539s] DEBUG:colcon.colcon_core.shell:Skip shell extension 'dsv' for command environment
[0.547s] DEBUG:colcon.colcon_core.event_handler.log_command:Invoking command in '/home/kailync/ros2_ws/build/px4_msgs': CMAKE_PREFIX_PATH=${CMAKE_PREFIX_PATH}:/home/kailync/ros2_ws/install/webcam:/home/kailync/ros2_ws/install/web_cam:/home/kailync/ros2_ws/install/ar_tag:/home/kailync/ros2_ws/install/line_path:/home/kailync/ros2_ws/install/fizzbuzz:/opt/ros/humble /usr/bin/cmake --build /home/kailync/ros2_ws/build/px4_msgs -- -j6 -l6
[0.818s] INFO:colcon.colcon_core.task.python.build:Building Python package in '/home/kailync/ros2_ws/src/ar_tag'
[0.819s] INFO:colcon.colcon_core.shell:Skip shell extension 'powershell' for command environment: Not usable outside of PowerShell
[0.819s] DEBUG:colcon.colcon_core.shell:Skip shell extension 'dsv' for command environment
[1.067s] INFO:colcon.colcon_core.task.python.build:Building Python package in '/home/kailync/ros2_ws/src/fizzbuzz'
[1.067s] INFO:colcon.colcon_core.shell:Skip shell extension 'powershell' for command environment: Not usable outside of PowerShell
[1.067s] DEBUG:colcon.colcon_core.shell:Skip shell extension 'dsv' for command environment
[1.309s] INFO:colcon.colcon_core.task.python.build:Building Python package in '/home/kailync/ros2_ws/src/line_path'
[1.309s] INFO:colcon.colcon_core.shell:Skip shell extension 'powershell' for command environment: Not usable outside of PowerShell
[1.309s] DEBUG:colcon.colcon_core.shell:Skip shell extension 'dsv' for command environment
[1.570s] INFO:colcon.colcon_core.task.python.build:Building Python package in '/home/kailync/ros2_ws/src/web_cam'
[1.571s] INFO:colcon.colcon_core.shell:Skip shell extension 'powershell' for command environment: Not usable outside of PowerShell
[1.571s] DEBUG:colcon.colcon_core.shell:Skip shell extension 'dsv' for command environment
[1.944s] INFO:colcon.colcon_core.task.python.build:Building Python package in '/home/kailync/ros2_ws/src/webcam'
[1.945s] INFO:colcon.colcon_core.shell:Skip shell extension 'powershell' for command environment: Not usable outside of PowerShell
[1.945s] DEBUG:colcon.colcon_core.shell:Skip shell extension 'dsv' for command environment
[2.522s] DEBUG:colcon.colcon_core.event_handler.log_command:Invoking command in '/home/kailync/ros2_ws/src/webcam': PYTHONPATH=/home/kailync/ros2_ws/build/webcam/prefix_override:/usr/lib/python3/dist-packages/colcon_core/task/python/colcon_distutils_commands:/home/kailync/ros2_ws/install/webcam/lib/python3.10/site-packages:${PYTHONPATH} /usr/bin/python3 -W ignore:setup.py install is deprecated -W ignore:easy_install command is deprecated setup.py egg_info --egg-base ../../build/webcam build --build-base /home/kailync/ros2_ws/build/webcam/build install --record /home/kailync/ros2_ws/build/webcam/install.log --single-version-externally-managed install_data
[2.556s] DEBUG:colcon.colcon_core.event_handler.log_command:Invoking command in '/home/kailync/ros2_ws/src/fizzbuzz': PYTHONPATH=/home/kailync/ros2_ws/build/fizzbuzz/prefix_override:/usr/lib/python3/dist-packages/colcon_core/task/python/colcon_distutils_commands:/home/kailync/ros2_ws/install/fizzbuzz/lib/python3.10/site-packages:${PYTHONPATH} /usr/bin/python3 -W ignore:setup.py install is deprecated -W ignore:easy_install command is deprecated setup.py egg_info --egg-base ../../build/fizzbuzz build --build-base /home/kailync/ros2_ws/build/fizzbuzz/build install --record /home/kailync/ros2_ws/build/fizzbuzz/install.log --single-version-externally-managed install_data
[2.563s] DEBUG:colcon.colcon_core.event_handler.log_command:Invoking command in '/home/kailync/ros2_ws/src/web_cam': PYTHONPATH=/home/kailync/ros2_ws/build/web_cam/prefix_override:/usr/lib/python3/dist-packages/colcon_core/task/python/colcon_distutils_commands:/home/kailync/ros2_ws/install/web_cam/lib/python3.10/site-packages:${PYTHONPATH} /usr/bin/python3 -W ignore:setup.py install is deprecated -W ignore:easy_install command is deprecated setup.py egg_info --egg-base ../../build/web_cam build --build-base /home/kailync/ros2_ws/build/web_cam/build install --record /home/kailync/ros2_ws/build/web_cam/install.log --single-version-externally-managed install_data
[2.596s] DEBUG:colcon.colcon_core.event_handler.log_command:Invoking command in '/home/kailync/ros2_ws/src/ar_tag': PYTHONPATH=/home/kailync/ros2_ws/build/ar_tag/prefix_override:/usr/lib/python3/dist-packages/colcon_core/task/python/colcon_distutils_commands:/home/kailync/ros2_ws/install/ar_tag/lib/python3.10/site-packages:${PYTHONPATH} /usr/bin/python3 -W ignore:setup.py install is deprecated -W ignore:easy_install command is deprecated setup.py egg_info --egg-base ../../build/ar_tag build --build-base /home/kailync/ros2_ws/build/ar_tag/build install --record /home/kailync/ros2_ws/build/ar_tag/install.log --single-version-externally-managed install_data
[2.608s] DEBUG:colcon.colcon_core.event_handler.log_command:Invoking command in '/home/kailync/ros2_ws/src/line_path': PYTHONPATH=/home/kailync/ros2_ws/build/line_path/prefix_override:/usr/lib/python3/dist-packages/colcon_core/task/python/colcon_distutils_commands:/home/kailync/ros2_ws/install/line_path/lib/python3.10/site-packages:${PYTHONPATH} /usr/bin/python3 -W ignore:setup.py install is deprecated -W ignore:easy_install command is deprecated setup.py egg_info --egg-base ../../build/line_path build --build-base /home/kailync/ros2_ws/build/line_path/build install --record /home/kailync/ros2_ws/build/line_path/install.log --single-version-externally-managed install_data
[2.845s] Level 1:colcon.colcon_core.environment:checking '/home/kailync/ros2_ws/install/fizzbuzz' for CMake module files
[2.846s] Level 1:colcon.colcon_core.environment:checking '/home/kailync/ros2_ws/install/fizzbuzz' for CMake config files
[2.846s] DEBUG:colcon.colcon_core.event_handler.log_command:Invoked command in '/home/kailync/ros2_ws/src/fizzbuzz' returned '0': PYTHONPATH=/home/kailync/ros2_ws/build/fizzbuzz/prefix_override:/usr/lib/python3/dist-packages/colcon_core/task/python/colcon_distutils_commands:/home/kailync/ros2_ws/install/fizzbuzz/lib/python3.10/site-packages:${PYTHONPATH} /usr/bin/python3 -W ignore:setup.py install is deprecated -W ignore:easy_install command is deprecated setup.py egg_info --egg-base ../../build/fizzbuzz build --build-base /home/kailync/ros2_ws/build/fizzbuzz/build install --record /home/kailync/ros2_ws/build/fizzbuzz/install.log --single-version-externally-managed install_data
[2.848s] Level 1:colcon.colcon_core.environment:checking '/home/kailync/ros2_ws/install/fizzbuzz/lib'
[2.849s] Level 1:colcon.colcon_core.environment:checking '/home/kailync/ros2_ws/install/fizzbuzz/bin'
[2.849s] Level 1:colcon.colcon_core.environment:checking '/home/kailync/ros2_ws/install/fizzbuzz/lib/pkgconfig/fizzbuzz.pc'
[2.849s] Level 1:colcon.colcon_core.environment:checking '/home/kailync/ros2_ws/install/fizzbuzz/lib/python3.10/site-packages'
[2.849s] Level 1:colcon.colcon_core.shell:create_environment_hook('fizzbuzz', 'pythonpath')
[2.849s] INFO:colcon.colcon_core.shell:Creating environment hook '/home/kailync/ros2_ws/install/fizzbuzz/share/fizzbuzz/hook/pythonpath.ps1'
[2.850s] INFO:colcon.colcon_core.shell:Creating environment descriptor '/home/kailync/ros2_ws/install/fizzbuzz/share/fizzbuzz/hook/pythonpath.dsv'
[2.850s] INFO:colcon.colcon_core.shell:Creating environment hook '/home/kailync/ros2_ws/install/fizzbuzz/share/fizzbuzz/hook/pythonpath.sh'
[2.853s] Level 1:colcon.colcon_core.environment:checking '/home/kailync/ros2_ws/install/fizzbuzz/bin'
[2.853s] Level 1:colcon.colcon_core.environment:create_environment_scripts_only(fizzbuzz)
[2.853s] INFO:colcon.colcon_core.shell:Creating package script '/home/kailync/ros2_ws/install/fizzbuzz/share/fizzbuzz/package.ps1'
[2.860s] INFO:colcon.colcon_core.shell:Creating package descriptor '/home/kailync/ros2_ws/install/fizzbuzz/share/fizzbuzz/package.dsv'
[2.860s] INFO:colcon.colcon_core.shell:Creating package script '/home/kailync/ros2_ws/install/fizzbuzz/share/fizzbuzz/package.sh'
[2.861s] INFO:colcon.colcon_core.shell:Creating package script '/home/kailync/ros2_ws/install/fizzbuzz/share/fizzbuzz/package.bash'
[2.863s] INFO:colcon.colcon_core.shell:Creating package script '/home/kailync/ros2_ws/install/fizzbuzz/share/fizzbuzz/package.zsh'
[2.865s] Level 1:colcon.colcon_core.environment:create_file_with_runtime_dependencies(/home/kailync/ros2_ws/install/fizzbuzz/share/colcon-core/packages/fizzbuzz)
[2.867s] DEBUG:colcon.colcon_core.event_handler.log_command:Invoked command in '/home/kailync/ros2_ws/build/px4_msgs' returned '0': CMAKE_PREFIX_PATH=${CMAKE_PREFIX_PATH}:/home/kailync/ros2_ws/install/webcam:/home/kailync/ros2_ws/install/web_cam:/home/kailync/ros2_ws/install/ar_tag:/home/kailync/ros2_ws/install/line_path:/home/kailync/ros2_ws/install/fizzbuzz:/opt/ros/humble /usr/bin/cmake --build /home/kailync/ros2_ws/build/px4_msgs -- -j6 -l6
[2.886s] DEBUG:colcon.colcon_core.event_handler.log_command:Invoking command in '/home/kailync/ros2_ws/build/px4_msgs': CMAKE_PREFIX_PATH=${CMAKE_PREFIX_PATH}:/home/kailync/ros2_ws/install/webcam:/home/kailync/ros2_ws/install/web_cam:/home/kailync/ros2_ws/install/ar_tag:/home/kailync/ros2_ws/install/line_path:/home/kailync/ros2_ws/install/fizzbuzz:/opt/ros/humble /usr/bin/cmake --install /home/kailync/ros2_ws/build/px4_msgs
[2.893s] Level 1:colcon.colcon_core.environment:checking '/home/kailync/ros2_ws/install/web_cam' for CMake module files
[2.894s] DEBUG:colcon.colcon_core.event_handler.log_command:Invoked command in '/home/kailync/ros2_ws/src/web_cam' returned '0': PYTHONPATH=/home/kailync/ros2_ws/build/web_cam/prefix_override:/usr/lib/python3/dist-packages/colcon_core/task/python/colcon_distutils_commands:/home/kailync/ros2_ws/install/web_cam/lib/python3.10/site-packages:${PYTHONPATH} /usr/bin/python3 -W ignore:setup.py install is deprecated -W ignore:easy_install command is deprecated setup.py egg_info --egg-base ../../build/web_cam build --build-base /home/kailync/ros2_ws/build/web_cam/build install --record /home/kailync/ros2_ws/build/web_cam/install.log --single-version-externally-managed install_data
[2.899s] Level 1:colcon.colcon_core.environment:checking '/home/kailync/ros2_ws/install/web_cam' for CMake config files
[2.915s] Level 1:colcon.colcon_core.environment:checking '/home/kailync/ros2_ws/install/web_cam/lib'
[2.915s] Level 1:colcon.colcon_core.environment:checking '/home/kailync/ros2_ws/install/web_cam/bin'
[2.915s] Level 1:colcon.colcon_core.environment:checking '/home/kailync/ros2_ws/install/web_cam/lib/pkgconfig/web_cam.pc'
[2.915s] Level 1:colcon.colcon_core.environment:checking '/home/kailync/ros2_ws/install/web_cam/lib/python3.10/site-packages'
[2.915s] Level 1:colcon.colcon_core.shell:create_environment_hook('web_cam', 'pythonpath')
[2.917s] INFO:colcon.colcon_core.shell:Creating environment hook '/home/kailync/ros2_ws/install/web_cam/share/web_cam/hook/pythonpath.ps1'
[2.919s] INFO:colcon.colcon_core.shell:Creating environment descriptor '/home/kailync/ros2_ws/install/web_cam/share/web_cam/hook/pythonpath.dsv'
[2.919s] INFO:colcon.colcon_core.shell:Creating environment hook '/home/kailync/ros2_ws/install/web_cam/share/web_cam/hook/pythonpath.sh'
[2.920s] Level 1:colcon.colcon_core.environment:checking '/home/kailync/ros2_ws/install/web_cam/bin'
[2.920s] Level 1:colcon.colcon_core.environment:create_environment_scripts_only(web_cam)
[2.920s] INFO:colcon.colcon_core.shell:Creating package script '/home/kailync/ros2_ws/install/web_cam/share/web_cam/package.ps1'
[2.923s] INFO:colcon.colcon_core.shell:Creating package descriptor '/home/kailync/ros2_ws/install/web_cam/share/web_cam/package.dsv'
[2.924s] INFO:colcon.colcon_core.shell:Creating package script '/home/kailync/ros2_ws/install/web_cam/share/web_cam/package.sh'
[2.938s] INFO:colcon.colcon_core.shell:Creating package script '/home/kailync/ros2_ws/install/web_cam/share/web_cam/package.bash'
[2.941s] INFO:colcon.colcon_core.shell:Creating package script '/home/kailync/ros2_ws/install/web_cam/share/web_cam/package.zsh'
[2.941s] Level 1:colcon.colcon_core.environment:create_file_with_runtime_dependencies(/home/kailync/ros2_ws/install/web_cam/share/colcon-core/packages/web_cam)
[2.963s] Level 1:colcon.colcon_core.environment:checking '/home/kailync/ros2_ws/install/ar_tag' for CMake module files
[2.965s] Level 1:colcon.colcon_core.environment:checking '/home/kailync/ros2_ws/install/ar_tag' for CMake config files
[2.985s] DEBUG:colcon.colcon_core.event_handler.log_command:Invoked command in '/home/kailync/ros2_ws/src/ar_tag' returned '0': PYTHONPATH=/home/kailync/ros2_ws/build/ar_tag/prefix_override:/usr/lib/python3/dist-packages/colcon_core/task/python/colcon_distutils_commands:/home/kailync/ros2_ws/install/ar_tag/lib/python3.10/site-packages:${PYTHONPATH} /usr/bin/python3 -W ignore:setup.py install is deprecated -W ignore:easy_install command is deprecated setup.py egg_info --egg-base ../../build/ar_tag build --build-base /home/kailync/ros2_ws/build/ar_tag/build install --record /home/kailync/ros2_ws/build/ar_tag/install.log --single-version-externally-managed install_data
[2.989s] Level 1:colcon.colcon_core.environment:checking '/home/kailync/ros2_ws/install/ar_tag/lib'
[2.989s] Level 1:colcon.colcon_core.environment:checking '/home/kailync/ros2_ws/install/ar_tag/bin'
[2.989s] Level 1:colcon.colcon_core.environment:checking '/home/kailync/ros2_ws/install/ar_tag/lib/pkgconfig/ar_tag.pc'
[2.990s] Level 1:colcon.colcon_core.environment:checking '/home/kailync/ros2_ws/install/ar_tag/lib/python3.10/site-packages'
[2.990s] Level 1:colcon.colcon_core.shell:create_environment_hook('ar_tag', 'pythonpath')
[2.991s] INFO:colcon.colcon_core.shell:Creating environment hook '/home/kailync/ros2_ws/install/ar_tag/share/ar_tag/hook/pythonpath.ps1'
[3.000s] INFO:colcon.colcon_core.shell:Creating environment descriptor '/home/kailync/ros2_ws/install/ar_tag/share/ar_tag/hook/pythonpath.dsv'
[3.000s] INFO:colcon.colcon_core.shell:Creating environment hook '/home/kailync/ros2_ws/install/ar_tag/share/ar_tag/hook/pythonpath.sh'
[3.000s] Level 1:colcon.colcon_core.environment:checking '/home/kailync/ros2_ws/install/ar_tag/bin'
[3.000s] Level 1:colcon.colcon_core.environment:create_environment_scripts_only(ar_tag)
[3.001s] INFO:colcon.colcon_core.shell:Creating package script '/home/kailync/ros2_ws/install/ar_tag/share/ar_tag/package.ps1'
[3.003s] INFO:colcon.colcon_core.shell:Creating package descriptor '/home/kailync/ros2_ws/install/ar_tag/share/ar_tag/package.dsv'
[3.007s] INFO:colcon.colcon_core.shell:Creating package script '/home/kailync/ros2_ws/install/ar_tag/share/ar_tag/package.sh'
[3.008s] INFO:colcon.colcon_core.shell:Creating package script '/home/kailync/ros2_ws/install/ar_tag/share/ar_tag/package.bash'
[3.018s] INFO:colcon.colcon_core.shell:Creating package script '/home/kailync/ros2_ws/install/ar_tag/share/ar_tag/package.zsh'
[3.028s] Level 1:colcon.colcon_core.environment:create_file_with_runtime_dependencies(/home/kailync/ros2_ws/install/ar_tag/share/colcon-core/packages/ar_tag)
[3.028s] Level 1:colcon.colcon_core.environment:checking '/home/kailync/ros2_ws/install/webcam' for CMake module files
[3.037s] Level 1:colcon.colcon_core.environment:checking '/home/kailync/ros2_ws/install/webcam' for CMake config files
[3.063s] Level 1:colcon.colcon_core.environment:checking '/home/kailync/ros2_ws/install/webcam/lib'
[3.064s] Level 1:colcon.colcon_core.environment:checking '/home/kailync/ros2_ws/install/webcam/bin'
[3.064s] Level 1:colcon.colcon_core.environment:checking '/home/kailync/ros2_ws/install/webcam/lib/pkgconfig/webcam.pc'
[3.064s] Level 1:colcon.colcon_core.environment:checking '/home/kailync/ros2_ws/install/webcam/lib/python3.10/site-packages'
[3.064s] Level 1:colcon.colcon_core.shell:create_environment_hook('webcam', 'pythonpath')
[3.064s] INFO:colcon.colcon_core.shell:Creating environment hook '/home/kailync/ros2_ws/install/webcam/share/webcam/hook/pythonpath.ps1'
[3.065s] INFO:colcon.colcon_core.shell:Creating environment descriptor '/home/kailync/ros2_ws/install/webcam/share/webcam/hook/pythonpath.dsv'
[3.069s] INFO:colcon.colcon_core.shell:Creating environment hook '/home/kailync/ros2_ws/install/webcam/share/webcam/hook/pythonpath.sh'
[3.071s] Level 1:colcon.colcon_core.environment:checking '/home/kailync/ros2_ws/install/webcam/bin'
[3.072s] Level 1:colcon.colcon_core.environment:create_environment_scripts_only(webcam)
[3.078s] INFO:colcon.colcon_core.shell:Creating package script '/home/kailync/ros2_ws/install/webcam/share/webcam/package.ps1'
[3.089s] INFO:colcon.colcon_core.shell:Creating package descriptor '/home/kailync/ros2_ws/install/webcam/share/webcam/package.dsv'
[3.093s] INFO:colcon.colcon_core.shell:Creating package script '/home/kailync/ros2_ws/install/webcam/share/webcam/package.sh'
[3.093s] INFO:colcon.colcon_core.shell:Creating package script '/home/kailync/ros2_ws/install/webcam/share/webcam/package.bash'
[3.094s] INFO:colcon.colcon_core.shell:Creating package script '/home/kailync/ros2_ws/install/webcam/share/webcam/package.zsh'
[3.104s] DEBUG:colcon.colcon_core.event_handler.log_command:Invoked command in '/home/kailync/ros2_ws/src/webcam' returned '0': PYTHONPATH=/home/kailync/ros2_ws/build/webcam/prefix_override:/usr/lib/python3/dist-packages/colcon_core/task/python/colcon_distutils_commands:/home/kailync/ros2_ws/install/webcam/lib/python3.10/site-packages:${PYTHONPATH} /usr/bin/python3 -W ignore:setup.py install is deprecated -W ignore:easy_install command is deprecated setup.py egg_info --egg-base ../../build/webcam build --build-base /home/kailync/ros2_ws/build/webcam/build install --record /home/kailync/ros2_ws/build/webcam/install.log --single-version-externally-managed install_data
[3.118s] Level 1:colcon.colcon_core.environment:create_file_with_runtime_dependencies(/home/kailync/ros2_ws/install/webcam/share/colcon-core/packages/webcam)
[3.127s] Level 1:colcon.colcon_core.environment:checking '/home/kailync/ros2_ws/install/line_path' for CMake module files
[3.135s] Level 1:colcon.colcon_core.environment:checking '/home/kailync/ros2_ws/install/line_path' for CMake config files
[3.180s] Level 1:colcon.colcon_core.environment:checking '/home/kailync/ros2_ws/install/line_path/lib'
[3.180s] Level 1:colcon.colcon_core.environment:checking '/home/kailync/ros2_ws/install/line_path/bin'
[3.180s] Level 1:colcon.colcon_core.environment:checking '/home/kailync/ros2_ws/install/line_path/lib/pkgconfig/line_path.pc'
[3.181s] Level 1:colcon.colcon_core.environment:checking '/home/kailync/ros2_ws/install/line_path/lib/python3.10/site-packages'
[3.181s] Level 1:colcon.colcon_core.shell:create_environment_hook('line_path', 'pythonpath')
[3.181s] INFO:colcon.colcon_core.shell:Creating environment hook '/home/kailync/ros2_ws/install/line_path/share/line_path/hook/pythonpath.ps1'
[3.182s] INFO:colcon.colcon_core.shell:Creating environment descriptor '/home/kailync/ros2_ws/install/line_path/share/line_path/hook/pythonpath.dsv'
[3.183s] INFO:colcon.colcon_core.shell:Creating environment hook '/home/kailync/ros2_ws/install/line_path/share/line_path/hook/pythonpath.sh'
[3.184s] Level 1:colcon.colcon_core.environment:checking '/home/kailync/ros2_ws/install/line_path/bin'
[3.184s] Level 1:colcon.colcon_core.environment:create_environment_scripts_only(line_path)
[3.187s] INFO:colcon.colcon_core.shell:Creating package script '/home/kailync/ros2_ws/install/line_path/share/line_path/package.ps1'
[3.191s] INFO:colcon.colcon_core.shell:Creating package descriptor '/home/kailync/ros2_ws/install/line_path/share/line_path/package.dsv'
[3.192s] INFO:colcon.colcon_core.shell:Creating package script '/home/kailync/ros2_ws/install/line_path/share/line_path/package.sh'
[3.195s] INFO:colcon.colcon_core.shell:Creating package script '/home/kailync/ros2_ws/install/line_path/share/line_path/package.bash'
[3.196s] INFO:colcon.colcon_core.shell:Creating package script '/home/kailync/ros2_ws/install/line_path/share/line_path/package.zsh'
[3.197s] Level 1:colcon.colcon_core.environment:create_file_with_runtime_dependencies(/home/kailync/ros2_ws/install/line_path/share/colcon-core/packages/line_path)
[3.249s] DEBUG:colcon.colcon_core.event_handler.log_command:Invoked command in '/home/kailync/ros2_ws/src/line_path' returned '0': PYTHONPATH=/home/kailync/ros2_ws/build/line_path/prefix_override:/usr/lib/python3/dist-packages/colcon_core/task/python/colcon_distutils_commands:/home/kailync/ros2_ws/install/line_path/lib/python3.10/site-packages:${PYTHONPATH} /usr/bin/python3 -W ignore:setup.py install is deprecated -W ignore:easy_install command is deprecated setup.py egg_info --egg-base ../../build/line_path build --build-base /home/kailync/ros2_ws/build/line_path/build install --record /home/kailync/ros2_ws/build/line_path/install.log --single-version-externally-managed install_data
[3.459s] Level 1:colcon.colcon_core.environment:create_environment_scripts_only(px4_msgs)
[3.460s] Level 1:colcon.colcon_core.environment:checking '/home/kailync/ros2_ws/install/px4_msgs' for CMake module files
[3.460s] DEBUG:colcon.colcon_core.event_handler.log_command:Invoked command in '/home/kailync/ros2_ws/build/px4_msgs' returned '0': CMAKE_PREFIX_PATH=${CMAKE_PREFIX_PATH}:/home/kailync/ros2_ws/install/webcam:/home/kailync/ros2_ws/install/web_cam:/home/kailync/ros2_ws/install/ar_tag:/home/kailync/ros2_ws/install/line_path:/home/kailync/ros2_ws/install/fizzbuzz:/opt/ros/humble /usr/bin/cmake --install /home/kailync/ros2_ws/build/px4_msgs
[3.461s] Level 1:colcon.colcon_core.environment:checking '/home/kailync/ros2_ws/install/px4_msgs' for CMake config files
[3.465s] Level 1:colcon.colcon_core.shell:create_environment_hook('px4_msgs', 'cmake_prefix_path')
[3.465s] INFO:colcon.colcon_core.shell:Creating environment hook '/home/kailync/ros2_ws/install/px4_msgs/share/px4_msgs/hook/cmake_prefix_path.ps1'
[3.465s] INFO:colcon.colcon_core.shell:Creating environment descriptor '/home/kailync/ros2_ws/install/px4_msgs/share/px4_msgs/hook/cmake_prefix_path.dsv'
[3.466s] INFO:colcon.colcon_core.shell:Creating environment hook '/home/kailync/ros2_ws/install/px4_msgs/share/px4_msgs/hook/cmake_prefix_path.sh'
[3.466s] Level 1:colcon.colcon_core.environment:checking '/home/kailync/ros2_ws/install/px4_msgs/lib'
[3.467s] Level 1:colcon.colcon_core.shell:create_environment_hook('px4_msgs', 'ld_library_path_lib')
[3.467s] INFO:colcon.colcon_core.shell:Creating environment hook '/home/kailync/ros2_ws/install/px4_msgs/share/px4_msgs/hook/ld_library_path_lib.ps1'
[3.467s] INFO:colcon.colcon_core.shell:Creating environment descriptor '/home/kailync/ros2_ws/install/px4_msgs/share/px4_msgs/hook/ld_library_path_lib.dsv'
[3.467s] INFO:colcon.colcon_core.shell:Creating environment hook '/home/kailync/ros2_ws/install/px4_msgs/share/px4_msgs/hook/ld_library_path_lib.sh'
[3.467s] Level 1:colcon.colcon_core.environment:checking '/home/kailync/ros2_ws/install/px4_msgs/bin'
[3.467s] Level 1:colcon.colcon_core.environment:checking '/home/kailync/ros2_ws/install/px4_msgs/lib/pkgconfig/px4_msgs.pc'
[3.468s] Level 1:colcon.colcon_core.environment:checking '/home/kailync/ros2_ws/install/px4_msgs/lib/python3.10/site-packages'
[3.468s] Level 1:colcon.colcon_core.environment:checking '/home/kailync/ros2_ws/install/px4_msgs/bin'
[3.468s] INFO:colcon.colcon_core.shell:Creating package script '/home/kailync/ros2_ws/install/px4_msgs/share/px4_msgs/package.ps1'
[3.469s] INFO:colcon.colcon_core.shell:Creating package descriptor '/home/kailync/ros2_ws/install/px4_msgs/share/px4_msgs/package.dsv'
[3.469s] INFO:colcon.colcon_core.shell:Creating package script '/home/kailync/ros2_ws/install/px4_msgs/share/px4_msgs/package.sh'
[3.470s] INFO:colcon.colcon_core.shell:Creating package script '/home/kailync/ros2_ws/install/px4_msgs/share/px4_msgs/package.bash'
[3.471s] INFO:colcon.colcon_core.shell:Creating package script '/home/kailync/ros2_ws/install/px4_msgs/share/px4_msgs/package.zsh'
[3.471s] Level 1:colcon.colcon_core.environment:create_file_with_runtime_dependencies(/home/kailync/ros2_ws/install/px4_msgs/share/colcon-core/packages/px4_msgs)
[3.471s] Level 1:colcon.colcon_core.environment:create_environment_scripts_only(px4_msgs)
[3.472s] Level 1:colcon.colcon_core.environment:checking '/home/kailync/ros2_ws/install/px4_msgs' for CMake module files
[3.472s] Level 1:colcon.colcon_core.environment:checking '/home/kailync/ros2_ws/install/px4_msgs' for CMake config files
[3.473s] Level 1:colcon.colcon_core.shell:create_environment_hook('px4_msgs', 'cmake_prefix_path')
[3.474s] INFO:colcon.colcon_core.shell:Creating environment hook '/home/kailync/ros2_ws/install/px4_msgs/share/px4_msgs/hook/cmake_prefix_path.ps1'
[3.474s] INFO:colcon.colcon_core.shell:Creating environment descriptor '/home/kailync/ros2_ws/install/px4_msgs/share/px4_msgs/hook/cmake_prefix_path.dsv'
[3.474s] INFO:colcon.colcon_core.shell:Creating environment hook '/home/kailync/ros2_ws/install/px4_msgs/share/px4_msgs/hook/cmake_prefix_path.sh'
[3.475s] Level 1:colcon.colcon_core.environment:checking '/home/kailync/ros2_ws/install/px4_msgs/lib'
[3.475s] Level 1:colcon.colcon_core.shell:create_environment_hook('px4_msgs', 'ld_library_path_lib')
[3.475s] INFO:colcon.colcon_core.shell:Creating environment hook '/home/kailync/ros2_ws/install/px4_msgs/share/px4_msgs/hook/ld_library_path_lib.ps1'
[3.476s] INFO:colcon.colcon_core.shell:Creating environment descriptor '/home/kailync/ros2_ws/install/px4_msgs/share/px4_msgs/hook/ld_library_path_lib.dsv'
[3.476s] INFO:colcon.colcon_core.shell:Creating environment hook '/home/kailync/ros2_ws/install/px4_msgs/share/px4_msgs/hook/ld_library_path_lib.sh'
[3.476s] Level 1:colcon.colcon_core.environment:checking '/home/kailync/ros2_ws/install/px4_msgs/bin'
[3.476s] Level 1:colcon.colcon_core.environment:checking '/home/kailync/ros2_ws/install/px4_msgs/lib/pkgconfig/px4_msgs.pc'
[3.476s] Level 1:colcon.colcon_core.environment:checking '/home/kailync/ros2_ws/install/px4_msgs/lib/python3.10/site-packages'
[3.476s] Level 1:colcon.colcon_core.environment:checking '/home/kailync/ros2_ws/install/px4_msgs/bin'
[3.477s] INFO:colcon.colcon_core.shell:Creating package script '/home/kailync/ros2_ws/install/px4_msgs/share/px4_msgs/package.ps1'
[3.477s] INFO:colcon.colcon_core.shell:Creating package descriptor '/home/kailync/ros2_ws/install/px4_msgs/share/px4_msgs/package.dsv'
[3.477s] INFO:colcon.colcon_core.shell:Creating package script '/home/kailync/ros2_ws/install/px4_msgs/share/px4_msgs/package.sh'
[3.478s] INFO:colcon.colcon_core.shell:Creating package script '/home/kailync/ros2_ws/install/px4_msgs/share/px4_msgs/package.bash'
[3.478s] INFO:colcon.colcon_core.shell:Creating package script '/home/kailync/ros2_ws/install/px4_msgs/share/px4_msgs/package.zsh'
[3.479s] Level 1:colcon.colcon_core.environment:create_file_with_runtime_dependencies(/home/kailync/ros2_ws/install/px4_msgs/share/colcon-core/packages/px4_msgs)
[3.479s] INFO:colcon.colcon_ros.task.ament_cmake.build:Building ROS package in '/home/kailync/ros2_ws/src/px4_ros_com' with build type 'ament_cmake'
[3.480s] INFO:colcon.colcon_cmake.task.cmake.build:Building CMake package in '/home/kailync/ros2_ws/src/px4_ros_com'
[3.480s] INFO:colcon.colcon_core.shell:Skip shell extension 'powershell' for command environment: Not usable outside of PowerShell
[3.480s] DEBUG:colcon.colcon_core.shell:Skip shell extension 'dsv' for command environment
[3.499s] DEBUG:colcon.colcon_core.event_handler.log_command:Invoking command in '/home/kailync/ros2_ws/build/px4_ros_com': CMAKE_PREFIX_PATH=/home/kailync/ros2_ws/install/px4_msgs:/home/kailync/ros2_ws/install/px4_ros_com:/home/kailync/ros2_ws/install/fizzbuzz_interfaces:/home/kailync/ros2_ws/install/webcam:/home/kailync/ros2_ws/install/web_cam:/home/kailync/ros2_ws/install/ar_tag:/home/kailync/ros2_ws/install/line_path:/home/kailync/ros2_ws/install/fizzbuzz:/opt/ros/humble LD_LIBRARY_PATH=/home/kailync/ros2_ws/install/px4_msgs/lib:/home/kailync/ros2_ws/install/px4_ros_com/lib:/home/kailync/ros2_ws/install/fizzbuzz_interfaces/lib:/opt/ros/humble/opt/rviz_ogre_vendor/lib:/opt/ros/humble/lib/aarch64-linux-gnu:/opt/ros/humble/lib /usr/bin/cmake --build /home/kailync/ros2_ws/build/px4_ros_com -- -j6 -l6
[3.858s] DEBUG:colcon.colcon_core.event_handler.log_command:Invoked command in '/home/kailync/ros2_ws/build/px4_ros_com' returned '0': CMAKE_PREFIX_PATH=/home/kailync/ros2_ws/install/px4_msgs:/home/kailync/ros2_ws/install/px4_ros_com:/home/kailync/ros2_ws/install/fizzbuzz_interfaces:/home/kailync/ros2_ws/install/webcam:/home/kailync/ros2_ws/install/web_cam:/home/kailync/ros2_ws/install/ar_tag:/home/kailync/ros2_ws/install/line_path:/home/kailync/ros2_ws/install/fizzbuzz:/opt/ros/humble LD_LIBRARY_PATH=/home/kailync/ros2_ws/install/px4_msgs/lib:/home/kailync/ros2_ws/install/px4_ros_com/lib:/home/kailync/ros2_ws/install/fizzbuzz_interfaces/lib:/opt/ros/humble/opt/rviz_ogre_vendor/lib:/opt/ros/humble/lib/aarch64-linux-gnu:/opt/ros/humble/lib /usr/bin/cmake --build /home/kailync/ros2_ws/build/px4_ros_com -- -j6 -l6
[3.860s] DEBUG:colcon.colcon_core.event_handler.log_command:Invoking command in '/home/kailync/ros2_ws/build/px4_ros_com': CMAKE_PREFIX_PATH=/home/kailync/ros2_ws/install/px4_msgs:/home/kailync/ros2_ws/install/px4_ros_com:/home/kailync/ros2_ws/install/fizzbuzz_interfaces:/home/kailync/ros2_ws/install/webcam:/home/kailync/ros2_ws/install/web_cam:/home/kailync/ros2_ws/install/ar_tag:/home/kailync/ros2_ws/install/line_path:/home/kailync/ros2_ws/install/fizzbuzz:/opt/ros/humble LD_LIBRARY_PATH=/home/kailync/ros2_ws/install/px4_msgs/lib:/home/kailync/ros2_ws/install/px4_ros_com/lib:/home/kailync/ros2_ws/install/fizzbuzz_interfaces/lib:/opt/ros/humble/opt/rviz_ogre_vendor/lib:/opt/ros/humble/lib/aarch64-linux-gnu:/opt/ros/humble/lib /usr/bin/cmake --install /home/kailync/ros2_ws/build/px4_ros_com
[3.921s] Level 1:colcon.colcon_core.environment:create_environment_scripts_only(px4_ros_com)
[3.922s] Level 1:colcon.colcon_core.environment:checking '/home/kailync/ros2_ws/install/px4_ros_com' for CMake module files
[3.922s] DEBUG:colcon.colcon_core.event_handler.log_command:Invoked command in '/home/kailync/ros2_ws/build/px4_ros_com' returned '0': CMAKE_PREFIX_PATH=/home/kailync/ros2_ws/install/px4_msgs:/home/kailync/ros2_ws/install/px4_ros_com:/home/kailync/ros2_ws/install/fizzbuzz_interfaces:/home/kailync/ros2_ws/install/webcam:/home/kailync/ros2_ws/install/web_cam:/home/kailync/ros2_ws/install/ar_tag:/home/kailync/ros2_ws/install/line_path:/home/kailync/ros2_ws/install/fizzbuzz:/opt/ros/humble LD_LIBRARY_PATH=/home/kailync/ros2_ws/install/px4_msgs/lib:/home/kailync/ros2_ws/install/px4_ros_com/lib:/home/kailync/ros2_ws/install/fizzbuzz_interfaces/lib:/opt/ros/humble/opt/rviz_ogre_vendor/lib:/opt/ros/humble/lib/aarch64-linux-gnu:/opt/ros/humble/lib /usr/bin/cmake --install /home/kailync/ros2_ws/build/px4_ros_com
[3.923s] Level 1:colcon.colcon_core.environment:checking '/home/kailync/ros2_ws/install/px4_ros_com' for CMake config files
[3.924s] Level 1:colcon.colcon_core.shell:create_environment_hook('px4_ros_com', 'cmake_prefix_path')
[3.924s] INFO:colcon.colcon_core.shell:Creating environment hook '/home/kailync/ros2_ws/install/px4_ros_com/share/px4_ros_com/hook/cmake_prefix_path.ps1'
[3.924s] INFO:colcon.colcon_core.shell:Creating environment descriptor '/home/kailync/ros2_ws/install/px4_ros_com/share/px4_ros_com/hook/cmake_prefix_path.dsv'
[3.925s] INFO:colcon.colcon_core.shell:Creating environment hook '/home/kailync/ros2_ws/install/px4_ros_com/share/px4_ros_com/hook/cmake_prefix_path.sh'
[3.926s] Level 1:colcon.colcon_core.environment:checking '/home/kailync/ros2_ws/install/px4_ros_com/lib'
[3.926s] Level 1:colcon.colcon_core.shell:create_environment_hook('px4_ros_com', 'ld_library_path_lib')
[3.926s] INFO:colcon.colcon_core.shell:Creating environment hook '/home/kailync/ros2_ws/install/px4_ros_com/share/px4_ros_com/hook/ld_library_path_lib.ps1'
[3.926s] INFO:colcon.colcon_core.shell:Creating environment descriptor '/home/kailync/ros2_ws/install/px4_ros_com/share/px4_ros_com/hook/ld_library_path_lib.dsv'
[3.927s] INFO:colcon.colcon_core.shell:Creating environment hook '/home/kailync/ros2_ws/install/px4_ros_com/share/px4_ros_com/hook/ld_library_path_lib.sh'
[3.927s] Level 1:colcon.colcon_core.environment:checking '/home/kailync/ros2_ws/install/px4_ros_com/bin'
[3.927s] Level 1:colcon.colcon_core.environment:checking '/home/kailync/ros2_ws/install/px4_ros_com/lib/pkgconfig/px4_ros_com.pc'
[3.927s] Level 1:colcon.colcon_core.environment:checking '/home/kailync/ros2_ws/install/px4_ros_com/lib/python3.10/site-packages'
[3.927s] Level 1:colcon.colcon_core.environment:checking '/home/kailync/ros2_ws/install/px4_ros_com/bin'
[3.928s] INFO:colcon.colcon_core.shell:Creating package script '/home/kailync/ros2_ws/install/px4_ros_com/share/px4_ros_com/package.ps1'
[3.928s] INFO:colcon.colcon_core.shell:Creating package descriptor '/home/kailync/ros2_ws/install/px4_ros_com/share/px4_ros_com/package.dsv'
[3.929s] INFO:colcon.colcon_core.shell:Creating package script '/home/kailync/ros2_ws/install/px4_ros_com/share/px4_ros_com/package.sh'
[3.929s] INFO:colcon.colcon_core.shell:Creating package script '/home/kailync/ros2_ws/install/px4_ros_com/share/px4_ros_com/package.bash'
[3.930s] INFO:colcon.colcon_core.shell:Creating package script '/home/kailync/ros2_ws/install/px4_ros_com/share/px4_ros_com/package.zsh'
[3.930s] Level 1:colcon.colcon_core.environment:create_file_with_runtime_dependencies(/home/kailync/ros2_ws/install/px4_ros_com/share/colcon-core/packages/px4_ros_com)
[3.931s] Level 1:colcon.colcon_core.environment:create_environment_scripts_only(px4_ros_com)
[3.931s] Level 1:colcon.colcon_core.environment:checking '/home/kailync/ros2_ws/install/px4_ros_com' for CMake module files
[3.931s] Level 1:colcon.colcon_core.environment:checking '/home/kailync/ros2_ws/install/px4_ros_com' for CMake config files
[3.931s] Level 1:colcon.colcon_core.shell:create_environment_hook('px4_ros_com', 'cmake_prefix_path')
[3.931s] INFO:colcon.colcon_core.shell:Creating environment hook '/home/kailync/ros2_ws/install/px4_ros_com/share/px4_ros_com/hook/cmake_prefix_path.ps1'
[3.932s] INFO:colcon.colcon_core.shell:Creating environment descriptor '/home/kailync/ros2_ws/install/px4_ros_com/share/px4_ros_com/hook/cmake_prefix_path.dsv'
[3.933s] INFO:colcon.colcon_core.shell:Creating environment hook '/home/kailync/ros2_ws/install/px4_ros_com/share/px4_ros_com/hook/cmake_prefix_path.sh'
[3.934s] Level 1:colcon.colcon_core.environment:checking '/home/kailync/ros2_ws/install/px4_ros_com/lib'
[3.934s] Level 1:colcon.colcon_core.shell:create_environment_hook('px4_ros_com', 'ld_library_path_lib')
[3.934s] INFO:colcon.colcon_core.shell:Creating environment hook '/home/kailync/ros2_ws/install/px4_ros_com/share/px4_ros_com/hook/ld_library_path_lib.ps1'
[3.934s] INFO:colcon.colcon_core.shell:Creating environment descriptor '/home/kailync/ros2_ws/install/px4_ros_com/share/px4_ros_com/hook/ld_library_path_lib.dsv'
[3.935s] INFO:colcon.colcon_core.shell:Creating environment hook '/home/kailync/ros2_ws/install/px4_ros_com/share/px4_ros_com/hook/ld_library_path_lib.sh'
[3.935s] Level 1:colcon.colcon_core.environment:checking '/home/kailync/ros2_ws/install/px4_ros_com/bin'
[3.935s] Level 1:colcon.colcon_core.environment:checking '/home/kailync/ros2_ws/install/px4_ros_com/lib/pkgconfig/px4_ros_com.pc'
[3.935s] Level 1:colcon.colcon_core.environment:checking '/home/kailync/ros2_ws/install/px4_ros_com/lib/python3.10/site-packages'
[3.936s] Level 1:colcon.colcon_core.environment:checking '/home/kailync/ros2_ws/install/px4_ros_com/bin'
[3.936s] INFO:colcon.colcon_core.shell:Creating package script '/home/kailync/ros2_ws/install/px4_ros_com/share/px4_ros_com/package.ps1'
[3.936s] INFO:colcon.colcon_core.shell:Creating package descriptor '/home/kailync/ros2_ws/install/px4_ros_com/share/px4_ros_com/package.dsv'
[3.937s] INFO:colcon.colcon_core.shell:Creating package script '/home/kailync/ros2_ws/install/px4_ros_com/share/px4_ros_com/package.sh'
[3.937s] INFO:colcon.colcon_core.shell:Creating package script '/home/kailync/ros2_ws/install/px4_ros_com/share/px4_ros_com/package.bash'
[3.937s] INFO:colcon.colcon_core.shell:Creating package script '/home/kailync/ros2_ws/install/px4_ros_com/share/px4_ros_com/package.zsh'
[3.937s] Level 1:colcon.colcon_core.environment:create_file_with_runtime_dependencies(/home/kailync/ros2_ws/install/px4_ros_com/share/colcon-core/packages/px4_ros_com)
[3.938s] DEBUG:colcon.colcon_parallel_executor.executor.parallel:closing loop
[3.939s] DEBUG:colcon.colcon_parallel_executor.executor.parallel:loop closed
[3.939s] DEBUG:colcon.colcon_parallel_executor.executor.parallel:run_until_complete finished with '0'
[3.939s] DEBUG:colcon.colcon_core.event_reactor:joining thread
[3.947s] INFO:colcon.colcon_core.plugin_system:Skipping extension 'colcon_notification.desktop_notification.terminal_notifier': Not used on non-Darwin systems
[3.948s] INFO:colcon.colcon_core.plugin_system:Skipping extension 'colcon_notification.desktop_notification.win32': Not used on non-Windows systems
[3.948s] INFO:colcon.colcon_notification.desktop_notification:Sending desktop notification using 'notify2'
[3.983s] DEBUG:colcon.colcon_core.event_reactor:joined thread
[3.984s] INFO:colcon.colcon_core.shell:Creating prefix script '/home/kailync/ros2_ws/install/local_setup.ps1'
[3.985s] INFO:colcon.colcon_core.shell:Creating prefix util module '/home/kailync/ros2_ws/install/_local_setup_util_ps1.py'
[3.987s] INFO:colcon.colcon_core.shell:Creating prefix chain script '/home/kailync/ros2_ws/install/setup.ps1'
[3.990s] INFO:colcon.colcon_core.shell:Creating prefix script '/home/kailync/ros2_ws/install/local_setup.sh'
[3.991s] INFO:colcon.colcon_core.shell:Creating prefix util module '/home/kailync/ros2_ws/install/_local_setup_util_sh.py'
[3.991s] INFO:colcon.colcon_core.shell:Creating prefix chain script '/home/kailync/ros2_ws/install/setup.sh'
[3.993s] INFO:colcon.colcon_core.shell:Creating prefix script '/home/kailync/ros2_ws/install/local_setup.bash'
[3.993s] INFO:colcon.colcon_core.shell:Creating prefix chain script '/home/kailync/ros2_ws/install/setup.bash'
[3.995s] INFO:colcon.colcon_core.shell:Creating prefix script '/home/kailync/ros2_ws/install/local_setup.zsh'
[3.995s] INFO:colcon.colcon_core.shell:Creating prefix chain script '/home/kailync/ros2_ws/install/setup.zsh'
