[1.604s] Invoking command in '/home/kailync/ros2_ws/src/line_path': PYTHONPATH=/home/kailync/ros2_ws/build/line_path/prefix_override:/usr/lib/python3/dist-packages/colcon_core/task/python/colcon_distutils_commands:/home/kailync/ros2_ws/install/line_path/lib/python3.10/site-packages:${PYTHONPATH} /usr/bin/python3 -W ignore:setup.py install is deprecated -W ignore:easy_install command is deprecated setup.py egg_info --egg-base ../../build/line_path build --build-base /home/kailync/ros2_ws/build/line_path/build install --record /home/kailync/ros2_ws/build/line_path/install.log --single-version-externally-managed install_data
[1.975s] running egg_info
[1.979s] writing ../../build/line_path/line_path.egg-info/PKG-INFO
[1.979s] writing dependency_links to ../../build/line_path/line_path.egg-info/dependency_links.txt
[1.979s] writing entry points to ../../build/line_path/line_path.egg-info/entry_points.txt
[1.979s] writing requirements to ../../build/line_path/line_path.egg-info/requires.txt
[1.980s] writing top-level names to ../../build/line_path/line_path.egg-info/top_level.txt
[1.988s] reading manifest file '../../build/line_path/line_path.egg-info/SOURCES.txt'
[1.989s] writing manifest file '../../build/line_path/line_path.egg-info/SOURCES.txt'
[1.989s] running build
[1.989s] running build_py
[1.989s] running install
[1.990s] running install_lib
[1.996s] running install_data
[1.996s] running install_egg_info
[1.998s] removing '/home/kailync/ros2_ws/install/line_path/lib/python3.10/site-packages/line_path-0.0.0-py3.10.egg-info' (and everything under it)
[1.998s] Copying ../../build/line_path/line_path.egg-info to /home/kailync/ros2_ws/install/line_path/lib/python3.10/site-packages/line_path-0.0.0-py3.10.egg-info
[1.998s] running install_scripts
[2.049s] writing list of installed files to '/home/kailync/ros2_ws/build/line_path/install.log'
[2.105s] Invoked command in '/home/kailync/ros2_ws/src/line_path' returned '0': PYTHONPATH=/home/kailync/ros2_ws/build/line_path/prefix_override:/usr/lib/python3/dist-packages/colcon_core/task/python/colcon_distutils_commands:/home/kailync/ros2_ws/install/line_path/lib/python3.10/site-packages:${PYTHONPATH} /usr/bin/python3 -W ignore:setup.py install is deprecated -W ignore:easy_install command is deprecated setup.py egg_info --egg-base ../../build/line_path build --build-base /home/kailync/ros2_ws/build/line_path/build install --record /home/kailync/ros2_ws/build/line_path/install.log --single-version-externally-managed install_data
