[0.350s] Invoking command in '/home/kailync/ros2_ws/src/line_path': PYTHONPATH=/home/kailync/ros2_ws/build/line_path/prefix_override:/usr/lib/python3/dist-packages/colcon_core/task/python/colcon_distutils_commands:/home/kailync/ros2_ws/install/line_path/lib/python3.10/site-packages:${PYTHONPATH} /usr/bin/python3 -W ignore:setup.py install is deprecated -W ignore:easy_install command is deprecated setup.py egg_info --egg-base ../../build/line_path build --build-base /home/kailync/ros2_ws/build/line_path/build install --record /home/kailync/ros2_ws/build/line_path/install.log --single-version-externally-managed install_data
[0.470s] running egg_info
[0.470s] writing ../../build/line_path/line_path.egg-info/PKG-INFO
[0.471s] writing dependency_links to ../../build/line_path/line_path.egg-info/dependency_links.txt
[0.471s] writing entry points to ../../build/line_path/line_path.egg-info/entry_points.txt
[0.471s] writing requirements to ../../build/line_path/line_path.egg-info/requires.txt
[0.471s] writing top-level names to ../../build/line_path/line_path.egg-info/top_level.txt
[0.473s] reading manifest file '../../build/line_path/line_path.egg-info/SOURCES.txt'
[0.474s] writing manifest file '../../build/line_path/line_path.egg-info/SOURCES.txt'
[0.474s] running build
[0.474s] running build_py
[0.474s] running install
[0.474s] running install_lib
[0.476s] running install_data
[0.476s] running install_egg_info
[0.478s] removing '/home/kailync/ros2_ws/install/line_path/lib/python3.10/site-packages/line_path-0.0.0-py3.10.egg-info' (and everything under it)
[0.479s] Copying ../../build/line_path/line_path.egg-info to /home/kailync/ros2_ws/install/line_path/lib/python3.10/site-packages/line_path-0.0.0-py3.10.egg-info
[0.480s] running install_scripts
[0.494s] writing list of installed files to '/home/kailync/ros2_ws/build/line_path/install.log'
[0.507s] Invoked command in '/home/kailync/ros2_ws/src/line_path' returned '0': PYTHONPATH=/home/kailync/ros2_ws/build/line_path/prefix_override:/usr/lib/python3/dist-packages/colcon_core/task/python/colcon_distutils_commands:/home/kailync/ros2_ws/install/line_path/lib/python3.10/site-packages:${PYTHONPATH} /usr/bin/python3 -W ignore:setup.py install is deprecated -W ignore:easy_install command is deprecated setup.py egg_info --egg-base ../../build/line_path build --build-base /home/kailync/ros2_ws/build/line_path/build install --record /home/kailync/ros2_ws/build/line_path/install.log --single-version-externally-managed install_data
