[1.627s] Invoking command in '/home/kailync/ros2_ws/src/ar_tag': PYTHONPATH=/home/kailync/ros2_ws/build/ar_tag/prefix_override:/usr/lib/python3/dist-packages/colcon_core/task/python/colcon_distutils_commands:/home/kailync/ros2_ws/install/ar_tag/lib/python3.10/site-packages:${PYTHONPATH} /usr/bin/python3 -W ignore:setup.py install is deprecated -W ignore:easy_install command is deprecated setup.py egg_info --egg-base ../../build/ar_tag build --build-base /home/kailync/ros2_ws/build/ar_tag/build install --record /home/kailync/ros2_ws/build/ar_tag/install.log --single-version-externally-managed install_data
[2.007s] running egg_info
[2.009s] writing ../../build/ar_tag/ar_tag.egg-info/PKG-INFO
[2.009s] writing dependency_links to ../../build/ar_tag/ar_tag.egg-info/dependency_links.txt
[2.009s] writing entry points to ../../build/ar_tag/ar_tag.egg-info/entry_points.txt
[2.009s] writing requirements to ../../build/ar_tag/ar_tag.egg-info/requires.txt
[2.010s] writing top-level names to ../../build/ar_tag/ar_tag.egg-info/top_level.txt
[2.013s] reading manifest file '../../build/ar_tag/ar_tag.egg-info/SOURCES.txt'
[2.014s] writing manifest file '../../build/ar_tag/ar_tag.egg-info/SOURCES.txt'
[2.014s] running build
[2.014s] running build_py
[2.016s] copying ar_tag/tag_test_node.py -> /home/kailync/ros2_ws/build/ar_tag/build/lib/ar_tag
[2.019s] running install
[2.019s] running install_lib
[2.028s] copying /home/kailync/ros2_ws/build/ar_tag/build/lib/ar_tag/tag_test_node.py -> /home/kailync/ros2_ws/install/ar_tag/lib/python3.10/site-packages/ar_tag
[2.029s] byte-compiling /home/kailync/ros2_ws/install/ar_tag/lib/python3.10/site-packages/ar_tag/tag_test_node.py to tag_test_node.cpython-310.pyc
[2.032s] running install_data
[2.032s] running install_egg_info
[2.034s] removing '/home/kailync/ros2_ws/install/ar_tag/lib/python3.10/site-packages/ar_tag-0.0.0-py3.10.egg-info' (and everything under it)
[2.034s] Copying ../../build/ar_tag/ar_tag.egg-info to /home/kailync/ros2_ws/install/ar_tag/lib/python3.10/site-packages/ar_tag-0.0.0-py3.10.egg-info
[2.035s] running install_scripts
[2.076s] Installing tag_test_node script to /home/kailync/ros2_ws/install/ar_tag/lib/ar_tag
[2.077s] writing list of installed files to '/home/kailync/ros2_ws/build/ar_tag/install.log'
[2.219s] Invoked command in '/home/kailync/ros2_ws/src/ar_tag' returned '0': PYTHONPATH=/home/kailync/ros2_ws/build/ar_tag/prefix_override:/usr/lib/python3/dist-packages/colcon_core/task/python/colcon_distutils_commands:/home/kailync/ros2_ws/install/ar_tag/lib/python3.10/site-packages:${PYTHONPATH} /usr/bin/python3 -W ignore:setup.py install is deprecated -W ignore:easy_install command is deprecated setup.py egg_info --egg-base ../../build/ar_tag build --build-base /home/kailync/ros2_ws/build/ar_tag/build install --record /home/kailync/ros2_ws/build/ar_tag/install.log --single-version-externally-managed install_data
